#
# There is insufficient memory for the Java Runtime Environment to continue.
# Native memory allocation (malloc) failed to allocate 1278496 bytes for Chunk::new
# Possible reasons:
#   The system is out of physical RAM or swap space
#   The process is running with CompressedOops enabled, and the Java Heap may be blocking the growth of the native heap
# Possible solutions:
#   Reduce memory load on the system
#   Increase physical memory or swap space
#   Check if swap backing store is full
#   Decrease Java heap size (-Xmx/-Xms)
#   Decrease number of Java threads
#   Decrease Java thread stack sizes (-Xss)
#   Set larger code cache with -XX:ReservedCodeCacheSize=
#   JVM is running with Unscaled Compressed Oops mode in which the Java heap is
#     placed in the first 4GB address space. The Java Heap base address is the
#     maximum limit for the native heap growth. Please use -XX:HeapBaseMinAddress
#     to set the Java Heap base and to place the Java Heap above 4GB virtual address.
# This output file may be truncated or incomplete.
#
#  Out of Memory Error (allocation.cpp:389), pid=17292, tid=0x0000000000006ea0
#
# JRE version: OpenJDK Runtime Environment (8.0_242-b01) (build 1.8.0_242-release-1644-b01)
# Java VM: OpenJDK 64-Bit Server VM (25.242-b01 mixed mode windows-amd64 compressed oops)
# Failed to write core dump. Minidumps are not enabled by default on client versions of Windows
#

---------------  T H R E A D  ---------------

Current thread (0x0000000019536000):  JavaThread "C2 CompilerThread2" daemon [_thread_in_native, id=28320, stack(0x000000001ad80000,0x000000001ae80000)]

Stack: [0x000000001ad80000,0x000000001ae80000]
[error occurred during error reporting (printing stack bounds), id 0xc0000005]

Native frames: (J=compiled Java code, j=interpreted, Vv=VM code, C=native code)


Current CompileTask:
C2: 888115 15403   !   4       java.io.ObjectOutputStream::writeOrdinaryObject (175 bytes)


---------------  P R O C E S S  ---------------

Java Threads: ( => current thread )
  0x000000002111e000 JavaThread "WorkerExecutor Queue Thread 8" [_thread_blocked, id=8468, stack(0x0000000032a90000,0x0000000032b90000)]
  0x000000001fdd2000 JavaThread "WorkerExecutor Queue Thread 7" [_thread_blocked, id=8440, stack(0x0000000031ee0000,0x0000000031fe0000)]
  0x000000001fdd0000 JavaThread "WorkerExecutor Queue Thread 6" [_thread_blocked, id=28372, stack(0x0000000032500000,0x0000000032600000)]
  0x000000001fdcd000 JavaThread "WorkerExecutor Queue Thread 5" [_thread_in_native, id=19344, stack(0x0000000032400000,0x0000000032500000)]
  0x000000001fdce800 JavaThread "WorkerExecutor Queue Thread 4" [_thread_blocked, id=29652, stack(0x0000000032300000,0x0000000032400000)]
  0x000000001fdcd800 JavaThread "WorkerExecutor Queue Thread 3" [_thread_blocked, id=26384, stack(0x0000000032200000,0x0000000032300000)]
  0x000000001fdcf000 JavaThread "WorkerExecutor Queue Thread 2" [_thread_blocked, id=10928, stack(0x0000000032100000,0x0000000032200000)]
  0x000000001fdd3000 JavaThread "WorkerExecutor Queue" [_thread_blocked, id=26516, stack(0x0000000032000000,0x0000000032100000)]
  0x000000001fdd3800 JavaThread "ForkJoinPool.commonPool-worker-13" daemon [_thread_blocked, id=4168, stack(0x0000000031de0000,0x0000000031ee0000)]
  0x000000001fdd1800 JavaThread "ForkJoinPool.commonPool-worker-4" daemon [_thread_blocked, id=22912, stack(0x0000000031ce0000,0x0000000031de0000)]
  0x000000002461f800 JavaThread "ForkJoinPool.commonPool-worker-11" daemon [_thread_blocked, id=19144, stack(0x0000000031be0000,0x0000000031ce0000)]
  0x000000002461e000 JavaThread "ForkJoinPool.commonPool-worker-2" daemon [_thread_blocked, id=5948, stack(0x00000000315e0000,0x00000000316e0000)]
  0x000000002461a000 JavaThread "ForkJoinPool.commonPool-worker-9" daemon [_thread_blocked, id=6720, stack(0x00000000306e0000,0x00000000307e0000)]
  0x0000000024619800 JavaThread "Cache worker for Java compile cache (C:\Users\tegar\AndroidStudioProjects\FootballApp\.gradle\6.5\javaCompile)" [_thread_blocked, id=14440, stack(0x0000000031ae0000,0x0000000031be0000)]
  0x0000000024620000 JavaThread "Cache worker for Java compile cache (C:\Users\tegar\.gradle\caches\6.5\javaCompile)" [_thread_blocked, id=26160, stack(0x00000000319e0000,0x0000000031ae0000)]
  0x000000002461c800 JavaThread "RMI TCP Connection(6)-127.0.0.1" daemon [_thread_in_native, id=14668, stack(0x00000000316e0000,0x00000000317e0000)]
  0x000000002461b000 JavaThread "RMI TCP Connection(5)-127.0.0.1" daemon [_thread_in_native, id=14212, stack(0x00000000312e0000,0x00000000313e0000)]
  0x000000002461e800 JavaThread "Cache worker for execution history cache (C:\Users\tegar\AndroidStudioProjects\FootballApp\.gradle\6.5\executionHistory)" [_thread_blocked, id=28688, stack(0x00000000304e0000,0x00000000305e0000)]
  0x000000002461b800 JavaThread "Execution worker for ':' Thread 11" [_thread_blocked, id=19968, stack(0x00000000303e0000,0x00000000304e0000)]
  0x000000002461d000 JavaThread "Execution worker for ':' Thread 10" [_thread_blocked, id=16676, stack(0x00000000302e0000,0x00000000303e0000)]
  0x0000000024612000 JavaThread "Execution worker for ':' Thread 9" [_thread_blocked, id=15308, stack(0x00000000301e0000,0x00000000302e0000)]
  0x0000000024618800 JavaThread "Execution worker for ':' Thread 8" [_thread_blocked, id=27348, stack(0x00000000300e0000,0x00000000301e0000)]
  0x0000000024611000 JavaThread "Execution worker for ':' Thread 7" [_thread_blocked, id=22092, stack(0x000000002ffe0000,0x00000000300e0000)]
  0x0000000024618000 JavaThread "Execution worker for ':' Thread 6" [_thread_blocked, id=25156, stack(0x000000002fee0000,0x000000002ffe0000)]
  0x0000000024617000 JavaThread "Execution worker for ':' Thread 5" [_thread_blocked, id=8488, stack(0x000000002fde0000,0x000000002fee0000)]
  0x0000000024612800 JavaThread "Execution worker for ':' Thread 4" [_thread_blocked, id=6604, stack(0x000000002fce0000,0x000000002fde0000)]
  0x0000000024615800 JavaThread "Execution worker for ':' Thread 3" [_thread_blocked, id=21968, stack(0x000000002f4f0000,0x000000002f5f0000)]
  0x0000000024616800 JavaThread "Execution worker for ':' Thread 2" [_thread_blocked, id=13424, stack(0x000000002f3f0000,0x000000002f4f0000)]
  0x0000000024615000 JavaThread "Execution worker for ':'" [_thread_blocked, id=17844, stack(0x000000002d110000,0x000000002d210000)]
  0x0000000024614000 JavaThread "Cache worker for file content cache (C:\Users\tegar\AndroidStudioProjects\FootballApp\.gradle\6.5\fileContent)" [_thread_blocked, id=1240, stack(0x000000002ce10000,0x000000002cf10000)]
  0x0000000024613800 JavaThread "pool-4-thread-1" [_thread_blocked, id=14296, stack(0x000000002cd10000,0x000000002ce10000)]
  0x000000001bdf8800 JavaThread "Cache worker for Build Output Cleanup Cache (C:\Users\tegar\AndroidStudioProjects\FootballApp\.gradle\buildOutputCleanup)" [_thread_blocked, id=23476, stack(0x000000002cc10000,0x000000002cd10000)]
  0x000000001bdf7000 JavaThread "jar transforms Thread 342" [_thread_blocked, id=26596, stack(0x000000002cb10000,0x000000002cc10000)]
  0x000000001bdf9800 JavaThread "jar transforms Thread 341" [_thread_blocked, id=14324, stack(0x000000002ca10000,0x000000002cb10000)]
  0x000000001bdf5800 JavaThread "jar transforms Thread 340" [_thread_blocked, id=23904, stack(0x000000002c910000,0x000000002ca10000)]
  0x000000001bdf6800 JavaThread "jar transforms Thread 339" [_thread_blocked, id=26444, stack(0x000000002c810000,0x000000002c910000)]
  0x000000001bdf8000 JavaThread "jar transforms Thread 338" [_thread_blocked, id=28224, stack(0x000000002c710000,0x000000002c810000)]
  0x000000001bdfa000 JavaThread "jar transforms Thread 337" [_thread_blocked, id=3952, stack(0x000000002c610000,0x000000002c710000)]
  0x000000001bdfb800 JavaThread "jar transforms Thread 336" [_thread_blocked, id=16188, stack(0x000000002c510000,0x000000002c610000)]
  0x000000001bdfb000 JavaThread "jar transforms Thread 335" [_thread_blocked, id=11528, stack(0x000000002c410000,0x000000002c510000)]
  0x000000001bdee000 JavaThread "jar transforms Thread 334" [_thread_blocked, id=22820, stack(0x000000002c310000,0x000000002c410000)]
  0x000000001bdf5000 JavaThread "jar transforms Thread 333" [_thread_blocked, id=9700, stack(0x000000002c210000,0x000000002c310000)]
  0x000000001bdf4000 JavaThread "jar transforms Thread 332" [_thread_blocked, id=18140, stack(0x000000002c110000,0x000000002c210000)]
  0x000000001bdf2800 JavaThread "jar transforms Thread 331" [_thread_blocked, id=20948, stack(0x000000002c010000,0x000000002c110000)]
  0x000000001bdf3800 JavaThread "jar transforms Thread 330" [_thread_blocked, id=9572, stack(0x000000002bf10000,0x000000002c010000)]
  0x000000001bdf2000 JavaThread "jar transforms Thread 329" [_thread_blocked, id=21144, stack(0x000000002be10000,0x000000002bf10000)]
  0x000000001bded800 JavaThread "jar transforms Thread 328" [_thread_blocked, id=24968, stack(0x000000002bd10000,0x000000002be10000)]
  0x000000001bdef000 JavaThread "jar transforms Thread 327" [_thread_blocked, id=28336, stack(0x000000002bc10000,0x000000002bd10000)]
  0x000000001bdec800 JavaThread "jar transforms Thread 326" [_thread_blocked, id=25944, stack(0x000000002bb10000,0x000000002bc10000)]
  0x000000001bdf0800 JavaThread "jar transforms Thread 325" [_thread_blocked, id=22660, stack(0x000000002ba10000,0x000000002bb10000)]
  0x000000001bdef800 JavaThread "jar transforms Thread 324" [_thread_blocked, id=20808, stack(0x000000002b910000,0x000000002ba10000)]
  0x000000001bdf1000 JavaThread "jar transforms Thread 323" [_thread_blocked, id=10416, stack(0x000000002b810000,0x000000002b910000)]
  0x00000000227cb800 JavaThread "jar transforms Thread 322" [_thread_blocked, id=23128, stack(0x000000002b710000,0x000000002b810000)]
  0x00000000227c6000 JavaThread "jar transforms Thread 321" [_thread_blocked, id=8340, stack(0x000000002b610000,0x000000002b710000)]
  0x00000000227c9800 JavaThread "jar transforms Thread 320" [_thread_blocked, id=20408, stack(0x000000002b510000,0x000000002b610000)]
  0x00000000227cb000 JavaThread "jar transforms Thread 319" [_thread_blocked, id=25104, stack(0x000000002b410000,0x000000002b510000)]
  0x00000000227c8800 JavaThread "jar transforms Thread 318" [_thread_blocked, id=19388, stack(0x000000002b310000,0x000000002b410000)]
  0x00000000227c5800 JavaThread "jar transforms Thread 317" [_thread_blocked, id=17892, stack(0x000000002b210000,0x000000002b310000)]
  0x00000000227ca000 JavaThread "jar transforms Thread 316" [_thread_blocked, id=3376, stack(0x000000002b110000,0x000000002b210000)]
  0x00000000227c7800 JavaThread "jar transforms Thread 315" [_thread_blocked, id=26164, stack(0x000000002b010000,0x000000002b110000)]
  0x00000000227c7000 JavaThread "jar transforms Thread 314" [_thread_blocked, id=23396, stack(0x000000002af10000,0x000000002b010000)]
  0x00000000227be000 JavaThread "jar transforms Thread 313" [_thread_blocked, id=5980, stack(0x000000002ae10000,0x000000002af10000)]
  0x00000000227c4800 JavaThread "jar transforms Thread 312" [_thread_blocked, id=8140, stack(0x000000002ad10000,0x000000002ae10000)]
  0x00000000227c4000 JavaThread "jar transforms Thread 311" [_thread_blocked, id=27312, stack(0x000000002ac10000,0x000000002ad10000)]
  0x00000000227c1800 JavaThread "jar transforms Thread 310" [_thread_blocked, id=19368, stack(0x000000002ab10000,0x000000002ac10000)]
  0x00000000227c1000 JavaThread "jar transforms Thread 309" [_thread_blocked, id=6788, stack(0x000000002aa10000,0x000000002ab10000)]
  0x00000000227bf800 JavaThread "jar transforms Thread 308" [_thread_blocked, id=21976, stack(0x000000002a910000,0x000000002aa10000)]
  0x00000000227be800 JavaThread "jar transforms Thread 307" [_thread_blocked, id=6476, stack(0x000000002a810000,0x000000002a910000)]
  0x00000000227bc800 JavaThread "jar transforms Thread 306" [_thread_blocked, id=26912, stack(0x000000002a710000,0x000000002a810000)]
  0x00000000227c0000 JavaThread "jar transforms Thread 305" [_thread_blocked, id=8216, stack(0x000000002a610000,0x000000002a710000)]
  0x00000000227c3000 JavaThread "jar transforms Thread 304" [_thread_blocked, id=25604, stack(0x000000002a510000,0x000000002a610000)]
  0x00000000227c2800 JavaThread "jar transforms Thread 303" [_thread_blocked, id=13676, stack(0x000000002a410000,0x000000002a510000)]
  0x00000000227bd000 JavaThread "jar transforms Thread 302" [_thread_blocked, id=22852, stack(0x000000002a310000,0x000000002a410000)]
  0x000000001cf84800 JavaThread "jar transforms Thread 301" [_thread_blocked, id=4376, stack(0x000000002a210000,0x000000002a310000)]
  0x000000001cf83800 JavaThread "jar transforms Thread 300" [_thread_blocked, id=25852, stack(0x000000002a110000,0x000000002a210000)]
  0x000000001cf82000 JavaThread "jar transforms Thread 299" [_thread_blocked, id=27572, stack(0x000000002a010000,0x000000002a110000)]
  0x000000001cf85000 JavaThread "jar transforms Thread 298" [_thread_blocked, id=22056, stack(0x0000000029d90000,0x0000000029e90000)]
  0x000000001cf86000 JavaThread "jar transforms Thread 297" [_thread_blocked, id=2188, stack(0x0000000029c90000,0x0000000029d90000)]
  0x00000000206e0000 JavaThread "jar transforms Thread 296" [_thread_blocked, id=10836, stack(0x0000000029b90000,0x0000000029c90000)]
  0x00000000206df000 JavaThread "jar transforms Thread 295" [_thread_blocked, id=27680, stack(0x0000000029a90000,0x0000000029b90000)]
  0x00000000206de800 JavaThread "jar transforms Thread 294" [_thread_blocked, id=22440, stack(0x0000000029990000,0x0000000029a90000)]
  0x00000000206e3000 JavaThread "jar transforms Thread 293" [_thread_blocked, id=3616, stack(0x0000000029890000,0x0000000029990000)]
  0x00000000206e0800 JavaThread "jar transforms Thread 292" [_thread_blocked, id=23100, stack(0x0000000029790000,0x0000000029890000)]
  0x00000000206dd800 JavaThread "jar transforms Thread 291" [_thread_blocked, id=3904, stack(0x0000000029690000,0x0000000029790000)]
  0x00000000206e2000 JavaThread "jar transforms Thread 290" [_thread_blocked, id=11024, stack(0x0000000029590000,0x0000000029690000)]
  0x00000000206e3800 JavaThread "jar transforms Thread 289" [_thread_blocked, id=6328, stack(0x0000000029490000,0x0000000029590000)]
  0x00000000206dc000 JavaThread "jar transforms Thread 288" [_thread_blocked, id=16700, stack(0x0000000029390000,0x0000000029490000)]
  0x00000000206e1800 JavaThread "jar transforms Thread 287" [_thread_blocked, id=13772, stack(0x0000000029290000,0x0000000029390000)]
  0x00000000206dd000 JavaThread "jar transforms Thread 286" [_thread_blocked, id=16572, stack(0x0000000029190000,0x0000000029290000)]
  0x00000000206d4800 JavaThread "jar transforms Thread 285" [_thread_blocked, id=9200, stack(0x0000000029090000,0x0000000029190000)]
  0x00000000206db800 JavaThread "jar transforms Thread 284" [_thread_blocked, id=26364, stack(0x0000000028f90000,0x0000000029090000)]
  0x00000000206da800 JavaThread "jar transforms Thread 283" [_thread_blocked, id=1364, stack(0x0000000028e90000,0x0000000028f90000)]
  0x00000000206d9000 JavaThread "jar transforms Thread 282" [_thread_blocked, id=21216, stack(0x0000000028d90000,0x0000000028e90000)]
  0x00000000206d7800 JavaThread "jar transforms Thread 281" [_thread_blocked, id=28428, stack(0x0000000028c90000,0x0000000028d90000)]
  0x00000000206da000 JavaThread "jar transforms Thread 280" [_thread_blocked, id=26852, stack(0x0000000028b90000,0x0000000028c90000)]
  0x000000002e034800 JavaThread "jar transforms Thread 279" [_thread_blocked, id=20120, stack(0x0000000028a90000,0x0000000028b90000)]
  0x000000002e033800 JavaThread "jar transforms Thread 278" [_thread_blocked, id=28992, stack(0x0000000028990000,0x0000000028a90000)]
  0x000000002e036000 JavaThread "jar transforms Thread 277" [_thread_blocked, id=19156, stack(0x0000000028890000,0x0000000028990000)]
  0x000000002e035000 JavaThread "jar transforms Thread 276" [_thread_blocked, id=28596, stack(0x0000000028790000,0x0000000028890000)]
  0x000000002e036800 JavaThread "jar transforms Thread 275" [_thread_blocked, id=27464, stack(0x0000000028690000,0x0000000028790000)]
  0x000000002e037800 JavaThread "jar transforms Thread 274" [_thread_blocked, id=22936, stack(0x0000000028590000,0x0000000028690000)]
  0x000000002e033000 JavaThread "jar transforms Thread 273" [_thread_blocked, id=16684, stack(0x0000000028490000,0x0000000028590000)]
  0x000000002e02d800 JavaThread "jar transforms Thread 272" [_thread_blocked, id=27220, stack(0x0000000028390000,0x0000000028490000)]
  0x000000002e032000 JavaThread "jar transforms Thread 271" [_thread_blocked, id=23360, stack(0x0000000028290000,0x0000000028390000)]
  0x000000002e02a800 JavaThread "jar transforms Thread 270" [_thread_blocked, id=6416, stack(0x0000000028190000,0x0000000028290000)]
  0x000000002e031800 JavaThread "jar transforms Thread 269" [_thread_blocked, id=10992, stack(0x0000000028090000,0x0000000028190000)]
  0x000000002e02b800 JavaThread "jar transforms Thread 268" [_thread_blocked, id=27272, stack(0x0000000027f90000,0x0000000028090000)]
  0x000000002e030000 JavaThread "jar transforms Thread 267" [_thread_blocked, id=1516, stack(0x0000000027e90000,0x0000000027f90000)]
  0x000000002e02d000 JavaThread "jar transforms Thread 266" [_thread_blocked, id=28396, stack(0x0000000027d90000,0x0000000027e90000)]
  0x000000002e030800 JavaThread "jar transforms Thread 265" [_thread_blocked, id=26840, stack(0x0000000027c90000,0x0000000027d90000)]
  0x000000002e02f000 JavaThread "jar transforms Thread 264" [_thread_blocked, id=13836, stack(0x0000000027b90000,0x0000000027c90000)]
  0x000000002e028800 JavaThread "jar transforms Thread 263" [_thread_blocked, id=10224, stack(0x0000000027a90000,0x0000000027b90000)]
  0x000000002e02c000 JavaThread "jar transforms Thread 262" [_thread_blocked, id=16100, stack(0x0000000027990000,0x0000000027a90000)]
  0x000000001f83e800 JavaThread "jar transforms Thread 261" [_thread_blocked, id=6936, stack(0x0000000027890000,0x0000000027990000)]
  0x000000001f83e000 JavaThread "jar transforms Thread 260" [_thread_blocked, id=14564, stack(0x0000000027790000,0x0000000027890000)]
  0x000000001f83d000 JavaThread "jar transforms Thread 259" [_thread_blocked, id=20400, stack(0x0000000027690000,0x0000000027790000)]
  0x000000001f835800 JavaThread "jar transforms Thread 258" [_thread_blocked, id=18308, stack(0x0000000027590000,0x0000000027690000)]
  0x000000001f83c800 JavaThread "jar transforms Thread 257" [_thread_blocked, id=23388, stack(0x0000000027490000,0x0000000027590000)]
  0x000000001f836800 JavaThread "jar transforms Thread 256" [_thread_blocked, id=15112, stack(0x0000000027390000,0x0000000027490000)]
  0x000000001f83b800 JavaThread "jar transforms Thread 255" [_thread_blocked, id=16612, stack(0x0000000027290000,0x0000000027390000)]
  0x000000001f835000 JavaThread "jar transforms Thread 254" [_thread_blocked, id=10568, stack(0x0000000027190000,0x0000000027290000)]
  0x000000001f83a000 JavaThread "jar transforms Thread 253" [_thread_blocked, id=23724, stack(0x0000000027090000,0x0000000027190000)]
  0x000000001f839800 JavaThread "jar transforms Thread 252" [_thread_blocked, id=16140, stack(0x0000000026f90000,0x0000000027090000)]
  0x000000001f837000 JavaThread "jar transforms Thread 251" [_thread_blocked, id=20476, stack(0x0000000026e90000,0x0000000026f90000)]
  0x000000001f832800 JavaThread "jar transforms Thread 250" [_thread_blocked, id=26476, stack(0x0000000026d90000,0x0000000026e90000)]
  0x000000001f838800 JavaThread "jar transforms Thread 249" [_thread_blocked, id=4164, stack(0x0000000026c90000,0x0000000026d90000)]
  0x000000001f831000 JavaThread "jar transforms Thread 248" [_thread_blocked, id=15056, stack(0x0000000026b90000,0x0000000026c90000)]
  0x000000001f834000 JavaThread "jar transforms Thread 247" [_thread_blocked, id=23660, stack(0x0000000026a90000,0x0000000026b90000)]
  0x000000001f832000 JavaThread "jar transforms Thread 246" [_thread_blocked, id=13560, stack(0x0000000026990000,0x0000000026a90000)]
  0x000000001f838000 JavaThread "jar transforms Thread 245" [_thread_blocked, id=21368, stack(0x0000000026890000,0x0000000026990000)]
  0x000000001f833800 JavaThread "jar transforms Thread 244" [_thread_blocked, id=27320, stack(0x0000000026790000,0x0000000026890000)]
  0x000000001fc5e800 JavaThread "jar transforms Thread 243" [_thread_blocked, id=23636, stack(0x0000000026690000,0x0000000026790000)]
  0x000000001fc5e000 JavaThread "jar transforms Thread 242" [_thread_blocked, id=17108, stack(0x0000000026590000,0x0000000026690000)]
  0x000000001fc64000 JavaThread "jar transforms Thread 241" [_thread_blocked, id=29504, stack(0x0000000026490000,0x0000000026590000)]
  0x000000001fc60000 JavaThread "jar transforms Thread 240" [_thread_blocked, id=22836, stack(0x0000000026160000,0x0000000026260000)]
  0x000000001fc64800 JavaThread "jar transforms Thread 239" [_thread_blocked, id=8160, stack(0x0000000026060000,0x0000000026160000)]
  0x000000001fc61000 JavaThread "jar transforms Thread 238" [_thread_blocked, id=19140, stack(0x0000000025f60000,0x0000000026060000)]
  0x000000001fc63000 JavaThread "jar transforms Thread 237" [_thread_blocked, id=8456, stack(0x0000000025e60000,0x0000000025f60000)]
  0x000000001fc62800 JavaThread "jar transforms Thread 236" [_thread_blocked, id=28452, stack(0x0000000025d60000,0x0000000025e60000)]
  0x000000001fc61800 JavaThread "jar transforms Thread 235" [_thread_blocked, id=22432, stack(0x0000000025c60000,0x0000000025d60000)]
  0x000000001fc56800 JavaThread "jar transforms Thread 234" [_thread_blocked, id=23812, stack(0x0000000025b60000,0x0000000025c60000)]
  0x000000001fc5d000 JavaThread "jar transforms Thread 233" [_thread_blocked, id=25180, stack(0x0000000025a60000,0x0000000025b60000)]
  0x000000001fc5b800 JavaThread "jar transforms Thread 232" [_thread_blocked, id=3524, stack(0x0000000025760000,0x0000000025860000)]
  0x000000001fc5c800 JavaThread "jar transforms Thread 231" [_thread_blocked, id=7572, stack(0x0000000025660000,0x0000000025760000)]
  0x000000001fc58800 JavaThread "jar transforms Thread 230" [_thread_blocked, id=27640, stack(0x0000000025560000,0x0000000025660000)]
  0x000000001fc58000 JavaThread "jar transforms Thread 229" [_thread_blocked, id=15876, stack(0x0000000025460000,0x0000000025560000)]
  0x000000001fc5a000 JavaThread "Build operations Thread 12" [_thread_blocked, id=10732, stack(0x0000000025360000,0x0000000025460000)]
  0x000000001fc5b000 JavaThread "Build operations Thread 11" [_thread_blocked, id=24368, stack(0x0000000025260000,0x0000000025360000)]
  0x000000001fc57000 JavaThread "Build operations Thread 10" [_thread_blocked, id=10304, stack(0x0000000025060000,0x0000000025160000)]
  0x000000001fc59800 JavaThread "Build operations Thread 9" [_thread_blocked, id=23092, stack(0x0000000024f60000,0x0000000025060000)]
  0x0000000024566000 JavaThread "Build operations Thread 8" [_thread_blocked, id=25168, stack(0x0000000024e60000,0x0000000024f60000)]
  0x0000000024564800 JavaThread "Build operations Thread 7" [_thread_blocked, id=14200, stack(0x0000000024d60000,0x0000000024e60000)]
  0x0000000024565800 JavaThread "Build operations Thread 6" [_thread_blocked, id=25788, stack(0x0000000024c60000,0x0000000024d60000)]
  0x000000002455d000 JavaThread "Build operations Thread 5" [_thread_blocked, id=21528, stack(0x0000000024b60000,0x0000000024c60000)]
  0x0000000024564000 JavaThread "Build operations Thread 4" [_thread_blocked, id=21608, stack(0x0000000023390000,0x0000000023490000)]
  0x0000000024563000 JavaThread "Build operations Thread 3" [_thread_blocked, id=13740, stack(0x0000000022e90000,0x0000000022f90000)]
  0x000000002455b800 JavaThread "Build operations Thread 2" [_thread_blocked, id=696, stack(0x0000000022a90000,0x0000000022b90000)]
  0x0000000024561000 JavaThread "Build operations" [_thread_blocked, id=3496, stack(0x0000000021740000,0x0000000021840000)]
  0x0000000024562800 JavaThread "Cache worker for cache directory md-rule (C:\Users\tegar\.gradle\caches\6.5\md-rule)" [_thread_blocked, id=8652, stack(0x0000000021640000,0x0000000021740000)]
  0x0000000024561800 JavaThread "Cache worker for cache directory md-supplier (C:\Users\tegar\.gradle\caches\6.5\md-supplier)" [_thread_blocked, id=25912, stack(0x000000001eaa0000,0x000000001eba0000)]
  0x0000000024560000 JavaThread "Cache worker for checksums cache (C:\Users\tegar\AndroidStudioProjects\FootballApp\.gradle\checksums)" [_thread_blocked, id=24756, stack(0x000000001e9a0000,0x000000001eaa0000)]
  0x000000002455c800 JavaThread "Cache worker for file hash cache (C:\Users\tegar\AndroidStudioProjects\FootballApp\.gradle\6.5\fileHashes)" [_thread_blocked, id=27168, stack(0x000000001e8a0000,0x000000001e9a0000)]
  0x000000002455e800 JavaThread "Thread-349" [_thread_blocked, id=23984, stack(0x000000001e7a0000,0x000000001e8a0000)]
  0x0000000024557000 JavaThread "Stdin handler" [_thread_blocked, id=18448, stack(0x000000001e4a0000,0x000000001e5a0000)]
  0x000000002455e000 JavaThread "Asynchronous log dispatcher for DefaultDaemonConnection: socket connection from /127.0.0.1:56676 to /127.0.0.1:57638" [_thread_blocked, id=19028, stack(0x000000001e060000,0x000000001e160000)]
  0x0000000024559800 JavaThread "Daemon worker Thread 3" [_thread_blocked, id=4560, stack(0x000000001df60000,0x000000001e060000)]
  0x0000000024558000 JavaThread "Cancel handler" [_thread_blocked, id=26736, stack(0x0000000000ed0000,0x0000000000fd0000)]
  0x000000002455a000 JavaThread "Handler for socket connection from /127.0.0.1:56676 to /127.0.0.1:57638" [_thread_in_native, id=10068, stack(0x0000000000dd0000,0x0000000000ed0000)]
  0x0000000024558800 JavaThread "Daemon Thread 3" [_thread_blocked, id=23044, stack(0x0000000000cd0000,0x0000000000dd0000)]
  0x000000002e02a000 JavaThread "RMI Reaper" [_thread_blocked, id=8868, stack(0x00000000311e0000,0x00000000312e0000)]
  0x000000002e02e800 JavaThread "RMI TCP Accept-0" daemon [_thread_in_native, id=16592, stack(0x00000000310e0000,0x00000000311e0000)]
  0x000000002e029000 JavaThread "GC Daemon" daemon [_thread_blocked, id=23276, stack(0x0000000030fe0000,0x00000000310e0000)]
  0x000000001fc5f800 JavaThread "RMI Scheduler(0)" daemon [_thread_blocked, id=25960, stack(0x00000000305e0000,0x00000000306e0000)]
  0x000000001f83f800 JavaThread "Memory manager" [_thread_blocked, id=16068, stack(0x000000002dea0000,0x000000002dfa0000)]
  0x000000001cf83000 JavaThread "Cache worker for file content cache (C:\Users\tegar\.gradle\caches\6.5\fileContent)" [_thread_blocked, id=7752, stack(0x0000000023490000,0x0000000023590000)]
  0x000000001cf81800 JavaThread "Cache worker for execution history cache (C:\Users\tegar\.gradle\caches\6.5\executionHistory)" [_thread_blocked, id=13916, stack(0x0000000022b90000,0x0000000022c90000)]
  0x000000001cf80800 JavaThread "Cache worker for file hash cache (C:\Users\tegar\.gradle\caches\6.5\fileHashes)" [_thread_blocked, id=12184, stack(0x000000001f1a0000,0x000000001f2a0000)]
  0x000000001cf80000 JavaThread "File lock request listener" [_thread_in_native, id=22284, stack(0x000000001f0a0000,0x000000001f1a0000)]
  0x000000001ce37000 JavaThread "Cache worker for journal cache (C:\Users\tegar\.gradle\caches\journal-1)" [_thread_blocked, id=26812, stack(0x000000001efa0000,0x000000001f0a0000)]
  0x000000001cce7000 JavaThread "Daemon periodic checks" [_thread_blocked, id=21996, stack(0x000000001e3a0000,0x000000001e4a0000)]
  0x000000001ccd2800 JavaThread "Incoming local TCP Connector on port 56676" [_thread_in_native, id=15476, stack(0x000000001e160000,0x000000001e260000)]
  0x000000001cc65000 JavaThread "Daemon health stats" [_thread_blocked, id=15816, stack(0x000000001db20000,0x000000001dc20000)]
  0x00000000195bd800 JavaThread "Service Thread" daemon [_thread_blocked, id=18648, stack(0x000000001af80000,0x000000001b080000)]
  0x0000000019536800 JavaThread "C1 CompilerThread3" daemon [_thread_blocked, id=26080, stack(0x000000001ae80000,0x000000001af80000)]
=>0x0000000019536000 JavaThread "C2 CompilerThread2" daemon [_thread_in_native, id=28320, stack(0x000000001ad80000,0x000000001ae80000)]
  0x000000001952c800 JavaThread "C2 CompilerThread1" daemon [_thread_blocked, id=9168, stack(0x000000001ac80000,0x000000001ad80000)]
  0x0000000019525000 JavaThread "C2 CompilerThread0" daemon [_thread_blocked, id=3116, stack(0x000000001ab80000,0x000000001ac80000)]
  0x0000000019522000 JavaThread "Attach Listener" daemon [_thread_blocked, id=21540, stack(0x000000001aa80000,0x000000001ab80000)]
  0x0000000019521000 JavaThread "Signal Dispatcher" daemon [_thread_blocked, id=26816, stack(0x000000001a980000,0x000000001aa80000)]
  0x0000000002bba000 JavaThread "Finalizer" daemon [_thread_blocked, id=11912, stack(0x000000001a780000,0x000000001a880000)]
  0x0000000017e2c800 JavaThread "Reference Handler" daemon [_thread_blocked, id=10124, stack(0x000000001a680000,0x000000001a780000)]
  0x0000000002abe000 JavaThread "main" [_thread_blocked, id=4584, stack(0x0000000002930000,0x0000000002a30000)]

Other Threads:
  0x0000000017e25800 VMThread [stack: 0x000000001a580000,0x000000001a680000] [id=19780]
  0x00000000195be800 WatcherThread [stack: 0x000000001b080000,0x000000001b180000] [id=21212]

VM state:not at safepoint (normal execution)

VM Mutex/Monitor currently owned by a thread: None

heap address: 0x0000000080000000, size: 2048 MB, Compressed Oops mode: 32-bit
Narrow klass base: 0x0000000000000000, Narrow klass shift: 3
Compressed class space size: 1073741824 Address: 0x0000000100000000

Heap:
 PSYoungGen      total 344576K, used 4598K [0x00000000d5580000, 0x00000000ee780000, 0x0000000100000000)
  eden space 310272K, 1% used [0x00000000d5580000,0x00000000d59fd870,0x00000000e8480000)
  from space 34304K, 0% used [0x00000000e8480000,0x00000000e8480000,0x00000000ea600000)
  to   space 37888K, 0% used [0x00000000ec280000,0x00000000ec280000,0x00000000ee780000)
 ParOldGen       total 337920K, used 83406K [0x0000000080000000, 0x0000000094a00000, 0x00000000d5580000)
  object space 337920K, 24% used [0x0000000080000000,0x0000000085173958,0x0000000094a00000)
 Metaspace       used 91056K, capacity 96112K, committed 98968K, reserved 1134592K
  class space    used 12166K, capacity 13098K, committed 13744K, reserved 1048576K

Card table byte_map: [0x0000000011f80000,0x0000000012390000] byte_map_base: 0x0000000011b80000

Marking Bits: (ParMarkBitMap*) 0x000000006a71f030
 Begin Bits: [0x0000000013040000, 0x0000000015040000)
 End Bits:   [0x0000000015040000, 0x0000000017040000)

Polling page: 0x0000000001050000

CodeCache: size=245760Kb used=40091Kb max_used=40615Kb free=205669Kb
 bounds [0x0000000002bc0000, 0x00000000053d0000, 0x0000000011bc0000]
 total_blobs=13677 nmethods=12811 adapters=777
 compilation: enabled

Compilation events (10 events):
Event: 888.103 Thread 0x0000000019536800 15464       1       java.util.zip.ZStreamRef::address (5 bytes)
Event: 888.103 Thread 0x0000000019536800 nmethod 15464 0x00000000050b2c10 code [0x00000000050b2d60, 0x00000000050b2e70]
Event: 888.104 Thread 0x0000000019536800 15465   !   3       java.util.zip.Deflater::needsInput (27 bytes)
Event: 888.104 Thread 0x0000000019536800 nmethod 15465 0x0000000004815490 code [0x0000000004815600, 0x0000000004815950]
Event: 888.104 Thread 0x0000000019536800 15466       3       java.util.zip.DeflaterOutputStream::deflate (36 bytes)
Event: 888.105 Thread 0x0000000019536800 nmethod 15466 0x00000000050ea790 code [0x00000000050ea920, 0x00000000050eac78]
Event: 888.109 Thread 0x0000000019536800 15467       3       java.util.zip.Deflater::ensureOpen (47 bytes)
Event: 888.110 Thread 0x0000000019536800 nmethod 15467 0x0000000004814ed0 code [0x0000000004815040, 0x0000000004815328]
Event: 888.110 Thread 0x0000000019536800 15469   !   3       java.util.zip.Deflater::deflate (140 bytes)
Event: 888.110 Thread 0x0000000019536800 nmethod 15469 0x00000000050e9910 code [0x00000000050e9ae0, 0x00000000050ea2e8]

GC Heap History (10 events):
Event: 492.370 GC heap before
{Heap before GC invocations=17 (full 3):
 PSYoungGen      total 278528K, used 267884K [0x00000000d5580000, 0x00000000ea600000, 0x0000000100000000)
  eden space 249856K, 100% used [0x00000000d5580000,0x00000000e4980000,0x00000000e4980000)
  from space 28672K, 62% used [0x00000000e4980000,0x00000000e5b1b008,0x00000000e6580000)
  to   space 28672K, 0% used [0x00000000e8a00000,0x00000000e8a00000,0x00000000ea600000)
 ParOldGen       total 212480K, used 64622K [0x0000000080000000, 0x000000008cf80000, 0x00000000d5580000)
  object space 212480K, 30% used [0x0000000080000000,0x0000000083f1b950,0x000000008cf80000)
 Metaspace       used 78708K, capacity 83028K, committed 83224K, reserved 1122304K
  class space    used 10499K, capacity 11300K, committed 11312K, reserved 1048576K
Event: 492.386 GC heap after
Heap after GC invocations=17 (full 3):
 PSYoungGen      total 312832K, used 25462K [0x00000000d5580000, 0x00000000ea800000, 0x0000000100000000)
  eden space 284160K, 0% used [0x00000000d5580000,0x00000000d5580000,0x00000000e6b00000)
  from space 28672K, 88% used [0x00000000e8a00000,0x00000000ea2dd838,0x00000000ea600000)
  to   space 31232K, 0% used [0x00000000e6b00000,0x00000000e6b00000,0x00000000e8980000)
 ParOldGen       total 212480K, used 64630K [0x0000000080000000, 0x000000008cf80000, 0x00000000d5580000)
  object space 212480K, 30% used [0x0000000080000000,0x0000000083f1d950,0x000000008cf80000)
 Metaspace       used 78708K, capacity 83028K, committed 83224K, reserved 1122304K
  class space    used 10499K, capacity 11300K, committed 11312K, reserved 1048576K
}
Event: 884.692 GC heap before
{Heap before GC invocations=18 (full 3):
 PSYoungGen      total 312832K, used 309622K [0x00000000d5580000, 0x00000000ea800000, 0x0000000100000000)
  eden space 284160K, 100% used [0x00000000d5580000,0x00000000e6b00000,0x00000000e6b00000)
  from space 28672K, 88% used [0x00000000e8a00000,0x00000000ea2dd838,0x00000000ea600000)
  to   space 31232K, 0% used [0x00000000e6b00000,0x00000000e6b00000,0x00000000e8980000)
 ParOldGen       total 212480K, used 64630K [0x0000000080000000, 0x000000008cf80000, 0x00000000d5580000)
  object space 212480K, 30% used [0x0000000080000000,0x0000000083f1d950,0x000000008cf80000)
 Metaspace       used 79381K, capacity 83902K, committed 84120K, reserved 1122304K
  class space    used 10535K, capacity 11359K, committed 11440K, reserved 1048576K
Event: 884.702 GC heap after
Heap after GC invocations=18 (full 3):
 PSYoungGen      total 315392K, used 14400K [0x00000000d5580000, 0x00000000ec300000, 0x0000000100000000)
  eden space 284160K, 0% used [0x00000000d5580000,0x00000000d5580000,0x00000000e6b00000)
  from space 31232K, 46% used [0x00000000e6b00000,0x00000000e7910050,0x00000000e8980000)
  to   space 29696K, 0% used [0x00000000ea600000,0x00000000ea600000,0x00000000ec300000)
 ParOldGen       total 212480K, used 64638K [0x0000000080000000, 0x000000008cf80000, 0x00000000d5580000)
  object space 212480K, 30% used [0x0000000080000000,0x0000000083f1f950,0x000000008cf80000)
 Metaspace       used 79381K, capacity 83902K, committed 84120K, reserved 1122304K
  class space    used 10535K, capacity 11359K, committed 11440K, reserved 1048576K
}
Event: 886.512 GC heap before
{Heap before GC invocations=19 (full 3):
 PSYoungGen      total 315392K, used 298560K [0x00000000d5580000, 0x00000000ec300000, 0x0000000100000000)
  eden space 284160K, 100% used [0x00000000d5580000,0x00000000e6b00000,0x00000000e6b00000)
  from space 31232K, 46% used [0x00000000e6b00000,0x00000000e7910050,0x00000000e8980000)
  to   space 29696K, 0% used [0x00000000ea600000,0x00000000ea600000,0x00000000ec300000)
 ParOldGen       total 212480K, used 64638K [0x0000000080000000, 0x000000008cf80000, 0x00000000d5580000)
  object space 212480K, 30% used [0x0000000080000000,0x0000000083f1f950,0x000000008cf80000)
 Metaspace       used 80838K, capacity 86070K, committed 86168K, reserved 1124352K
  class space    used 10745K, capacity 11661K, committed 11696K, reserved 1048576K
Event: 886.530 GC heap after
Heap after GC invocations=19 (full 3):
 PSYoungGen      total 339968K, used 29685K [0x00000000d5580000, 0x00000000ecc80000, 0x0000000100000000)
  eden space 310272K, 0% used [0x00000000d5580000,0x00000000d5580000,0x00000000e8480000)
  from space 29696K, 99% used [0x00000000ea600000,0x00000000ec2fd458,0x00000000ec300000)
  to   space 34304K, 0% used [0x00000000e8480000,0x00000000e8480000,0x00000000ea600000)
 ParOldGen       total 212480K, used 65925K [0x0000000080000000, 0x000000008cf80000, 0x00000000d5580000)
  object space 212480K, 31% used [0x0000000080000000,0x00000000840616c0,0x000000008cf80000)
 Metaspace       used 80838K, capacity 86070K, committed 86168K, reserved 1124352K
  class space    used 10745K, capacity 11661K, committed 11696K, reserved 1048576K
}
Event: 887.886 GC heap before
{Heap before GC invocations=20 (full 3):
 PSYoungGen      total 339968K, used 188197K [0x00000000d5580000, 0x00000000ecc80000, 0x0000000100000000)
  eden space 310272K, 51% used [0x00000000d5580000,0x00000000df04c0d0,0x00000000e8480000)
  from space 29696K, 99% used [0x00000000ea600000,0x00000000ec2fd458,0x00000000ec300000)
  to   space 34304K, 0% used [0x00000000e8480000,0x00000000e8480000,0x00000000ea600000)
 ParOldGen       total 212480K, used 65925K [0x0000000080000000, 0x000000008cf80000, 0x00000000d5580000)
  object space 212480K, 31% used [0x0000000080000000,0x00000000840616c0,0x000000008cf80000)
 Metaspace       used 91906K, capacity 98550K, committed 98584K, reserved 1134592K
  class space    used 12448K, capacity 13591K, committed 13616K, reserved 1048576K
Event: 887.908 GC heap after
Heap after GC invocations=20 (full 3):
 PSYoungGen      total 344576K, used 32083K [0x00000000d5580000, 0x00000000ee780000, 0x0000000100000000)
  eden space 310272K, 0% used [0x00000000d5580000,0x00000000d5580000,0x00000000e8480000)
  from space 34304K, 93% used [0x00000000e8480000,0x00000000ea3d4c80,0x00000000ea600000)
  to   space 37888K, 0% used [0x00000000ec280000,0x00000000ec280000,0x00000000ee780000)
 ParOldGen       total 212480K, used 77180K [0x0000000080000000, 0x000000008cf80000, 0x00000000d5580000)
  object space 212480K, 36% used [0x0000000080000000,0x0000000084b5f098,0x000000008cf80000)
 Metaspace       used 91906K, capacity 98550K, committed 98584K, reserved 1134592K
  class space    used 12448K, capacity 13591K, committed 13616K, reserved 1048576K
}
Event: 887.908 GC heap before
{Heap before GC invocations=21 (full 4):
 PSYoungGen      total 344576K, used 32083K [0x00000000d5580000, 0x00000000ee780000, 0x0000000100000000)
  eden space 310272K, 0% used [0x00000000d5580000,0x00000000d5580000,0x00000000e8480000)
  from space 34304K, 93% used [0x00000000e8480000,0x00000000ea3d4c80,0x00000000ea600000)
  to   space 37888K, 0% used [0x00000000ec280000,0x00000000ec280000,0x00000000ee780000)
 ParOldGen       total 212480K, used 77180K [0x0000000080000000, 0x000000008cf80000, 0x00000000d5580000)
  object space 212480K, 36% used [0x0000000080000000,0x0000000084b5f098,0x000000008cf80000)
 Metaspace       used 91906K, capacity 98550K, committed 98584K, reserved 1134592K
  class space    used 12448K, capacity 13591K, committed 13616K, reserved 1048576K
Event: 888.095 GC heap after
Heap after GC invocations=21 (full 4):
 PSYoungGen      total 344576K, used 0K [0x00000000d5580000, 0x00000000ee780000, 0x0000000100000000)
  eden space 310272K, 0% used [0x00000000d5580000,0x00000000d5580000,0x00000000e8480000)
  from space 34304K, 0% used [0x00000000e8480000,0x00000000e8480000,0x00000000ea600000)
  to   space 37888K, 0% used [0x00000000ec280000,0x00000000ec280000,0x00000000ee780000)
 ParOldGen       total 337920K, used 83406K [0x0000000080000000, 0x0000000094a00000, 0x00000000d5580000)
  object space 337920K, 24% used [0x0000000080000000,0x0000000085173958,0x0000000094a00000)
 Metaspace       used 91012K, capacity 96016K, committed 98584K, reserved 1134592K
  class space    used 12152K, capacity 13066K, committed 13616K, reserved 1048576K
}

Deoptimization events (10 events):
Event: 887.654 Thread 0x000000001fddb000 Uncommon trap: reason=unstable_if action=reinterpret pc=0x0000000004089fa0 method=com.android.tools.r8.dex.m.c(I)V @ 8
Event: 887.806 Thread 0x0000000024616800 Uncommon trap: reason=unstable_if action=reinterpret pc=0x0000000003c01b10 method=org.gradle.execution.plan.DefaultExecutionPlan.selectNext(Lorg/gradle/internal/work/WorkerLeaseRegistry$WorkerLease;Lorg/gradle/internal/resources/ResourceLockState;)Lorg/gr
Event: 887.818 Thread 0x000000001fdcd000 Uncommon trap: reason=class_check action=maybe_recompile pc=0x00000000047b3bf4 method=java.io.DataInputStream.read([BII)I @ 7
Event: 887.818 Thread 0x000000001fdcd000 Uncommon trap: reason=class_check action=maybe_recompile pc=0x00000000047b3bf4 method=java.io.DataInputStream.read([BII)I @ 7
Event: 887.818 Thread 0x000000001fdcd000 Uncommon trap: reason=unstable_if action=reinterpret pc=0x0000000003ca8214 method=java.io.BufferedInputStream.read([BII)I @ 31
Event: 887.819 Thread 0x000000001fdcd000 Uncommon trap: reason=class_check action=maybe_recompile pc=0x00000000047b3bf4 method=java.io.DataInputStream.read([BII)I @ 7
Event: 887.819 Thread 0x000000001fdcd000 Uncommon trap: reason=class_check action=maybe_recompile pc=0x00000000047b3bf4 method=java.io.DataInputStream.read([BII)I @ 7
Event: 887.840 Thread 0x000000001fdcd000 Uncommon trap: reason=unstable_if action=reinterpret pc=0x0000000003660450 method=java.util.stream.StreamOpFlag.getMask(I)I @ 1
Event: 887.865 Thread 0x000000001fdcd000 Uncommon trap: reason=unstable_if action=reinterpret pc=0x00000000035d1ffc method=sun.nio.ch.IOUtil.readIntoNativeBuffer(Ljava/io/FileDescriptor;Ljava/nio/ByteBuffer;JLsun/nio/ch/NativeDispatcher;)I @ 66
Event: 888.113 Thread 0x000000001fdcd000 Uncommon trap: reason=unstable_if action=reinterpret pc=0x0000000004c50fbc method=sun.nio.ch.IOUtil.writeFromNativeBuffer(Ljava/io/FileDescriptor;Ljava/nio/ByteBuffer;JLsun/nio/ch/NativeDispatcher;)I @ 66

Classes redefined (0 events):
No events

Internal exceptions (10 events):
Event: 887.326 Thread 0x000000001fdd6800 Implicit null exception at 0x00000000034ddcaf to 0x00000000034ddda1
Event: 887.326 Thread 0x000000001fdd6000 Implicit null exception at 0x00000000034ddcaf to 0x00000000034ddda1
Event: 887.326 Thread 0x000000001fdd0800 Implicit null exception at 0x00000000034ddcaf to 0x00000000034ddda1
Event: 887.326 Thread 0x000000001fdd9800 Implicit null exception at 0x00000000034ddcaf to 0x00000000034ddda1
Event: 887.326 Thread 0x000000001fdd9000 Implicit null exception at 0x00000000034ddcaf to 0x00000000034ddda1
Event: 887.706 Thread 0x000000001fddb000 Exception <a 'sun/nio/fs/WindowsException'> (0x00000000de015778) thrown at [C:\src\AOSP-openjdk-git\hotspot\src\share\vm\prims\jni.cpp, line 710]
Event: 887.708 Thread 0x000000001fdd4800 Exception <a 'java/lang/InterruptedException'> (0x00000000dd016c38) thrown at [C:\src\AOSP-openjdk-git\hotspot\src\share\vm\runtime\objectMonitor.cpp, line 1491]
Event: 887.805 Thread 0x0000000024615000 Exception <a 'java/lang/NoSuchMethodError': <clinit>> (0x00000000de88d800) thrown at [C:\src\AOSP-openjdk-git\hotspot\src\share\vm\prims\jni.cpp, line 1615]
Event: 887.831 Thread 0x000000001fdcd000 Exception <a 'java/lang/NoSuchMethodError': java.lang.Object.newSystemTemporaryDirectory()Lcom/android/tools/build/apkzlib/bytestorage/TemporaryDirectory;> (0x00000000deb19570) thrown at [C:\src\AOSP-openjdk-git\hotspot\src\share\vm\interpreter\linkResolv
Event: 887.881 Thread 0x000000001fdcd000 Exception <a 'java/lang/NoSuchMethodError': java.lang.Object.lambda$static$0(Lcom/android/apksig/util/RunnablesProvider;)V> (0x00000000dee42688) thrown at [C:\src\AOSP-openjdk-git\hotspot\src\share\vm\interpreter\linkResolver.cpp, line 620]

Events (10 events):
Event: 888.110 loading class com/android/zipflinger/LocalFileHeader done
Event: 888.111 loading class com/android/zipflinger/CentralDirectoryRecord
Event: 888.111 loading class com/android/zipflinger/CentralDirectoryRecord done
Event: 888.112 Executing VM operation: RevokeBias
Event: 888.113 Executing VM operation: RevokeBias done
Event: 888.113 Thread 0x000000001fdcd000 Uncommon trap: trap_request=0xffffff65 fr.pc=0x0000000004c50fbc
Event: 888.113 Thread 0x000000001fdcd000 DEOPT PACKING pc=0x0000000004c50fbc sp=0x00000000324fda70
Event: 888.113 Thread 0x000000001fdcd000 DEOPT UNPACKING pc=0x0000000002c0557b sp=0x00000000324fd9f0 mode 2
Event: 888.113 loading class com/android/zipflinger/Zip64
Event: 888.113 loading class com/android/zipflinger/Zip64 done


Dynamic libraries:
0x00007ff600da0000 - 0x00007ff600dd1000 	C:\Program Files\Android\Android Studio1\jre\bin\java.exe
0x00007ff8f7290000 - 0x00007ff8f7485000 	C:\WINDOWS\SYSTEM32\ntdll.dll
0x00007ff8f5b40000 - 0x00007ff8f5bfd000 	C:\WINDOWS\System32\KERNEL32.DLL
0x00007ff8f4d40000 - 0x00007ff8f5008000 	C:\WINDOWS\System32\KERNELBASE.dll
0x00007ff8f55b0000 - 0x00007ff8f565c000 	C:\WINDOWS\System32\ADVAPI32.dll
0x00007ff8f5c00000 - 0x00007ff8f5c9e000 	C:\WINDOWS\System32\msvcrt.dll
0x00007ff8f71b0000 - 0x00007ff8f724b000 	C:\WINDOWS\System32\sechost.dll
0x00007ff8f58e0000 - 0x00007ff8f5a0b000 	C:\WINDOWS\System32\RPCRT4.dll
0x00007ff8f52f0000 - 0x00007ff8f5490000 	C:\WINDOWS\System32\USER32.dll
0x00007ff8f4b30000 - 0x00007ff8f4b52000 	C:\WINDOWS\System32\win32u.dll
0x00007ff8f7170000 - 0x00007ff8f719a000 	C:\WINDOWS\System32\GDI32.dll
0x00007ff8f5060000 - 0x00007ff8f516b000 	C:\WINDOWS\System32\gdi32full.dll
0x00007ff8f4b60000 - 0x00007ff8f4bfd000 	C:\WINDOWS\System32\msvcp_win.dll
0x00007ff8f5170000 - 0x00007ff8f5270000 	C:\WINDOWS\System32\ucrtbase.dll
0x00007ff8e30d0000 - 0x00007ff8e336a000 	C:\WINDOWS\WinSxS\amd64_microsoft.windows.common-controls_6595b64144ccf1df_6.0.19041.844_none_ca00b6081b84eb1d\COMCTL32.dll
0x00007ff8f58b0000 - 0x00007ff8f58e0000 	C:\WINDOWS\System32\IMM32.DLL
0x0000000069c00000 - 0x0000000069cd2000 	C:\Program Files\Android\Android Studio1\jre\jre\bin\msvcr100.dll
0x0000000069f50000 - 0x000000006a79b000 	C:\Program Files\Android\Android Studio1\jre\jre\bin\server\jvm.dll
0x00007ff8f71a0000 - 0x00007ff8f71a8000 	C:\WINDOWS\System32\PSAPI.DLL
0x00007ff8ec280000 - 0x00007ff8ec28a000 	C:\WINDOWS\SYSTEM32\VERSION.dll
0x00007ff8f1dd0000 - 0x00007ff8f1dd9000 	C:\WINDOWS\SYSTEM32\WSOCK32.dll
0x00007ff8e9d80000 - 0x00007ff8e9da7000 	C:\WINDOWS\SYSTEM32\WINMM.dll
0x00007ff8f7100000 - 0x00007ff8f716b000 	C:\WINDOWS\System32\WS2_32.dll
0x00007ff8f1cf0000 - 0x00007ff8f1cff000 	C:\Program Files\Android\Android Studio1\jre\jre\bin\verify.dll
0x00007ff8ec540000 - 0x00007ff8ec569000 	C:\Program Files\Android\Android Studio1\jre\jre\bin\java.dll
0x00007ff8f1cd0000 - 0x00007ff8f1ce6000 	C:\Program Files\Android\Android Studio1\jre\jre\bin\zip.dll
0x00007ff8f6880000 - 0x00007ff8f6fc2000 	C:\WINDOWS\System32\SHELL32.dll
0x00007ff8f2b20000 - 0x00007ff8f32b0000 	C:\WINDOWS\SYSTEM32\windows.storage.dll
0x00007ff8f6310000 - 0x00007ff8f6665000 	C:\WINDOWS\System32\combase.dll
0x00007ff8f4370000 - 0x00007ff8f439c000 	C:\WINDOWS\SYSTEM32\Wldp.dll
0x00007ff8f61f0000 - 0x00007ff8f629e000 	C:\WINDOWS\System32\SHCORE.dll
0x00007ff8f66d0000 - 0x00007ff8f6725000 	C:\WINDOWS\System32\shlwapi.dll
0x00007ff8f4910000 - 0x00007ff8f492f000 	C:\WINDOWS\SYSTEM32\profapi.dll
0x00007ff8ef1d0000 - 0x00007ff8ef1ea000 	C:\Program Files\Android\Android Studio1\jre\jre\bin\net.dll
0x00007ff8f40e0000 - 0x00007ff8f414a000 	C:\WINDOWS\system32\mswsock.dll
0x00007ff8ec8c0000 - 0x00007ff8ec8d3000 	C:\Program Files\Android\Android Studio1\jre\jre\bin\nio.dll
0x00007ff8da680000 - 0x00007ff8da6a7000 	C:\Users\tegar\.gradle\native\f6784746aeab05261644944871eae4fe03e0ef1612fff0a4a95f87b438bc6780\windows-amd64\native-platform.dll
0x00007ff8f1510000 - 0x00007ff8f151d000 	C:\Program Files\Android\Android Studio1\jre\jre\bin\management.dll
0x00007ff8f42c0000 - 0x00007ff8f42d8000 	C:\WINDOWS\SYSTEM32\CRYPTSP.dll
0x00007ff8f3a80000 - 0x00007ff8f3ab4000 	C:\WINDOWS\system32\rsaenh.dll
0x00007ff8f4c00000 - 0x00007ff8f4c27000 	C:\WINDOWS\System32\bcrypt.dll
0x00007ff8f48d0000 - 0x00007ff8f48fe000 	C:\WINDOWS\SYSTEM32\USERENV.dll
0x00007ff8f5270000 - 0x00007ff8f52f0000 	C:\WINDOWS\System32\bcryptprimitives.dll
0x00007ff8f42b0000 - 0x00007ff8f42bc000 	C:\WINDOWS\SYSTEM32\CRYPTBASE.dll
0x00007ff8f3dd0000 - 0x00007ff8f3e0b000 	C:\WINDOWS\SYSTEM32\IPHLPAPI.DLL
0x00007ff8f6730000 - 0x00007ff8f6738000 	C:\WINDOWS\System32\NSI.dll
0x00007ff8ec3a0000 - 0x00007ff8ec3b7000 	C:\WINDOWS\SYSTEM32\dhcpcsvc6.DLL
0x00007ff8ec2d0000 - 0x00007ff8ec2ed000 	C:\WINDOWS\SYSTEM32\dhcpcsvc.DLL
0x00007ff8f3e60000 - 0x00007ff8f3f2c000 	C:\WINDOWS\SYSTEM32\DNSAPI.dll
0x00007ff8ec3c0000 - 0x00007ff8ec3cb000 	C:\WINDOWS\SYSTEM32\WINNSI.DLL

VM Arguments:
jvm_args: -Xmx2048m -Dfile.encoding=UTF-8 -Duser.country=ID -Duser.language=en -Duser.variant 
java_command: org.gradle.launcher.daemon.bootstrap.GradleDaemon 6.5
java_class_path (initial): C:\Users\tegar\.gradle\wrapper\dists\gradle-6.5-bin\6nifqtx7604sqp1q6g8wikw7p\gradle-6.5\lib\gradle-launcher-6.5.jar
Launcher Type: SUN_STANDARD

Environment Variables:
PATH=C:\Program Files\Common Files\Oracle\Java\javapath;C:\Windows\system32;C:\Windows;C:\Windows\System32\Wbem;C:\Windows\System32\WindowsPowerShell\v1.0\;C:\Windows\System32\OpenSSH\;C:\Program Files (x86)\NVIDIA Corporation\PhysX\Common;C:\Program Files\NVIDIA Corporation\NVIDIA NvDLISR;C:\Program Files\Git\cmd;C:\WINDOWS\system32;C:\WINDOWS;C:\WINDOWS\System32\Wbem;C:\WINDOWS\System32\WindowsPowerShell\v1.0\;C:\WINDOWS\System32\OpenSSH\;C:\xampp\php;C:\composer;C:\gradle-6.6\bin;C:\Program Files\nodejs\;C:\Users\tegar\AppData\Local\Microsoft\WindowsApps;C:\Users\tegar\AppData\Local\Programs\Microsoft VS Code\bin;C:\Program Files\JetBrains\IntelliJ IDEA Community Edition 2019.3.3\bin;;C:\Project\flutter\bin;C:\Users\tegar\AppData\Local\GitHubDesktop\bin;C:\Users\tegar\AppData\Roaming\Composer\vendor\bin;C:\Users\tegar\AppData\Roaming\npm;C:\Program Files\heroku\bin
USERNAME=tegar
OS=Windows_NT
PROCESSOR_IDENTIFIER=Intel64 Family 6 Model 158 Stepping 13, GenuineIntel



---------------  S Y S T E M  ---------------

OS: Windows 10.0 , 64 bit Build 19041 (10.0.19041.928)

CPU:total 12 (initial active 12) (6 cores per cpu, 2 threads per core) family 6 model 158 stepping 13, cmov, cx8, fxsr, mmx, sse, sse2, sse3, ssse3, sse4.1, sse4.2, popcnt, avx, avx2, aes, clmul, erms, 3dnowpref, lzcnt, ht, tsc, tscinvbit, bmi1, bmi2, adx

Memory: 4k page, physical 16695540k(4691008k free), swap 16695540k(3488k free)

vm_info: OpenJDK 64-Bit Server VM (25.242-b01) for windows-amd64 JRE (1.8.0_242-release-1644-b01), built by "builder" with MS VC++ 10.0 (VS2010)

time: Fri May 21 16:37:00 2021
timezone: SE Asia Standard Time
elapsed time: 888 seconds (0d 0h 14m 48s)

