#
# There is insufficient memory for the Java Runtime Environment to continue.
# Native memory allocation (malloc) failed to allocate 657776 bytes for Chunk::new
# Possible reasons:
#   The system is out of physical RAM or swap space
#   The process is running with CompressedOops enabled, and the Java Heap may be blocking the growth of the native heap
# Possible solutions:
#   Reduce memory load on the system
#   Increase physical memory or swap space
#   Check if swap backing store is full
#   Decrease Java heap size (-Xmx/-Xms)
#   Decrease number of Java threads
#   Decrease Java thread stack sizes (-Xss)
#   Set larger code cache with -XX:ReservedCodeCacheSize=
#   JVM is running with Unscaled Compressed Oops mode in which the Java heap is
#     placed in the first 4GB address space. The Java Heap base address is the
#     maximum limit for the native heap growth. Please use -XX:HeapBaseMinAddress
#     to set the Java Heap base and to place the Java Heap above 4GB virtual address.
# This output file may be truncated or incomplete.
#
#  Out of Memory Error (allocation.cpp:389), pid=12188, tid=0x0000000000000480
#
# JRE version: OpenJDK Runtime Environment (8.0_242-b01) (build 1.8.0_242-release-1644-b01)
# Java VM: OpenJDK 64-Bit Server VM (25.242-b01 mixed mode windows-amd64 compressed oops)
# Failed to write core dump. Minidumps are not enabled by default on client versions of Windows
#

---------------  T H R E A D  ---------------

Current thread (0x0000000019bfb000):  JavaThread "C2 CompilerThread0" daemon [_thread_in_native, id=1152, stack(0x000000001b240000,0x000000001b340000)]

Stack: [0x000000001b240000,0x000000001b340000]
[error occurred during error reporting (printing stack bounds), id 0xc0000005]

Native frames: (J=compiled Java code, j=interpreted, Vv=VM code, C=native code)


Current CompileTask:
C2: 374479 14761   !   4       java.io.BufferedWriter::flushBuffer (53 bytes)


---------------  P R O C E S S  ---------------

Java Threads: ( => current thread )
  0x00000000206ac000 JavaThread "Cache worker for cache directory md-rule (C:\Users\tegar\.gradle\caches\6.5\md-rule)" [_thread_blocked, id=23716, stack(0x0000000021e00000,0x0000000021f00000)]
  0x00000000206a4000 JavaThread "Cache worker for cache directory md-supplier (C:\Users\tegar\.gradle\caches\6.5\md-supplier)" [_thread_blocked, id=6712, stack(0x000000001f260000,0x000000001f360000)]
  0x00000000206ab000 JavaThread "Cache worker for checksums cache (C:\Users\tegar\AndroidStudioProjects\FootballApp\.gradle\checksums)" [_thread_blocked, id=23016, stack(0x000000001f160000,0x000000001f260000)]
  0x00000000206a5000 JavaThread "Cache worker for file hash cache (C:\Users\tegar\AndroidStudioProjects\FootballApp\.gradle\6.5\fileHashes)" [_thread_blocked, id=29212, stack(0x000000001f060000,0x000000001f160000)]
  0x00000000206aa800 JavaThread "Thread-542" [_thread_blocked, id=24152, stack(0x000000001ef60000,0x000000001f060000)]
  0x00000000206a3800 JavaThread "Stdin handler" [_thread_blocked, id=23248, stack(0x000000001ed60000,0x000000001ee60000)]
  0x00000000206a9800 JavaThread "Asynchronous log dispatcher for DefaultDaemonConnection: socket connection from /127.0.0.1:50262 to /127.0.0.1:51141" [_thread_blocked, id=10888, stack(0x000000001e720000,0x000000001e820000)]
  0x00000000206a8800 JavaThread "Cancel handler" [_thread_blocked, id=30088, stack(0x0000000001590000,0x0000000001690000)]
  0x00000000206a8000 JavaThread "Handler for socket connection from /127.0.0.1:50262 to /127.0.0.1:51141" [_thread_in_native, id=26832, stack(0x0000000001490000,0x0000000001590000)]
  0x00000000206b2800 JavaThread "ForkJoinPool.commonPool-worker-10" daemon [_thread_blocked, id=17568, stack(0x0000000032740000,0x0000000032840000)]
  0x00000000206b1000 JavaThread "ForkJoinPool.commonPool-worker-1" daemon [_thread_blocked, id=23900, stack(0x0000000032640000,0x0000000032740000)]
  0x00000000206b0800 JavaThread "ForkJoinPool.commonPool-worker-8" daemon [_thread_blocked, id=24028, stack(0x0000000032540000,0x0000000032640000)]
  0x00000000206b2000 JavaThread "ForkJoinPool.commonPool-worker-15" daemon [_thread_blocked, id=14728, stack(0x0000000032440000,0x0000000032540000)]
  0x00000000206ae000 JavaThread "ForkJoinPool.commonPool-worker-13" daemon [_thread_blocked, id=10332, stack(0x0000000032240000,0x0000000032340000)]
  0x0000000020f71800 JavaThread "jar transforms Thread 342" [_thread_blocked, id=24456, stack(0x000000002d250000,0x000000002d350000)]
  0x0000000020f70800 JavaThread "jar transforms Thread 341" [_thread_blocked, id=9620, stack(0x000000002d150000,0x000000002d250000)]
  0x0000000020f6f000 JavaThread "jar transforms Thread 340" [_thread_blocked, id=11956, stack(0x000000002d050000,0x000000002d150000)]
  0x0000000020f6c000 JavaThread "jar transforms Thread 339" [_thread_blocked, id=7016, stack(0x000000002cf50000,0x000000002d050000)]
  0x0000000020f72000 JavaThread "jar transforms Thread 338" [_thread_blocked, id=10588, stack(0x000000002ce50000,0x000000002cf50000)]
  0x0000000020f6a000 JavaThread "jar transforms Thread 337" [_thread_blocked, id=17100, stack(0x000000002cd50000,0x000000002ce50000)]
  0x0000000020f70000 JavaThread "jar transforms Thread 336" [_thread_blocked, id=13772, stack(0x000000002cad0000,0x000000002cbd0000)]
  0x0000000020f6a800 JavaThread "jar transforms Thread 335" [_thread_blocked, id=23108, stack(0x000000002c9d0000,0x000000002cad0000)]
  0x0000000020f6b800 JavaThread "jar transforms Thread 334" [_thread_blocked, id=26864, stack(0x000000002c8d0000,0x000000002c9d0000)]
  0x000000001c25a800 JavaThread "jar transforms Thread 333" [_thread_blocked, id=13636, stack(0x000000002c7d0000,0x000000002c8d0000)]
  0x000000001c25a000 JavaThread "jar transforms Thread 332" [_thread_blocked, id=28972, stack(0x000000002c6d0000,0x000000002c7d0000)]
  0x000000001c259000 JavaThread "jar transforms Thread 331" [_thread_blocked, id=26960, stack(0x000000002c5d0000,0x000000002c6d0000)]
  0x000000001c258800 JavaThread "jar transforms Thread 330" [_thread_blocked, id=1808, stack(0x000000002c4d0000,0x000000002c5d0000)]
  0x000000001c257800 JavaThread "jar transforms Thread 329" [_thread_blocked, id=21920, stack(0x000000002c3d0000,0x000000002c4d0000)]
  0x000000001c250000 JavaThread "jar transforms Thread 328" [_thread_blocked, id=19208, stack(0x000000002c2d0000,0x000000002c3d0000)]
  0x000000001c256000 JavaThread "jar transforms Thread 327" [_thread_blocked, id=22040, stack(0x000000002c1d0000,0x000000002c2d0000)]
  0x000000001c255800 JavaThread "jar transforms Thread 326" [_thread_blocked, id=976, stack(0x000000002c0d0000,0x000000002c1d0000)]
  0x000000001c257000 JavaThread "jar transforms Thread 325" [_thread_blocked, id=22680, stack(0x000000002bfd0000,0x000000002c0d0000)]
  0x000000001c24e000 JavaThread "jar transforms Thread 324" [_thread_blocked, id=12376, stack(0x000000002bed0000,0x000000002bfd0000)]
  0x000000001c24e800 JavaThread "jar transforms Thread 323" [_thread_blocked, id=5464, stack(0x000000002bdd0000,0x000000002bed0000)]
  0x000000001c254800 JavaThread "jar transforms Thread 322" [_thread_blocked, id=23648, stack(0x000000002bcd0000,0x000000002bdd0000)]
  0x000000001c254000 JavaThread "jar transforms Thread 321" [_thread_blocked, id=660, stack(0x000000002bbd0000,0x000000002bcd0000)]
  0x000000001c251800 JavaThread "jar transforms Thread 320" [_thread_blocked, id=24280, stack(0x000000002bad0000,0x000000002bbd0000)]
  0x000000001c24c800 JavaThread "jar transforms Thread 319" [_thread_blocked, id=9100, stack(0x000000002b9d0000,0x000000002bad0000)]
  0x000000001c24f800 JavaThread "jar transforms Thread 318" [_thread_blocked, id=1488, stack(0x000000002b8d0000,0x000000002b9d0000)]
  0x000000001c24d000 JavaThread "jar transforms Thread 317" [_thread_blocked, id=16996, stack(0x000000002b7d0000,0x000000002b8d0000)]
  0x000000001c253000 JavaThread "jar transforms Thread 316" [_thread_blocked, id=29852, stack(0x000000002b6d0000,0x000000002b7d0000)]
  0x000000001c252800 JavaThread "jar transforms Thread 315" [_thread_blocked, id=30148, stack(0x000000002b5d0000,0x000000002b6d0000)]
  0x000000001c24b800 JavaThread "jar transforms Thread 314" [_thread_blocked, id=6940, stack(0x000000002b4d0000,0x000000002b5d0000)]
  0x000000001c251000 JavaThread "jar transforms Thread 313" [_thread_blocked, id=30532, stack(0x000000002b3d0000,0x000000002b4d0000)]
  0x0000000024bb6000 JavaThread "jar transforms Thread 312" [_thread_blocked, id=10524, stack(0x000000002b2d0000,0x000000002b3d0000)]
  0x0000000024bb5000 JavaThread "jar transforms Thread 311" [_thread_blocked, id=22304, stack(0x000000002b1d0000,0x000000002b2d0000)]
  0x0000000024bb1800 JavaThread "jar transforms Thread 310" [_thread_blocked, id=18180, stack(0x000000002b0d0000,0x000000002b1d0000)]
  0x0000000024bb4800 JavaThread "jar transforms Thread 309" [_thread_blocked, id=29364, stack(0x000000002afd0000,0x000000002b0d0000)]
  0x0000000024bb3800 JavaThread "jar transforms Thread 308" [_thread_blocked, id=7116, stack(0x000000002aed0000,0x000000002afd0000)]
  0x0000000024bb3000 JavaThread "jar transforms Thread 307" [_thread_blocked, id=10528, stack(0x000000002add0000,0x000000002aed0000)]
  0x0000000024bb2000 JavaThread "jar transforms Thread 306" [_thread_blocked, id=28024, stack(0x000000002acd0000,0x000000002add0000)]
  0x0000000024ba9800 JavaThread "jar transforms Thread 305" [_thread_blocked, id=26172, stack(0x000000002abd0000,0x000000002acd0000)]
  0x0000000024bb0800 JavaThread "jar transforms Thread 304" [_thread_blocked, id=9616, stack(0x000000002aad0000,0x000000002abd0000)]
  0x0000000024bb0000 JavaThread "jar transforms Thread 303" [_thread_blocked, id=28376, stack(0x000000002a9d0000,0x000000002aad0000)]
  0x0000000024ba9000 JavaThread "jar transforms Thread 302" [_thread_blocked, id=23960, stack(0x000000002a8d0000,0x000000002a9d0000)]
  0x0000000024ba8000 JavaThread "jar transforms Thread 301" [_thread_blocked, id=7224, stack(0x000000002a7d0000,0x000000002a8d0000)]
  0x0000000024baf000 JavaThread "jar transforms Thread 300" [_thread_blocked, id=28680, stack(0x000000002a6d0000,0x000000002a7d0000)]
  0x0000000024bae800 JavaThread "jar transforms Thread 299" [_thread_blocked, id=28488, stack(0x000000002a5d0000,0x000000002a6d0000)]
  0x0000000024ba7800 JavaThread "jar transforms Thread 298" [_thread_blocked, id=3020, stack(0x000000002a4d0000,0x000000002a5d0000)]
  0x0000000024ba6800 JavaThread "jar transforms Thread 297" [_thread_blocked, id=25648, stack(0x000000002a3d0000,0x000000002a4d0000)]
  0x0000000024bad800 JavaThread "jar transforms Thread 296" [_thread_blocked, id=2972, stack(0x000000002a2d0000,0x000000002a3d0000)]
  0x0000000024bab000 JavaThread "jar transforms Thread 295" [_thread_blocked, id=25512, stack(0x000000002a1d0000,0x000000002a2d0000)]
  0x0000000024bad000 JavaThread "jar transforms Thread 294" [_thread_blocked, id=16040, stack(0x000000002a0d0000,0x000000002a1d0000)]
  0x0000000024bac000 JavaThread "jar transforms Thread 293" [_thread_blocked, id=11816, stack(0x0000000029fd0000,0x000000002a0d0000)]
  0x0000000024baa800 JavaThread "jar transforms Thread 292" [_thread_blocked, id=29712, stack(0x0000000029ed0000,0x0000000029fd0000)]
  0x000000001db5e800 JavaThread "jar transforms Thread 291" [_thread_blocked, id=28072, stack(0x0000000029dd0000,0x0000000029ed0000)]
  0x000000001db63800 JavaThread "jar transforms Thread 290" [_thread_blocked, id=12888, stack(0x0000000029cd0000,0x0000000029dd0000)]
  0x000000001db62800 JavaThread "jar transforms Thread 289" [_thread_blocked, id=21972, stack(0x0000000029bd0000,0x0000000029cd0000)]
  0x000000001db5d000 JavaThread "jar transforms Thread 288" [_thread_blocked, id=24412, stack(0x0000000029ad0000,0x0000000029bd0000)]
  0x000000001db61000 JavaThread "jar transforms Thread 287" [_thread_blocked, id=23052, stack(0x00000000299d0000,0x0000000029ad0000)]
  0x000000001db5f800 JavaThread "jar transforms Thread 286" [_thread_blocked, id=13424, stack(0x0000000029630000,0x0000000029730000)]
  0x000000001db60000 JavaThread "jar transforms Thread 285" [_thread_blocked, id=30512, stack(0x0000000029530000,0x0000000029630000)]
  0x000000001db5e000 JavaThread "jar transforms Thread 284" [_thread_blocked, id=25000, stack(0x0000000029430000,0x0000000029530000)]
  0x000000001db62000 JavaThread "jar transforms Thread 283" [_thread_blocked, id=8804, stack(0x0000000029330000,0x0000000029430000)]
  0x000000001db55800 JavaThread "jar transforms Thread 282" [_thread_blocked, id=19108, stack(0x0000000029230000,0x0000000029330000)]
  0x000000001db5c800 JavaThread "jar transforms Thread 281" [_thread_blocked, id=22904, stack(0x0000000029130000,0x0000000029230000)]
  0x000000001db59800 JavaThread "jar transforms Thread 280" [_thread_blocked, id=29700, stack(0x0000000029030000,0x0000000029130000)]
  0x000000001db5b800 JavaThread "jar transforms Thread 279" [_thread_blocked, id=4540, stack(0x0000000028f30000,0x0000000029030000)]
  0x000000001db58800 JavaThread "jar transforms Thread 278" [_thread_blocked, id=29576, stack(0x0000000028e30000,0x0000000028f30000)]
  0x000000001db5b000 JavaThread "jar transforms Thread 277" [_thread_blocked, id=30716, stack(0x0000000028d30000,0x0000000028e30000)]
  0x000000001db5a000 JavaThread "jar transforms Thread 276" [_thread_blocked, id=12524, stack(0x0000000028c30000,0x0000000028d30000)]
  0x000000001db57000 JavaThread "jar transforms Thread 275" [_thread_blocked, id=3308, stack(0x0000000028b30000,0x0000000028c30000)]
  0x000000001db54000 JavaThread "jar transforms Thread 274" [_thread_blocked, id=26140, stack(0x0000000028a30000,0x0000000028b30000)]
  0x000000001db56800 JavaThread "jar transforms Thread 273" [_thread_blocked, id=5732, stack(0x0000000028930000,0x0000000028a30000)]
  0x000000001db58000 JavaThread "jar transforms Thread 272" [_thread_blocked, id=16592, stack(0x0000000028830000,0x0000000028930000)]
  0x000000001db55000 JavaThread "jar transforms Thread 271" [_thread_blocked, id=8424, stack(0x0000000028730000,0x0000000028830000)]
  0x000000001d2e8800 JavaThread "jar transforms Thread 270" [_thread_blocked, id=11936, stack(0x0000000028630000,0x0000000028730000)]
  0x000000001d2e8000 JavaThread "jar transforms Thread 269" [_thread_blocked, id=21996, stack(0x0000000028530000,0x0000000028630000)]
  0x000000001d2e7000 JavaThread "jar transforms Thread 268" [_thread_blocked, id=20484, stack(0x0000000028430000,0x0000000028530000)]
  0x000000001d2ed000 JavaThread "jar transforms Thread 267" [_thread_blocked, id=3200, stack(0x0000000028330000,0x0000000028430000)]
  0x000000001d2ec800 JavaThread "jar transforms Thread 266" [_thread_blocked, id=24408, stack(0x0000000028230000,0x0000000028330000)]
  0x000000002038d800 JavaThread "jar transforms Thread 265" [_thread_blocked, id=15484, stack(0x0000000028130000,0x0000000028230000)]
  0x0000000020391000 JavaThread "jar transforms Thread 264" [_thread_blocked, id=3500, stack(0x0000000028030000,0x0000000028130000)]
  0x000000002038f000 JavaThread "jar transforms Thread 263" [_thread_blocked, id=10496, stack(0x0000000027f30000,0x0000000028030000)]
  0x000000002038c000 JavaThread "jar transforms Thread 262" [_thread_blocked, id=25444, stack(0x0000000027e30000,0x0000000027f30000)]
  0x0000000020392800 JavaThread "jar transforms Thread 261" [_thread_blocked, id=19288, stack(0x0000000027d30000,0x0000000027e30000)]
  0x0000000020390800 JavaThread "jar transforms Thread 260" [_thread_blocked, id=9180, stack(0x0000000027c30000,0x0000000027d30000)]
  0x0000000020229000 JavaThread "jar transforms Thread 259" [_thread_blocked, id=30164, stack(0x0000000027b30000,0x0000000027c30000)]
  0x000000002022e000 JavaThread "jar transforms Thread 258" [_thread_blocked, id=17292, stack(0x0000000027a30000,0x0000000027b30000)]
  0x000000002022c000 JavaThread "jar transforms Thread 257" [_thread_blocked, id=29268, stack(0x0000000027930000,0x0000000027a30000)]
  0x0000000020228000 JavaThread "jar transforms Thread 256" [_thread_blocked, id=27160, stack(0x0000000027830000,0x0000000027930000)]
  0x000000002022d800 JavaThread "jar transforms Thread 255" [_thread_blocked, id=19376, stack(0x0000000027730000,0x0000000027830000)]
  0x000000002022b000 JavaThread "jar transforms Thread 254" [_thread_blocked, id=23044, stack(0x0000000027630000,0x0000000027730000)]
  0x0000000020229800 JavaThread "jar transforms Thread 253" [_thread_blocked, id=20160, stack(0x0000000027530000,0x0000000027630000)]
  0x000000002022a800 JavaThread "jar transforms Thread 252" [_thread_blocked, id=16680, stack(0x0000000027430000,0x0000000027530000)]
  0x000000002022c800 JavaThread "jar transforms Thread 251" [_thread_blocked, id=14464, stack(0x0000000027330000,0x0000000027430000)]
  0x0000000020220800 JavaThread "jar transforms Thread 250" [_thread_blocked, id=1664, stack(0x0000000027230000,0x0000000027330000)]
  0x0000000020227800 JavaThread "jar transforms Thread 249" [_thread_blocked, id=27440, stack(0x0000000027130000,0x0000000027230000)]
  0x0000000020220000 JavaThread "jar transforms Thread 248" [_thread_blocked, id=30500, stack(0x0000000027030000,0x0000000027130000)]
  0x0000000020226800 JavaThread "jar transforms Thread 247" [_thread_blocked, id=26408, stack(0x0000000026f30000,0x0000000027030000)]
  0x0000000020222000 JavaThread "jar transforms Thread 246" [_thread_blocked, id=22724, stack(0x0000000026e30000,0x0000000026f30000)]
  0x000000002021f000 JavaThread "jar transforms Thread 245" [_thread_blocked, id=2112, stack(0x0000000026d30000,0x0000000026e30000)]
  0x0000000020223800 JavaThread "jar transforms Thread 244" [_thread_blocked, id=5052, stack(0x0000000026c30000,0x0000000026d30000)]
  0x0000000020226000 JavaThread "jar transforms Thread 243" [_thread_blocked, id=26628, stack(0x0000000026b30000,0x0000000026c30000)]
  0x0000000020225000 JavaThread "jar transforms Thread 242" [_thread_blocked, id=28580, stack(0x0000000026a30000,0x0000000026b30000)]
  0x00000000211d9000 JavaThread "jar transforms Thread 241" [_thread_blocked, id=7420, stack(0x0000000026930000,0x0000000026a30000)]
  0x00000000211d7800 JavaThread "jar transforms Thread 240" [_thread_blocked, id=15056, stack(0x0000000026830000,0x0000000026930000)]
  0x00000000211d7000 JavaThread "jar transforms Thread 239" [_thread_blocked, id=17632, stack(0x0000000026730000,0x0000000026830000)]
  0x00000000211ce000 JavaThread "jar transforms Thread 238" [_thread_blocked, id=30668, stack(0x0000000026630000,0x0000000026730000)]
  0x00000000211d4800 JavaThread "jar transforms Thread 237" [_thread_blocked, id=6504, stack(0x0000000026530000,0x0000000026630000)]
  0x00000000211d4000 JavaThread "jar transforms Thread 236" [_thread_blocked, id=4824, stack(0x0000000026430000,0x0000000026530000)]
  0x00000000211d3000 JavaThread "jar transforms Thread 235" [_thread_blocked, id=20284, stack(0x0000000026330000,0x0000000026430000)]
  0x00000000211cc800 JavaThread "jar transforms Thread 234" [_thread_blocked, id=10184, stack(0x0000000026230000,0x0000000026330000)]
  0x00000000211cb800 JavaThread "jar transforms Thread 233" [_thread_blocked, id=13564, stack(0x0000000025f30000,0x0000000026030000)]
  0x00000000211cd000 JavaThread "jar transforms Thread 232" [_thread_blocked, id=24688, stack(0x0000000025e30000,0x0000000025f30000)]
  0x00000000211d2800 JavaThread "jar transforms Thread 231" [_thread_blocked, id=6228, stack(0x0000000025d30000,0x0000000025e30000)]
  0x00000000211cb000 JavaThread "jar transforms Thread 230" [_thread_blocked, id=10320, stack(0x0000000025c30000,0x0000000025d30000)]
  0x00000000211d1800 JavaThread "jar transforms Thread 229" [_thread_blocked, id=24096, stack(0x0000000025b30000,0x0000000025c30000)]
  0x000000001c749000 JavaThread "Daemon worker Thread 3" [_thread_in_Java, id=13264, stack(0x000000001e620000,0x000000001e720000)]
  0x000000001c746000 JavaThread "Daemon Thread 3" [_thread_blocked, id=3440, stack(0x0000000001390000,0x0000000001490000)]
  0x00000000211d5800 JavaThread "Memory manager" [_thread_blocked, id=12876, stack(0x000000002fb70000,0x000000002fc70000)]
  0x000000001d2ee000 JavaThread "Cache worker for file content cache (C:\Users\tegar\.gradle\caches\6.5\fileContent)" [_thread_blocked, id=25448, stack(0x0000000023c60000,0x0000000023d60000)]
  0x000000001d2e9800 JavaThread "Cache worker for execution history cache (C:\Users\tegar\.gradle\caches\6.5\executionHistory)" [_thread_blocked, id=16652, stack(0x0000000023350000,0x0000000023450000)]
  0x000000001d2eb800 JavaThread "Cache worker for file hash cache (C:\Users\tegar\.gradle\caches\6.5\fileHashes)" [_thread_blocked, id=15048, stack(0x000000001f960000,0x000000001fa60000)]
  0x000000001d2eb000 JavaThread "File lock request listener" [_thread_in_native, id=29752, stack(0x000000001f860000,0x000000001f960000)]
  0x000000001d500000 JavaThread "Cache worker for journal cache (C:\Users\tegar\.gradle\caches\journal-1)" [_thread_blocked, id=4708, stack(0x000000001f760000,0x000000001f860000)]
  0x000000001d334800 JavaThread "Daemon periodic checks" [_thread_blocked, id=1640, stack(0x000000001ea60000,0x000000001eb60000)]
  0x000000001d323800 JavaThread "Incoming local TCP Connector on port 50262" [_thread_in_native, id=30476, stack(0x000000001e820000,0x000000001e920000)]
  0x000000001d2b0000 JavaThread "Daemon health stats" [_thread_blocked, id=25844, stack(0x000000001e1e0000,0x000000001e2e0000)]
  0x0000000019c50000 JavaThread "Service Thread" daemon [_thread_blocked, id=14660, stack(0x000000001b640000,0x000000001b740000)]
  0x0000000019c0f000 JavaThread "C1 CompilerThread3" daemon [_thread_blocked, id=27400, stack(0x000000001b540000,0x000000001b640000)]
  0x0000000019c0e000 JavaThread "C2 CompilerThread2" daemon [_thread_in_native, id=28512, stack(0x000000001b440000,0x000000001b540000)]
  0x000000001851d800 JavaThread "C2 CompilerThread1" daemon [_thread_in_native, id=3372, stack(0x000000001b340000,0x000000001b440000)]
=>0x0000000019bfb000 JavaThread "C2 CompilerThread0" daemon [_thread_in_native, id=1152, stack(0x000000001b240000,0x000000001b340000)]
  0x0000000019bf9800 JavaThread "Attach Listener" daemon [_thread_blocked, id=15736, stack(0x000000001b140000,0x000000001b240000)]
  0x0000000019c00000 JavaThread "Signal Dispatcher" daemon [_thread_blocked, id=17116, stack(0x000000001b040000,0x000000001b140000)]
  0x0000000018511800 JavaThread "Finalizer" daemon [_thread_blocked, id=22252, stack(0x000000001ae40000,0x000000001af40000)]
  0x0000000019be3000 JavaThread "Reference Handler" daemon [_thread_blocked, id=24360, stack(0x000000001ad40000,0x000000001ae40000)]
  0x000000000313e800 JavaThread "main" [_thread_blocked, id=16756, stack(0x0000000003010000,0x0000000003110000)]

Other Threads:
  0x0000000018505800 VMThread [stack: 0x000000001ac40000,0x000000001ad40000] [id=20708]
  0x000000001851e800 WatcherThread [stack: 0x000000001b740000,0x000000001b840000] [id=11240]

VM state:not at safepoint (normal execution)

VM Mutex/Monitor currently owned by a thread: None

heap address: 0x0000000080000000, size: 2048 MB, Compressed Oops mode: 32-bit
Narrow klass base: 0x0000000000000000, Narrow klass shift: 3
Compressed class space size: 1073741824 Address: 0x0000000100000000

Heap:
 PSYoungGen      total 326656K, used 206226K [0x00000000d5580000, 0x00000000ebb80000, 0x0000000100000000)
  eden space 300032K, 59% used [0x00000000d5580000,0x00000000e0523498,0x00000000e7a80000)
  from space 26624K, 99% used [0x00000000e8400000,0x00000000e9dc16e0,0x00000000e9e00000)
  to   space 30208K, 0% used [0x00000000e9e00000,0x00000000e9e00000,0x00000000ebb80000)
 ParOldGen       total 212480K, used 74002K [0x0000000080000000, 0x000000008cf80000, 0x00000000d5580000)
  object space 212480K, 34% used [0x0000000080000000,0x0000000084844a50,0x000000008cf80000)
 Metaspace       used 81356K, capacity 86206K, committed 86296K, reserved 1124352K
  class space    used 10692K, capacity 11509K, committed 11568K, reserved 1048576K

Card table byte_map: [0x0000000012660000,0x0000000012a70000] byte_map_base: 0x0000000012260000

Marking Bits: (ParMarkBitMap*) 0x000000006a79f030
 Begin Bits: [0x0000000013720000, 0x0000000015720000)
 End Bits:   [0x0000000015720000, 0x0000000017720000)

Polling page: 0x0000000001810000

CodeCache: size=245760Kb used=39013Kb max_used=39134Kb free=206746Kb
 bounds [0x00000000032a0000, 0x0000000005950000, 0x00000000122a0000]
 total_blobs=12930 nmethods=12096 adapters=746
 compilation: enabled

Compilation events (10 events):
Event: 374.467 Thread 0x0000000019c0f000 14784       3       org.gradle.internal.component.local.model.DefaultLocalComponentMetadata$DefaultLocalConfigurationMetadata::addDefinedExcludes (14 bytes)
Event: 374.468 Thread 0x0000000019c0f000 nmethod 14784 0x0000000003e5c050 code [0x0000000003e5c1c0, 0x0000000003e5c4f8]
Event: 374.468 Thread 0x0000000019c0f000 14785       3       org.gradle.internal.component.local.model.DefaultLocalComponentMetadata$DefaultLocalConfigurationMetadata::addDefinedDependencies (14 bytes)
Event: 374.468 Thread 0x0000000019c0f000 nmethod 14785 0x0000000004061990 code [0x0000000004061b00, 0x0000000004061e38]
Event: 374.469 Thread 0x0000000019c0f000 14786       3       org.gradle.internal.component.local.model.DefaultLocalComponentMetadata$DefaultLocalConfigurationMetadata::addDefinedFiles (14 bytes)
Event: 374.470 Thread 0x0000000019c0f000 nmethod 14786 0x000000000451eb90 code [0x000000000451ed00, 0x000000000451efd8]
Event: 374.471 Thread 0x0000000019c0f000 14787       3       org.gradle.internal.service.DefaultServiceRegistry::<init> (108 bytes)
Event: 374.471 Thread 0x0000000019c0f000 nmethod 14787 0x0000000003d9b810 code [0x0000000003d9ba00, 0x0000000003d9c388]
Event: 374.471 Thread 0x0000000019c0f000 14788       3       org.gradle.internal.service.DefaultServiceRegistry$OwnServices::<init> (73 bytes)
Event: 374.472 Thread 0x0000000019c0f000 nmethod 14788 0x000000000402cd90 code [0x000000000402d020, 0x000000000402dff8]

GC Heap History (10 events):
Event: 176.129 GC heap before
{Heap before GC invocations=16 (full 3):
 PSYoungGen      total 274432K, used 266464K [0x00000000d5580000, 0x00000000e7980000, 0x0000000100000000)
  eden space 250368K, 100% used [0x00000000d5580000,0x00000000e4a00000,0x00000000e4a00000)
  from space 24064K, 66% used [0x00000000e6180000,0x00000000e7138190,0x00000000e7900000)
  to   space 24064K, 0% used [0x00000000e4a00000,0x00000000e4a00000,0x00000000e6180000)
 ParOldGen       total 212480K, used 48889K [0x0000000080000000, 0x000000008cf80000, 0x00000000d5580000)
  object space 212480K, 23% used [0x0000000080000000,0x0000000082fbe640,0x000000008cf80000)
 Metaspace       used 76247K, capacity 80226K, committed 80408K, reserved 1118208K
  class space    used 10197K, capacity 10935K, committed 11056K, reserved 1048576K
Event: 176.148 GC heap after
Heap after GC invocations=16 (full 3):
 PSYoungGen      total 274432K, used 24034K [0x00000000d5580000, 0x00000000ea700000, 0x0000000100000000)
  eden space 250368K, 0% used [0x00000000d5580000,0x00000000d5580000,0x00000000e4a00000)
  from space 24064K, 99% used [0x00000000e4a00000,0x00000000e6178910,0x00000000e6180000)
  to   space 28672K, 0% used [0x00000000e8b00000,0x00000000e8b00000,0x00000000ea700000)
 ParOldGen       total 212480K, used 52756K [0x0000000080000000, 0x000000008cf80000, 0x00000000d5580000)
  object space 212480K, 24% used [0x0000000080000000,0x0000000083385258,0x000000008cf80000)
 Metaspace       used 76247K, capacity 80226K, committed 80408K, reserved 1118208K
  class space    used 10197K, capacity 10935K, committed 11056K, reserved 1048576K
}
Event: 178.185 GC heap before
{Heap before GC invocations=17 (full 3):
 PSYoungGen      total 274432K, used 274402K [0x00000000d5580000, 0x00000000ea700000, 0x0000000100000000)
  eden space 250368K, 100% used [0x00000000d5580000,0x00000000e4a00000,0x00000000e4a00000)
  from space 24064K, 99% used [0x00000000e4a00000,0x00000000e6178910,0x00000000e6180000)
  to   space 28672K, 0% used [0x00000000e8b00000,0x00000000e8b00000,0x00000000ea700000)
 ParOldGen       total 212480K, used 52756K [0x0000000080000000, 0x000000008cf80000, 0x00000000d5580000)
  object space 212480K, 24% used [0x0000000080000000,0x0000000083385258,0x000000008cf80000)
 Metaspace       used 78627K, capacity 82842K, committed 83096K, reserved 1122304K
  class space    used 10426K, capacity 11171K, committed 11184K, reserved 1048576K
Event: 178.200 GC heap after
Heap after GC invocations=17 (full 3):
 PSYoungGen      total 306688K, used 13357K [0x00000000d5580000, 0x00000000ea080000, 0x0000000100000000)
  eden space 284672K, 0% used [0x00000000d5580000,0x00000000d5580000,0x00000000e6b80000)
  from space 22016K, 60% used [0x00000000e8b00000,0x00000000e980b630,0x00000000ea080000)
  to   space 27136K, 0% used [0x00000000e6b80000,0x00000000e6b80000,0x00000000e8600000)
 ParOldGen       total 212480K, used 73978K [0x0000000080000000, 0x000000008cf80000, 0x00000000d5580000)
  object space 212480K, 34% used [0x0000000080000000,0x000000008483ea50,0x000000008cf80000)
 Metaspace       used 78627K, capacity 82842K, committed 83096K, reserved 1122304K
  class space    used 10426K, capacity 11171K, committed 11184K, reserved 1048576K
}
Event: 220.787 GC heap before
{Heap before GC invocations=18 (full 3):
 PSYoungGen      total 306688K, used 298029K [0x00000000d5580000, 0x00000000ea080000, 0x0000000100000000)
  eden space 284672K, 100% used [0x00000000d5580000,0x00000000e6b80000,0x00000000e6b80000)
  from space 22016K, 60% used [0x00000000e8b00000,0x00000000e980b630,0x00000000ea080000)
  to   space 27136K, 0% used [0x00000000e6b80000,0x00000000e6b80000,0x00000000e8600000)
 ParOldGen       total 212480K, used 73978K [0x0000000080000000, 0x000000008cf80000, 0x00000000d5580000)
  object space 212480K, 34% used [0x0000000080000000,0x000000008483ea50,0x000000008cf80000)
 Metaspace       used 80418K, capacity 84802K, committed 84888K, reserved 1122304K
  class space    used 10642K, capacity 11421K, committed 11440K, reserved 1048576K
Event: 220.801 GC heap after
Heap after GC invocations=18 (full 3):
 PSYoungGen      total 311808K, used 27120K [0x00000000d5580000, 0x00000000ec600000, 0x0000000100000000)
  eden space 284672K, 0% used [0x00000000d5580000,0x00000000d5580000,0x00000000e6b80000)
  from space 27136K, 99% used [0x00000000e6b80000,0x00000000e85fc178,0x00000000e8600000)
  to   space 30720K, 0% used [0x00000000ea800000,0x00000000ea800000,0x00000000ec600000)
 ParOldGen       total 212480K, used 73986K [0x0000000080000000, 0x000000008cf80000, 0x00000000d5580000)
  object space 212480K, 34% used [0x0000000080000000,0x0000000084840a50,0x000000008cf80000)
 Metaspace       used 80418K, capacity 84802K, committed 84888K, reserved 1122304K
  class space    used 10642K, capacity 11421K, committed 11440K, reserved 1048576K
}
Event: 251.671 GC heap before
{Heap before GC invocations=19 (full 3):
 PSYoungGen      total 311808K, used 311792K [0x00000000d5580000, 0x00000000ec600000, 0x0000000100000000)
  eden space 284672K, 100% used [0x00000000d5580000,0x00000000e6b80000,0x00000000e6b80000)
  from space 27136K, 99% used [0x00000000e6b80000,0x00000000e85fc178,0x00000000e8600000)
  to   space 30720K, 0% used [0x00000000ea800000,0x00000000ea800000,0x00000000ec600000)
 ParOldGen       total 212480K, used 73986K [0x0000000080000000, 0x000000008cf80000, 0x00000000d5580000)
  object space 212480K, 34% used [0x0000000080000000,0x0000000084840a50,0x000000008cf80000)
 Metaspace       used 80876K, capacity 85432K, committed 85784K, reserved 1124352K
  class space    used 10663K, capacity 11458K, committed 11568K, reserved 1048576K
Event: 251.683 GC heap after
Heap after GC invocations=19 (full 3):
 PSYoungGen      total 334336K, used 19872K [0x00000000d5580000, 0x00000000ec000000, 0x0000000100000000)
  eden space 309760K, 0% used [0x00000000d5580000,0x00000000d5580000,0x00000000e8400000)
  from space 24576K, 80% used [0x00000000ea800000,0x00000000ebb680b0,0x00000000ec000000)
  to   space 30720K, 0% used [0x00000000e8400000,0x00000000e8400000,0x00000000ea200000)
 ParOldGen       total 212480K, used 73994K [0x0000000080000000, 0x000000008cf80000, 0x00000000d5580000)
  object space 212480K, 34% used [0x0000000080000000,0x0000000084842a50,0x000000008cf80000)
 Metaspace       used 80876K, capacity 85432K, committed 85784K, reserved 1124352K
  class space    used 10663K, capacity 11458K, committed 11568K, reserved 1048576K
}
Event: 321.476 GC heap before
{Heap before GC invocations=20 (full 3):
 PSYoungGen      total 334336K, used 329632K [0x00000000d5580000, 0x00000000ec000000, 0x0000000100000000)
  eden space 309760K, 100% used [0x00000000d5580000,0x00000000e8400000,0x00000000e8400000)
  from space 24576K, 80% used [0x00000000ea800000,0x00000000ebb680b0,0x00000000ec000000)
  to   space 30720K, 0% used [0x00000000e8400000,0x00000000e8400000,0x00000000ea200000)
 ParOldGen       total 212480K, used 73994K [0x0000000080000000, 0x000000008cf80000, 0x00000000d5580000)
  object space 212480K, 34% used [0x0000000080000000,0x0000000084842a50,0x000000008cf80000)
 Metaspace       used 81216K, capacity 85882K, committed 86040K, reserved 1124352K
  class space    used 10687K, capacity 11499K, committed 11568K, reserved 1048576K
Event: 321.493 GC heap after
Heap after GC invocations=20 (full 3):
 PSYoungGen      total 326656K, used 26373K [0x00000000d5580000, 0x00000000ebb80000, 0x0000000100000000)
  eden space 300032K, 0% used [0x00000000d5580000,0x00000000d5580000,0x00000000e7a80000)
  from space 26624K, 99% used [0x00000000e8400000,0x00000000e9dc16e0,0x00000000e9e00000)
  to   space 30208K, 0% used [0x00000000e9e00000,0x00000000e9e00000,0x00000000ebb80000)
 ParOldGen       total 212480K, used 74002K [0x0000000080000000, 0x000000008cf80000, 0x00000000d5580000)
  object space 212480K, 34% used [0x0000000080000000,0x0000000084844a50,0x000000008cf80000)
 Metaspace       used 81216K, capacity 85882K, committed 86040K, reserved 1124352K
  class space    used 10687K, capacity 11499K, committed 11568K, reserved 1048576K
}

Deoptimization events (10 events):
Event: 251.632 Thread 0x00000000211d9000 Uncommon trap: reason=unstable_if action=reinterpret pc=0x000000000479d5ec method=java.util.concurrent.locks.AbstractQueuedSynchronizer.hasQueuedPredecessors()Z @ 21
Event: 251.724 Thread 0x0000000022ab5000 Uncommon trap: reason=null_check action=make_not_entrant pc=0x000000000546c360 method=com.google.common.collect.MapMakerInternalMap$Segment.reclaimKey(Lcom/google/common/collect/MapMakerInternalMap$InternalEntry;I)Z @ 35
Event: 251.933 Thread 0x0000000022ac1000 Uncommon trap: reason=class_check action=maybe_recompile pc=0x000000000480774c method=com.google.common.cache.LocalCache$Segment.get(Ljava/lang/Object;I)Ljava/lang/Object; @ 49
Event: 252.072 Thread 0x00000000211ce800 Uncommon trap: reason=null_check action=make_not_entrant pc=0x00000000052e9bc4 method=java.lang.ThreadLocal$ThreadLocalMap.set(Ljava/lang/ThreadLocal;Ljava/lang/Object;)V @ 36
Event: 252.073 Thread 0x00000000211ce800 Uncommon trap: reason=bimorphic action=maybe_recompile pc=0x0000000004d07b24 method=java.util.HashMap.removeNode(ILjava/lang/Object;Ljava/lang/Object;ZZ)Ljava/util/HashMap$Node; @ 143
Event: 319.983 Thread 0x000000001c749000 Uncommon trap: reason=null_check action=make_not_entrant pc=0x000000000565d5f0 method=org.gradle.api.internal.collections.CollectionFilter.filter(Ljava/lang/Object;)Ljava/lang/Object; @ 5
Event: 320.398 Thread 0x0000000020f76000 Uncommon trap: reason=array_check action=maybe_recompile pc=0x000000000467fce0 method=java.util.TimSort.binarySort([Ljava/lang/Object;IIILjava/util/Comparator;)V @ 215
Event: 320.408 Thread 0x00000000206aa800 Uncommon trap: reason=array_check action=maybe_recompile pc=0x000000000467fce0 method=java.util.TimSort.binarySort([Ljava/lang/Object;IIILjava/util/Comparator;)V @ 215
Event: 321.568 Thread 0x00000000206aa800 Uncommon trap: reason=array_check action=maybe_recompile pc=0x00000000038dd8f8 method=java.util.TimSort.binarySort([Ljava/lang/Object;IIILjava/util/Comparator;)V @ 215
Event: 321.587 Thread 0x00000000206a9800 Uncommon trap: reason=unstable_if action=reinterpret pc=0x00000000054bd8f4 method=com.esotericsoftware.kryo.io.Output.writeByte(B)V @ 8

Classes redefined (0 events):
No events

Internal exceptions (10 events):
Event: 319.960 Thread 0x000000001c749000 Exception <a 'sun/nio/fs/WindowsException'> (0x00000000dfd38d90) thrown at [C:\src\AOSP-openjdk-git\hotspot\src\share\vm\prims\jni.cpp, line 710]
Event: 319.983 Thread 0x000000001c749000 Implicit null exception at 0x000000000565d4a3 to 0x000000000565d5dd
Event: 320.010 Thread 0x000000001c749000 Exception <a 'sun/nio/fs/WindowsException'> (0x00000000e08f3180) thrown at [C:\src\AOSP-openjdk-git\hotspot\src\share\vm\prims\jni.cpp, line 710]
Event: 321.526 Thread 0x00000000206aa800 Exception <a 'sun/nio/fs/WindowsException'> (0x00000000d6051b50) thrown at [C:\src\AOSP-openjdk-git\hotspot\src\share\vm\prims\jni.cpp, line 710]
Event: 321.526 Thread 0x00000000206aa800 Exception <a 'sun/nio/fs/WindowsException'> (0x00000000d60523c0) thrown at [C:\src\AOSP-openjdk-git\hotspot\src\share\vm\prims\jni.cpp, line 710]
Event: 321.526 Thread 0x00000000206aa800 Exception <a 'sun/nio/fs/WindowsException'> (0x00000000d6052868) thrown at [C:\src\AOSP-openjdk-git\hotspot\src\share\vm\prims\jni.cpp, line 710]
Event: 321.710 Thread 0x0000000020f76000 Exception <a 'sun/nio/fs/WindowsException'> (0x00000000d9ccb808) thrown at [C:\src\AOSP-openjdk-git\hotspot\src\share\vm\prims\jni.cpp, line 710]
Event: 321.710 Thread 0x0000000020f76000 Exception <a 'sun/nio/fs/WindowsException'> (0x00000000d9ccc500) thrown at [C:\src\AOSP-openjdk-git\hotspot\src\share\vm\prims\jni.cpp, line 710]
Event: 321.846 Thread 0x0000000020f6e800 Exception <a 'sun/nio/fs/WindowsException'> (0x00000000dc355d00) thrown at [C:\src\AOSP-openjdk-git\hotspot\src\share\vm\prims\jni.cpp, line 710]
Event: 321.846 Thread 0x0000000020f6e800 Exception <a 'sun/nio/fs/WindowsException'> (0x00000000dc356a28) thrown at [C:\src\AOSP-openjdk-git\hotspot\src\share\vm\prims\jni.cpp, line 710]

Events (10 events):
Event: 374.427 Thread 0x0000000019c0f000 flushing nmethod 0x0000000004ce2a10
Event: 374.428 Thread 0x0000000019c0f000 flushing nmethod 0x0000000004f29d10
Event: 374.428 Thread 0x0000000019c0f000 flushing nmethod 0x0000000004f80590
Event: 374.431 Thread 0x00000000206a9800 Thread added: 0x00000000206a9800
Event: 374.432 Thread 0x00000000206a3800 Thread added: 0x00000000206a3800
Event: 374.432 Thread 0x00000000206aa800 Thread added: 0x00000000206aa800
Event: 374.438 Thread 0x00000000206a5000 Thread added: 0x00000000206a5000
Event: 374.445 Thread 0x00000000206ab000 Thread added: 0x00000000206ab000
Event: 374.448 Thread 0x00000000206a4000 Thread added: 0x00000000206a4000
Event: 374.451 Thread 0x00000000206ac000 Thread added: 0x00000000206ac000


Dynamic libraries:
0x00007ff6650e0000 - 0x00007ff665111000 	C:\Program Files\Android\Android Studio1\jre\bin\java.exe
0x00007ff8f7290000 - 0x00007ff8f7485000 	C:\WINDOWS\SYSTEM32\ntdll.dll
0x00007ff8f5b40000 - 0x00007ff8f5bfd000 	C:\WINDOWS\System32\KERNEL32.DLL
0x00007ff8f4d40000 - 0x00007ff8f5008000 	C:\WINDOWS\System32\KERNELBASE.dll
0x00007ff8f55b0000 - 0x00007ff8f565c000 	C:\WINDOWS\System32\ADVAPI32.dll
0x00007ff8f5c00000 - 0x00007ff8f5c9e000 	C:\WINDOWS\System32\msvcrt.dll
0x00007ff8f71b0000 - 0x00007ff8f724b000 	C:\WINDOWS\System32\sechost.dll
0x00007ff8f58e0000 - 0x00007ff8f5a0b000 	C:\WINDOWS\System32\RPCRT4.dll
0x00007ff8f52f0000 - 0x00007ff8f5490000 	C:\WINDOWS\System32\USER32.dll
0x00007ff8f4b30000 - 0x00007ff8f4b52000 	C:\WINDOWS\System32\win32u.dll
0x00007ff8f7170000 - 0x00007ff8f719a000 	C:\WINDOWS\System32\GDI32.dll
0x00007ff8f5060000 - 0x00007ff8f516b000 	C:\WINDOWS\System32\gdi32full.dll
0x00007ff8f4b60000 - 0x00007ff8f4bfd000 	C:\WINDOWS\System32\msvcp_win.dll
0x00007ff8f5170000 - 0x00007ff8f5270000 	C:\WINDOWS\System32\ucrtbase.dll
0x00007ff8e30d0000 - 0x00007ff8e336a000 	C:\WINDOWS\WinSxS\amd64_microsoft.windows.common-controls_6595b64144ccf1df_6.0.19041.844_none_ca00b6081b84eb1d\COMCTL32.dll
0x00007ff8f58b0000 - 0x00007ff8f58e0000 	C:\WINDOWS\System32\IMM32.DLL
0x0000000069e10000 - 0x0000000069ee2000 	C:\Program Files\Android\Android Studio1\jre\jre\bin\msvcr100.dll
0x0000000069fd0000 - 0x000000006a81b000 	C:\Program Files\Android\Android Studio1\jre\jre\bin\server\jvm.dll
0x00007ff8f71a0000 - 0x00007ff8f71a8000 	C:\WINDOWS\System32\PSAPI.DLL
0x00007ff8f0380000 - 0x00007ff8f0389000 	C:\WINDOWS\SYSTEM32\WSOCK32.dll
0x00007ff8e9d80000 - 0x00007ff8e9da7000 	C:\WINDOWS\SYSTEM32\WINMM.dll
0x00007ff8ec280000 - 0x00007ff8ec28a000 	C:\WINDOWS\SYSTEM32\VERSION.dll
0x00007ff8f7100000 - 0x00007ff8f716b000 	C:\WINDOWS\System32\WS2_32.dll
0x00007ff8dcf00000 - 0x00007ff8dcf0f000 	C:\Program Files\Android\Android Studio1\jre\jre\bin\verify.dll
0x00007ff8c8c50000 - 0x00007ff8c8c79000 	C:\Program Files\Android\Android Studio1\jre\jre\bin\java.dll
0x00007ff8ca300000 - 0x00007ff8ca316000 	C:\Program Files\Android\Android Studio1\jre\jre\bin\zip.dll
0x00007ff8f6880000 - 0x00007ff8f6fc2000 	C:\WINDOWS\System32\SHELL32.dll
0x00007ff8f2b20000 - 0x00007ff8f32b0000 	C:\WINDOWS\SYSTEM32\windows.storage.dll
0x00007ff8f6310000 - 0x00007ff8f6665000 	C:\WINDOWS\System32\combase.dll
0x00007ff8f4370000 - 0x00007ff8f439c000 	C:\WINDOWS\SYSTEM32\Wldp.dll
0x00007ff8f61f0000 - 0x00007ff8f629e000 	C:\WINDOWS\System32\SHCORE.dll
0x00007ff8f66d0000 - 0x00007ff8f6725000 	C:\WINDOWS\System32\shlwapi.dll
0x00007ff8f4910000 - 0x00007ff8f492f000 	C:\WINDOWS\SYSTEM32\profapi.dll
0x00007ff8ca000000 - 0x00007ff8ca01a000 	C:\Program Files\Android\Android Studio1\jre\jre\bin\net.dll
0x00007ff8f40e0000 - 0x00007ff8f414a000 	C:\WINDOWS\system32\mswsock.dll
0x00007ff8c9ed0000 - 0x00007ff8c9ee3000 	C:\Program Files\Android\Android Studio1\jre\jre\bin\nio.dll
0x00007ff8dc4b0000 - 0x00007ff8dc4d7000 	C:\Users\tegar\.gradle\native\f6784746aeab05261644944871eae4fe03e0ef1612fff0a4a95f87b438bc6780\windows-amd64\native-platform.dll
0x00007ff8dce30000 - 0x00007ff8dce3d000 	C:\Program Files\Android\Android Studio1\jre\jre\bin\management.dll
0x00007ff8f42c0000 - 0x00007ff8f42d8000 	C:\WINDOWS\SYSTEM32\CRYPTSP.dll
0x00007ff8f3a80000 - 0x00007ff8f3ab4000 	C:\WINDOWS\system32\rsaenh.dll
0x00007ff8f4c00000 - 0x00007ff8f4c27000 	C:\WINDOWS\System32\bcrypt.dll
0x00007ff8f48d0000 - 0x00007ff8f48fe000 	C:\WINDOWS\SYSTEM32\USERENV.dll
0x00007ff8f5270000 - 0x00007ff8f52f0000 	C:\WINDOWS\System32\bcryptprimitives.dll
0x00007ff8f42b0000 - 0x00007ff8f42bc000 	C:\WINDOWS\SYSTEM32\CRYPTBASE.dll
0x00007ff8f3dd0000 - 0x00007ff8f3e0b000 	C:\WINDOWS\SYSTEM32\IPHLPAPI.DLL
0x00007ff8f6730000 - 0x00007ff8f6738000 	C:\WINDOWS\System32\NSI.dll
0x00007ff8ec3a0000 - 0x00007ff8ec3b7000 	C:\WINDOWS\SYSTEM32\dhcpcsvc6.DLL
0x00007ff8ec2d0000 - 0x00007ff8ec2ed000 	C:\WINDOWS\SYSTEM32\dhcpcsvc.DLL
0x00007ff8f3e60000 - 0x00007ff8f3f2c000 	C:\WINDOWS\SYSTEM32\DNSAPI.dll
0x00007ff8ec3c0000 - 0x00007ff8ec3cb000 	C:\WINDOWS\SYSTEM32\WINNSI.DLL

VM Arguments:
jvm_args: -Xmx2048m -Dfile.encoding=UTF-8 -Duser.country=ID -Duser.language=en -Duser.variant 
java_command: org.gradle.launcher.daemon.bootstrap.GradleDaemon 6.5
java_class_path (initial): C:\Users\tegar\.gradle\wrapper\dists\gradle-6.5-bin\6nifqtx7604sqp1q6g8wikw7p\gradle-6.5\lib\gradle-launcher-6.5.jar
Launcher Type: SUN_STANDARD

Environment Variables:
PATH=C:\Program Files\Common Files\Oracle\Java\javapath;C:\Windows\system32;C:\Windows;C:\Windows\System32\Wbem;C:\Windows\System32\WindowsPowerShell\v1.0\;C:\Windows\System32\OpenSSH\;C:\Program Files (x86)\NVIDIA Corporation\PhysX\Common;C:\Program Files\NVIDIA Corporation\NVIDIA NvDLISR;C:\Program Files\Git\cmd;C:\WINDOWS\system32;C:\WINDOWS;C:\WINDOWS\System32\Wbem;C:\WINDOWS\System32\WindowsPowerShell\v1.0\;C:\WINDOWS\System32\OpenSSH\;C:\xampp\php;C:\composer;C:\gradle-6.6\bin;C:\Program Files\nodejs\;C:\Users\tegar\AppData\Local\Microsoft\WindowsApps;C:\Users\tegar\AppData\Local\Programs\Microsoft VS Code\bin;C:\Program Files\JetBrains\IntelliJ IDEA Community Edition 2019.3.3\bin;;C:\Project\flutter\bin;C:\Users\tegar\AppData\Local\GitHubDesktop\bin;C:\Users\tegar\AppData\Roaming\Composer\vendor\bin;C:\Users\tegar\AppData\Roaming\npm;C:\Program Files\heroku\bin
USERNAME=tegar
OS=Windows_NT
PROCESSOR_IDENTIFIER=Intel64 Family 6 Model 158 Stepping 13, GenuineIntel



---------------  S Y S T E M  ---------------

OS: Windows 10.0 , 64 bit Build 19041 (10.0.19041.928)

CPU:total 12 (initial active 12) (6 cores per cpu, 2 threads per core) family 6 model 158 stepping 13, cmov, cx8, fxsr, mmx, sse, sse2, sse3, ssse3, sse4.1, sse4.2, popcnt, avx, avx2, aes, clmul, erms, 3dnowpref, lzcnt, ht, tsc, tscinvbit, bmi1, bmi2, adx

Memory: 4k page, physical 16695540k(5133444k free), swap 16695540k(5668k free)

vm_info: OpenJDK 64-Bit Server VM (25.242-b01) for windows-amd64 JRE (1.8.0_242-release-1644-b01), built by "builder" with MS VC++ 10.0 (VS2010)

time: Sun May 23 08:20:00 2021
timezone: SE Asia Standard Time
elapsed time: 374 seconds (0d 0h 6m 14s)

