#
# There is insufficient memory for the Java Runtime Environment to continue.
# Native memory allocation (malloc) failed to allocate 1501040 bytes for Chunk::new
# Possible reasons:
#   The system is out of physical RAM or swap space
#   The process is running with CompressedOops enabled, and the Java Heap may be blocking the growth of the native heap
# Possible solutions:
#   Reduce memory load on the system
#   Increase physical memory or swap space
#   Check if swap backing store is full
#   Decrease Java heap size (-Xmx/-Xms)
#   Decrease number of Java threads
#   Decrease Java thread stack sizes (-Xss)
#   Set larger code cache with -XX:ReservedCodeCacheSize=
#   JVM is running with Unscaled Compressed Oops mode in which the Java heap is
#     placed in the first 4GB address space. The Java Heap base address is the
#     maximum limit for the native heap growth. Please use -XX:HeapBaseMinAddress
#     to set the Java Heap base and to place the Java Heap above 4GB virtual address.
# This output file may be truncated or incomplete.
#
#  Out of Memory Error (allocation.cpp:389), pid=27744, tid=0x0000000000007784
#
# JRE version: OpenJDK Runtime Environment (8.0_242-b01) (build 1.8.0_242-release-1644-b01)
# Java VM: OpenJDK 64-Bit Server VM (25.242-b01 mixed mode windows-amd64 compressed oops)
# Failed to write core dump. Minidumps are not enabled by default on client versions of Windows
#

---------------  T H R E A D  ---------------

Current thread (0x0000000019c5b800):  JavaThread "C2 CompilerThread2" daemon [_thread_in_native, id=30596, stack(0x000000001b4b0000,0x000000001b5b0000)]

Stack: [0x000000001b4b0000,0x000000001b5b0000]
[error occurred during error reporting (printing stack bounds), id 0xc0000005]

Native frames: (J=compiled Java code, j=interpreted, Vv=VM code, C=native code)


Current CompileTask:
C2:   1823 1509   !   4       java.net.URLClassLoader$1::run (63 bytes)


---------------  P R O C E S S  ---------------

Java Threads: ( => current thread )
  0x000000001d572800 JavaThread "Cache worker for file hash cache (C:\Users\tegar\.gradle\caches\6.5\fileHashes)" [_thread_blocked, id=21740, stack(0x000000001f9d0000,0x000000001fad0000)]
  0x000000001d56e000 JavaThread "File lock request listener" [_thread_in_native, id=19560, stack(0x000000001f8d0000,0x000000001f9d0000)]
  0x0000000019d79000 JavaThread "Cache worker for journal cache (C:\Users\tegar\.gradle\caches\journal-1)" [_thread_blocked, id=23724, stack(0x000000001f7d0000,0x000000001f8d0000)]
  0x000000001d3d9800 JavaThread "Thread-9" [_thread_blocked, id=21644, stack(0x000000001f4d0000,0x000000001f5d0000)]
  0x000000001d4d3000 JavaThread "Stdin handler" [_thread_blocked, id=30468, stack(0x000000001f3d0000,0x000000001f4d0000)]
  0x000000001d4d2000 JavaThread "Asynchronous log dispatcher for DefaultDaemonConnection: socket connection from /127.0.0.1:50127 to /127.0.0.1:50128" [_thread_blocked, id=10496, stack(0x000000001f2d0000,0x000000001f3d0000)]
  0x000000001d42f800 JavaThread "Daemon worker" [_thread_in_vm, id=12256, stack(0x000000001f1d0000,0x000000001f2d0000)]
  0x000000001d4ac000 JavaThread "Cancel handler" [_thread_blocked, id=14332, stack(0x000000001f0d0000,0x000000001f1d0000)]
  0x000000001d3ed000 JavaThread "Handler for socket connection from /127.0.0.1:50127 to /127.0.0.1:50128" [_thread_in_native, id=27352, stack(0x000000001efd0000,0x000000001f0d0000)]
  0x000000001d3ea800 JavaThread "Daemon" [_thread_blocked, id=25168, stack(0x000000001ebd0000,0x000000001ecd0000)]
  0x000000001d3b0000 JavaThread "Daemon periodic checks" [_thread_blocked, id=3596, stack(0x000000001ead0000,0x000000001ebd0000)]
  0x000000001d360800 JavaThread "Incoming local TCP Connector on port 50127" [_thread_in_native, id=9640, stack(0x000000001e890000,0x000000001e990000)]
  0x000000001d305000 JavaThread "Daemon health stats" [_thread_blocked, id=26112, stack(0x000000001e250000,0x000000001e350000)]
  0x0000000019ce1000 JavaThread "Service Thread" daemon [_thread_blocked, id=9612, stack(0x000000001b6b0000,0x000000001b7b0000)]
  0x0000000019c5c000 JavaThread "C1 CompilerThread3" daemon [_thread_blocked, id=18888, stack(0x000000001b5b0000,0x000000001b6b0000)]
=>0x0000000019c5b800 JavaThread "C2 CompilerThread2" daemon [_thread_in_native, id=30596, stack(0x000000001b4b0000,0x000000001b5b0000)]
  0x0000000019c4c800 JavaThread "C2 CompilerThread1" daemon [_thread_in_native, id=30460, stack(0x000000001b3b0000,0x000000001b4b0000)]
  0x0000000019c44000 JavaThread "C2 CompilerThread0" daemon [_thread_in_native, id=10700, stack(0x000000001b2b0000,0x000000001b3b0000)]
  0x0000000019c41800 JavaThread "Attach Listener" daemon [_thread_blocked, id=11024, stack(0x000000001b1b0000,0x000000001b2b0000)]
  0x0000000019c40000 JavaThread "Signal Dispatcher" daemon [_thread_blocked, id=13408, stack(0x000000001b0b0000,0x000000001b1b0000)]
  0x00000000032da800 JavaThread "Finalizer" daemon [_thread_blocked, id=27156, stack(0x000000001aeb0000,0x000000001afb0000)]
  0x000000001854c000 JavaThread "Reference Handler" daemon [_thread_blocked, id=29564, stack(0x000000001adb0000,0x000000001aeb0000)]
  0x000000000308e800 JavaThread "main" [_thread_blocked, id=28216, stack(0x0000000003090000,0x0000000003190000)]

Other Threads:
  0x0000000018545800 VMThread [stack: 0x000000001acb0000,0x000000001adb0000] [id=19712]
  0x0000000019ce3000 WatcherThread [stack: 0x000000001b7b0000,0x000000001b8b0000] [id=3512]

VM state:not at safepoint (normal execution)

VM Mutex/Monitor currently owned by a thread: None

heap address: 0x0000000080000000, size: 2048 MB, Compressed Oops mode: 32-bit
Narrow klass base: 0x0000000000000000, Narrow klass shift: 3
Compressed class space size: 1073741824 Address: 0x0000000100000000

Heap:
 PSYoungGen      total 76288K, used 62966K [0x00000000d5580000, 0x00000000daa80000, 0x0000000100000000)
  eden space 65536K, 82% used [0x00000000d5580000,0x00000000d8a16fe0,0x00000000d9580000)
  from space 10752K, 84% used [0x00000000da000000,0x00000000da8e6948,0x00000000daa80000)
  to   space 10752K, 0% used [0x00000000d9580000,0x00000000d9580000,0x00000000da000000)
 ParOldGen       total 175104K, used 24K [0x0000000080000000, 0x000000008ab00000, 0x00000000d5580000)
  object space 175104K, 0% used [0x0000000080000000,0x0000000080006000,0x000000008ab00000)
 Metaspace       used 18983K, capacity 19646K, committed 19712K, reserved 1067008K
  class space    used 2613K, capacity 2809K, committed 2816K, reserved 1048576K

Card table byte_map: [0x00000000126a0000,0x0000000012ab0000] byte_map_base: 0x00000000122a0000

Marking Bits: (ParMarkBitMap*) 0x000000006a79f030
 Begin Bits: [0x0000000013760000, 0x0000000015760000)
 End Bits:   [0x0000000015760000, 0x0000000017760000)

Polling page: 0x0000000001200000

CodeCache: size=245760Kb used=5837Kb max_used=5837Kb free=239922Kb
 bounds [0x00000000032e0000, 0x00000000038a0000, 0x00000000122e0000]
 total_blobs=2101 nmethods=1690 adapters=324
 compilation: enabled

Compilation events (10 events):
Event: 1.811 Thread 0x0000000019c5c000 1691       1       java.io.ExpiringCache::access$000 (5 bytes)
Event: 1.811 Thread 0x0000000019c5c000 nmethod 1691 0x000000000388d510 code [0x000000000388d660, 0x000000000388d750]
Event: 1.811 Thread 0x0000000019c5c000 1692       3       java.util.Arrays::asList (9 bytes)
Event: 1.811 Thread 0x0000000019c5c000 nmethod 1692 0x000000000388cc90 code [0x000000000388ce20, 0x000000000388d288]
Event: 1.811 Thread 0x0000000019c5c000 1693       3       java.util.Arrays$ArrayList::<init> (16 bytes)
Event: 1.812 Thread 0x0000000019c5c000 nmethod 1693 0x000000000388f750 code [0x000000000388f8e0, 0x000000000388fcc8]
Event: 1.815 Thread 0x0000000019c5c000 1695       3       java.net.URI::match (56 bytes)
Event: 1.815 Thread 0x0000000019c5c000 nmethod 1695 0x000000000388c790 code [0x000000000388c900, 0x000000000388cc10]
Event: 1.815 Thread 0x0000000019c5c000 1696       3       java.net.URI$Parser::scan (73 bytes)
Event: 1.815 Thread 0x0000000019c5c000 nmethod 1696 0x000000000388ea10 code [0x000000000388ebe0, 0x000000000388f2e8]

GC Heap History (4 events):
Event: 0.677 GC heap before
{Heap before GC invocations=1 (full 0):
 PSYoungGen      total 76288K, used 65536K [0x00000000d5580000, 0x00000000daa80000, 0x0000000100000000)
  eden space 65536K, 100% used [0x00000000d5580000,0x00000000d9580000,0x00000000d9580000)
  from space 10752K, 0% used [0x00000000da000000,0x00000000da000000,0x00000000daa80000)
  to   space 10752K, 0% used [0x00000000d9580000,0x00000000d9580000,0x00000000da000000)
 ParOldGen       total 175104K, used 0K [0x0000000080000000, 0x000000008ab00000, 0x00000000d5580000)
  object space 175104K, 0% used [0x0000000080000000,0x0000000080000000,0x000000008ab00000)
 Metaspace       used 7744K, capacity 7972K, committed 8320K, reserved 1056768K
  class space    used 945K, capacity 1039K, committed 1152K, reserved 1048576K
Event: 0.682 GC heap after
Heap after GC invocations=1 (full 0):
 PSYoungGen      total 76288K, used 5822K [0x00000000d5580000, 0x00000000daa80000, 0x0000000100000000)
  eden space 65536K, 0% used [0x00000000d5580000,0x00000000d5580000,0x00000000d9580000)
  from space 10752K, 54% used [0x00000000d9580000,0x00000000d9b2fba0,0x00000000da000000)
  to   space 10752K, 0% used [0x00000000da000000,0x00000000da000000,0x00000000daa80000)
 ParOldGen       total 175104K, used 16K [0x0000000080000000, 0x000000008ab00000, 0x00000000d5580000)
  object space 175104K, 0% used [0x0000000080000000,0x0000000080004000,0x000000008ab00000)
 Metaspace       used 7744K, capacity 7972K, committed 8320K, reserved 1056768K
  class space    used 945K, capacity 1039K, committed 1152K, reserved 1048576K
}
Event: 1.496 GC heap before
{Heap before GC invocations=2 (full 0):
 PSYoungGen      total 76288K, used 71358K [0x00000000d5580000, 0x00000000daa80000, 0x0000000100000000)
  eden space 65536K, 100% used [0x00000000d5580000,0x00000000d9580000,0x00000000d9580000)
  from space 10752K, 54% used [0x00000000d9580000,0x00000000d9b2fba0,0x00000000da000000)
  to   space 10752K, 0% used [0x00000000da000000,0x00000000da000000,0x00000000daa80000)
 ParOldGen       total 175104K, used 16K [0x0000000080000000, 0x000000008ab00000, 0x00000000d5580000)
  object space 175104K, 0% used [0x0000000080000000,0x0000000080004000,0x000000008ab00000)
 Metaspace       used 14210K, capacity 14634K, committed 14976K, reserved 1062912K
  class space    used 1956K, capacity 2087K, committed 2176K, reserved 1048576K
Event: 1.502 GC heap after
Heap after GC invocations=2 (full 0):
 PSYoungGen      total 76288K, used 9114K [0x00000000d5580000, 0x00000000daa80000, 0x0000000100000000)
  eden space 65536K, 0% used [0x00000000d5580000,0x00000000d5580000,0x00000000d9580000)
  from space 10752K, 84% used [0x00000000da000000,0x00000000da8e6948,0x00000000daa80000)
  to   space 10752K, 0% used [0x00000000d9580000,0x00000000d9580000,0x00000000da000000)
 ParOldGen       total 175104K, used 24K [0x0000000080000000, 0x000000008ab00000, 0x00000000d5580000)
  object space 175104K, 0% used [0x0000000080000000,0x0000000080006000,0x000000008ab00000)
 Metaspace       used 14210K, capacity 14634K, committed 14976K, reserved 1062912K
  class space    used 1956K, capacity 2087K, committed 2176K, reserved 1048576K
}

Deoptimization events (10 events):
Event: 1.552 Thread 0x000000001d42f800 Uncommon trap: reason=unstable_if action=reinterpret pc=0x00000000035feb1c method=java.io.File.getName()Ljava/lang/String; @ 16
Event: 1.552 Thread 0x000000001d42f800 Uncommon trap: reason=unstable_if action=reinterpret pc=0x0000000003601114 method=java.lang.String.substring(I)Ljava/lang/String; @ 35
Event: 1.657 Thread 0x000000001d42f800 Uncommon trap: reason=unstable_if action=reinterpret pc=0x0000000003601670 method=java.util.LinkedHashMap.afterNodeInsertion(Z)V @ 1
Event: 1.658 Thread 0x000000001d42f800 Uncommon trap: reason=unstable_if action=reinterpret pc=0x00000000035561c4 method=java.util.HashMap.getNode(ILjava/lang/Object;)Ljava/util/HashMap$Node; @ 129
Event: 1.658 Thread 0x000000001d42f800 Uncommon trap: reason=bimorphic action=maybe_recompile pc=0x00000000037a3f34 method=java.util.HashMap.putVal(ILjava/lang/Object;Ljava/lang/Object;ZZ)Ljava/lang/Object; @ 203
Event: 1.659 Thread 0x000000001d42f800 Uncommon trap: reason=unstable_if action=reinterpret pc=0x0000000003545310 method=java.util.HashMap.getNode(ILjava/lang/Object;)Ljava/util/HashMap$Node; @ 129
Event: 1.659 Thread 0x000000001d42f800 Uncommon trap: reason=bimorphic action=maybe_recompile pc=0x00000000037a3f34 method=java.util.HashMap.putVal(ILjava/lang/Object;Ljava/lang/Object;ZZ)Ljava/lang/Object; @ 203
Event: 1.722 Thread 0x000000001d42f800 Uncommon trap: reason=unstable_if action=reinterpret pc=0x00000000037e518c method=java.util.jar.Attributes$Name.isDigit(C)Z @ 3
Event: 1.815 Thread 0x000000001d42f800 Uncommon trap: reason=unstable_if action=reinterpret pc=0x00000000034ac9c8 method=java.net.URI.match(CJJ)Z @ 19
Event: 1.815 Thread 0x000000001d42f800 Uncommon trap: reason=unstable_if action=reinterpret pc=0x0000000003591540 method=java.net.URI.match(CJJ)Z @ 19

Classes redefined (0 events):
No events

Internal exceptions (10 events):
Event: 1.338 Thread 0x000000001d3ed000 Exception <a 'java/lang/NoSuchMethodError': <clinit>> (0x00000000d78e0cf0) thrown at [C:\src\AOSP-openjdk-git\hotspot\src\share\vm\prims\jni.cpp, line 1615]
Event: 1.339 Thread 0x000000001d3ed000 Exception <a 'java/lang/NoSuchMethodError': <clinit>> (0x00000000d78f52d8) thrown at [C:\src\AOSP-openjdk-git\hotspot\src\share\vm\prims\jni.cpp, line 1615]
Event: 1.344 Thread 0x000000001d3ed000 Exception <a 'java/lang/NoSuchMethodError': <clinit>> (0x00000000d7961f20) thrown at [C:\src\AOSP-openjdk-git\hotspot\src\share\vm\prims\jni.cpp, line 1615]
Event: 1.347 Thread 0x000000001d3ed000 Exception <a 'java/lang/NoSuchMethodError': <clinit>> (0x00000000d799c7f0) thrown at [C:\src\AOSP-openjdk-git\hotspot\src\share\vm\prims\jni.cpp, line 1615]
Event: 1.350 Thread 0x000000001d3ed000 Exception <a 'java/lang/NoSuchMethodError': <clinit>> (0x00000000d79d2368) thrown at [C:\src\AOSP-openjdk-git\hotspot\src\share\vm\prims\jni.cpp, line 1615]
Event: 1.350 Thread 0x000000001d3ed000 Exception <a 'java/lang/NoSuchMethodError': <clinit>> (0x00000000d79de898) thrown at [C:\src\AOSP-openjdk-git\hotspot\src\share\vm\prims\jni.cpp, line 1615]
Event: 1.573 Thread 0x000000001d42f800 Exception <a 'java/lang/NoSuchMethodError': java.lang.Object.lambda$and$0(Ljava/util/function/Predicate;Ljava/lang/Object;)Z> (0x00000000d5e902b8) thrown at [C:\src\AOSP-openjdk-git\hotspot\src\share\vm\interpreter\linkResolver.cpp, line 620]
Event: 1.576 Thread 0x000000001d42f800 Exception <a 'java/lang/IncompatibleClassChangeError': Found class java.lang.Object, but interface was expected> (0x00000000d5ea05b0) thrown at [C:\src\AOSP-openjdk-git\hotspot\src\share\vm\interpreter\linkResolver.cpp, line 653]
Event: 1.577 Thread 0x000000001d42f800 Exception <a 'java/lang/NoSuchMethodError': java.lang.Object.lambda$or$2(Ljava/util/function/Predicate;Ljava/lang/Object;)Z> (0x00000000d5ea5100) thrown at [C:\src\AOSP-openjdk-git\hotspot\src\share\vm\interpreter\linkResolver.cpp, line 620]
Event: 1.680 Thread 0x000000001d42f800 Exception <a 'java/lang/NoSuchMethodError': java.lang.Object.lambda$static$0(Lorg/gradle/internal/state/ModelObject;)Ljava/lang/String;> (0x00000000d7702fc8) thrown at [C:\src\AOSP-openjdk-git\hotspot\src\share\vm\interpreter\linkResolver.cpp, line 620]

Events (10 events):
Event: 1.820 loading class org/gradle/instantexecution/DefaultInstantExecution$Host
Event: 1.820 loading class org/gradle/instantexecution/DefaultInstantExecution$Host done
Event: 1.820 loading class org/gradle/instantexecution/DefaultInstantExecution
Event: 1.820 loading class org/gradle/instantexecution/DefaultInstantExecution done
Event: 1.821 loading class org/gradle/initialization/InstantExecution
Event: 1.821 loading class org/gradle/initialization/InstantExecution done
Event: 1.822 loading class org/gradle/internal/scan/BuildScanServices
Event: 1.822 loading class org/gradle/internal/scan/BuildScanServices done
Event: 1.823 loading class org/gradle/internal/scan/time/BuildScanClock
Event: 1.823 loading class org/gradle/internal/scan/time/BuildScanClock done


Dynamic libraries:
0x00007ff6650e0000 - 0x00007ff665111000 	C:\Program Files\Android\Android Studio1\jre\bin\java.exe
0x00007ff8f7290000 - 0x00007ff8f7485000 	C:\WINDOWS\SYSTEM32\ntdll.dll
0x00007ff8f5b40000 - 0x00007ff8f5bfd000 	C:\WINDOWS\System32\KERNEL32.DLL
0x00007ff8f4d40000 - 0x00007ff8f5008000 	C:\WINDOWS\System32\KERNELBASE.dll
0x00007ff8f55b0000 - 0x00007ff8f565c000 	C:\WINDOWS\System32\ADVAPI32.dll
0x00007ff8f5c00000 - 0x00007ff8f5c9e000 	C:\WINDOWS\System32\msvcrt.dll
0x00007ff8f71b0000 - 0x00007ff8f724b000 	C:\WINDOWS\System32\sechost.dll
0x00007ff8f58e0000 - 0x00007ff8f5a0b000 	C:\WINDOWS\System32\RPCRT4.dll
0x00007ff8f52f0000 - 0x00007ff8f5490000 	C:\WINDOWS\System32\USER32.dll
0x00007ff8f4b30000 - 0x00007ff8f4b52000 	C:\WINDOWS\System32\win32u.dll
0x00007ff8f7170000 - 0x00007ff8f719a000 	C:\WINDOWS\System32\GDI32.dll
0x00007ff8f5060000 - 0x00007ff8f516b000 	C:\WINDOWS\System32\gdi32full.dll
0x00007ff8f4b60000 - 0x00007ff8f4bfd000 	C:\WINDOWS\System32\msvcp_win.dll
0x00007ff8f5170000 - 0x00007ff8f5270000 	C:\WINDOWS\System32\ucrtbase.dll
0x00007ff8e30d0000 - 0x00007ff8e336a000 	C:\WINDOWS\WinSxS\amd64_microsoft.windows.common-controls_6595b64144ccf1df_6.0.19041.844_none_ca00b6081b84eb1d\COMCTL32.dll
0x00007ff8f58b0000 - 0x00007ff8f58e0000 	C:\WINDOWS\System32\IMM32.DLL
0x0000000069e10000 - 0x0000000069ee2000 	C:\Program Files\Android\Android Studio1\jre\jre\bin\msvcr100.dll
0x0000000069fd0000 - 0x000000006a81b000 	C:\Program Files\Android\Android Studio1\jre\jre\bin\server\jvm.dll
0x00007ff8f71a0000 - 0x00007ff8f71a8000 	C:\WINDOWS\System32\PSAPI.DLL
0x00007ff8f0380000 - 0x00007ff8f0389000 	C:\WINDOWS\SYSTEM32\WSOCK32.dll
0x00007ff8e9d80000 - 0x00007ff8e9da7000 	C:\WINDOWS\SYSTEM32\WINMM.dll
0x00007ff8f7100000 - 0x00007ff8f716b000 	C:\WINDOWS\System32\WS2_32.dll
0x00007ff8ec280000 - 0x00007ff8ec28a000 	C:\WINDOWS\SYSTEM32\VERSION.dll
0x00007ff8dcf00000 - 0x00007ff8dcf0f000 	C:\Program Files\Android\Android Studio1\jre\jre\bin\verify.dll
0x00007ff8c8c50000 - 0x00007ff8c8c79000 	C:\Program Files\Android\Android Studio1\jre\jre\bin\java.dll
0x00007ff8ca300000 - 0x00007ff8ca316000 	C:\Program Files\Android\Android Studio1\jre\jre\bin\zip.dll
0x00007ff8f6880000 - 0x00007ff8f6fc2000 	C:\WINDOWS\System32\SHELL32.dll
0x00007ff8f2b20000 - 0x00007ff8f32b0000 	C:\WINDOWS\SYSTEM32\windows.storage.dll
0x00007ff8f6310000 - 0x00007ff8f6665000 	C:\WINDOWS\System32\combase.dll
0x00007ff8f4370000 - 0x00007ff8f439c000 	C:\WINDOWS\SYSTEM32\Wldp.dll
0x00007ff8f61f0000 - 0x00007ff8f629e000 	C:\WINDOWS\System32\SHCORE.dll
0x00007ff8f66d0000 - 0x00007ff8f6725000 	C:\WINDOWS\System32\shlwapi.dll
0x00007ff8f4910000 - 0x00007ff8f492f000 	C:\WINDOWS\SYSTEM32\profapi.dll
0x00007ff8ca000000 - 0x00007ff8ca01a000 	C:\Program Files\Android\Android Studio1\jre\jre\bin\net.dll
0x00007ff8f40e0000 - 0x00007ff8f414a000 	C:\WINDOWS\system32\mswsock.dll
0x00007ff8c9ed0000 - 0x00007ff8c9ee3000 	C:\Program Files\Android\Android Studio1\jre\jre\bin\nio.dll
0x00007ff8ca430000 - 0x00007ff8ca457000 	C:\Users\tegar\.gradle\native\f6784746aeab05261644944871eae4fe03e0ef1612fff0a4a95f87b438bc6780\windows-amd64\native-platform.dll
0x00007ff8dce30000 - 0x00007ff8dce3d000 	C:\Program Files\Android\Android Studio1\jre\jre\bin\management.dll
0x00007ff8f42c0000 - 0x00007ff8f42d8000 	C:\WINDOWS\SYSTEM32\CRYPTSP.dll
0x00007ff8f3a80000 - 0x00007ff8f3ab4000 	C:\WINDOWS\system32\rsaenh.dll
0x00007ff8f4c00000 - 0x00007ff8f4c27000 	C:\WINDOWS\System32\bcrypt.dll
0x00007ff8f48d0000 - 0x00007ff8f48fe000 	C:\WINDOWS\SYSTEM32\USERENV.dll
0x00007ff8f5270000 - 0x00007ff8f52f0000 	C:\WINDOWS\System32\bcryptprimitives.dll
0x00007ff8f42b0000 - 0x00007ff8f42bc000 	C:\WINDOWS\SYSTEM32\CRYPTBASE.dll
0x00007ff8f3dd0000 - 0x00007ff8f3e0b000 	C:\WINDOWS\SYSTEM32\IPHLPAPI.DLL
0x00007ff8f6730000 - 0x00007ff8f6738000 	C:\WINDOWS\System32\NSI.dll
0x00007ff8ec3a0000 - 0x00007ff8ec3b7000 	C:\WINDOWS\SYSTEM32\dhcpcsvc6.DLL
0x00007ff8ec2d0000 - 0x00007ff8ec2ed000 	C:\WINDOWS\SYSTEM32\dhcpcsvc.DLL
0x00007ff8f3e60000 - 0x00007ff8f3f2c000 	C:\WINDOWS\SYSTEM32\DNSAPI.dll
0x00007ff8ec3c0000 - 0x00007ff8ec3cb000 	C:\WINDOWS\SYSTEM32\WINNSI.DLL

VM Arguments:
jvm_args: -Xmx2048m -Dfile.encoding=UTF-8 -Duser.country=ID -Duser.language=en -Duser.variant 
java_command: org.gradle.launcher.daemon.bootstrap.GradleDaemon 6.5
java_class_path (initial): C:\Users\tegar\.gradle\wrapper\dists\gradle-6.5-bin\6nifqtx7604sqp1q6g8wikw7p\gradle-6.5\lib\gradle-launcher-6.5.jar
Launcher Type: SUN_STANDARD

Environment Variables:
PATH=C:\Program Files\Common Files\Oracle\Java\javapath;C:\Windows\system32;C:\Windows;C:\Windows\System32\Wbem;C:\Windows\System32\WindowsPowerShell\v1.0\;C:\Windows\System32\OpenSSH\;C:\Program Files (x86)\NVIDIA Corporation\PhysX\Common;C:\Program Files\NVIDIA Corporation\NVIDIA NvDLISR;C:\Program Files\Git\cmd;C:\WINDOWS\system32;C:\WINDOWS;C:\WINDOWS\System32\Wbem;C:\WINDOWS\System32\WindowsPowerShell\v1.0\;C:\WINDOWS\System32\OpenSSH\;C:\xampp\php;C:\composer;C:\gradle-6.6\bin;C:\Program Files\nodejs\;C:\Users\tegar\AppData\Local\Microsoft\WindowsApps;C:\Users\tegar\AppData\Local\Programs\Microsoft VS Code\bin;C:\Program Files\JetBrains\IntelliJ IDEA Community Edition 2019.3.3\bin;;C:\Project\flutter\bin;C:\Users\tegar\AppData\Local\GitHubDesktop\bin;C:\Users\tegar\AppData\Roaming\Composer\vendor\bin;C:\Users\tegar\AppData\Roaming\npm;C:\Program Files\heroku\bin
USERNAME=tegar
OS=Windows_NT
PROCESSOR_IDENTIFIER=Intel64 Family 6 Model 158 Stepping 13, GenuineIntel



---------------  S Y S T E M  ---------------

OS: Windows 10.0 , 64 bit Build 19041 (10.0.19041.928)

CPU:total 12 (initial active 12) (6 cores per cpu, 2 threads per core) family 6 model 158 stepping 13, cmov, cx8, fxsr, mmx, sse, sse2, sse3, ssse3, sse4.1, sse4.2, popcnt, avx, avx2, aes, clmul, erms, 3dnowpref, lzcnt, ht, tsc, tscinvbit, bmi1, bmi2, adx

Memory: 4k page, physical 16695540k(5043232k free), swap 16695540k(5460k free)

vm_info: OpenJDK 64-Bit Server VM (25.242-b01) for windows-amd64 JRE (1.8.0_242-release-1644-b01), built by "builder" with MS VC++ 10.0 (VS2010)

time: Sun May 23 08:12:05 2021
timezone: SE Asia Standard Time
elapsed time: 1 seconds (0d 0h 0m 1s)

