#
# There is insufficient memory for the Java Runtime Environment to continue.
# Native memory allocation (malloc) failed to allocate 262160 bytes for Chunk::new
# Possible reasons:
#   The system is out of physical RAM or swap space
#   The process is running with CompressedOops enabled, and the Java Heap may be blocking the growth of the native heap
# Possible solutions:
#   Reduce memory load on the system
#   Increase physical memory or swap space
#   Check if swap backing store is full
#   Decrease Java heap size (-Xmx/-Xms)
#   Decrease number of Java threads
#   Decrease Java thread stack sizes (-Xss)
#   Set larger code cache with -XX:ReservedCodeCacheSize=
#   JVM is running with Unscaled Compressed Oops mode in which the Java heap is
#     placed in the first 4GB address space. The Java Heap base address is the
#     maximum limit for the native heap growth. Please use -XX:HeapBaseMinAddress
#     to set the Java Heap base and to place the Java Heap above 4GB virtual address.
# This output file may be truncated or incomplete.
#
#  Out of Memory Error (allocation.cpp:389), pid=19040, tid=0x0000000000001750
#
# JRE version: OpenJDK Runtime Environment (8.0_242-b01) (build 1.8.0_242-release-1644-b01)
# Java VM: OpenJDK 64-Bit Server VM (25.242-b01 mixed mode windows-amd64 compressed oops)
# Failed to write core dump. Minidumps are not enabled by default on client versions of Windows
#

---------------  T H R E A D  ---------------

Current thread (0x000000001935c800):  JavaThread "C2 CompilerThread1" daemon [_thread_in_native, id=5968, stack(0x000000001aaa0000,0x000000001aba0000)]

Stack: [0x000000001aaa0000,0x000000001aba0000]
[error occurred during error reporting (printing stack bounds), id 0xc0000005]

Native frames: (J=compiled Java code, j=interpreted, Vv=VM code, C=native code)


Current CompileTask:
C2:   1727 1517   !   4       java.net.URLClassLoader$1::run (63 bytes)


---------------  P R O C E S S  ---------------

Java Threads: ( => current thread )
  0x000000001caf1000 JavaThread "Cache worker for file hash cache (C:\Users\tegar\.gradle\caches\6.5\fileHashes)" [_thread_blocked, id=22468, stack(0x000000001f0c0000,0x000000001f1c0000)]
  0x000000001caf7000 JavaThread "File lock request listener" [_thread_in_native, id=27580, stack(0x000000001efc0000,0x000000001f0c0000)]
  0x000000001b08d800 JavaThread "Cache worker for journal cache (C:\Users\tegar\.gradle\caches\journal-1)" [_thread_blocked, id=9168, stack(0x000000001eec0000,0x000000001efc0000)]
  0x000000001cc0b800 JavaThread "Thread-9" [_thread_blocked, id=14684, stack(0x000000001ebc0000,0x000000001ecc0000)]
  0x000000001cc08800 JavaThread "Stdin handler" [_thread_blocked, id=17628, stack(0x000000001eac0000,0x000000001ebc0000)]
  0x000000001cc07800 JavaThread "Asynchronous log dispatcher for DefaultDaemonConnection: socket connection from /127.0.0.1:50136 to /127.0.0.1:50137" [_thread_blocked, id=25388, stack(0x000000001e9c0000,0x000000001eac0000)]
  0x000000001cc02800 JavaThread "Daemon worker" [_thread_in_native, id=28448, stack(0x000000001e8c0000,0x000000001e9c0000)]
  0x000000001cc0c800 JavaThread "Cancel handler" [_thread_blocked, id=22208, stack(0x000000001e7c0000,0x000000001e8c0000)]
  0x000000001cb98800 JavaThread "Handler for socket connection from /127.0.0.1:50136 to /127.0.0.1:50137" [_thread_in_native, id=30348, stack(0x000000001e6c0000,0x000000001e7c0000)]
  0x000000001cb95000 JavaThread "Daemon" [_thread_blocked, id=20948, stack(0x000000001e2c0000,0x000000001e3c0000)]
  0x000000001cb8a800 JavaThread "Daemon periodic checks" [_thread_blocked, id=22524, stack(0x000000001e1c0000,0x000000001e2c0000)]
  0x000000001cb77800 JavaThread "Incoming local TCP Connector on port 50136" [_thread_in_native, id=26212, stack(0x000000001df80000,0x000000001e080000)]
  0x000000001c51b800 JavaThread "Daemon health stats" [_thread_blocked, id=9968, stack(0x000000001d940000,0x000000001da40000)]
  0x00000000193f0000 JavaThread "Service Thread" daemon [_thread_blocked, id=29732, stack(0x000000001ada0000,0x000000001aea0000)]
  0x0000000019362800 JavaThread "C1 CompilerThread3" daemon [_thread_blocked, id=20572, stack(0x000000001aca0000,0x000000001ada0000)]
  0x0000000019361800 JavaThread "C2 CompilerThread2" daemon [_thread_in_native, id=30100, stack(0x000000001aba0000,0x000000001aca0000)]
=>0x000000001935c800 JavaThread "C2 CompilerThread1" daemon [_thread_in_native, id=5968, stack(0x000000001aaa0000,0x000000001aba0000)]
  0x0000000019354000 JavaThread "C2 CompilerThread0" daemon [_thread_in_native, id=10820, stack(0x000000001a9a0000,0x000000001aaa0000)]
  0x0000000019351800 JavaThread "Attach Listener" daemon [_thread_blocked, id=24760, stack(0x000000001a8a0000,0x000000001a9a0000)]
  0x0000000019350000 JavaThread "Signal Dispatcher" daemon [_thread_blocked, id=28392, stack(0x000000001a7a0000,0x000000001a8a0000)]
  0x0000000002a0a800 JavaThread "Finalizer" daemon [_thread_blocked, id=3688, stack(0x000000001a5a0000,0x000000001a6a0000)]
  0x0000000017c7c000 JavaThread "Reference Handler" daemon [_thread_blocked, id=26156, stack(0x000000001a4a0000,0x000000001a5a0000)]
  0x000000000101e800 JavaThread "main" [_thread_blocked, id=12904, stack(0x0000000002810000,0x0000000002910000)]

Other Threads:
  0x0000000017c75800 VMThread [stack: 0x000000001a3a0000,0x000000001a4a0000] [id=19140]
  0x00000000193f2000 WatcherThread [stack: 0x000000001aea0000,0x000000001afa0000] [id=2268]

VM state:not at safepoint (normal execution)

VM Mutex/Monitor currently owned by a thread: None

heap address: 0x0000000080000000, size: 2048 MB, Compressed Oops mode: 32-bit
Narrow klass base: 0x0000000000000000, Narrow klass shift: 3
Compressed class space size: 1073741824 Address: 0x0000000100000000

Heap:
 PSYoungGen      total 76288K, used 59558K [0x00000000d5580000, 0x00000000daa80000, 0x0000000100000000)
  eden space 65536K, 77% used [0x00000000d5580000,0x00000000d86d7070,0x00000000d9580000)
  from space 10752K, 84% used [0x00000000da000000,0x00000000da8d2938,0x00000000daa80000)
  to   space 10752K, 0% used [0x00000000d9580000,0x00000000d9580000,0x00000000da000000)
 ParOldGen       total 175104K, used 24K [0x0000000080000000, 0x000000008ab00000, 0x00000000d5580000)
  object space 175104K, 0% used [0x0000000080000000,0x0000000080006000,0x000000008ab00000)
 Metaspace       used 18841K, capacity 19484K, committed 19712K, reserved 1067008K
  class space    used 2586K, capacity 2776K, committed 2816K, reserved 1048576K

Card table byte_map: [0x0000000011dd0000,0x00000000121e0000] byte_map_base: 0x00000000119d0000

Marking Bits: (ParMarkBitMap*) 0x000000006a79f030
 Begin Bits: [0x0000000012e90000, 0x0000000014e90000)
 End Bits:   [0x0000000014e90000, 0x0000000016e90000)

Polling page: 0x0000000000fe0000

CodeCache: size=245760Kb used=5914Kb max_used=5914Kb free=239845Kb
 bounds [0x0000000002a10000, 0x0000000002fe0000, 0x0000000011a10000]
 total_blobs=2115 nmethods=1705 adapters=323
 compilation: enabled

Compilation events (10 events):
Event: 1.721 Thread 0x0000000019362800 1698       3       org.objectweb.asm.SymbolTable::addConstantUtf8 (98 bytes)
Event: 1.721 Thread 0x0000000019362800 nmethod 1698 0x0000000002fcd910 code [0x0000000002fcdb00, 0x0000000002fce2b8]
Event: 1.722 Thread 0x0000000019362800 1700       3       org.objectweb.asm.Frame::push (109 bytes)
Event: 1.722 Thread 0x0000000019362800 nmethod 1700 0x0000000002fce6d0 code [0x0000000002fce860, 0x0000000002fced88]
Event: 1.722 Thread 0x0000000019362800 1702       1       org.objectweb.asm.SymbolTable::getMajorVersion (5 bytes)
Event: 1.722 Thread 0x0000000019362800 nmethod 1702 0x0000000002fcef90 code [0x0000000002fcf0e0, 0x0000000002fcf1f0]
Event: 1.722 Thread 0x0000000019362800 1696       3       org.objectweb.asm.SymbolTable$Entry::<init> (17 bytes)
Event: 1.722 Thread 0x0000000019362800 nmethod 1696 0x0000000002fcf250 code [0x0000000002fcf3c0, 0x0000000002fcf588]
Event: 1.723 Thread 0x0000000019354000 nmethod 1683 0x0000000002fd37d0 code [0x0000000002fd39a0, 0x0000000002fd4ed0]
Event: 1.723 Thread 0x0000000019354000 1688       4       java.util.HashMap::getNode (148 bytes)

GC Heap History (4 events):
Event: 0.656 GC heap before
{Heap before GC invocations=1 (full 0):
 PSYoungGen      total 76288K, used 65536K [0x00000000d5580000, 0x00000000daa80000, 0x0000000100000000)
  eden space 65536K, 100% used [0x00000000d5580000,0x00000000d9580000,0x00000000d9580000)
  from space 10752K, 0% used [0x00000000da000000,0x00000000da000000,0x00000000daa80000)
  to   space 10752K, 0% used [0x00000000d9580000,0x00000000d9580000,0x00000000da000000)
 ParOldGen       total 175104K, used 0K [0x0000000080000000, 0x000000008ab00000, 0x00000000d5580000)
  object space 175104K, 0% used [0x0000000080000000,0x0000000080000000,0x000000008ab00000)
 Metaspace       used 7735K, capacity 7972K, committed 8320K, reserved 1056768K
  class space    used 945K, capacity 1039K, committed 1152K, reserved 1048576K
Event: 0.660 GC heap after
Heap after GC invocations=1 (full 0):
 PSYoungGen      total 76288K, used 5807K [0x00000000d5580000, 0x00000000daa80000, 0x0000000100000000)
  eden space 65536K, 0% used [0x00000000d5580000,0x00000000d5580000,0x00000000d9580000)
  from space 10752K, 54% used [0x00000000d9580000,0x00000000d9b2bf00,0x00000000da000000)
  to   space 10752K, 0% used [0x00000000da000000,0x00000000da000000,0x00000000daa80000)
 ParOldGen       total 175104K, used 16K [0x0000000080000000, 0x000000008ab00000, 0x00000000d5580000)
  object space 175104K, 0% used [0x0000000080000000,0x0000000080004000,0x000000008ab00000)
 Metaspace       used 7735K, capacity 7972K, committed 8320K, reserved 1056768K
  class space    used 945K, capacity 1039K, committed 1152K, reserved 1048576K
}
Event: 1.449 GC heap before
{Heap before GC invocations=2 (full 0):
 PSYoungGen      total 76288K, used 71343K [0x00000000d5580000, 0x00000000daa80000, 0x0000000100000000)
  eden space 65536K, 100% used [0x00000000d5580000,0x00000000d9580000,0x00000000d9580000)
  from space 10752K, 54% used [0x00000000d9580000,0x00000000d9b2bf00,0x00000000da000000)
  to   space 10752K, 0% used [0x00000000da000000,0x00000000da000000,0x00000000daa80000)
 ParOldGen       total 175104K, used 16K [0x0000000080000000, 0x000000008ab00000, 0x00000000d5580000)
  object space 175104K, 0% used [0x0000000080000000,0x0000000080004000,0x000000008ab00000)
 Metaspace       used 14196K, capacity 14570K, committed 14720K, reserved 1062912K
  class space    used 1956K, capacity 2087K, committed 2176K, reserved 1048576K
Event: 1.456 GC heap after
Heap after GC invocations=2 (full 0):
 PSYoungGen      total 76288K, used 9034K [0x00000000d5580000, 0x00000000daa80000, 0x0000000100000000)
  eden space 65536K, 0% used [0x00000000d5580000,0x00000000d5580000,0x00000000d9580000)
  from space 10752K, 84% used [0x00000000da000000,0x00000000da8d2938,0x00000000daa80000)
  to   space 10752K, 0% used [0x00000000d9580000,0x00000000d9580000,0x00000000da000000)
 ParOldGen       total 175104K, used 24K [0x0000000080000000, 0x000000008ab00000, 0x00000000d5580000)
  object space 175104K, 0% used [0x0000000080000000,0x0000000080006000,0x000000008ab00000)
 Metaspace       used 14196K, capacity 14570K, committed 14720K, reserved 1062912K
  class space    used 1956K, capacity 2087K, committed 2176K, reserved 1048576K
}

Deoptimization events (10 events):
Event: 1.444 Thread 0x000000001cc02800 Uncommon trap: reason=class_check action=maybe_recompile pc=0x0000000002d39858 method=java.util.regex.Matcher.match(II)Z @ 86
Event: 1.444 Thread 0x000000001cc02800 Uncommon trap: reason=class_check action=maybe_recompile pc=0x0000000002bd368c method=java.util.regex.Matcher.match(II)Z @ 86
Event: 1.503 Thread 0x000000001cc02800 Uncommon trap: reason=unstable_if action=reinterpret pc=0x0000000002d3c61c method=java.io.File.getName()Ljava/lang/String; @ 16
Event: 1.503 Thread 0x000000001cc02800 Uncommon trap: reason=unstable_if action=reinterpret pc=0x0000000002d31554 method=java.lang.String.substring(I)Ljava/lang/String; @ 35
Event: 1.599 Thread 0x000000001cc02800 Uncommon trap: reason=unstable_if action=reinterpret pc=0x0000000002d3b1f0 method=java.util.LinkedHashMap.afterNodeInsertion(Z)V @ 1
Event: 1.599 Thread 0x000000001cc02800 Uncommon trap: reason=unstable_if action=reinterpret pc=0x0000000002c7c1fc method=java.util.HashMap.getNode(ILjava/lang/Object;)Ljava/util/HashMap$Node; @ 129
Event: 1.599 Thread 0x000000001cc02800 Uncommon trap: reason=bimorphic action=maybe_recompile pc=0x0000000002eddbe4 method=java.util.HashMap.putVal(ILjava/lang/Object;Ljava/lang/Object;ZZ)Ljava/lang/Object; @ 203
Event: 1.600 Thread 0x000000001cc02800 Uncommon trap: reason=unstable_if action=reinterpret pc=0x0000000002c7d450 method=java.util.HashMap.getNode(ILjava/lang/Object;)Ljava/util/HashMap$Node; @ 129
Event: 1.600 Thread 0x000000001cc02800 Uncommon trap: reason=bimorphic action=maybe_recompile pc=0x0000000002eddbe4 method=java.util.HashMap.putVal(ILjava/lang/Object;Ljava/lang/Object;ZZ)Ljava/lang/Object; @ 203
Event: 1.657 Thread 0x000000001cc02800 Uncommon trap: reason=unstable_if action=reinterpret pc=0x0000000002f4418c method=java.util.jar.Attributes$Name.isDigit(C)Z @ 3

Classes redefined (0 events):
No events

Internal exceptions (10 events):
Event: 1.305 Thread 0x000000001cb98800 Exception <a 'java/lang/NoSuchMethodError': <clinit>> (0x00000000d78e0dd8) thrown at [C:\src\AOSP-openjdk-git\hotspot\src\share\vm\prims\jni.cpp, line 1615]
Event: 1.306 Thread 0x000000001cb98800 Exception <a 'java/lang/NoSuchMethodError': <clinit>> (0x00000000d78f53c0) thrown at [C:\src\AOSP-openjdk-git\hotspot\src\share\vm\prims\jni.cpp, line 1615]
Event: 1.310 Thread 0x000000001cb98800 Exception <a 'java/lang/NoSuchMethodError': <clinit>> (0x00000000d7961fc0) thrown at [C:\src\AOSP-openjdk-git\hotspot\src\share\vm\prims\jni.cpp, line 1615]
Event: 1.313 Thread 0x000000001cb98800 Exception <a 'java/lang/NoSuchMethodError': <clinit>> (0x00000000d799c8c0) thrown at [C:\src\AOSP-openjdk-git\hotspot\src\share\vm\prims\jni.cpp, line 1615]
Event: 1.316 Thread 0x000000001cb98800 Exception <a 'java/lang/NoSuchMethodError': <clinit>> (0x00000000d79d2558) thrown at [C:\src\AOSP-openjdk-git\hotspot\src\share\vm\prims\jni.cpp, line 1615]
Event: 1.317 Thread 0x000000001cb98800 Exception <a 'java/lang/NoSuchMethodError': <clinit>> (0x00000000d79dea88) thrown at [C:\src\AOSP-openjdk-git\hotspot\src\share\vm\prims\jni.cpp, line 1615]
Event: 1.524 Thread 0x000000001cc02800 Exception <a 'java/lang/NoSuchMethodError': java.lang.Object.lambda$and$0(Ljava/util/function/Predicate;Ljava/lang/Object;)Z> (0x00000000d5efaa10) thrown at [C:\src\AOSP-openjdk-git\hotspot\src\share\vm\interpreter\linkResolver.cpp, line 620]
Event: 1.526 Thread 0x000000001cc02800 Exception <a 'java/lang/IncompatibleClassChangeError': Found class java.lang.Object, but interface was expected> (0x00000000d5f0ad08) thrown at [C:\src\AOSP-openjdk-git\hotspot\src\share\vm\interpreter\linkResolver.cpp, line 653]
Event: 1.527 Thread 0x000000001cc02800 Exception <a 'java/lang/NoSuchMethodError': java.lang.Object.lambda$or$2(Ljava/util/function/Predicate;Ljava/lang/Object;)Z> (0x00000000d5f0f858) thrown at [C:\src\AOSP-openjdk-git\hotspot\src\share\vm\interpreter\linkResolver.cpp, line 620]
Event: 1.618 Thread 0x000000001cc02800 Exception <a 'java/lang/NoSuchMethodError': java.lang.Object.lambda$static$0(Lorg/gradle/internal/state/ModelObject;)Ljava/lang/String;> (0x00000000d7700840) thrown at [C:\src\AOSP-openjdk-git\hotspot\src\share\vm\interpreter\linkResolver.cpp, line 620]

Events (10 events):
Event: 1.724 loading class org/gradle/api/services/internal/BuildServiceRegistryInternal
Event: 1.724 loading class org/gradle/api/services/internal/BuildServiceRegistryInternal done
Event: 1.724 loading class org/gradle/execution/plan/TaskNodeFactory
Event: 1.724 loading class org/gradle/execution/plan/TaskNodeFactory done
Event: 1.724 loading class org/gradle/execution/plan/WorkNodeDependencyResolver
Event: 1.724 loading class org/gradle/execution/plan/WorkNodeDependencyResolver done
Event: 1.724 loading class org/gradle/execution/plan/DependencyResolver
Event: 1.724 loading class org/gradle/execution/plan/DependencyResolver done
Event: 1.724 loading class org/gradle/api/internal/tasks/WorkDependencyResolver
Event: 1.724 loading class org/gradle/api/internal/tasks/WorkDependencyResolver done


Dynamic libraries:
0x00007ff6650e0000 - 0x00007ff665111000 	C:\Program Files\Android\Android Studio1\jre\bin\java.exe
0x00007ff8f7290000 - 0x00007ff8f7485000 	C:\WINDOWS\SYSTEM32\ntdll.dll
0x00007ff8f5b40000 - 0x00007ff8f5bfd000 	C:\WINDOWS\System32\KERNEL32.DLL
0x00007ff8f4d40000 - 0x00007ff8f5008000 	C:\WINDOWS\System32\KERNELBASE.dll
0x00007ff8f55b0000 - 0x00007ff8f565c000 	C:\WINDOWS\System32\ADVAPI32.dll
0x00007ff8f5c00000 - 0x00007ff8f5c9e000 	C:\WINDOWS\System32\msvcrt.dll
0x00007ff8f71b0000 - 0x00007ff8f724b000 	C:\WINDOWS\System32\sechost.dll
0x00007ff8f58e0000 - 0x00007ff8f5a0b000 	C:\WINDOWS\System32\RPCRT4.dll
0x00007ff8f52f0000 - 0x00007ff8f5490000 	C:\WINDOWS\System32\USER32.dll
0x00007ff8f4b30000 - 0x00007ff8f4b52000 	C:\WINDOWS\System32\win32u.dll
0x00007ff8f7170000 - 0x00007ff8f719a000 	C:\WINDOWS\System32\GDI32.dll
0x00007ff8f5060000 - 0x00007ff8f516b000 	C:\WINDOWS\System32\gdi32full.dll
0x00007ff8f4b60000 - 0x00007ff8f4bfd000 	C:\WINDOWS\System32\msvcp_win.dll
0x00007ff8f5170000 - 0x00007ff8f5270000 	C:\WINDOWS\System32\ucrtbase.dll
0x00007ff8e30d0000 - 0x00007ff8e336a000 	C:\WINDOWS\WinSxS\amd64_microsoft.windows.common-controls_6595b64144ccf1df_6.0.19041.844_none_ca00b6081b84eb1d\COMCTL32.dll
0x00007ff8f58b0000 - 0x00007ff8f58e0000 	C:\WINDOWS\System32\IMM32.DLL
0x0000000069e10000 - 0x0000000069ee2000 	C:\Program Files\Android\Android Studio1\jre\jre\bin\msvcr100.dll
0x0000000069fd0000 - 0x000000006a81b000 	C:\Program Files\Android\Android Studio1\jre\jre\bin\server\jvm.dll
0x00007ff8f71a0000 - 0x00007ff8f71a8000 	C:\WINDOWS\System32\PSAPI.DLL
0x00007ff8f0380000 - 0x00007ff8f0389000 	C:\WINDOWS\SYSTEM32\WSOCK32.dll
0x00007ff8e9d80000 - 0x00007ff8e9da7000 	C:\WINDOWS\SYSTEM32\WINMM.dll
0x00007ff8ec280000 - 0x00007ff8ec28a000 	C:\WINDOWS\SYSTEM32\VERSION.dll
0x00007ff8f7100000 - 0x00007ff8f716b000 	C:\WINDOWS\System32\WS2_32.dll
0x00007ff8dcf00000 - 0x00007ff8dcf0f000 	C:\Program Files\Android\Android Studio1\jre\jre\bin\verify.dll
0x00007ff8c8c50000 - 0x00007ff8c8c79000 	C:\Program Files\Android\Android Studio1\jre\jre\bin\java.dll
0x00007ff8ca300000 - 0x00007ff8ca316000 	C:\Program Files\Android\Android Studio1\jre\jre\bin\zip.dll
0x00007ff8f6880000 - 0x00007ff8f6fc2000 	C:\WINDOWS\System32\SHELL32.dll
0x00007ff8f2b20000 - 0x00007ff8f32b0000 	C:\WINDOWS\SYSTEM32\windows.storage.dll
0x00007ff8f6310000 - 0x00007ff8f6665000 	C:\WINDOWS\System32\combase.dll
0x00007ff8f4370000 - 0x00007ff8f439c000 	C:\WINDOWS\SYSTEM32\Wldp.dll
0x00007ff8f61f0000 - 0x00007ff8f629e000 	C:\WINDOWS\System32\SHCORE.dll
0x00007ff8f66d0000 - 0x00007ff8f6725000 	C:\WINDOWS\System32\shlwapi.dll
0x00007ff8f4910000 - 0x00007ff8f492f000 	C:\WINDOWS\SYSTEM32\profapi.dll
0x00007ff8ca000000 - 0x00007ff8ca01a000 	C:\Program Files\Android\Android Studio1\jre\jre\bin\net.dll
0x00007ff8f40e0000 - 0x00007ff8f414a000 	C:\WINDOWS\system32\mswsock.dll
0x00007ff8c9ed0000 - 0x00007ff8c9ee3000 	C:\Program Files\Android\Android Studio1\jre\jre\bin\nio.dll
0x00007ff8ca430000 - 0x00007ff8ca457000 	C:\Users\tegar\.gradle\native\f6784746aeab05261644944871eae4fe03e0ef1612fff0a4a95f87b438bc6780\windows-amd64\native-platform.dll
0x00007ff8dce30000 - 0x00007ff8dce3d000 	C:\Program Files\Android\Android Studio1\jre\jre\bin\management.dll
0x00007ff8f42c0000 - 0x00007ff8f42d8000 	C:\WINDOWS\SYSTEM32\CRYPTSP.dll
0x00007ff8f3a80000 - 0x00007ff8f3ab4000 	C:\WINDOWS\system32\rsaenh.dll
0x00007ff8f4c00000 - 0x00007ff8f4c27000 	C:\WINDOWS\System32\bcrypt.dll
0x00007ff8f48d0000 - 0x00007ff8f48fe000 	C:\WINDOWS\SYSTEM32\USERENV.dll
0x00007ff8f5270000 - 0x00007ff8f52f0000 	C:\WINDOWS\System32\bcryptprimitives.dll
0x00007ff8f42b0000 - 0x00007ff8f42bc000 	C:\WINDOWS\SYSTEM32\CRYPTBASE.dll
0x00007ff8f3dd0000 - 0x00007ff8f3e0b000 	C:\WINDOWS\SYSTEM32\IPHLPAPI.DLL
0x00007ff8f6730000 - 0x00007ff8f6738000 	C:\WINDOWS\System32\NSI.dll
0x00007ff8ec3a0000 - 0x00007ff8ec3b7000 	C:\WINDOWS\SYSTEM32\dhcpcsvc6.DLL
0x00007ff8ec2d0000 - 0x00007ff8ec2ed000 	C:\WINDOWS\SYSTEM32\dhcpcsvc.DLL
0x00007ff8f3e60000 - 0x00007ff8f3f2c000 	C:\WINDOWS\SYSTEM32\DNSAPI.dll
0x00007ff8ec3c0000 - 0x00007ff8ec3cb000 	C:\WINDOWS\SYSTEM32\WINNSI.DLL

VM Arguments:
jvm_args: -Xmx2048m -Dfile.encoding=UTF-8 -Duser.country=ID -Duser.language=en -Duser.variant 
java_command: org.gradle.launcher.daemon.bootstrap.GradleDaemon 6.5
java_class_path (initial): C:\Users\tegar\.gradle\wrapper\dists\gradle-6.5-bin\6nifqtx7604sqp1q6g8wikw7p\gradle-6.5\lib\gradle-launcher-6.5.jar
Launcher Type: SUN_STANDARD

Environment Variables:
PATH=C:\Program Files\Common Files\Oracle\Java\javapath;C:\Windows\system32;C:\Windows;C:\Windows\System32\Wbem;C:\Windows\System32\WindowsPowerShell\v1.0\;C:\Windows\System32\OpenSSH\;C:\Program Files (x86)\NVIDIA Corporation\PhysX\Common;C:\Program Files\NVIDIA Corporation\NVIDIA NvDLISR;C:\Program Files\Git\cmd;C:\WINDOWS\system32;C:\WINDOWS;C:\WINDOWS\System32\Wbem;C:\WINDOWS\System32\WindowsPowerShell\v1.0\;C:\WINDOWS\System32\OpenSSH\;C:\xampp\php;C:\composer;C:\gradle-6.6\bin;C:\Program Files\nodejs\;C:\Users\tegar\AppData\Local\Microsoft\WindowsApps;C:\Users\tegar\AppData\Local\Programs\Microsoft VS Code\bin;C:\Program Files\JetBrains\IntelliJ IDEA Community Edition 2019.3.3\bin;;C:\Project\flutter\bin;C:\Users\tegar\AppData\Local\GitHubDesktop\bin;C:\Users\tegar\AppData\Roaming\Composer\vendor\bin;C:\Users\tegar\AppData\Roaming\npm;C:\Program Files\heroku\bin
USERNAME=tegar
OS=Windows_NT
PROCESSOR_IDENTIFIER=Intel64 Family 6 Model 158 Stepping 13, GenuineIntel



---------------  S Y S T E M  ---------------

OS: Windows 10.0 , 64 bit Build 19041 (10.0.19041.928)

CPU:total 12 (initial active 12) (6 cores per cpu, 2 threads per core) family 6 model 158 stepping 13, cmov, cx8, fxsr, mmx, sse, sse2, sse3, ssse3, sse4.1, sse4.2, popcnt, avx, avx2, aes, clmul, erms, 3dnowpref, lzcnt, ht, tsc, tscinvbit, bmi1, bmi2, adx

Memory: 4k page, physical 16695540k(5013452k free), swap 16695540k(5140k free)

vm_info: OpenJDK 64-Bit Server VM (25.242-b01) for windows-amd64 JRE (1.8.0_242-release-1644-b01), built by "builder" with MS VC++ 10.0 (VS2010)

time: Sun May 23 08:12:09 2021
timezone: SE Asia Standard Time
elapsed time: 1 seconds (0d 0h 0m 1s)

