#
# There is insufficient memory for the Java Runtime Environment to continue.
# Native memory allocation (malloc) failed to allocate 1558832 bytes for Chunk::new
# Possible reasons:
#   The system is out of physical RAM or swap space
#   The process is running with CompressedOops enabled, and the Java Heap may be blocking the growth of the native heap
# Possible solutions:
#   Reduce memory load on the system
#   Increase physical memory or swap space
#   Check if swap backing store is full
#   Decrease Java heap size (-Xmx/-Xms)
#   Decrease number of Java threads
#   Decrease Java thread stack sizes (-Xss)
#   Set larger code cache with -XX:ReservedCodeCacheSize=
#   JVM is running with Unscaled Compressed Oops mode in which the Java heap is
#     placed in the first 4GB address space. The Java Heap base address is the
#     maximum limit for the native heap growth. Please use -XX:HeapBaseMinAddress
#     to set the Java Heap base and to place the Java Heap above 4GB virtual address.
# This output file may be truncated or incomplete.
#
#  Out of Memory Error (allocation.cpp:389), pid=18024, tid=0x0000000000005718
#
# JRE version: OpenJDK Runtime Environment (8.0_242-b01) (build 1.8.0_242-release-1644-b01)
# Java VM: OpenJDK 64-Bit Server VM (25.242-b01 mixed mode windows-amd64 compressed oops)
# Failed to write core dump. Minidumps are not enabled by default on client versions of Windows
#

---------------  T H R E A D  ---------------

Current thread (0x0000000019185000):  JavaThread "C2 CompilerThread0" daemon [_thread_in_native, id=22296, stack(0x000000001a7d0000,0x000000001a8d0000)]

Stack: [0x000000001a7d0000,0x000000001a8d0000]
[error occurred during error reporting (printing stack bounds), id 0xc0000005]

Native frames: (J=compiled Java code, j=interpreted, Vv=VM code, C=native code)


Current CompileTask:
C2:   3355 2586       4       groovy.lang.MetaClassImpl$1MOPIter::methodNameAction (325 bytes)


---------------  P R O C E S S  ---------------

Java Threads: ( => current thread )
  0x00000000191a6000 JavaThread "Cache worker for file content cache (C:\Users\tegar\.gradle\caches\6.5\fileContent)" [_thread_blocked, id=284, stack(0x00000000241b0000,0x00000000242b0000)]
  0x00000000191a4800 JavaThread "jar transforms" [_thread_blocked, id=21544, stack(0x00000000240b0000,0x00000000241b0000)]
  0x00000000191a1000 JavaThread "Cache worker for execution history cache (C:\Users\tegar\.gradle\caches\6.5\executionHistory)" [_thread_blocked, id=29524, stack(0x00000000228e0000,0x00000000229e0000)]
  0x00000000191a5800 JavaThread "Cache worker for cache directory md-rule (C:\Users\tegar\.gradle\caches\6.5\md-rule)" [_thread_blocked, id=4360, stack(0x00000000227e0000,0x00000000228e0000)]
  0x00000000191a4000 JavaThread "Cache worker for cache directory md-supplier (C:\Users\tegar\.gradle\caches\6.5\md-supplier)" [_thread_blocked, id=27400, stack(0x0000000021490000,0x0000000021590000)]
  0x00000000191a2800 JavaThread "Cache worker for checksums cache (C:\Users\tegar\AndroidStudioProjects\FootballApp\.gradle\checksums)" [_thread_blocked, id=20984, stack(0x0000000021390000,0x0000000021490000)]
  0x00000000191a7800 JavaThread "Cache worker for file hash cache (C:\Users\tegar\AndroidStudioProjects\FootballApp\.gradle\6.5\fileHashes)" [_thread_blocked, id=8100, stack(0x0000000022be0000,0x0000000022ce0000)]
  0x00000000191a1800 JavaThread "Cache worker for file hash cache (C:\Users\tegar\.gradle\caches\6.5\fileHashes)" [_thread_blocked, id=28512, stack(0x000000001eef0000,0x000000001eff0000)]
  0x00000000191a7000 JavaThread "File lock request listener" [_thread_in_native, id=21920, stack(0x000000001edf0000,0x000000001eef0000)]
  0x000000001cab4800 JavaThread "Cache worker for journal cache (C:\Users\tegar\.gradle\caches\journal-1)" [_thread_blocked, id=24932, stack(0x000000001ecf0000,0x000000001edf0000)]
  0x000000001cab8000 JavaThread "Thread-9" [_thread_blocked, id=28476, stack(0x000000001e9f0000,0x000000001eaf0000)]
  0x000000001cab6800 JavaThread "Stdin handler" [_thread_blocked, id=16928, stack(0x000000001e8f0000,0x000000001e9f0000)]
  0x000000001cab5800 JavaThread "Asynchronous log dispatcher for DefaultDaemonConnection: socket connection from /127.0.0.1:64180 to /127.0.0.1:64181" [_thread_blocked, id=28724, stack(0x000000001e7f0000,0x000000001e8f0000)]
  0x000000001cac6000 JavaThread "Daemon worker" [_thread_in_vm, id=11028, stack(0x000000001e6f0000,0x000000001e7f0000)]
  0x000000001cac4800 JavaThread "Cancel handler" [_thread_blocked, id=20476, stack(0x000000001e5f0000,0x000000001e6f0000)]
  0x000000001c980000 JavaThread "Handler for socket connection from /127.0.0.1:64180 to /127.0.0.1:64181" [_thread_in_native, id=11116, stack(0x000000001e4f0000,0x000000001e5f0000)]
  0x000000001c97b000 JavaThread "Daemon" [_thread_blocked, id=4948, stack(0x000000001e0f0000,0x000000001e1f0000)]
  0x000000001c9e4000 JavaThread "Daemon periodic checks" [_thread_blocked, id=10456, stack(0x000000001dff0000,0x000000001e0f0000)]
  0x000000001c91b800 JavaThread "Incoming local TCP Connector on port 64180" [_thread_in_native, id=29316, stack(0x000000001ddb0000,0x000000001deb0000)]
  0x000000001c929800 JavaThread "Daemon health stats" [_thread_blocked, id=16712, stack(0x000000001d770000,0x000000001d870000)]
  0x000000001922f000 JavaThread "Service Thread" daemon [_thread_blocked, id=19844, stack(0x000000001abd0000,0x000000001acd0000)]
  0x00000000191a3000 JavaThread "C1 CompilerThread3" daemon [_thread_blocked, id=13560, stack(0x000000001aad0000,0x000000001abd0000)]
  0x000000001919f000 JavaThread "C2 CompilerThread2" daemon [_thread_in_native, id=348, stack(0x000000001a9d0000,0x000000001aad0000)]
  0x000000001918f800 JavaThread "C2 CompilerThread1" daemon [_thread_blocked, id=29520, stack(0x000000001a8d0000,0x000000001a9d0000)]
=>0x0000000019185000 JavaThread "C2 CompilerThread0" daemon [_thread_in_native, id=22296, stack(0x000000001a7d0000,0x000000001a8d0000)]
  0x0000000019182800 JavaThread "Attach Listener" daemon [_thread_blocked, id=1240, stack(0x000000001a6d0000,0x000000001a7d0000)]
  0x0000000019181000 JavaThread "Signal Dispatcher" daemon [_thread_blocked, id=860, stack(0x000000001a5d0000,0x000000001a6d0000)]
  0x000000000283a800 JavaThread "Finalizer" daemon [_thread_blocked, id=13904, stack(0x000000001a3d0000,0x000000001a4d0000)]
  0x0000000019173000 JavaThread "Reference Handler" daemon [_thread_blocked, id=29444, stack(0x000000001a2d0000,0x000000001a3d0000)]
  0x000000000273e800 JavaThread "main" [_thread_blocked, id=24008, stack(0x0000000002590000,0x0000000002690000)]

Other Threads:
  0x0000000017aa5800 VMThread [stack: 0x000000001a1d0000,0x000000001a2d0000] [id=27404]
  0x0000000019231000 WatcherThread [stack: 0x000000001acd0000,0x000000001add0000] [id=14092]

VM state:not at safepoint (normal execution)

VM Mutex/Monitor currently owned by a thread: None

heap address: 0x0000000080000000, size: 2048 MB, Compressed Oops mode: 32-bit
Narrow klass base: 0x0000000000000000, Narrow klass shift: 3
Compressed class space size: 1073741824 Address: 0x0000000100000000

Heap:
 PSYoungGen      total 120320K, used 41053K [0x00000000d5580000, 0x00000000e1e80000, 0x0000000100000000)
  eden space 108032K, 38% used [0x00000000d5580000,0x00000000d7d977a8,0x00000000dbf00000)
  from space 12288K, 0% used [0x00000000dbf00000,0x00000000dbf00000,0x00000000dcb00000)
  to   space 11776K, 0% used [0x00000000e1300000,0x00000000e1300000,0x00000000e1e80000)
 ParOldGen       total 143360K, used 15410K [0x0000000080000000, 0x0000000088c00000, 0x00000000d5580000)
  object space 143360K, 10% used [0x0000000080000000,0x0000000080f0caa0,0x0000000088c00000)
 Metaspace       used 36172K, capacity 37596K, committed 37928K, reserved 1081344K
  class space    used 4976K, capacity 5318K, committed 5424K, reserved 1048576K

Card table byte_map: [0x0000000011c00000,0x0000000012010000] byte_map_base: 0x0000000011800000

Marking Bits: (ParMarkBitMap*) 0x000000006a73f030
 Begin Bits: [0x0000000012cc0000, 0x0000000014cc0000)
 End Bits:   [0x0000000014cc0000, 0x0000000016cc0000)

Polling page: 0x0000000000780000

CodeCache: size=245760Kb used=11724Kb max_used=11736Kb free=234035Kb
 bounds [0x0000000002840000, 0x00000000033c0000, 0x0000000011840000]
 total_blobs=4022 nmethods=3323 adapters=612
 compilation: enabled

Compilation events (10 events):
Event: 3.352 Thread 0x00000000191a3000 nmethod 3310 0x00000000033acc10 code [0x00000000033acda0, 0x00000000033ad268]
Event: 3.352 Thread 0x00000000191a3000 3311       1       org.gradle.api.internal.artifacts.ivyservice.resolveengine.result.DefaultComponentSelectionDescriptor::getCause (5 bytes)
Event: 3.353 Thread 0x00000000191a3000 nmethod 3311 0x00000000033ad3d0 code [0x00000000033ad520, 0x00000000033ad630]
Event: 3.353 Thread 0x00000000191a3000 3312       3       org.gradle.api.internal.artifacts.ivyservice.resolveengine.result.ComponentIdentifierSerializer::write (429 bytes)
Event: 3.354 Thread 0x00000000191a3000 nmethod 3312 0x00000000033ad690 code [0x00000000033adbe0, 0x00000000033b0fa8]
Event: 3.354 Thread 0x00000000191a3000 3315       3       org.gradle.api.internal.artifacts.ivyservice.resolveengine.graph.builder.NodeState::isSelected (18 bytes)
Event: 3.354 Thread 0x00000000191a3000 nmethod 3315 0x00000000033b2390 code [0x00000000033b2500, 0x00000000033b2768]
Event: 3.354 Thread 0x00000000191a3000 3313       3       org.gradle.internal.serialize.kryo.StringDeduplicatingKryoBackedEncoder::writeSmallLong (11 bytes)
Event: 3.354 Thread 0x00000000191a3000 nmethod 3313 0x00000000033b2810 code [0x00000000033b2980, 0x00000000033b2ba8]
Event: 3.354 Thread 0x00000000191a3000 3314   !   3       org.gradle.api.internal.artifacts.ivyservice.resolveengine.store.DefaultBinaryStore::write (127 bytes)

GC Heap History (10 events):
Event: 2.071 GC heap before
{Heap before GC invocations=5 (full 1):
 PSYoungGen      total 76288K, used 7500K [0x00000000d5580000, 0x00000000dea80000, 0x0000000100000000)
  eden space 65536K, 0% used [0x00000000d5580000,0x00000000d5580000,0x00000000d9580000)
  from space 10752K, 69% used [0x00000000da000000,0x00000000da7533f0,0x00000000daa80000)
  to   space 10752K, 0% used [0x00000000d9580000,0x00000000d9580000,0x00000000da000000)
 ParOldGen       total 175104K, used 905K [0x0000000080000000, 0x000000008ab00000, 0x00000000d5580000)
  object space 175104K, 0% used [0x0000000080000000,0x00000000800e2650,0x000000008ab00000)
 Metaspace       used 20588K, capacity 21224K, committed 21296K, reserved 1067008K
  class space    used 2876K, capacity 3076K, committed 3120K, reserved 1048576K
Event: 2.096 GC heap after
Heap after GC invocations=5 (full 1):
 PSYoungGen      total 76288K, used 0K [0x00000000d5580000, 0x00000000dea80000, 0x0000000100000000)
  eden space 65536K, 0% used [0x00000000d5580000,0x00000000d5580000,0x00000000d9580000)
  from space 10752K, 0% used [0x00000000da000000,0x00000000da000000,0x00000000daa80000)
  to   space 10752K, 0% used [0x00000000d9580000,0x00000000d9580000,0x00000000da000000)
 ParOldGen       total 93696K, used 7285K [0x0000000080000000, 0x0000000085b80000, 0x00000000d5580000)
  object space 93696K, 7% used [0x0000000080000000,0x000000008071d5e8,0x0000000085b80000)
 Metaspace       used 20588K, capacity 21224K, committed 21296K, reserved 1067008K
  class space    used 2876K, capacity 3076K, committed 3120K, reserved 1048576K
}
Event: 2.508 GC heap before
{Heap before GC invocations=6 (full 1):
 PSYoungGen      total 76288K, used 65536K [0x00000000d5580000, 0x00000000dea80000, 0x0000000100000000)
  eden space 65536K, 100% used [0x00000000d5580000,0x00000000d9580000,0x00000000d9580000)
  from space 10752K, 0% used [0x00000000da000000,0x00000000da000000,0x00000000daa80000)
  to   space 10752K, 0% used [0x00000000d9580000,0x00000000d9580000,0x00000000da000000)
 ParOldGen       total 93696K, used 7285K [0x0000000080000000, 0x0000000085b80000, 0x00000000d5580000)
  object space 93696K, 7% used [0x0000000080000000,0x000000008071d5e8,0x0000000085b80000)
 Metaspace       used 28597K, capacity 29444K, committed 29616K, reserved 1075200K
  class space    used 3957K, capacity 4188K, committed 4272K, reserved 1048576K
Event: 2.512 GC heap after
Heap after GC invocations=6 (full 1):
 PSYoungGen      total 76288K, used 8292K [0x00000000d5580000, 0x00000000dd800000, 0x0000000100000000)
  eden space 65536K, 0% used [0x00000000d5580000,0x00000000d5580000,0x00000000d9580000)
  from space 10752K, 77% used [0x00000000d9580000,0x00000000d9d99118,0x00000000da000000)
  to   space 12288K, 0% used [0x00000000dcc00000,0x00000000dcc00000,0x00000000dd800000)
 ParOldGen       total 93696K, used 7293K [0x0000000080000000, 0x0000000085b80000, 0x00000000d5580000)
  object space 93696K, 7% used [0x0000000080000000,0x000000008071f5e8,0x0000000085b80000)
 Metaspace       used 28597K, capacity 29444K, committed 29616K, reserved 1075200K
  class space    used 3957K, capacity 4188K, committed 4272K, reserved 1048576K
}
Event: 2.859 GC heap before
{Heap before GC invocations=7 (full 1):
 PSYoungGen      total 76288K, used 73828K [0x00000000d5580000, 0x00000000dd800000, 0x0000000100000000)
  eden space 65536K, 100% used [0x00000000d5580000,0x00000000d9580000,0x00000000d9580000)
  from space 10752K, 77% used [0x00000000d9580000,0x00000000d9d99118,0x00000000da000000)
  to   space 12288K, 0% used [0x00000000dcc00000,0x00000000dcc00000,0x00000000dd800000)
 ParOldGen       total 93696K, used 7293K [0x0000000080000000, 0x0000000085b80000, 0x00000000d5580000)
  object space 93696K, 7% used [0x0000000080000000,0x000000008071f5e8,0x0000000085b80000)
 Metaspace       used 32720K, capacity 33802K, committed 33968K, reserved 1079296K
  class space    used 4463K, capacity 4751K, committed 4784K, reserved 1048576K
Event: 2.866 GC heap after
Heap after GC invocations=7 (full 1):
 PSYoungGen      total 119296K, used 9704K [0x00000000d5580000, 0x00000000dd700000, 0x0000000100000000)
  eden space 108032K, 0% used [0x00000000d5580000,0x00000000d5580000,0x00000000dbf00000)
  from space 11264K, 86% used [0x00000000dcc00000,0x00000000dd57a378,0x00000000dd700000)
  to   space 12288K, 0% used [0x00000000dbf00000,0x00000000dbf00000,0x00000000dcb00000)
 ParOldGen       total 93696K, used 7301K [0x0000000080000000, 0x0000000085b80000, 0x00000000d5580000)
  object space 93696K, 7% used [0x0000000080000000,0x00000000807215e8,0x0000000085b80000)
 Metaspace       used 32720K, capacity 33802K, committed 33968K, reserved 1079296K
  class space    used 4463K, capacity 4751K, committed 4784K, reserved 1048576K
}
Event: 3.023 GC heap before
{Heap before GC invocations=8 (full 1):
 PSYoungGen      total 119296K, used 45672K [0x00000000d5580000, 0x00000000dd700000, 0x0000000100000000)
  eden space 108032K, 33% used [0x00000000d5580000,0x00000000d789fdf8,0x00000000dbf00000)
  from space 11264K, 86% used [0x00000000dcc00000,0x00000000dd57a378,0x00000000dd700000)
  to   space 12288K, 0% used [0x00000000dbf00000,0x00000000dbf00000,0x00000000dcb00000)
 ParOldGen       total 93696K, used 7301K [0x0000000080000000, 0x0000000085b80000, 0x00000000d5580000)
  object space 93696K, 7% used [0x0000000080000000,0x00000000807215e8,0x0000000085b80000)
 Metaspace       used 34306K, capacity 35466K, committed 35496K, reserved 1079296K
  class space    used 4721K, capacity 5015K, committed 5040K, reserved 1048576K
Event: 3.029 GC heap after
Heap after GC invocations=8 (full 1):
 PSYoungGen      total 120320K, used 9003K [0x00000000d5580000, 0x00000000e1e80000, 0x0000000100000000)
  eden space 108032K, 0% used [0x00000000d5580000,0x00000000d5580000,0x00000000dbf00000)
  from space 12288K, 73% used [0x00000000dbf00000,0x00000000dc7caf60,0x00000000dcb00000)
  to   space 11776K, 0% used [0x00000000e1300000,0x00000000e1300000,0x00000000e1e80000)
 ParOldGen       total 93696K, used 7309K [0x0000000080000000, 0x0000000085b80000, 0x00000000d5580000)
  object space 93696K, 7% used [0x0000000080000000,0x00000000807235e8,0x0000000085b80000)
 Metaspace       used 34306K, capacity 35466K, committed 35496K, reserved 1079296K
  class space    used 4721K, capacity 5015K, committed 5040K, reserved 1048576K
}
Event: 3.029 GC heap before
{Heap before GC invocations=9 (full 2):
 PSYoungGen      total 120320K, used 9003K [0x00000000d5580000, 0x00000000e1e80000, 0x0000000100000000)
  eden space 108032K, 0% used [0x00000000d5580000,0x00000000d5580000,0x00000000dbf00000)
  from space 12288K, 73% used [0x00000000dbf00000,0x00000000dc7caf60,0x00000000dcb00000)
  to   space 11776K, 0% used [0x00000000e1300000,0x00000000e1300000,0x00000000e1e80000)
 ParOldGen       total 93696K, used 7309K [0x0000000080000000, 0x0000000085b80000, 0x00000000d5580000)
  object space 93696K, 7% used [0x0000000080000000,0x00000000807235e8,0x0000000085b80000)
 Metaspace       used 34306K, capacity 35466K, committed 35496K, reserved 1079296K
  class space    used 4721K, capacity 5015K, committed 5040K, reserved 1048576K
Event: 3.064 GC heap after
Heap after GC invocations=9 (full 2):
 PSYoungGen      total 120320K, used 0K [0x00000000d5580000, 0x00000000e1e80000, 0x0000000100000000)
  eden space 108032K, 0% used [0x00000000d5580000,0x00000000d5580000,0x00000000dbf00000)
  from space 12288K, 0% used [0x00000000dbf00000,0x00000000dbf00000,0x00000000dcb00000)
  to   space 11776K, 0% used [0x00000000e1300000,0x00000000e1300000,0x00000000e1e80000)
 ParOldGen       total 143360K, used 15410K [0x0000000080000000, 0x0000000088c00000, 0x00000000d5580000)
  object space 143360K, 10% used [0x0000000080000000,0x0000000080f0caa0,0x0000000088c00000)
 Metaspace       used 34306K, capacity 35466K, committed 35496K, reserved 1079296K
  class space    used 4721K, capacity 5015K, committed 5040K, reserved 1048576K
}

Deoptimization events (10 events):
Event: 2.314 Thread 0x000000001cac6000 Uncommon trap: reason=unstable_if action=reinterpret pc=0x0000000002d9676c method=java.util.HashMap.putVal(ILjava/lang/Object;Ljava/lang/Object;ZZ)Ljava/lang/Object; @ 162
Event: 2.513 Thread 0x0000000019173000 Uncommon trap: reason=unstable_if action=reinterpret pc=0x0000000002e2693c method=java.lang.ref.Reference.tryHandlePending(Z)Z @ 104
Event: 2.528 Thread 0x000000001cac6000 Uncommon trap: reason=unstable_if action=reinterpret pc=0x0000000002e2e534 method=java.net.URLClassLoader.defineClass(Ljava/lang/String;Lsun/misc/Resource;)Ljava/lang/Class; @ 21
Event: 2.529 Thread 0x000000001cac6000 Uncommon trap: reason=unstable_if action=reinterpret pc=0x0000000002d2bf74 method=java.lang.ClassLoader.getClassLoadingLock(Ljava/lang/String;)Ljava/lang/Object; @ 6
Event: 2.688 Thread 0x000000001cac6000 Uncommon trap: reason=unstable_if action=reinterpret pc=0x0000000002dd7c04 method=java.util.HashMap.getNode(ILjava/lang/Object;)Ljava/util/HashMap$Node; @ 53
Event: 2.735 Thread 0x000000001cac6000 Uncommon trap: reason=unstable_if action=reinterpret pc=0x000000000313c4c4 method=org.gradle.internal.reflect.PropertyAccessorType.isGetGetterName(Ljava/lang/String;)Z @ 14
Event: 2.748 Thread 0x000000001cac6000 Uncommon trap: reason=unstable_if action=reinterpret pc=0x0000000002f24ac0 method=org.objectweb.asm.ByteVector.putShort(I)Lorg/objectweb/asm/ByteVector; @ 13
Event: 2.789 Thread 0x000000001cac6000 Uncommon trap: reason=unstable_if action=reinterpret pc=0x0000000002e7fa54 method=java.net.URLClassLoader.defineClass(Ljava/lang/String;Lsun/misc/Resource;)Ljava/lang/Class; @ 21
Event: 2.822 Thread 0x000000001cac6000 Uncommon trap: reason=unstable_if action=reinterpret pc=0x00000000031d7afc method=org.codehaus.groovy.runtime.metaclass.MetaMethodIndex.addMethodToList(Ljava/lang/Object;Lgroovy/lang/MetaMethod;)Ljava/lang/Object; @ 226
Event: 2.953 Thread 0x000000001cac6000 Uncommon trap: reason=predicate action=maybe_recompile pc=0x0000000002db7e48 method=com.google.common.base.CharMatcher.indexIn(Ljava/lang/CharSequence;I)I @ 22

Classes redefined (0 events):
No events

Internal exceptions (10 events):
Event: 2.951 Thread 0x000000001cac6000 Exception <a 'java/lang/ClassNotFoundException': org/gradle/plugin/use/internal/PluginRequestCollector$PluginDependenciesSpecImplBeanInfo> (0x00000000d67b54c8) thrown at [C:\src\AOSP-openjdk-git\hotspot\src\share\vm\classfile\systemDictionary.cpp, line 21
Event: 2.952 Thread 0x000000001cac6000 Exception <a 'java/lang/ClassNotFoundException': org/gradle/plugin/use/internal/PluginRequestCollector$PluginDependenciesSpecImplCustomizer> (0x00000000d67f5408) thrown at [C:\src\AOSP-openjdk-git\hotspot\src\share\vm\classfile\systemDictionary.cpp, line 
Event: 2.953 Thread 0x000000001cac6000 Exception <a 'java/lang/ClassNotFoundException': org/gradle/plugin/use/internal/PluginRequestCollector$PluginDependencySpecImplBeanInfo> (0x00000000d6864998) thrown at [C:\src\AOSP-openjdk-git\hotspot\src\share\vm\classfile\systemDictionary.cpp, line 210]
Event: 2.954 Thread 0x000000001cac6000 Exception <a 'java/lang/ClassNotFoundException': org/gradle/plugin/use/internal/PluginRequestCollector$PluginDependencySpecImplCustomizer> (0x00000000d68a4808) thrown at [C:\src\AOSP-openjdk-git\hotspot\src\share\vm\classfile\systemDictionary.cpp, line 21
Event: 2.995 Thread 0x000000001cac6000 Exception <a 'java/lang/NoSuchMethodError': java.lang.Object.lambda$static$0(Lorg/gradle/api/internal/artifacts/configurations/MutationValidator$MutationType;)V> (0x00000000d7078c58) thrown at [C:\src\AOSP-openjdk-git\hotspot\src\share\vm\interpreter\link
Event: 3.091 Thread 0x000000001cac6000 Exception <a 'java/lang/NoSuchMethodError': java.lang.Object.lambda$static$0(Lorg/gradle/internal/component/model/DependencyMetadata;)Lorg/gradle/api/internal/artifacts/ivyservice/dependencysubstitution/DependencySubstitutionApplicator$SubstitutionResult;
Event: 3.108 Thread 0x000000001cac6000 Exception <a 'java/lang/IncompatibleClassChangeError': Found class java.lang.Object, but interface was expected> (0x00000000d618bde0) thrown at [C:\src\AOSP-openjdk-git\hotspot\src\share\vm\interpreter\linkResolver.cpp, line 653]
Event: 3.109 Thread 0x000000001cac6000 Exception <a 'java/lang/NoSuchMethodError': java.lang.Object.lambda$thenComparing$36697e65$1(Ljava/util/Comparator;Ljava/lang/Object;Ljava/lang/Object;)I> (0x00000000d6197890) thrown at [C:\src\AOSP-openjdk-git\hotspot\src\share\vm\interpreter\linkResolve
Event: 3.158 Thread 0x000000001cac6000 Exception <a 'java/lang/NoSuchMethodError': java.lang.Object.lambda$static$0()Z> (0x00000000d6c1d7c0) thrown at [C:\src\AOSP-openjdk-git\hotspot\src\share\vm\interpreter\linkResolver.cpp, line 620]
Event: 3.175 Thread 0x000000001cac6000 Exception <a 'java/lang/NoSuchMethodError': java.lang.Object.lambda$static$0(Lorg/gradle/api/internal/artifacts/ivyservice/resolveengine/artifact/ArtifactVisitor;)V> (0x00000000d6fae380) thrown at [C:\src\AOSP-openjdk-git\hotspot\src\share\vm\interpreter\

Events (10 events):
Event: 3.340 loading class org/gradle/api/internal/artifacts/ivyservice/resolveengine/excludes/specs/ModuleIdSetExclude
Event: 3.340 loading class org/gradle/api/internal/artifacts/ivyservice/resolveengine/excludes/specs/ModuleIdSetExclude done
Event: 3.341 loading class org/gradle/api/artifacts/ModuleIdentifier
Event: 3.341 loading class org/gradle/api/artifacts/ModuleIdentifier done
Event: 3.341 loading class org/gradle/api/internal/artifacts/ivyservice/resolveengine/excludes/specs/ModuleIdExclude
Event: 3.341 loading class org/gradle/api/internal/artifacts/ivyservice/resolveengine/excludes/specs/ModuleIdExclude done
Event: 3.341 loading class org/gradle/api/internal/artifacts/ivyservice/resolveengine/excludes/simple/DefaultModuleIdSetExclude
Event: 3.341 loading class org/gradle/api/internal/artifacts/ivyservice/resolveengine/excludes/simple/DefaultModuleIdSetExclude done
Event: 3.341 loading class org/gradle/api/internal/artifacts/ivyservice/resolveengine/excludes/factories/ExcludeFactory
Event: 3.341 loading class org/gradle/api/internal/artifacts/ivyservice/resolveengine/excludes/factories/ExcludeFactory done


Dynamic libraries:
0x00007ff6705a0000 - 0x00007ff6705d1000 	C:\Program Files\Android\Android Studio1\jre\bin\java.exe
0x00007ff8f7290000 - 0x00007ff8f7485000 	C:\WINDOWS\SYSTEM32\ntdll.dll
0x00007ff8f5b40000 - 0x00007ff8f5bfd000 	C:\WINDOWS\System32\KERNEL32.DLL
0x00007ff8f4d40000 - 0x00007ff8f5008000 	C:\WINDOWS\System32\KERNELBASE.dll
0x00007ff8f55b0000 - 0x00007ff8f565c000 	C:\WINDOWS\System32\ADVAPI32.dll
0x00007ff8f5c00000 - 0x00007ff8f5c9e000 	C:\WINDOWS\System32\msvcrt.dll
0x00007ff8f71b0000 - 0x00007ff8f724b000 	C:\WINDOWS\System32\sechost.dll
0x00007ff8f58e0000 - 0x00007ff8f5a0b000 	C:\WINDOWS\System32\RPCRT4.dll
0x00007ff8f52f0000 - 0x00007ff8f5490000 	C:\WINDOWS\System32\USER32.dll
0x00007ff8f4b30000 - 0x00007ff8f4b52000 	C:\WINDOWS\System32\win32u.dll
0x00007ff8f7170000 - 0x00007ff8f719a000 	C:\WINDOWS\System32\GDI32.dll
0x00007ff8f5060000 - 0x00007ff8f516b000 	C:\WINDOWS\System32\gdi32full.dll
0x00007ff8f4b60000 - 0x00007ff8f4bfd000 	C:\WINDOWS\System32\msvcp_win.dll
0x00007ff8f5170000 - 0x00007ff8f5270000 	C:\WINDOWS\System32\ucrtbase.dll
0x00007ff8e30d0000 - 0x00007ff8e336a000 	C:\WINDOWS\WinSxS\amd64_microsoft.windows.common-controls_6595b64144ccf1df_6.0.19041.844_none_ca00b6081b84eb1d\COMCTL32.dll
0x00007ff8f58b0000 - 0x00007ff8f58e0000 	C:\WINDOWS\System32\IMM32.DLL
0x0000000069c00000 - 0x0000000069cd2000 	C:\Program Files\Android\Android Studio1\jre\jre\bin\msvcr100.dll
0x0000000069f70000 - 0x000000006a7bb000 	C:\Program Files\Android\Android Studio1\jre\jre\bin\server\jvm.dll
0x00007ff8f71a0000 - 0x00007ff8f71a8000 	C:\WINDOWS\System32\PSAPI.DLL
0x00007ff8ec280000 - 0x00007ff8ec28a000 	C:\WINDOWS\SYSTEM32\VERSION.dll
0x00007ff8e9d80000 - 0x00007ff8e9da7000 	C:\WINDOWS\SYSTEM32\WINMM.dll
0x00007ff8f1720000 - 0x00007ff8f1729000 	C:\WINDOWS\SYSTEM32\WSOCK32.dll
0x00007ff8f7100000 - 0x00007ff8f716b000 	C:\WINDOWS\System32\WS2_32.dll
0x00007ff8f06f0000 - 0x00007ff8f06ff000 	C:\Program Files\Android\Android Studio1\jre\jre\bin\verify.dll
0x00007ff8ee580000 - 0x00007ff8ee5a9000 	C:\Program Files\Android\Android Studio1\jre\jre\bin\java.dll
0x00007ff8ed8c0000 - 0x00007ff8ed8d6000 	C:\Program Files\Android\Android Studio1\jre\jre\bin\zip.dll
0x00007ff8f6880000 - 0x00007ff8f6fc2000 	C:\WINDOWS\System32\SHELL32.dll
0x00007ff8f2b20000 - 0x00007ff8f32b0000 	C:\WINDOWS\SYSTEM32\windows.storage.dll
0x00007ff8f6310000 - 0x00007ff8f6665000 	C:\WINDOWS\System32\combase.dll
0x00007ff8f4370000 - 0x00007ff8f439c000 	C:\WINDOWS\SYSTEM32\Wldp.dll
0x00007ff8f61f0000 - 0x00007ff8f629e000 	C:\WINDOWS\System32\SHCORE.dll
0x00007ff8f66d0000 - 0x00007ff8f6725000 	C:\WINDOWS\System32\shlwapi.dll
0x00007ff8f4910000 - 0x00007ff8f492f000 	C:\WINDOWS\SYSTEM32\profapi.dll
0x00007ff8ecdc0000 - 0x00007ff8ecdda000 	C:\Program Files\Android\Android Studio1\jre\jre\bin\net.dll
0x00007ff8f40e0000 - 0x00007ff8f414a000 	C:\WINDOWS\system32\mswsock.dll
0x00007ff8ecda0000 - 0x00007ff8ecdb3000 	C:\Program Files\Android\Android Studio1\jre\jre\bin\nio.dll
0x00007ff8f0760000 - 0x00007ff8f0787000 	C:\Users\tegar\.gradle\native\f6784746aeab05261644944871eae4fe03e0ef1612fff0a4a95f87b438bc6780\windows-amd64\native-platform.dll
0x00007ff8eecf0000 - 0x00007ff8eecfd000 	C:\Program Files\Android\Android Studio1\jre\jre\bin\management.dll
0x00007ff8f42c0000 - 0x00007ff8f42d8000 	C:\WINDOWS\SYSTEM32\CRYPTSP.dll
0x00007ff8f3a80000 - 0x00007ff8f3ab4000 	C:\WINDOWS\system32\rsaenh.dll
0x00007ff8f4c00000 - 0x00007ff8f4c27000 	C:\WINDOWS\System32\bcrypt.dll
0x00007ff8f48d0000 - 0x00007ff8f48fe000 	C:\WINDOWS\SYSTEM32\USERENV.dll
0x00007ff8f5270000 - 0x00007ff8f52f0000 	C:\WINDOWS\System32\bcryptprimitives.dll
0x00007ff8f42b0000 - 0x00007ff8f42bc000 	C:\WINDOWS\SYSTEM32\CRYPTBASE.dll
0x00007ff8f3dd0000 - 0x00007ff8f3e0b000 	C:\WINDOWS\SYSTEM32\IPHLPAPI.DLL
0x00007ff8f6730000 - 0x00007ff8f6738000 	C:\WINDOWS\System32\NSI.dll
0x00007ff8ec3a0000 - 0x00007ff8ec3b7000 	C:\WINDOWS\SYSTEM32\dhcpcsvc6.DLL
0x00007ff8ec2d0000 - 0x00007ff8ec2ed000 	C:\WINDOWS\SYSTEM32\dhcpcsvc.DLL
0x00007ff8f3e60000 - 0x00007ff8f3f2c000 	C:\WINDOWS\SYSTEM32\DNSAPI.dll
0x00007ff8ec3c0000 - 0x00007ff8ec3cb000 	C:\WINDOWS\SYSTEM32\WINNSI.DLL

VM Arguments:
jvm_args: -Xmx2048m -Dfile.encoding=UTF-8 -Duser.country=ID -Duser.language=en -Duser.variant 
java_command: org.gradle.launcher.daemon.bootstrap.GradleDaemon 6.5
java_class_path (initial): C:\Users\tegar\.gradle\wrapper\dists\gradle-6.5-bin\6nifqtx7604sqp1q6g8wikw7p\gradle-6.5\lib\gradle-launcher-6.5.jar
Launcher Type: SUN_STANDARD

Environment Variables:
PATH=C:\Program Files\Common Files\Oracle\Java\javapath;C:\Windows\system32;C:\Windows;C:\Windows\System32\Wbem;C:\Windows\System32\WindowsPowerShell\v1.0\;C:\Windows\System32\OpenSSH\;C:\Program Files (x86)\NVIDIA Corporation\PhysX\Common;C:\Program Files\NVIDIA Corporation\NVIDIA NvDLISR;C:\Program Files\Git\cmd;C:\WINDOWS\system32;C:\WINDOWS;C:\WINDOWS\System32\Wbem;C:\WINDOWS\System32\WindowsPowerShell\v1.0\;C:\WINDOWS\System32\OpenSSH\;C:\xampp\php;C:\composer;C:\gradle-6.6\bin;C:\Program Files\nodejs\;C:\Users\tegar\AppData\Local\Microsoft\WindowsApps;C:\Users\tegar\AppData\Local\Programs\Microsoft VS Code\bin;C:\Program Files\JetBrains\IntelliJ IDEA Community Edition 2019.3.3\bin;;C:\Project\flutter\bin;C:\Users\tegar\AppData\Local\GitHubDesktop\bin;C:\Users\tegar\AppData\Roaming\Composer\vendor\bin;C:\Users\tegar\AppData\Roaming\npm;C:\Program Files\heroku\bin
USERNAME=tegar
OS=Windows_NT
PROCESSOR_IDENTIFIER=Intel64 Family 6 Model 158 Stepping 13, GenuineIntel



---------------  S Y S T E M  ---------------

OS: Windows 10.0 , 64 bit Build 19041 (10.0.19041.928)

CPU:total 12 (initial active 12) (6 cores per cpu, 2 threads per core) family 6 model 158 stepping 13, cmov, cx8, fxsr, mmx, sse, sse2, sse3, ssse3, sse4.1, sse4.2, popcnt, avx, avx2, aes, clmul, erms, 3dnowpref, lzcnt, ht, tsc, tscinvbit, bmi1, bmi2, adx

Memory: 4k page, physical 16695540k(5084440k free), swap 16695540k(5308k free)

vm_info: OpenJDK 64-Bit Server VM (25.242-b01) for windows-amd64 JRE (1.8.0_242-release-1644-b01), built by "builder" with MS VC++ 10.0 (VS2010)

time: Sat May 22 22:56:45 2021
timezone: SE Asia Standard Time
elapsed time: 3 seconds (0d 0h 0m 3s)

