#
# There is insufficient memory for the Java Runtime Environment to continue.
# Native memory allocation (malloc) failed to allocate 211360 bytes for Chunk::new
# Possible reasons:
#   The system is out of physical RAM or swap space
#   The process is running with CompressedOops enabled, and the Java Heap may be blocking the growth of the native heap
# Possible solutions:
#   Reduce memory load on the system
#   Increase physical memory or swap space
#   Check if swap backing store is full
#   Decrease Java heap size (-Xmx/-Xms)
#   Decrease number of Java threads
#   Decrease Java thread stack sizes (-Xss)
#   Set larger code cache with -XX:ReservedCodeCacheSize=
#   JVM is running with Unscaled Compressed Oops mode in which the Java heap is
#     placed in the first 4GB address space. The Java Heap base address is the
#     maximum limit for the native heap growth. Please use -XX:HeapBaseMinAddress
#     to set the Java Heap base and to place the Java Heap above 4GB virtual address.
# This output file may be truncated or incomplete.
#
#  Out of Memory Error (allocation.cpp:389), pid=17284, tid=0x0000000000004dc0
#
# JRE version: OpenJDK Runtime Environment (8.0_242-b01) (build 1.8.0_242-release-1644-b01)
# Java VM: OpenJDK 64-Bit Server VM (25.242-b01 mixed mode windows-amd64 compressed oops)
# Failed to write core dump. Minidumps are not enabled by default on client versions of Windows
#

---------------  T H R E A D  ---------------

Current thread (0x0000000019534000):  JavaThread "C2 CompilerThread0" daemon [_thread_in_native, id=19904, stack(0x000000001ab90000,0x000000001ac90000)]

Stack: [0x000000001ab90000,0x000000001ac90000]
[error occurred during error reporting (printing stack bounds), id 0xc0000005]

Native frames: (J=compiled Java code, j=interpreted, Vv=VM code, C=native code)


Current CompileTask:
C2:   3218 3592 %     4       sun.nio.fs.WindowsPathParser::normalize @ 18 (233 bytes)


---------------  P R O C E S S  ---------------

Java Threads: ( => current thread )
  0x00000000224d7800 JavaThread "jar transforms Thread 49" [_thread_blocked, id=14356, stack(0x0000000028b50000,0x0000000028c50000)]
  0x000000001d271800 JavaThread "jar transforms Thread 48" [_thread_blocked, id=27908, stack(0x0000000028a50000,0x0000000028b50000)]
  0x000000001d270800 JavaThread "jar transforms Thread 47" [_thread_blocked, id=5668, stack(0x0000000028950000,0x0000000028a50000)]
  0x000000001d270000 JavaThread "jar transforms Thread 46" [_thread_blocked, id=9384, stack(0x0000000028850000,0x0000000028950000)]
  0x000000001d26f000 JavaThread "jar transforms Thread 45" [_thread_blocked, id=23288, stack(0x0000000028750000,0x0000000028850000)]
  0x000000001d267800 JavaThread "jar transforms Thread 44" [_thread_blocked, id=14820, stack(0x0000000028650000,0x0000000028750000)]
  0x000000001d26e800 JavaThread "jar transforms Thread 43" [_thread_blocked, id=18036, stack(0x0000000028550000,0x0000000028650000)]
  0x000000001d26d000 JavaThread "jar transforms Thread 42" [_thread_blocked, id=20820, stack(0x0000000028450000,0x0000000028550000)]
  0x000000001d267000 JavaThread "jar transforms Thread 41" [_thread_blocked, id=22836, stack(0x0000000028350000,0x0000000028450000)]
  0x000000001d26c000 JavaThread "jar transforms Thread 40" [_thread_blocked, id=29520, stack(0x0000000028250000,0x0000000028350000)]
  0x000000001d26b800 JavaThread "jar transforms Thread 39" [_thread_blocked, id=16364, stack(0x0000000028150000,0x0000000028250000)]
  0x000000001d26d800 JavaThread "jar transforms Thread 38" [_thread_blocked, id=23276, stack(0x0000000028050000,0x0000000028150000)]
  0x000000001d26a800 JavaThread "jar transforms Thread 37" [_thread_blocked, id=13464, stack(0x0000000027f50000,0x0000000028050000)]
  0x000000001d264800 JavaThread "jar transforms Thread 36" [_thread_blocked, id=15656, stack(0x0000000027e50000,0x0000000027f50000)]
  0x000000001d263000 JavaThread "jar transforms Thread 35" [_thread_blocked, id=27092, stack(0x0000000027d50000,0x0000000027e50000)]
  0x000000001d266000 JavaThread "jar transforms Thread 34" [_thread_blocked, id=9504, stack(0x0000000027c50000,0x0000000027d50000)]
  0x000000001d26a000 JavaThread "jar transforms Thread 33" [_thread_blocked, id=30600, stack(0x0000000027b50000,0x0000000027c50000)]
  0x000000001d262800 JavaThread "jar transforms Thread 32" [_thread_blocked, id=25144, stack(0x0000000027a50000,0x0000000027b50000)]
  0x000000001d264000 JavaThread "jar transforms Thread 31" [_thread_blocked, id=11212, stack(0x0000000027950000,0x0000000027a50000)]
  0x000000001d269000 JavaThread "jar transforms Thread 30" [_thread_blocked, id=13772, stack(0x0000000027850000,0x0000000027950000)]
  0x000000001d265800 JavaThread "jar transforms Thread 29" [_thread_blocked, id=2836, stack(0x0000000027750000,0x0000000027850000)]
  0x000000001d268800 JavaThread "jar transforms Thread 28" [_thread_blocked, id=15356, stack(0x0000000027650000,0x0000000027750000)]
  0x000000001cfea000 JavaThread "jar transforms Thread 27" [_thread_blocked, id=7096, stack(0x0000000027550000,0x0000000027650000)]
  0x000000001cfea800 JavaThread "jar transforms Thread 26" [_thread_blocked, id=27332, stack(0x0000000027450000,0x0000000027550000)]
  0x000000001cfe8800 JavaThread "jar transforms Thread 25" [_thread_blocked, id=7380, stack(0x0000000027350000,0x0000000027450000)]
  0x000000001cfe7000 JavaThread "jar transforms Thread 24" [_thread_blocked, id=22828, stack(0x0000000027250000,0x0000000027350000)]
  0x000000001cfe9000 JavaThread "jar transforms Thread 23" [_thread_blocked, id=30104, stack(0x0000000027150000,0x0000000027250000)]
  0x000000001cfec000 JavaThread "jar transforms Thread 22" [_thread_blocked, id=23076, stack(0x0000000027050000,0x0000000027150000)]
  0x000000001cfeb800 JavaThread "jar transforms Thread 21" [_thread_blocked, id=29364, stack(0x0000000026f50000,0x0000000027050000)]
  0x000000001cfed000 JavaThread "jar transforms Thread 20" [_thread_blocked, id=22252, stack(0x0000000026e50000,0x0000000026f50000)]
  0x000000001cfe7800 JavaThread "jar transforms Thread 19" [_thread_blocked, id=24360, stack(0x0000000026d50000,0x0000000026e50000)]
  0x000000001cfdf800 JavaThread "jar transforms Thread 18" [_thread_blocked, id=20708, stack(0x0000000026c50000,0x0000000026d50000)]
  0x000000001cfe6000 JavaThread "jar transforms Thread 17" [_thread_blocked, id=20008, stack(0x0000000026b50000,0x0000000026c50000)]
  0x000000001cfe1800 JavaThread "jar transforms Thread 16" [_thread_blocked, id=24300, stack(0x0000000026a50000,0x0000000026b50000)]
  0x000000001cfe5800 JavaThread "jar transforms Thread 15" [_thread_blocked, id=25672, stack(0x0000000026950000,0x0000000026a50000)]
  0x000000001cfe1000 JavaThread "jar transforms Thread 14" [_thread_blocked, id=11884, stack(0x0000000026850000,0x0000000026950000)]
  0x000000001cfde000 JavaThread "jar transforms Thread 13" [_thread_blocked, id=6304, stack(0x0000000026750000,0x0000000026850000)]
  0x000000001cfe3000 JavaThread "jar transforms Thread 12" [_thread_blocked, id=28668, stack(0x0000000026650000,0x0000000026750000)]
  0x000000001cfe2800 JavaThread "jar transforms Thread 11" [_thread_blocked, id=25960, stack(0x0000000026550000,0x0000000026650000)]
  0x000000001cfe4800 JavaThread "jar transforms Thread 10" [_thread_blocked, id=21912, stack(0x0000000026450000,0x0000000026550000)]
  0x000000001cfde800 JavaThread "jar transforms Thread 9" [_thread_blocked, id=12556, stack(0x0000000026350000,0x0000000026450000)]
  0x000000001cfe0000 JavaThread "jar transforms Thread 8" [_thread_blocked, id=24208, stack(0x0000000025f20000,0x0000000026020000)]
  0x000000001cfe4000 JavaThread "jar transforms Thread 7" [_thread_blocked, id=27400, stack(0x0000000025e20000,0x0000000025f20000)]
  0x00000000209f8800 JavaThread "jar transforms Thread 6" [_thread_blocked, id=11240, stack(0x0000000025d20000,0x0000000025e20000)]
  0x00000000209fa000 JavaThread "jar transforms Thread 5" [_thread_blocked, id=28512, stack(0x0000000025c20000,0x0000000025d20000)]
  0x00000000209f9800 JavaThread "jar transforms Thread 4" [_thread_blocked, id=17116, stack(0x0000000025b20000,0x0000000025c20000)]
  0x00000000209f5800 JavaThread "jar transforms Thread 3" [_thread_blocked, id=10364, stack(0x0000000025a20000,0x0000000025b20000)]
  0x00000000209f5000 JavaThread "jar transforms Thread 2" [_thread_blocked, id=13820, stack(0x0000000025920000,0x0000000025a20000)]
  0x00000000209f6800 JavaThread "Build operations Thread 12" [_thread_blocked, id=19272, stack(0x0000000025820000,0x0000000025920000)]
  0x00000000209f8000 JavaThread "Build operations Thread 11" [_thread_blocked, id=28756, stack(0x0000000025720000,0x0000000025820000)]
  0x00000000209fb000 JavaThread "Build operations Thread 10" [_thread_blocked, id=16788, stack(0x0000000025620000,0x0000000025720000)]
  0x00000000209f0800 JavaThread "Build operations Thread 9" [_thread_blocked, id=416, stack(0x0000000025520000,0x0000000025620000)]
  0x00000000209f7000 JavaThread "Build operations Thread 8" [_thread_blocked, id=27736, stack(0x0000000025420000,0x0000000025520000)]
  0x00000000209f4000 JavaThread "Build operations Thread 7" [_thread_blocked, id=22180, stack(0x0000000025320000,0x0000000025420000)]
  0x00000000209ec800 JavaThread "Build operations Thread 6" [_thread_blocked, id=11076, stack(0x0000000025220000,0x0000000025320000)]
  0x00000000209f3800 JavaThread "Build operations Thread 5" [_thread_blocked, id=22388, stack(0x0000000025120000,0x0000000025220000)]
  0x00000000209ef800 JavaThread "Build operations Thread 4" [_thread_blocked, id=29832, stack(0x0000000025020000,0x0000000025120000)]
  0x00000000209ef000 JavaThread "Build operations Thread 3" [_thread_blocked, id=16756, stack(0x0000000024f20000,0x0000000025020000)]
  0x00000000209ed800 JavaThread "Build operations Thread 2" [_thread_blocked, id=29508, stack(0x0000000024e20000,0x0000000024f20000)]
  0x00000000209ee000 JavaThread "Build operations" [_thread_blocked, id=1152, stack(0x0000000024d20000,0x0000000024e20000)]
  0x000000001ce0a800 JavaThread "Cache worker for file content cache (C:\Users\tegar\.gradle\caches\6.5\fileContent)" [_thread_blocked, id=1568, stack(0x0000000023650000,0x0000000023750000)]
  0x000000001ce09000 JavaThread "jar transforms" [_thread_blocked, id=24020, stack(0x0000000022db0000,0x0000000022eb0000)]
  0x000000001ce0e800 JavaThread "Cache worker for execution history cache (C:\Users\tegar\.gradle\caches\6.5\executionHistory)" [_thread_blocked, id=15736, stack(0x0000000022cb0000,0x0000000022db0000)]
  0x000000001ce0f000 JavaThread "Cache worker for cache directory md-rule (C:\Users\tegar\.gradle\caches\6.5\md-rule)" [_thread_blocked, id=3372, stack(0x0000000022bb0000,0x0000000022cb0000)]
  0x000000001ce09800 JavaThread "Cache worker for cache directory md-supplier (C:\Users\tegar\.gradle\caches\6.5\md-supplier)" [_thread_blocked, id=14660, stack(0x0000000021850000,0x0000000021950000)]
  0x000000001ce08000 JavaThread "Cache worker for checksums cache (C:\Users\tegar\AndroidStudioProjects\FootballApp\.gradle\checksums)" [_thread_blocked, id=25648, stack(0x0000000021750000,0x0000000021850000)]
  0x000000001ce0c000 JavaThread "Cache worker for file hash cache (C:\Users\tegar\AndroidStudioProjects\FootballApp\.gradle\6.5\fileHashes)" [_thread_blocked, id=12188, stack(0x0000000022f50000,0x0000000023050000)]
  0x000000001ce0d800 JavaThread "Cache worker for file hash cache (C:\Users\tegar\.gradle\caches\6.5\fileHashes)" [_thread_blocked, id=21692, stack(0x000000001f2b0000,0x000000001f3b0000)]
  0x000000001ce0c800 JavaThread "File lock request listener" [_thread_in_native, id=13280, stack(0x000000001f1b0000,0x000000001f2b0000)]
  0x000000001cf60800 JavaThread "Cache worker for journal cache (C:\Users\tegar\.gradle\caches\journal-1)" [_thread_blocked, id=11740, stack(0x000000001f0b0000,0x000000001f1b0000)]
  0x000000001ccfe000 JavaThread "Thread-9" [_thread_in_Java, id=19112, stack(0x000000001edb0000,0x000000001eeb0000)]
  0x000000001cd1d000 JavaThread "Stdin handler" [_thread_blocked, id=27428, stack(0x000000001ecb0000,0x000000001edb0000)]
  0x000000001cd1c800 JavaThread "Asynchronous log dispatcher for DefaultDaemonConnection: socket connection from /127.0.0.1:50114 to /127.0.0.1:50115" [_thread_blocked, id=27932, stack(0x000000001ebb0000,0x000000001ecb0000)]
  0x000000001cd2e800 JavaThread "Daemon worker" [_thread_in_native, id=29192, stack(0x000000001eab0000,0x000000001ebb0000)]
  0x000000001cd23800 JavaThread "Cancel handler" [_thread_blocked, id=27424, stack(0x000000001e9b0000,0x000000001eab0000)]
  0x000000001ccf7000 JavaThread "Handler for socket connection from /127.0.0.1:50114 to /127.0.0.1:50115" [_thread_in_native, id=3440, stack(0x000000001e8b0000,0x000000001e9b0000)]
  0x000000001ccf6800 JavaThread "Daemon" [_thread_blocked, id=29512, stack(0x000000001e4b0000,0x000000001e5b0000)]
  0x000000001ccea000 JavaThread "Daemon periodic checks" [_thread_blocked, id=25312, stack(0x000000001e3b0000,0x000000001e4b0000)]
  0x000000001ccd7800 JavaThread "Incoming local TCP Connector on port 50114" [_thread_in_native, id=13088, stack(0x000000001e170000,0x000000001e270000)]
  0x000000001c95e800 JavaThread "Daemon health stats" [_thread_blocked, id=22076, stack(0x000000001db30000,0x000000001dc30000)]
  0x00000000195d1000 JavaThread "Service Thread" daemon [_thread_blocked, id=30092, stack(0x000000001af90000,0x000000001b090000)]
  0x0000000019542800 JavaThread "C1 CompilerThread3" daemon [_thread_blocked, id=24684, stack(0x000000001ae90000,0x000000001af90000)]
  0x0000000019541800 JavaThread "C2 CompilerThread2" daemon [_thread_in_native, id=3500, stack(0x000000001ad90000,0x000000001ae90000)]
  0x000000001953c800 JavaThread "C2 CompilerThread1" daemon [_thread_in_native, id=16476, stack(0x000000001ac90000,0x000000001ad90000)]
=>0x0000000019534000 JavaThread "C2 CompilerThread0" daemon [_thread_in_native, id=19904, stack(0x000000001ab90000,0x000000001ac90000)]
  0x0000000019532000 JavaThread "Attach Listener" daemon [_thread_blocked, id=27944, stack(0x000000001aa90000,0x000000001ab90000)]
  0x0000000019531000 JavaThread "Signal Dispatcher" daemon [_thread_blocked, id=28248, stack(0x000000001a990000,0x000000001aa90000)]
  0x0000000017e52800 JavaThread "Finalizer" daemon [_thread_blocked, id=28812, stack(0x000000001a790000,0x000000001a890000)]
  0x0000000019523000 JavaThread "Reference Handler" daemon [_thread_blocked, id=4020, stack(0x000000001a690000,0x000000001a790000)]
  0x000000000114e800 JavaThread "main" [_thread_blocked, id=30416, stack(0x00000000029a0000,0x0000000002aa0000)]

Other Threads:
  0x0000000017e45800 VMThread [stack: 0x000000001a590000,0x000000001a690000] [id=5364]
  0x00000000195d2800 WatcherThread [stack: 0x000000001b090000,0x000000001b190000] [id=29492]

VM state:at safepoint (normal execution)

VM Mutex/Monitor currently owned by a thread:  ([mutex/lock_event])
[0x000000000114d130] Threads_lock - owner thread: 0x0000000017e45800
[0x0000000002ae1bd0] Compile_lock - owner thread: 0x000000001cd2e800

OutOfMemory and StackOverflow Exception counts:
OutOfMemoryError java_heap_errors=1

heap address: 0x0000000080000000, size: 2048 MB, Compressed Oops mode: 32-bit
Narrow klass base: 0x0000000000000000, Narrow klass shift: 3
Compressed class space size: 1073741824 Address: 0x0000000100000000

Heap:
 PSYoungGen      total 121344K, used 75561K [0x00000000d5580000, 0x00000000dd800000, 0x0000000100000000)
  eden space 109056K, 69% used [0x00000000d5580000,0x00000000d9f4a508,0x00000000dc000000)
  from space 12288K, 0% used [0x00000000dc000000,0x00000000dc000000,0x00000000dcc00000)
  to   space 11776K, 0% used [0x00000000dcc80000,0x00000000dcc80000,0x00000000dd800000)
 ParOldGen       total 140800K, used 15389K [0x0000000080000000, 0x0000000088980000, 0x00000000d5580000)
  object space 140800K, 10% used [0x0000000080000000,0x0000000080f074f0,0x0000000088980000)
 Metaspace       used 36717K, capacity 38360K, committed 38440K, reserved 1083392K
  class space    used 5068K, capacity 5424K, committed 5424K, reserved 1048576K

Card table byte_map: [0x0000000011fa0000,0x00000000123b0000] byte_map_base: 0x0000000011ba0000

Marking Bits: (ParMarkBitMap*) 0x000000006a79f030
 Begin Bits: [0x0000000013060000, 0x0000000015060000)
 End Bits:   [0x0000000015060000, 0x0000000017060000)

Polling page: 0x0000000001130000

CodeCache: size=245760Kb used=12329Kb max_used=12329Kb free=233430Kb
 bounds [0x0000000002be0000, 0x00000000037f0000, 0x0000000011be0000]
 total_blobs=4322 nmethods=3619 adapters=615
 compilation: enabled

Compilation events (10 events):
Event: 3.209 Thread 0x0000000019542800 nmethod 3607 0x00000000037e4090 code [0x00000000037e4220, 0x00000000037e45f8]
Event: 3.209 Thread 0x0000000019542800 3608       3       org.gradle.internal.snapshot.SnapshotUtil::lambda$handleChildren$1 (12 bytes)
Event: 3.209 Thread 0x0000000019542800 nmethod 3608 0x00000000037e7e90 code [0x00000000037e8000, 0x00000000037e8258]
Event: 3.210 Thread 0x0000000019542800 3609       3       sun.security.provider.ByteArrayAccess::i2bLittle (204 bytes)
Event: 3.210 Thread 0x0000000019542800 nmethod 3609 0x00000000037e8390 code [0x00000000037e8520, 0x00000000037e8908]
Event: 3.210 Thread 0x0000000019542800 3610       3       org.gradle.internal.snapshot.VfsRelativePath::lengthOfCommonPrefix (173 bytes)
Event: 3.211 Thread 0x0000000019542800 nmethod 3610 0x00000000037e8b10 code [0x00000000037e8da0, 0x00000000037ea468]
Event: 3.214 Thread 0x000000001953c800 3612       4       java.util.Arrays::equals (78 bytes)
Event: 3.215 Thread 0x000000001953c800 nmethod 3612 0x00000000037edf10 code [0x00000000037ee060, 0x00000000037ee1d8]
Event: 3.216 Thread 0x000000001953c800 3614  s    4       java.lang.StringBuffer::append (13 bytes)

GC Heap History (10 events):
Event: 1.891 GC heap before
{Heap before GC invocations=5 (full 1):
 PSYoungGen      total 76288K, used 7465K [0x00000000d5580000, 0x00000000daa80000, 0x0000000100000000)
  eden space 65536K, 0% used [0x00000000d5580000,0x00000000d5580000,0x00000000d9580000)
  from space 10752K, 69% used [0x00000000da000000,0x00000000da74a480,0x00000000daa80000)
  to   space 10752K, 0% used [0x00000000d9580000,0x00000000d9580000,0x00000000da000000)
 ParOldGen       total 175104K, used 987K [0x0000000080000000, 0x000000008ab00000, 0x00000000d5580000)
  object space 175104K, 0% used [0x0000000080000000,0x00000000800f6db8,0x000000008ab00000)
 Metaspace       used 20589K, capacity 21224K, committed 21296K, reserved 1067008K
  class space    used 2878K, capacity 3076K, committed 3120K, reserved 1048576K
Event: 1.914 GC heap after
Heap after GC invocations=5 (full 1):
 PSYoungGen      total 76288K, used 0K [0x00000000d5580000, 0x00000000daa80000, 0x0000000100000000)
  eden space 65536K, 0% used [0x00000000d5580000,0x00000000d5580000,0x00000000d9580000)
  from space 10752K, 0% used [0x00000000da000000,0x00000000da000000,0x00000000daa80000)
  to   space 10752K, 0% used [0x00000000d9580000,0x00000000d9580000,0x00000000da000000)
 ParOldGen       total 93184K, used 7249K [0x0000000080000000, 0x0000000085b00000, 0x00000000d5580000)
  object space 93184K, 7% used [0x0000000080000000,0x0000000080714628,0x0000000085b00000)
 Metaspace       used 20589K, capacity 21224K, committed 21296K, reserved 1067008K
  class space    used 2878K, capacity 3076K, committed 3120K, reserved 1048576K
}
Event: 2.314 GC heap before
{Heap before GC invocations=6 (full 1):
 PSYoungGen      total 76288K, used 65536K [0x00000000d5580000, 0x00000000daa80000, 0x0000000100000000)
  eden space 65536K, 100% used [0x00000000d5580000,0x00000000d9580000,0x00000000d9580000)
  from space 10752K, 0% used [0x00000000da000000,0x00000000da000000,0x00000000daa80000)
  to   space 10752K, 0% used [0x00000000d9580000,0x00000000d9580000,0x00000000da000000)
 ParOldGen       total 93184K, used 7249K [0x0000000080000000, 0x0000000085b00000, 0x00000000d5580000)
  object space 93184K, 7% used [0x0000000080000000,0x0000000080714628,0x0000000085b00000)
 Metaspace       used 28653K, capacity 29540K, committed 29616K, reserved 1075200K
  class space    used 3968K, capacity 4220K, committed 4272K, reserved 1048576K
Event: 2.319 GC heap after
Heap after GC invocations=6 (full 1):
 PSYoungGen      total 76288K, used 8274K [0x00000000d5580000, 0x00000000dd880000, 0x0000000100000000)
  eden space 65536K, 0% used [0x00000000d5580000,0x00000000d5580000,0x00000000d9580000)
  from space 10752K, 76% used [0x00000000d9580000,0x00000000d9d949f0,0x00000000da000000)
  to   space 12288K, 0% used [0x00000000dcc80000,0x00000000dcc80000,0x00000000dd880000)
 ParOldGen       total 93184K, used 7257K [0x0000000080000000, 0x0000000085b00000, 0x00000000d5580000)
  object space 93184K, 7% used [0x0000000080000000,0x0000000080716628,0x0000000085b00000)
 Metaspace       used 28653K, capacity 29540K, committed 29616K, reserved 1075200K
  class space    used 3968K, capacity 4220K, committed 4272K, reserved 1048576K
}
Event: 2.658 GC heap before
{Heap before GC invocations=7 (full 1):
 PSYoungGen      total 76288K, used 73810K [0x00000000d5580000, 0x00000000dd880000, 0x0000000100000000)
  eden space 65536K, 100% used [0x00000000d5580000,0x00000000d9580000,0x00000000d9580000)
  from space 10752K, 76% used [0x00000000d9580000,0x00000000d9d949f0,0x00000000da000000)
  to   space 12288K, 0% used [0x00000000dcc80000,0x00000000dcc80000,0x00000000dd880000)
 ParOldGen       total 93184K, used 7257K [0x0000000080000000, 0x0000000085b00000, 0x00000000d5580000)
  object space 93184K, 7% used [0x0000000080000000,0x0000000080716628,0x0000000085b00000)
 Metaspace       used 32706K, capacity 33802K, committed 33968K, reserved 1079296K
  class space    used 4468K, capacity 4751K, committed 4784K, reserved 1048576K
Event: 2.665 GC heap after
Heap after GC invocations=7 (full 1):
 PSYoungGen      total 120832K, used 9656K [0x00000000d5580000, 0x00000000dd800000, 0x0000000100000000)
  eden space 109056K, 0% used [0x00000000d5580000,0x00000000d5580000,0x00000000dc000000)
  from space 11776K, 82% used [0x00000000dcc80000,0x00000000dd5ee1e8,0x00000000dd800000)
  to   space 12288K, 0% used [0x00000000dc000000,0x00000000dc000000,0x00000000dcc00000)
 ParOldGen       total 93184K, used 7265K [0x0000000080000000, 0x0000000085b00000, 0x00000000d5580000)
  object space 93184K, 7% used [0x0000000080000000,0x0000000080718628,0x0000000085b00000)
 Metaspace       used 32706K, capacity 33802K, committed 33968K, reserved 1079296K
  class space    used 4468K, capacity 4751K, committed 4784K, reserved 1048576K
}
Event: 2.816 GC heap before
{Heap before GC invocations=8 (full 1):
 PSYoungGen      total 120832K, used 44665K [0x00000000d5580000, 0x00000000dd800000, 0x0000000100000000)
  eden space 109056K, 32% used [0x00000000d5580000,0x00000000d77b0358,0x00000000dc000000)
  from space 11776K, 82% used [0x00000000dcc80000,0x00000000dd5ee1e8,0x00000000dd800000)
  to   space 12288K, 0% used [0x00000000dc000000,0x00000000dc000000,0x00000000dcc00000)
 ParOldGen       total 93184K, used 7265K [0x0000000080000000, 0x0000000085b00000, 0x00000000d5580000)
  object space 93184K, 7% used [0x0000000080000000,0x0000000080718628,0x0000000085b00000)
 Metaspace       used 34306K, capacity 35466K, committed 35496K, reserved 1079296K
  class space    used 4726K, capacity 5015K, committed 5040K, reserved 1048576K
Event: 2.823 GC heap after
Heap after GC invocations=8 (full 1):
 PSYoungGen      total 121344K, used 8988K [0x00000000d5580000, 0x00000000dd800000, 0x0000000100000000)
  eden space 109056K, 0% used [0x00000000d5580000,0x00000000d5580000,0x00000000dc000000)
  from space 12288K, 73% used [0x00000000dc000000,0x00000000dc8c7130,0x00000000dcc00000)
  to   space 11776K, 0% used [0x00000000dcc80000,0x00000000dcc80000,0x00000000dd800000)
 ParOldGen       total 93184K, used 7273K [0x0000000080000000, 0x0000000085b00000, 0x00000000d5580000)
  object space 93184K, 7% used [0x0000000080000000,0x000000008071a628,0x0000000085b00000)
 Metaspace       used 34306K, capacity 35466K, committed 35496K, reserved 1079296K
  class space    used 4726K, capacity 5015K, committed 5040K, reserved 1048576K
}
Event: 2.823 GC heap before
{Heap before GC invocations=9 (full 2):
 PSYoungGen      total 121344K, used 8988K [0x00000000d5580000, 0x00000000dd800000, 0x0000000100000000)
  eden space 109056K, 0% used [0x00000000d5580000,0x00000000d5580000,0x00000000dc000000)
  from space 12288K, 73% used [0x00000000dc000000,0x00000000dc8c7130,0x00000000dcc00000)
  to   space 11776K, 0% used [0x00000000dcc80000,0x00000000dcc80000,0x00000000dd800000)
 ParOldGen       total 93184K, used 7273K [0x0000000080000000, 0x0000000085b00000, 0x00000000d5580000)
  object space 93184K, 7% used [0x0000000080000000,0x000000008071a628,0x0000000085b00000)
 Metaspace       used 34306K, capacity 35466K, committed 35496K, reserved 1079296K
  class space    used 4726K, capacity 5015K, committed 5040K, reserved 1048576K
Event: 2.856 GC heap after
Heap after GC invocations=9 (full 2):
 PSYoungGen      total 121344K, used 0K [0x00000000d5580000, 0x00000000dd800000, 0x0000000100000000)
  eden space 109056K, 0% used [0x00000000d5580000,0x00000000d5580000,0x00000000dc000000)
  from space 12288K, 0% used [0x00000000dc000000,0x00000000dc000000,0x00000000dcc00000)
  to   space 11776K, 0% used [0x00000000dcc80000,0x00000000dcc80000,0x00000000dd800000)
 ParOldGen       total 140800K, used 15389K [0x0000000080000000, 0x0000000088980000, 0x00000000d5580000)
  object space 140800K, 10% used [0x0000000080000000,0x0000000080f074f0,0x0000000088980000)
 Metaspace       used 34306K, capacity 35466K, committed 35496K, reserved 1079296K
  class space    used 4726K, capacity 5015K, committed 5040K, reserved 1048576K
}

Deoptimization events (10 events):
Event: 2.534 Thread 0x000000001cd2e800 Uncommon trap: reason=unstable_if action=reinterpret pc=0x00000000033b8e44 method=org.gradle.internal.reflect.PropertyAccessorType.isGetGetterName(Ljava/lang/String;)Z @ 14
Event: 2.546 Thread 0x000000001cd2e800 Uncommon trap: reason=unstable_if action=reinterpret pc=0x00000000032d3b40 method=org.objectweb.asm.ByteVector.putShort(I)Lorg/objectweb/asm/ByteVector; @ 13
Event: 2.586 Thread 0x000000001cd2e800 Uncommon trap: reason=unstable_if action=reinterpret pc=0x000000000322b4f8 method=java.net.URLClassLoader.defineClass(Ljava/lang/String;Lsun/misc/Resource;)Ljava/lang/Class; @ 21
Event: 2.621 Thread 0x000000001cd2e800 Uncommon trap: reason=unstable_if action=reinterpret pc=0x000000000358b274 method=org.codehaus.groovy.runtime.metaclass.MetaMethodIndex.addMethodToList(Ljava/lang/Object;Lgroovy/lang/MetaMethod;)Ljava/lang/Object; @ 226
Event: 2.648 Thread 0x000000001cd2e800 Uncommon trap: reason=class_check action=maybe_recompile pc=0x0000000003343e28 method=java.util.WeakHashMap.eq(Ljava/lang/Object;Ljava/lang/Object;)Z @ 7
Event: 2.746 Thread 0x000000001cd2e800 Uncommon trap: reason=predicate action=maybe_recompile pc=0x0000000003162008 method=com.google.common.base.CharMatcher.indexIn(Ljava/lang/CharSequence;I)I @ 22
Event: 3.143 Thread 0x00000000209ef000 Uncommon trap: reason=unstable_if action=reinterpret pc=0x0000000003149490 method=java.util.concurrent.ConcurrentHashMap.addCount(JI)V @ 34
Event: 3.143 Thread 0x00000000209ef000 Uncommon trap: reason=unstable_if action=reinterpret pc=0x00000000030b9978 method=java.util.concurrent.ConcurrentHashMap.addCount(JI)V @ 7
Event: 3.148 Thread 0x00000000209f3800 Uncommon trap: reason=unstable_if action=reinterpret pc=0x0000000003742844 method=com.esotericsoftware.kryo.io.Input.readUtf8Length(I)I @ 9
Event: 3.215 Thread 0x000000001cd2e800 Uncommon trap: reason=unstable_if action=reinterpret pc=0x0000000002f2e290 method=java.util.regex.Pattern.has(I)Z @ 6

Classes redefined (0 events):
No events

Internal exceptions (10 events):
Event: 2.745 Thread 0x000000001cd2e800 Exception <a 'java/lang/ClassNotFoundException': org/gradle/plugin/use/internal/PluginRequestCollector$PluginDependenciesSpecImplCustomizer> (0x00000000d67bf4e8) thrown at [C:\src\AOSP-openjdk-git\hotspot\src\share\vm\classfile\systemDictionary.cpp, line 
Event: 2.747 Thread 0x000000001cd2e800 Exception <a 'java/lang/ClassNotFoundException': org/gradle/plugin/use/internal/PluginRequestCollector$PluginDependencySpecImplBeanInfo> (0x00000000d682ea78) thrown at [C:\src\AOSP-openjdk-git\hotspot\src\share\vm\classfile\systemDictionary.cpp, line 210]
Event: 2.747 Thread 0x000000001cd2e800 Exception <a 'java/lang/ClassNotFoundException': org/gradle/plugin/use/internal/PluginRequestCollector$PluginDependencySpecImplCustomizer> (0x00000000d686e8e8) thrown at [C:\src\AOSP-openjdk-git\hotspot\src\share\vm\classfile\systemDictionary.cpp, line 21
Event: 2.788 Thread 0x000000001cd2e800 Exception <a 'java/lang/NoSuchMethodError': java.lang.Object.lambda$static$0(Lorg/gradle/api/internal/artifacts/configurations/MutationValidator$MutationType;)V> (0x00000000d7042ef0) thrown at [C:\src\AOSP-openjdk-git\hotspot\src\share\vm\interpreter\link
Event: 2.882 Thread 0x000000001cd2e800 Exception <a 'java/lang/NoSuchMethodError': java.lang.Object.lambda$static$0(Lorg/gradle/internal/component/model/DependencyMetadata;)Lorg/gradle/api/internal/artifacts/ivyservice/dependencysubstitution/DependencySubstitutionApplicator$SubstitutionResult;
Event: 2.902 Thread 0x000000001cd2e800 Exception <a 'java/lang/IncompatibleClassChangeError': Found class java.lang.Object, but interface was expected> (0x00000000d618e758) thrown at [C:\src\AOSP-openjdk-git\hotspot\src\share\vm\interpreter\linkResolver.cpp, line 653]
Event: 2.903 Thread 0x000000001cd2e800 Exception <a 'java/lang/NoSuchMethodError': java.lang.Object.lambda$thenComparing$36697e65$1(Ljava/util/Comparator;Ljava/lang/Object;Ljava/lang/Object;)I> (0x00000000d619a208) thrown at [C:\src\AOSP-openjdk-git\hotspot\src\share\vm\interpreter\linkResolve
Event: 2.952 Thread 0x000000001cd2e800 Exception <a 'java/lang/NoSuchMethodError': java.lang.Object.lambda$static$0()Z> (0x00000000d6c54208) thrown at [C:\src\AOSP-openjdk-git\hotspot\src\share\vm\interpreter\linkResolver.cpp, line 620]
Event: 2.969 Thread 0x000000001cd2e800 Exception <a 'java/lang/NoSuchMethodError': java.lang.Object.lambda$static$0(Lorg/gradle/api/internal/artifacts/ivyservice/resolveengine/artifact/ArtifactVisitor;)V> (0x00000000d6fe4cf8) thrown at [C:\src\AOSP-openjdk-git\hotspot\src\share\vm\interpreter\
Event: 3.210 Thread 0x000000001cd2e800 Exception <a 'java/lang/OutOfMemoryError': unable to create new native thread> (0x00000000d89b2088) thrown at [C:\src\AOSP-openjdk-git\hotspot\src\share\vm\prims\jvm.cpp, line 3141]

Events (10 events):
Event: 3.215 loading class org/gradle/internal/build/event/types/DefaultFailure
Event: 3.215 loading class org/gradle/internal/build/event/types/DefaultFailure done
Event: 3.215 loading class org/gradle/tooling/internal/protocol/InternalFailure
Event: 3.215 loading class org/gradle/tooling/internal/protocol/InternalFailure done
Event: 3.216 loading class java/lang/Throwable$WrappedPrintWriter
Event: 3.216 loading class java/lang/Throwable$PrintStreamOrWriter
Event: 3.216 loading class java/lang/Throwable$PrintStreamOrWriter done
Event: 3.216 loading class java/lang/Throwable$WrappedPrintWriter done
Event: 3.216 loading class java/util/IdentityHashMap$KeySet
Event: 3.216 loading class java/util/IdentityHashMap$KeySet done


Dynamic libraries:
0x00007ff6650e0000 - 0x00007ff665111000 	C:\Program Files\Android\Android Studio1\jre\bin\java.exe
0x00007ff8f7290000 - 0x00007ff8f7485000 	C:\WINDOWS\SYSTEM32\ntdll.dll
0x00007ff8f5b40000 - 0x00007ff8f5bfd000 	C:\WINDOWS\System32\KERNEL32.DLL
0x00007ff8f4d40000 - 0x00007ff8f5008000 	C:\WINDOWS\System32\KERNELBASE.dll
0x00007ff8f55b0000 - 0x00007ff8f565c000 	C:\WINDOWS\System32\ADVAPI32.dll
0x00007ff8f5c00000 - 0x00007ff8f5c9e000 	C:\WINDOWS\System32\msvcrt.dll
0x00007ff8f71b0000 - 0x00007ff8f724b000 	C:\WINDOWS\System32\sechost.dll
0x00007ff8f58e0000 - 0x00007ff8f5a0b000 	C:\WINDOWS\System32\RPCRT4.dll
0x00007ff8f52f0000 - 0x00007ff8f5490000 	C:\WINDOWS\System32\USER32.dll
0x00007ff8f4b30000 - 0x00007ff8f4b52000 	C:\WINDOWS\System32\win32u.dll
0x00007ff8f7170000 - 0x00007ff8f719a000 	C:\WINDOWS\System32\GDI32.dll
0x00007ff8f5060000 - 0x00007ff8f516b000 	C:\WINDOWS\System32\gdi32full.dll
0x00007ff8f4b60000 - 0x00007ff8f4bfd000 	C:\WINDOWS\System32\msvcp_win.dll
0x00007ff8f5170000 - 0x00007ff8f5270000 	C:\WINDOWS\System32\ucrtbase.dll
0x00007ff8e30d0000 - 0x00007ff8e336a000 	C:\WINDOWS\WinSxS\amd64_microsoft.windows.common-controls_6595b64144ccf1df_6.0.19041.844_none_ca00b6081b84eb1d\COMCTL32.dll
0x00007ff8f58b0000 - 0x00007ff8f58e0000 	C:\WINDOWS\System32\IMM32.DLL
0x0000000069e10000 - 0x0000000069ee2000 	C:\Program Files\Android\Android Studio1\jre\jre\bin\msvcr100.dll
0x0000000069fd0000 - 0x000000006a81b000 	C:\Program Files\Android\Android Studio1\jre\jre\bin\server\jvm.dll
0x00007ff8f71a0000 - 0x00007ff8f71a8000 	C:\WINDOWS\System32\PSAPI.DLL
0x00007ff8ec280000 - 0x00007ff8ec28a000 	C:\WINDOWS\SYSTEM32\VERSION.dll
0x00007ff8f0380000 - 0x00007ff8f0389000 	C:\WINDOWS\SYSTEM32\WSOCK32.dll
0x00007ff8e9d80000 - 0x00007ff8e9da7000 	C:\WINDOWS\SYSTEM32\WINMM.dll
0x00007ff8f7100000 - 0x00007ff8f716b000 	C:\WINDOWS\System32\WS2_32.dll
0x00007ff8dcf00000 - 0x00007ff8dcf0f000 	C:\Program Files\Android\Android Studio1\jre\jre\bin\verify.dll
0x00007ff8c8c50000 - 0x00007ff8c8c79000 	C:\Program Files\Android\Android Studio1\jre\jre\bin\java.dll
0x00007ff8ca300000 - 0x00007ff8ca316000 	C:\Program Files\Android\Android Studio1\jre\jre\bin\zip.dll
0x00007ff8f6880000 - 0x00007ff8f6fc2000 	C:\WINDOWS\System32\SHELL32.dll
0x00007ff8f2b20000 - 0x00007ff8f32b0000 	C:\WINDOWS\SYSTEM32\windows.storage.dll
0x00007ff8f6310000 - 0x00007ff8f6665000 	C:\WINDOWS\System32\combase.dll
0x00007ff8f4370000 - 0x00007ff8f439c000 	C:\WINDOWS\SYSTEM32\Wldp.dll
0x00007ff8f61f0000 - 0x00007ff8f629e000 	C:\WINDOWS\System32\SHCORE.dll
0x00007ff8f66d0000 - 0x00007ff8f6725000 	C:\WINDOWS\System32\shlwapi.dll
0x00007ff8f4910000 - 0x00007ff8f492f000 	C:\WINDOWS\SYSTEM32\profapi.dll
0x00007ff8ca000000 - 0x00007ff8ca01a000 	C:\Program Files\Android\Android Studio1\jre\jre\bin\net.dll
0x00007ff8f40e0000 - 0x00007ff8f414a000 	C:\WINDOWS\system32\mswsock.dll
0x00007ff8c9ed0000 - 0x00007ff8c9ee3000 	C:\Program Files\Android\Android Studio1\jre\jre\bin\nio.dll
0x00007ff8ca430000 - 0x00007ff8ca457000 	C:\Users\tegar\.gradle\native\f6784746aeab05261644944871eae4fe03e0ef1612fff0a4a95f87b438bc6780\windows-amd64\native-platform.dll
0x00007ff8dce30000 - 0x00007ff8dce3d000 	C:\Program Files\Android\Android Studio1\jre\jre\bin\management.dll
0x00007ff8f42c0000 - 0x00007ff8f42d8000 	C:\WINDOWS\SYSTEM32\CRYPTSP.dll
0x00007ff8f3a80000 - 0x00007ff8f3ab4000 	C:\WINDOWS\system32\rsaenh.dll
0x00007ff8f4c00000 - 0x00007ff8f4c27000 	C:\WINDOWS\System32\bcrypt.dll
0x00007ff8f48d0000 - 0x00007ff8f48fe000 	C:\WINDOWS\SYSTEM32\USERENV.dll
0x00007ff8f5270000 - 0x00007ff8f52f0000 	C:\WINDOWS\System32\bcryptprimitives.dll
0x00007ff8f42b0000 - 0x00007ff8f42bc000 	C:\WINDOWS\SYSTEM32\CRYPTBASE.dll
0x00007ff8f3dd0000 - 0x00007ff8f3e0b000 	C:\WINDOWS\SYSTEM32\IPHLPAPI.DLL
0x00007ff8f6730000 - 0x00007ff8f6738000 	C:\WINDOWS\System32\NSI.dll
0x00007ff8ec3a0000 - 0x00007ff8ec3b7000 	C:\WINDOWS\SYSTEM32\dhcpcsvc6.DLL
0x00007ff8ec2d0000 - 0x00007ff8ec2ed000 	C:\WINDOWS\SYSTEM32\dhcpcsvc.DLL
0x00007ff8f3e60000 - 0x00007ff8f3f2c000 	C:\WINDOWS\SYSTEM32\DNSAPI.dll
0x00007ff8ec3c0000 - 0x00007ff8ec3cb000 	C:\WINDOWS\SYSTEM32\WINNSI.DLL

VM Arguments:
jvm_args: -Xmx2048m -Dfile.encoding=UTF-8 -Duser.country=ID -Duser.language=en -Duser.variant 
java_command: org.gradle.launcher.daemon.bootstrap.GradleDaemon 6.5
java_class_path (initial): C:\Users\tegar\.gradle\wrapper\dists\gradle-6.5-bin\6nifqtx7604sqp1q6g8wikw7p\gradle-6.5\lib\gradle-launcher-6.5.jar
Launcher Type: SUN_STANDARD

Environment Variables:
PATH=C:\Program Files\Common Files\Oracle\Java\javapath;C:\Windows\system32;C:\Windows;C:\Windows\System32\Wbem;C:\Windows\System32\WindowsPowerShell\v1.0\;C:\Windows\System32\OpenSSH\;C:\Program Files (x86)\NVIDIA Corporation\PhysX\Common;C:\Program Files\NVIDIA Corporation\NVIDIA NvDLISR;C:\Program Files\Git\cmd;C:\WINDOWS\system32;C:\WINDOWS;C:\WINDOWS\System32\Wbem;C:\WINDOWS\System32\WindowsPowerShell\v1.0\;C:\WINDOWS\System32\OpenSSH\;C:\xampp\php;C:\composer;C:\gradle-6.6\bin;C:\Program Files\nodejs\;C:\Users\tegar\AppData\Local\Microsoft\WindowsApps;C:\Users\tegar\AppData\Local\Programs\Microsoft VS Code\bin;C:\Program Files\JetBrains\IntelliJ IDEA Community Edition 2019.3.3\bin;;C:\Project\flutter\bin;C:\Users\tegar\AppData\Local\GitHubDesktop\bin;C:\Users\tegar\AppData\Roaming\Composer\vendor\bin;C:\Users\tegar\AppData\Roaming\npm;C:\Program Files\heroku\bin
USERNAME=tegar
OS=Windows_NT
PROCESSOR_IDENTIFIER=Intel64 Family 6 Model 158 Stepping 13, GenuineIntel



---------------  S Y S T E M  ---------------

OS: Windows 10.0 , 64 bit Build 19041 (10.0.19041.928)

CPU:total 12 (initial active 12) (6 cores per cpu, 2 threads per core) family 6 model 158 stepping 13, cmov, cx8, fxsr, mmx, sse, sse2, sse3, ssse3, sse4.1, sse4.2, popcnt, avx, avx2, aes, clmul, erms, 3dnowpref, lzcnt, ht, tsc, tscinvbit, bmi1, bmi2, adx

Memory: 4k page, physical 16695540k(5052280k free), swap 16695540k(5220k free)

vm_info: OpenJDK 64-Bit Server VM (25.242-b01) for windows-amd64 JRE (1.8.0_242-release-1644-b01), built by "builder" with MS VC++ 10.0 (VS2010)

time: Sun May 23 08:12:00 2021
timezone: SE Asia Standard Time
elapsed time: 3 seconds (0d 0h 0m 3s)

