#
# There is insufficient memory for the Java Runtime Environment to continue.
# Native memory allocation (malloc) failed to allocate 1160496 bytes for Chunk::new
# Possible reasons:
#   The system is out of physical RAM or swap space
#   The process is running with CompressedOops enabled, and the Java Heap may be blocking the growth of the native heap
# Possible solutions:
#   Reduce memory load on the system
#   Increase physical memory or swap space
#   Check if swap backing store is full
#   Decrease Java heap size (-Xmx/-Xms)
#   Decrease number of Java threads
#   Decrease Java thread stack sizes (-Xss)
#   Set larger code cache with -XX:ReservedCodeCacheSize=
#   JVM is running with Zero Based Compressed Oops mode in which the Java heap is
#     placed in the first 32GB address space. The Java Heap base address is the
#     maximum limit for the native heap growth. Please use -XX:HeapBaseMinAddress
#     to set the Java Heap base and to place the Java Heap above 32GB virtual address.
# This output file may be truncated or incomplete.
#
#  Out of Memory Error (allocation.cpp:389), pid=11212, tid=0x0000000000000e44
#
# JRE version: OpenJDK Runtime Environment (8.0_242-b01) (build 1.8.0_242-release-1644-b01)
# Java VM: OpenJDK 64-Bit Server VM (25.242-b01 mixed mode windows-amd64 compressed oops)
# Failed to write core dump. Minidumps are not enabled by default on client versions of Windows
#

---------------  T H R E A D  ---------------

Current thread (0x000000001e826000):  JavaThread "C2 CompilerThread0" daemon [_thread_in_native, id=3652, stack(0x000000001fe70000,0x000000001ff70000)]

Stack: [0x000000001fe70000,0x000000001ff70000]
[error occurred during error reporting (printing stack bounds), id 0xc0000005]

Native frames: (J=compiled Java code, j=interpreted, Vv=VM code, C=native code)


Current CompileTask:
C2:   3757 5199       4       org.jetbrains.kotlin.load.java.structure.impl.classFiles.BinaryJavaMethodBase$Companion::create (557 bytes)


---------------  P R O C E S S  ---------------

Java Threads: ( => current thread )
  0x000000001e844800 JavaThread "Service Thread" daemon [_thread_blocked, id=13204, stack(0x0000000020270000,0x0000000020370000)]
  0x000000001e837000 JavaThread "C1 CompilerThread3" daemon [_thread_in_native, id=24988, stack(0x0000000020170000,0x0000000020270000)]
  0x000000001e835000 JavaThread "C2 CompilerThread2" daemon [_thread_in_native, id=17892, stack(0x0000000020070000,0x0000000020170000)]
  0x000000001e82f000 JavaThread "C2 CompilerThread1" daemon [_thread_in_native, id=24364, stack(0x000000001ff70000,0x0000000020070000)]
=>0x000000001e826000 JavaThread "C2 CompilerThread0" daemon [_thread_in_native, id=3652, stack(0x000000001fe70000,0x000000001ff70000)]
  0x000000001e823000 JavaThread "Attach Listener" daemon [_thread_blocked, id=9784, stack(0x000000001fd70000,0x000000001fe70000)]
  0x000000001e821800 JavaThread "Signal Dispatcher" daemon [_thread_blocked, id=29008, stack(0x000000001fc70000,0x000000001fd70000)]
  0x000000001d112000 JavaThread "Finalizer" daemon [_thread_blocked, id=14992, stack(0x000000001fa70000,0x000000001fb70000)]
  0x000000001e813000 JavaThread "Reference Handler" daemon [_thread_blocked, id=16680, stack(0x000000001f970000,0x000000001fa70000)]
  0x0000000003352800 JavaThread "main" [_thread_in_vm, id=20084, stack(0x0000000003250000,0x0000000003350000)]

Other Threads:
  0x000000001d105800 VMThread [stack: 0x000000001f870000,0x000000001f970000] [id=26360]
  0x000000001e845000 WatcherThread [stack: 0x0000000020370000,0x0000000020470000] [id=24276]

VM state:not at safepoint (normal execution)

VM Mutex/Monitor currently owned by a thread: None

heap address: 0x00000006c1200000, size: 4078 MB, Compressed Oops mode: Zero based, Oop shift amount: 3
Narrow klass base: 0x0000000000000000, Narrow klass shift: 3
Compressed class space size: 1073741824 Address: 0x00000007c0000000

Heap:
 PSYoungGen      total 174080K, used 29906K [0x000000076b100000, 0x0000000777400000, 0x00000007c0000000)
  eden space 163328K, 11% used [0x000000076b100000,0x000000076c3b8478,0x0000000775080000)
  from space 10752K, 99% used [0x0000000776980000,0x00000007773fc510,0x0000000777400000)
  to   space 10752K, 0% used [0x0000000775f00000,0x0000000775f00000,0x0000000776980000)
 ParOldGen       total 141824K, used 58576K [0x00000006c1200000, 0x00000006c9c80000, 0x000000076b100000)
  object space 141824K, 41% used [0x00000006c1200000,0x00000006c4b34210,0x00000006c9c80000)
 Metaspace       used 46069K, capacity 46884K, committed 47192K, reserved 1091584K
  class space    used 5500K, capacity 5738K, committed 5760K, reserved 1048576K

Card table byte_map: [0x0000000012810000,0x0000000013010000] byte_map_base: 0x000000000f207000

Marking Bits: (ParMarkBitMap*) 0x000000006a73f030
 Begin Bits: [0x0000000013f60000, 0x0000000017f18000)
 End Bits:   [0x0000000017f18000, 0x000000001bed0000)

Polling page: 0x00000000014d0000

CodeCache: size=245760Kb used=17396Kb max_used=18273Kb free=228363Kb
 bounds [0x0000000003450000, 0x0000000004640000, 0x0000000012450000]
 total_blobs=5337 nmethods=4830 adapters=418
 compilation: enabled

Compilation events (10 events):
Event: 3.749 Thread 0x000000001e835000 nmethod 5420 0x0000000003cbadd0 code [0x0000000003cbaf20, 0x0000000003cbb078]
Event: 3.749 Thread 0x000000001e835000 5421       4       org.jetbrains.kotlin.load.java.JavaDescriptorVisibilities::toDescriptorVisibility (49 bytes)
Event: 3.752 Thread 0x000000001e837000 nmethod 5426 0x00000000035e3d10 code [0x00000000035e4320, 0x00000000035e8738]
Event: 3.752 Thread 0x000000001e82f000 nmethod 5418 0x0000000003564e90 code [0x0000000003565020, 0x00000000035654d8]
Event: 3.752 Thread 0x000000001e82f000 5423       4       org.jetbrains.kotlin.types.TypeSubstitutor::substitute (55 bytes)
Event: 3.752 Thread 0x000000001e837000 5428       3       org.jetbrains.kotlin.descriptors.impl.FunctionDescriptorImpl::setHiddenForResolutionEverywhereBesideSupercalls (6 bytes)
Event: 3.752 Thread 0x000000001e837000 nmethod 5428 0x0000000003cddd10 code [0x0000000003cdde60, 0x0000000003cddfb0]
Event: 3.752 Thread 0x000000001e837000 5429       3       org.jetbrains.kotlin.descriptors.impl.FunctionDescriptorImpl::setHasSynthesizedParameterNames (6 bytes)
Event: 3.752 Thread 0x000000001e837000 nmethod 5429 0x0000000003d4a950 code [0x0000000003d4aaa0, 0x0000000003d4abf0]
Event: 3.752 Thread 0x000000001e837000 5430       3       org.jetbrains.kotlin.builtins.KotlinBuiltIns::isBuiltIn (25 bytes)

GC Heap History (10 events):
Event: 1.039 GC heap before
{Heap before GC invocations=2 (full 0):
 PSYoungGen      total 76288K, used 44297K [0x000000076b100000, 0x0000000774600000, 0x00000007c0000000)
  eden space 65536K, 51% used [0x000000076b100000,0x000000076d1c5010,0x000000076f100000)
  from space 10752K, 99% used [0x000000076f100000,0x000000076fb7d7e8,0x000000076fb80000)
  to   space 10752K, 0% used [0x0000000773b80000,0x0000000773b80000,0x0000000774600000)
 ParOldGen       total 175104K, used 4734K [0x00000006c1200000, 0x00000006cbd00000, 0x000000076b100000)
  object space 175104K, 2% used [0x00000006c1200000,0x00000006c169f8d8,0x00000006cbd00000)
 Metaspace       used 20732K, capacity 21182K, committed 21248K, reserved 1069056K
  class space    used 2366K, capacity 2527K, committed 2560K, reserved 1048576K
Event: 1.048 GC heap after
Heap after GC invocations=2 (full 0):
 PSYoungGen      total 141824K, used 10721K [0x000000076b100000, 0x0000000774600000, 0x00000007c0000000)
  eden space 131072K, 0% used [0x000000076b100000,0x000000076b100000,0x0000000773100000)
  from space 10752K, 99% used [0x0000000773b80000,0x00000007745f8790,0x0000000774600000)
  to   space 10752K, 0% used [0x0000000773100000,0x0000000773100000,0x0000000773b80000)
 ParOldGen       total 175104K, used 16549K [0x00000006c1200000, 0x00000006cbd00000, 0x000000076b100000)
  object space 175104K, 9% used [0x00000006c1200000,0x00000006c2229668,0x00000006cbd00000)
 Metaspace       used 20732K, capacity 21182K, committed 21248K, reserved 1069056K
  class space    used 2366K, capacity 2527K, committed 2560K, reserved 1048576K
}
Event: 1.048 GC heap before
{Heap before GC invocations=3 (full 1):
 PSYoungGen      total 141824K, used 10721K [0x000000076b100000, 0x0000000774600000, 0x00000007c0000000)
  eden space 131072K, 0% used [0x000000076b100000,0x000000076b100000,0x0000000773100000)
  from space 10752K, 99% used [0x0000000773b80000,0x00000007745f8790,0x0000000774600000)
  to   space 10752K, 0% used [0x0000000773100000,0x0000000773100000,0x0000000773b80000)
 ParOldGen       total 175104K, used 16549K [0x00000006c1200000, 0x00000006cbd00000, 0x000000076b100000)
  object space 175104K, 9% used [0x00000006c1200000,0x00000006c2229668,0x00000006cbd00000)
 Metaspace       used 20732K, capacity 21182K, committed 21248K, reserved 1069056K
  class space    used 2366K, capacity 2527K, committed 2560K, reserved 1048576K
Event: 1.088 GC heap after
Heap after GC invocations=3 (full 1):
 PSYoungGen      total 141824K, used 0K [0x000000076b100000, 0x0000000774600000, 0x00000007c0000000)
  eden space 131072K, 0% used [0x000000076b100000,0x000000076b100000,0x0000000773100000)
  from space 10752K, 0% used [0x0000000773b80000,0x0000000773b80000,0x0000000774600000)
  to   space 10752K, 0% used [0x0000000773100000,0x0000000773100000,0x0000000773b80000)
 ParOldGen       total 141824K, used 22321K [0x00000006c1200000, 0x00000006c9c80000, 0x000000076b100000)
  object space 141824K, 15% used [0x00000006c1200000,0x00000006c27cc760,0x00000006c9c80000)
 Metaspace       used 20732K, capacity 21182K, committed 21248K, reserved 1069056K
  class space    used 2366K, capacity 2527K, committed 2560K, reserved 1048576K
}
Event: 2.176 GC heap before
{Heap before GC invocations=4 (full 1):
 PSYoungGen      total 141824K, used 100488K [0x000000076b100000, 0x0000000774600000, 0x00000007c0000000)
  eden space 131072K, 76% used [0x000000076b100000,0x0000000771322078,0x0000000773100000)
  from space 10752K, 0% used [0x0000000773b80000,0x0000000773b80000,0x0000000774600000)
  to   space 10752K, 0% used [0x0000000773100000,0x0000000773100000,0x0000000773b80000)
 ParOldGen       total 141824K, used 22321K [0x00000006c1200000, 0x00000006c9c80000, 0x000000076b100000)
  object space 141824K, 15% used [0x00000006c1200000,0x00000006c27cc760,0x00000006c9c80000)
 Metaspace       used 34587K, capacity 35202K, committed 35416K, reserved 1081344K
  class space    used 4311K, capacity 4476K, committed 4480K, reserved 1048576K
Event: 2.192 GC heap after
Heap after GC invocations=4 (full 1):
 PSYoungGen      total 141824K, used 10741K [0x000000076b100000, 0x0000000777400000, 0x00000007c0000000)
  eden space 131072K, 0% used [0x000000076b100000,0x000000076b100000,0x0000000773100000)
  from space 10752K, 99% used [0x0000000773100000,0x0000000773b7d718,0x0000000773b80000)
  to   space 10752K, 0% used [0x0000000776980000,0x0000000776980000,0x0000000777400000)
 ParOldGen       total 141824K, used 35475K [0x00000006c1200000, 0x00000006c9c80000, 0x000000076b100000)
  object space 141824K, 25% used [0x00000006c1200000,0x00000006c34a4fc8,0x00000006c9c80000)
 Metaspace       used 34587K, capacity 35202K, committed 35416K, reserved 1081344K
  class space    used 4311K, capacity 4476K, committed 4480K, reserved 1048576K
}
Event: 2.192 GC heap before
{Heap before GC invocations=5 (full 2):
 PSYoungGen      total 141824K, used 10741K [0x000000076b100000, 0x0000000777400000, 0x00000007c0000000)
  eden space 131072K, 0% used [0x000000076b100000,0x000000076b100000,0x0000000773100000)
  from space 10752K, 99% used [0x0000000773100000,0x0000000773b7d718,0x0000000773b80000)
  to   space 10752K, 0% used [0x0000000776980000,0x0000000776980000,0x0000000777400000)
 ParOldGen       total 141824K, used 35475K [0x00000006c1200000, 0x00000006c9c80000, 0x000000076b100000)
  object space 141824K, 25% used [0x00000006c1200000,0x00000006c34a4fc8,0x00000006c9c80000)
 Metaspace       used 34587K, capacity 35202K, committed 35416K, reserved 1081344K
  class space    used 4311K, capacity 4476K, committed 4480K, reserved 1048576K
Event: 2.281 GC heap after
Heap after GC invocations=5 (full 2):
 PSYoungGen      total 141824K, used 0K [0x000000076b100000, 0x0000000777400000, 0x00000007c0000000)
  eden space 131072K, 0% used [0x000000076b100000,0x000000076b100000,0x0000000773100000)
  from space 10752K, 0% used [0x0000000773100000,0x0000000773100000,0x0000000773b80000)
  to   space 10752K, 0% used [0x0000000776980000,0x0000000776980000,0x0000000777400000)
 ParOldGen       total 141824K, used 42538K [0x00000006c1200000, 0x00000006c9c80000, 0x000000076b100000)
  object space 141824K, 29% used [0x00000006c1200000,0x00000006c3b8a870,0x00000006c9c80000)
 Metaspace       used 34587K, capacity 35202K, committed 35416K, reserved 1081344K
  class space    used 4311K, capacity 4476K, committed 4480K, reserved 1048576K
}
Event: 3.583 GC heap before
{Heap before GC invocations=6 (full 2):
 PSYoungGen      total 141824K, used 131072K [0x000000076b100000, 0x0000000777400000, 0x00000007c0000000)
  eden space 131072K, 100% used [0x000000076b100000,0x0000000773100000,0x0000000773100000)
  from space 10752K, 0% used [0x0000000773100000,0x0000000773100000,0x0000000773b80000)
  to   space 10752K, 0% used [0x0000000776980000,0x0000000776980000,0x0000000777400000)
 ParOldGen       total 141824K, used 42538K [0x00000006c1200000, 0x00000006c9c80000, 0x000000076b100000)
  object space 141824K, 29% used [0x00000006c1200000,0x00000006c3b8a870,0x00000006c9c80000)
 Metaspace       used 44893K, capacity 45740K, committed 46168K, reserved 1089536K
  class space    used 5388K, capacity 5638K, committed 5760K, reserved 1048576K
Event: 3.597 GC heap after
Heap after GC invocations=6 (full 2):
 PSYoungGen      total 174080K, used 10737K [0x000000076b100000, 0x0000000777400000, 0x00000007c0000000)
  eden space 163328K, 0% used [0x000000076b100000,0x000000076b100000,0x0000000775080000)
  from space 10752K, 99% used [0x0000000776980000,0x00000007773fc510,0x0000000777400000)
  to   space 10752K, 0% used [0x0000000775f00000,0x0000000775f00000,0x0000000776980000)
 ParOldGen       total 141824K, used 58576K [0x00000006c1200000, 0x00000006c9c80000, 0x000000076b100000)
  object space 141824K, 41% used [0x00000006c1200000,0x00000006c4b34210,0x00000006c9c80000)
 Metaspace       used 44893K, capacity 45740K, committed 46168K, reserved 1089536K
  class space    used 5388K, capacity 5638K, committed 5760K, reserved 1048576K
}

Deoptimization events (10 events):
Event: 3.598 Thread 0x000000001d112000 Uncommon trap: reason=unstable_if action=reinterpret pc=0x0000000003c2dd90 method=java.lang.ref.Finalizer.remove()V @ 10
Event: 3.598 Thread 0x000000001d112000 Uncommon trap: reason=unstable_if action=reinterpret pc=0x0000000003c23978 method=java.lang.ref.Finalizer.remove()V @ 10
Event: 3.598 Thread 0x000000001d112000 Uncommon trap: reason=unstable_if action=reinterpret pc=0x0000000003c23174 method=java.lang.ref.Finalizer.remove()V @ 10
Event: 3.627 Thread 0x0000000003352800 Uncommon trap: reason=null_check action=make_not_entrant pc=0x0000000003cc645c method=org.jetbrains.kotlin.load.java.components.JavaAnnotationDescriptor.<init>(Lorg/jetbrains/kotlin/load/java/lazy/LazyJavaResolverContext;Lorg/jetbrains/kotlin/load/java/st
Event: 3.691 Thread 0x0000000003352800 Uncommon trap: reason=bimorphic action=maybe_recompile pc=0x00000000045a5114 method=org.jetbrains.kotlin.types.DelegatingSimpleType.getConstructor()Lorg/jetbrains/kotlin/types/TypeConstructor; @ 4
Event: 3.704 Thread 0x0000000003352800 Uncommon trap: reason=unstable_if action=reinterpret pc=0x0000000004085db4 method=org.jetbrains.kotlin.name.Name.hashCode()I @ 16
Event: 3.746 Thread 0x0000000003352800 Uncommon trap: reason=class_check action=maybe_recompile pc=0x0000000004240ec4 method=org.jetbrains.kotlin.com.intellij.psi.impl.source.CharTableImpl.intern(Ljava/lang/CharSequence;II)Ljava/lang/CharSequence; @ 13
Event: 3.746 Thread 0x0000000003352800 Uncommon trap: reason=class_check action=maybe_recompile pc=0x0000000004240ec4 method=org.jetbrains.kotlin.com.intellij.psi.impl.source.CharTableImpl.intern(Ljava/lang/CharSequence;II)Ljava/lang/CharSequence; @ 13
Event: 3.746 Thread 0x0000000003352800 Uncommon trap: reason=class_check action=maybe_recompile pc=0x0000000004240ec4 method=org.jetbrains.kotlin.com.intellij.psi.impl.source.CharTableImpl.intern(Ljava/lang/CharSequence;II)Ljava/lang/CharSequence; @ 13
Event: 3.746 Thread 0x0000000003352800 Uncommon trap: reason=class_check action=maybe_recompile pc=0x0000000004240ec4 method=org.jetbrains.kotlin.com.intellij.psi.impl.source.CharTableImpl.intern(Ljava/lang/CharSequence;II)Ljava/lang/CharSequence; @ 13

Classes redefined (0 events):
No events

Internal exceptions (10 events):
Event: 2.924 Thread 0x0000000003352800 Exception <a 'java/lang/NoSuchMethodError': java.lang.Object.lambda$static$1()Lorg/jetbrains/kotlin/com/intellij/lang/ASTNode;> (0x000000076fa68640) thrown at [C:\src\AOSP-openjdk-git\hotspot\src\share\vm\interpreter\linkResolver.cpp, line 620]
Event: 2.924 Thread 0x0000000003352800 Exception <a 'java/lang/NoSuchMethodError': java.lang.Object.lambda$static$2()Lorg/jetbrains/kotlin/com/intellij/lang/ASTNode;> (0x000000076fa6b478) thrown at [C:\src\AOSP-openjdk-git\hotspot\src\share\vm\interpreter\linkResolver.cpp, line 620]
Event: 2.924 Thread 0x0000000003352800 Exception <a 'java/lang/NoSuchMethodError': java.lang.Object.lambda$static$3()Lorg/jetbrains/kotlin/com/intellij/lang/ASTNode;> (0x000000076fa6e2a8) thrown at [C:\src\AOSP-openjdk-git\hotspot\src\share\vm\interpreter\linkResolver.cpp, line 620]
Event: 2.932 Thread 0x0000000003352800 Implicit null exception at 0x0000000003ca70d0 to 0x0000000003ca71a1
Event: 2.947 Thread 0x0000000003352800 Exception <a 'java/lang/NoSuchMethodError': java.lang.Object.lambda$static$0(I)[Lorg/jetbrains/kotlin/com/intellij/psi/PsiReference;> (0x000000076fbe09a0) thrown at [C:\src\AOSP-openjdk-git\hotspot\src\share\vm\interpreter\linkResolver.cpp, line 620]
Event: 2.956 Thread 0x0000000003352800 Exception <a 'java/lang/NoSuchMethodError': java.lang.Object.lambda$static$0(I)[Lorg/jetbrains/kotlin/com/intellij/psi/PsiTypeElement;> (0x000000076fc90760) thrown at [C:\src\AOSP-openjdk-git\hotspot\src\share\vm\interpreter\linkResolver.cpp, line 620]
Event: 2.972 Thread 0x0000000003352800 Exception <a 'java/lang/NoSuchMethodError': java.lang.Object.lambda$static$0(I)[Lorg/jetbrains/kotlin/com/intellij/psi/PsiTypeParameter;> (0x000000076fd7a910) thrown at [C:\src\AOSP-openjdk-git\hotspot\src\share\vm\interpreter\linkResolver.cpp, line 620]
Event: 3.048 Thread 0x0000000003352800 Exception <a 'java/lang/NoSuchMethodError': java.lang.Object.lambda$static$0(I)[Lorg/jetbrains/kotlin/psi/KtTypeElement;> (0x0000000770652158) thrown at [C:\src\AOSP-openjdk-git\hotspot\src\share\vm\interpreter\linkResolver.cpp, line 620]
Event: 3.107 Thread 0x0000000003352800 Exception <a 'java/lang/NoSuchMethodError': java.lang.Object.lambda$static$0(I)[Lorg/jetbrains/kotlin/psi/KtDeclaration;> (0x0000000770f18198) thrown at [C:\src\AOSP-openjdk-git\hotspot\src\share\vm\interpreter\linkResolver.cpp, line 620]
Event: 3.627 Thread 0x0000000003352800 Implicit null exception at 0x0000000003cc5e23 to 0x0000000003cc6451

Events (10 events):
Event: 3.746 Thread 0x0000000003352800 DEOPT UNPACKING pc=0x000000000349557b sp=0x000000000334d130 mode 2
Event: 3.746 Thread 0x0000000003352800 Uncommon trap: trap_request=0xffffffde fr.pc=0x0000000004240ec4
Event: 3.746 Thread 0x0000000003352800 DEOPT PACKING pc=0x0000000004240ec4 sp=0x000000000334d1e0
Event: 3.746 Thread 0x0000000003352800 DEOPT UNPACKING pc=0x000000000349557b sp=0x000000000334d130 mode 2
Event: 3.746 Thread 0x0000000003352800 Uncommon trap: trap_request=0xffffffde fr.pc=0x0000000004240ec4
Event: 3.746 Thread 0x0000000003352800 DEOPT PACKING pc=0x0000000004240ec4 sp=0x000000000334d1e0
Event: 3.746 Thread 0x0000000003352800 DEOPT UNPACKING pc=0x000000000349557b sp=0x000000000334d130 mode 2
Event: 3.746 Thread 0x0000000003352800 Uncommon trap: trap_request=0xffffffde fr.pc=0x0000000004240ec4
Event: 3.746 Thread 0x0000000003352800 DEOPT PACKING pc=0x0000000004240ec4 sp=0x000000000334d1e0
Event: 3.746 Thread 0x0000000003352800 DEOPT UNPACKING pc=0x000000000349557b sp=0x000000000334d130 mode 2


Dynamic libraries:
0x00007ff77b590000 - 0x00007ff77b5c1000 	C:\Program Files\Android\Android Studio1\jre\jre\bin\java.exe
0x00007ff8f7290000 - 0x00007ff8f7485000 	C:\WINDOWS\SYSTEM32\ntdll.dll
0x00007ff8f5b40000 - 0x00007ff8f5bfd000 	C:\WINDOWS\System32\KERNEL32.DLL
0x00007ff8f4d40000 - 0x00007ff8f5008000 	C:\WINDOWS\System32\KERNELBASE.dll
0x00007ff8f55b0000 - 0x00007ff8f565c000 	C:\WINDOWS\System32\ADVAPI32.dll
0x00007ff8f5c00000 - 0x00007ff8f5c9e000 	C:\WINDOWS\System32\msvcrt.dll
0x00007ff8f71b0000 - 0x00007ff8f724b000 	C:\WINDOWS\System32\sechost.dll
0x00007ff8f58e0000 - 0x00007ff8f5a0b000 	C:\WINDOWS\System32\RPCRT4.dll
0x00007ff8f52f0000 - 0x00007ff8f5490000 	C:\WINDOWS\System32\USER32.dll
0x00007ff8f4b30000 - 0x00007ff8f4b52000 	C:\WINDOWS\System32\win32u.dll
0x00007ff8f7170000 - 0x00007ff8f719a000 	C:\WINDOWS\System32\GDI32.dll
0x00007ff8f5060000 - 0x00007ff8f516b000 	C:\WINDOWS\System32\gdi32full.dll
0x00007ff8f4b60000 - 0x00007ff8f4bfd000 	C:\WINDOWS\System32\msvcp_win.dll
0x00007ff8f5170000 - 0x00007ff8f5270000 	C:\WINDOWS\System32\ucrtbase.dll
0x00007ff8e30d0000 - 0x00007ff8e336a000 	C:\WINDOWS\WinSxS\amd64_microsoft.windows.common-controls_6595b64144ccf1df_6.0.19041.844_none_ca00b6081b84eb1d\COMCTL32.dll
0x00007ff8f58b0000 - 0x00007ff8f58e0000 	C:\WINDOWS\System32\IMM32.DLL
0x0000000069c00000 - 0x0000000069cd2000 	C:\Program Files\Android\Android Studio1\jre\jre\bin\msvcr100.dll
0x0000000069f70000 - 0x000000006a7bb000 	C:\Program Files\Android\Android Studio1\jre\jre\bin\server\jvm.dll
0x00007ff8f71a0000 - 0x00007ff8f71a8000 	C:\WINDOWS\System32\PSAPI.DLL
0x00007ff8f1850000 - 0x00007ff8f1859000 	C:\WINDOWS\SYSTEM32\WSOCK32.dll
0x00007ff8e9d80000 - 0x00007ff8e9da7000 	C:\WINDOWS\SYSTEM32\WINMM.dll
0x00007ff8ec280000 - 0x00007ff8ec28a000 	C:\WINDOWS\SYSTEM32\VERSION.dll
0x00007ff8f7100000 - 0x00007ff8f716b000 	C:\WINDOWS\System32\WS2_32.dll
0x00007ff8f1840000 - 0x00007ff8f184f000 	C:\Program Files\Android\Android Studio1\jre\jre\bin\verify.dll
0x00007ff8f0790000 - 0x00007ff8f07b9000 	C:\Program Files\Android\Android Studio1\jre\jre\bin\java.dll
0x00007ff8f1710000 - 0x00007ff8f1726000 	C:\Program Files\Android\Android Studio1\jre\jre\bin\zip.dll
0x00007ff8f6880000 - 0x00007ff8f6fc2000 	C:\WINDOWS\System32\SHELL32.dll
0x00007ff8f2b20000 - 0x00007ff8f32b0000 	C:\WINDOWS\SYSTEM32\windows.storage.dll
0x00007ff8f6310000 - 0x00007ff8f6665000 	C:\WINDOWS\System32\combase.dll
0x00007ff8f4370000 - 0x00007ff8f439c000 	C:\WINDOWS\SYSTEM32\Wldp.dll
0x00007ff8f61f0000 - 0x00007ff8f629e000 	C:\WINDOWS\System32\SHCORE.dll
0x00007ff8f66d0000 - 0x00007ff8f6725000 	C:\WINDOWS\System32\shlwapi.dll
0x00007ff8f4910000 - 0x00007ff8f492f000 	C:\WINDOWS\SYSTEM32\profapi.dll
0x00007ff8f0770000 - 0x00007ff8f078a000 	C:\Program Files\Android\Android Studio1\jre\jre\bin\net.dll
0x00007ff8f40e0000 - 0x00007ff8f414a000 	C:\WINDOWS\system32\mswsock.dll
0x00007ff8f0750000 - 0x00007ff8f0763000 	C:\Program Files\Android\Android Studio1\jre\jre\bin\nio.dll

VM Arguments:
java_command: org.jetbrains.kotlin.cli.jvm.K2JVMCompiler @C:\Users\tegar\AndroidStudioProjects\FootballApp\app\build\20210522_8021171708649772852.compiler.options
java_class_path (initial): C:\Users\tegar\.gradle\caches\modules-2\files-2.1\org.jetbrains.kotlin\kotlin-compiler-embeddable\1.4.31\6451ea797cef544e81f507b0d9959cd97ae09c0\kotlin-compiler-embeddable-1.4.31.jar;C:\Users\tegar\.gradle\caches\modules-2\files-2.1\org.jetbrains.kotlin\kotlin-reflect\1.4.31\63db9d66c3d20f7b8f66196e7ba86969daae8b8a\kotlin-reflect-1.4.31.jar;C:\Users\tegar\.gradle\caches\modules-2\files-2.1\org.jetbrains.kotlin\kotlin-stdlib\1.4.31\a58e0fb9812a6a93ca24b5da75e4b5a0cb89c957\kotlin-stdlib-1.4.31.jar;C:\Users\tegar\.gradle\caches\modules-2\files-2.1\org.jetbrains.kotlin\kotlin-script-runtime\1.4.31\183616b52cfb8ddaa8a2a15bf926e87dfcddcde3\kotlin-script-runtime-1.4.31.jar;C:\Users\tegar\.gradle\caches\modules-2\files-2.1\org.jetbrains.kotlin\kotlin-daemon-embeddable\1.4.31\10faf8ac3dd5975ed972b2bc395b4ffc7ffde246\kotlin-daemon-embeddable-1.4.31.jar;C:\Users\tegar\.gradle\caches\modules-2\files-2.1\org.jetbrains.intellij.deps\trove4j\1.0.20181211\216c2e14b070f334479d800987affe4054cd563f\trove4j-1.0.20181211.jar;C:\Users\tegar\.gradle\caches\modules-2\files-2.1\org.jetbrains.kotlin\kotlin-stdlib-common\1.4.31\6dd50665802f54ba9bc3f70ecb20227d1bc81323\kotlin-stdlib-common-1.4.31.jar;C:\Users\tegar\.gradle\caches\modules-2\files-2.1\org.jetbrains\annotations\13.0\919f0dfe192fb4e063e7dacadee7f8bb9a2672a9\annotations-13.0.jar;C:\Program Files\Android\Android Studio1\jre\lib\tools.jar
Launcher Type: SUN_STANDARD

Environment Variables:
PATH=C:\Program Files\Common Files\Oracle\Java\javapath;C:\Windows\system32;C:\Windows;C:\Windows\System32\Wbem;C:\Windows\System32\WindowsPowerShell\v1.0\;C:\Windows\System32\OpenSSH\;C:\Program Files (x86)\NVIDIA Corporation\PhysX\Common;C:\Program Files\NVIDIA Corporation\NVIDIA NvDLISR;C:\Program Files\Git\cmd;C:\WINDOWS\system32;C:\WINDOWS;C:\WINDOWS\System32\Wbem;C:\WINDOWS\System32\WindowsPowerShell\v1.0\;C:\WINDOWS\System32\OpenSSH\;C:\xampp\php;C:\composer;C:\gradle-6.6\bin;C:\Program Files\nodejs\;C:\Users\tegar\AppData\Local\Microsoft\WindowsApps;C:\Users\tegar\AppData\Local\Programs\Microsoft VS Code\bin;C:\Program Files\JetBrains\IntelliJ IDEA Community Edition 2019.3.3\bin;;C:\Project\flutter\bin;C:\Users\tegar\AppData\Local\GitHubDesktop\bin;C:\Users\tegar\AppData\Roaming\Composer\vendor\bin;C:\Users\tegar\AppData\Roaming\npm;C:\Program Files\heroku\bin
USERNAME=tegar
OS=Windows_NT
PROCESSOR_IDENTIFIER=Intel64 Family 6 Model 158 Stepping 13, GenuineIntel



---------------  S Y S T E M  ---------------

OS: Windows 10.0 , 64 bit Build 19041 (10.0.19041.928)

CPU:total 12 (initial active 12) (6 cores per cpu, 2 threads per core) family 6 model 158 stepping 13, cmov, cx8, fxsr, mmx, sse, sse2, sse3, ssse3, sse4.1, sse4.2, popcnt, avx, avx2, aes, clmul, erms, 3dnowpref, lzcnt, ht, tsc, tscinvbit, bmi1, bmi2, adx

Memory: 4k page, physical 16695540k(5506296k free), swap 16695540k(5912k free)

vm_info: OpenJDK 64-Bit Server VM (25.242-b01) for windows-amd64 JRE (1.8.0_242-release-1644-b01), built by "builder" with MS VC++ 10.0 (VS2010)

time: Sat May 22 22:58:42 2021
timezone: SE Asia Standard Time
elapsed time: 3 seconds (0d 0h 0m 3s)

