#
# There is insufficient memory for the Java Runtime Environment to continue.
# Native memory allocation (malloc) failed to allocate 1833456 bytes for Chunk::new
# Possible reasons:
#   The system is out of physical RAM or swap space
#   The process is running with CompressedOops enabled, and the Java Heap may be blocking the growth of the native heap
# Possible solutions:
#   Reduce memory load on the system
#   Increase physical memory or swap space
#   Check if swap backing store is full
#   Decrease Java heap size (-Xmx/-Xms)
#   Decrease number of Java threads
#   Decrease Java thread stack sizes (-Xss)
#   Set larger code cache with -XX:ReservedCodeCacheSize=
#   JVM is running with Unscaled Compressed Oops mode in which the Java heap is
#     placed in the first 4GB address space. The Java Heap base address is the
#     maximum limit for the native heap growth. Please use -XX:HeapBaseMinAddress
#     to set the Java Heap base and to place the Java Heap above 4GB virtual address.
# This output file may be truncated or incomplete.
#
#  Out of Memory Error (allocation.cpp:389), pid=22012, tid=0x0000000000002318
#
# JRE version: OpenJDK Runtime Environment (8.0_242-b01) (build 1.8.0_242-release-1644-b01)
# Java VM: OpenJDK 64-Bit Server VM (25.242-b01 mixed mode windows-amd64 compressed oops)
# Failed to write core dump. Minidumps are not enabled by default on client versions of Windows
#

---------------  T H R E A D  ---------------

Current thread (0x0000000019d71800):  JavaThread "C2 CompilerThread2" daemon [_thread_in_native, id=8984, stack(0x000000001b5c0000,0x000000001b6c0000)]

Stack: [0x000000001b5c0000,0x000000001b6c0000]
[error occurred during error reporting (printing stack bounds), id 0xc0000005]

Native frames: (J=compiled Java code, j=interpreted, Vv=VM code, C=native code)


Current CompileTask:
C2:   1682 1487   !   4       java.net.URLClassLoader$1::run (63 bytes)


---------------  P R O C E S S  ---------------

Java Threads: ( => current thread )
  0x000000001d94b800 JavaThread "Cache worker for file hash cache (C:\Users\tegar\.gradle\caches\6.5\fileHashes)" [_thread_blocked, id=19264, stack(0x0000000020ab0000,0x0000000020bb0000)]
  0x000000001d94a800 JavaThread "File lock request listener" [_thread_in_native, id=29184, stack(0x000000001f9e0000,0x000000001fae0000)]
  0x000000001d791800 JavaThread "Cache worker for journal cache (C:\Users\tegar\.gradle\caches\journal-1)" [_thread_blocked, id=26140, stack(0x000000001f8e0000,0x000000001f9e0000)]
  0x000000001d6e0800 JavaThread "Thread-9" [_thread_blocked, id=2876, stack(0x000000001f5e0000,0x000000001f6e0000)]
  0x000000001d6df000 JavaThread "Stdin handler" [_thread_blocked, id=14272, stack(0x000000001f4e0000,0x000000001f5e0000)]
  0x000000001d6dc800 JavaThread "Asynchronous log dispatcher for DefaultDaemonConnection: socket connection from /127.0.0.1:50143 to /127.0.0.1:50144" [_thread_blocked, id=23260, stack(0x000000001f3e0000,0x000000001f4e0000)]
  0x000000001d72b800 JavaThread "Daemon worker" [_thread_in_Java, id=11888, stack(0x000000001f2e0000,0x000000001f3e0000)]
  0x000000001d6fc000 JavaThread "Cancel handler" [_thread_blocked, id=27776, stack(0x000000001f1e0000,0x000000001f2e0000)]
  0x000000001d6fe800 JavaThread "Handler for socket connection from /127.0.0.1:50143 to /127.0.0.1:50144" [_thread_in_native, id=20284, stack(0x000000001f0e0000,0x000000001f1e0000)]
  0x000000001d691000 JavaThread "Daemon" [_thread_blocked, id=2548, stack(0x000000001ece0000,0x000000001ede0000)]
  0x000000001d618800 JavaThread "Daemon periodic checks" [_thread_blocked, id=26356, stack(0x000000001ebe0000,0x000000001ece0000)]
  0x000000001d610000 JavaThread "Incoming local TCP Connector on port 50143" [_thread_in_native, id=23872, stack(0x000000001e9a0000,0x000000001eaa0000)]
  0x000000001d663800 JavaThread "Daemon health stats" [_thread_blocked, id=10588, stack(0x000000001e360000,0x000000001e460000)]
  0x0000000019dfd000 JavaThread "Service Thread" daemon [_thread_blocked, id=28128, stack(0x000000001b7c0000,0x000000001b8c0000)]
  0x0000000019d72800 JavaThread "C1 CompilerThread3" daemon [_thread_in_native, id=28836, stack(0x000000001b6c0000,0x000000001b7c0000)]
=>0x0000000019d71800 JavaThread "C2 CompilerThread2" daemon [_thread_in_native, id=8984, stack(0x000000001b5c0000,0x000000001b6c0000)]
  0x0000000019d6c800 JavaThread "C2 CompilerThread1" daemon [_thread_in_native, id=9880, stack(0x000000001b4c0000,0x000000001b5c0000)]
  0x0000000019d64000 JavaThread "C2 CompilerThread0" daemon [_thread_blocked, id=10492, stack(0x000000001b3c0000,0x000000001b4c0000)]
  0x0000000019d61800 JavaThread "Attach Listener" daemon [_thread_blocked, id=24836, stack(0x000000001b2c0000,0x000000001b3c0000)]
  0x0000000019d60000 JavaThread "Signal Dispatcher" daemon [_thread_blocked, id=9340, stack(0x000000001b1c0000,0x000000001b2c0000)]
  0x000000000341a800 JavaThread "Finalizer" daemon [_thread_blocked, id=24064, stack(0x000000001afc0000,0x000000001b0c0000)]
  0x000000001868c000 JavaThread "Reference Handler" daemon [_thread_blocked, id=13960, stack(0x000000001aec0000,0x000000001afc0000)]
  0x000000000331e800 JavaThread "main" [_thread_blocked, id=3568, stack(0x00000000031d0000,0x00000000032d0000)]

Other Threads:
  0x0000000018685800 VMThread [stack: 0x000000001adc0000,0x000000001aec0000] [id=19592]
  0x0000000019d81000 WatcherThread [stack: 0x000000001b8c0000,0x000000001b9c0000] [id=2916]

VM state:not at safepoint (normal execution)

VM Mutex/Monitor currently owned by a thread: None

heap address: 0x0000000080000000, size: 2048 MB, Compressed Oops mode: 32-bit
Narrow klass base: 0x0000000000000000, Narrow klass shift: 3
Compressed class space size: 1073741824 Address: 0x0000000100000000

Heap:
 PSYoungGen      total 76288K, used 57746K [0x00000000d5580000, 0x00000000daa80000, 0x0000000100000000)
  eden space 65536K, 74% used [0x00000000d5580000,0x00000000d85163a0,0x00000000d9580000)
  from space 10752K, 83% used [0x00000000da000000,0x00000000da8ce748,0x00000000daa80000)
  to   space 10752K, 0% used [0x00000000d9580000,0x00000000d9580000,0x00000000da000000)
 ParOldGen       total 175104K, used 24K [0x0000000080000000, 0x000000008ab00000, 0x00000000d5580000)
  object space 175104K, 0% used [0x0000000080000000,0x0000000080006000,0x000000008ab00000)
 Metaspace       used 18696K, capacity 19340K, committed 19456K, reserved 1067008K
  class space    used 2563K, capacity 2772K, committed 2816K, reserved 1048576K

Card table byte_map: [0x00000000127e0000,0x0000000012bf0000] byte_map_base: 0x00000000123e0000

Marking Bits: (ParMarkBitMap*) 0x000000006a79f030
 Begin Bits: [0x00000000138a0000, 0x00000000158a0000)
 End Bits:   [0x00000000158a0000, 0x00000000178a0000)

Polling page: 0x00000000030b0000

CodeCache: size=245760Kb used=5766Kb max_used=5772Kb free=239993Kb
 bounds [0x0000000003420000, 0x00000000039d0000, 0x0000000012420000]
 total_blobs=2089 nmethods=1679 adapters=323
 compilation: enabled

Compilation events (10 events):
Event: 1.677 Thread 0x0000000019d72800 nmethod 1663 0x00000000039b2a10 code [0x00000000039b2b60, 0x00000000039b2cd0]
Event: 1.677 Thread 0x0000000019d72800 1665       3       java.lang.Class::isAnonymousClass (10 bytes)
Event: 1.677 Thread 0x0000000019d72800 nmethod 1665 0x00000000039b2550 code [0x00000000039b26c0, 0x00000000039b2978]
Event: 1.677 Thread 0x0000000019d72800 1666       3       java.lang.Class::isLocalClass (20 bytes)
Event: 1.677 Thread 0x0000000019d72800 nmethod 1666 0x00000000039b1b50 code [0x00000000039b1d20, 0x00000000039b2358]
Event: 1.679 Thread 0x0000000019d72800 1668       3       java.util.Arrays::hashCode (56 bytes)
Event: 1.679 Thread 0x0000000019d72800 nmethod 1668 0x00000000039b1510 code [0x00000000039b1680, 0x00000000039b1a08]
Event: 1.679 Thread 0x0000000019d72800 1669       3       java.util.TreeMap::put (247 bytes)
Event: 1.680 Thread 0x0000000019d72800 nmethod 1669 0x00000000039bbdd0 code [0x00000000039bc040, 0x00000000039bd218]
Event: 1.680 Thread 0x0000000019d72800 1667       3       java.lang.Integer::valueOf (32 bytes)

GC Heap History (4 events):
Event: 0.601 GC heap before
{Heap before GC invocations=1 (full 0):
 PSYoungGen      total 76288K, used 65536K [0x00000000d5580000, 0x00000000daa80000, 0x0000000100000000)
  eden space 65536K, 100% used [0x00000000d5580000,0x00000000d9580000,0x00000000d9580000)
  from space 10752K, 0% used [0x00000000da000000,0x00000000da000000,0x00000000daa80000)
  to   space 10752K, 0% used [0x00000000d9580000,0x00000000d9580000,0x00000000da000000)
 ParOldGen       total 175104K, used 0K [0x0000000080000000, 0x000000008ab00000, 0x00000000d5580000)
  object space 175104K, 0% used [0x0000000080000000,0x0000000080000000,0x000000008ab00000)
 Metaspace       used 7726K, capacity 7972K, committed 8320K, reserved 1056768K
  class space    used 945K, capacity 1039K, committed 1152K, reserved 1048576K
Event: 0.605 GC heap after
Heap after GC invocations=1 (full 0):
 PSYoungGen      total 76288K, used 5824K [0x00000000d5580000, 0x00000000daa80000, 0x0000000100000000)
  eden space 65536K, 0% used [0x00000000d5580000,0x00000000d5580000,0x00000000d9580000)
  from space 10752K, 54% used [0x00000000d9580000,0x00000000d9b300b8,0x00000000da000000)
  to   space 10752K, 0% used [0x00000000da000000,0x00000000da000000,0x00000000daa80000)
 ParOldGen       total 175104K, used 16K [0x0000000080000000, 0x000000008ab00000, 0x00000000d5580000)
  object space 175104K, 0% used [0x0000000080000000,0x0000000080004000,0x000000008ab00000)
 Metaspace       used 7726K, capacity 7972K, committed 8320K, reserved 1056768K
  class space    used 945K, capacity 1039K, committed 1152K, reserved 1048576K
}
Event: 1.403 GC heap before
{Heap before GC invocations=2 (full 0):
 PSYoungGen      total 76288K, used 71360K [0x00000000d5580000, 0x00000000daa80000, 0x0000000100000000)
  eden space 65536K, 100% used [0x00000000d5580000,0x00000000d9580000,0x00000000d9580000)
  from space 10752K, 54% used [0x00000000d9580000,0x00000000d9b300b8,0x00000000da000000)
  to   space 10752K, 0% used [0x00000000da000000,0x00000000da000000,0x00000000daa80000)
 ParOldGen       total 175104K, used 16K [0x0000000080000000, 0x000000008ab00000, 0x00000000d5580000)
  object space 175104K, 0% used [0x0000000080000000,0x0000000080004000,0x000000008ab00000)
 Metaspace       used 14201K, capacity 14570K, committed 14720K, reserved 1062912K
  class space    used 1956K, capacity 2087K, committed 2176K, reserved 1048576K
Event: 1.409 GC heap after
Heap after GC invocations=2 (full 0):
 PSYoungGen      total 76288K, used 9017K [0x00000000d5580000, 0x00000000daa80000, 0x0000000100000000)
  eden space 65536K, 0% used [0x00000000d5580000,0x00000000d5580000,0x00000000d9580000)
  from space 10752K, 83% used [0x00000000da000000,0x00000000da8ce748,0x00000000daa80000)
  to   space 10752K, 0% used [0x00000000d9580000,0x00000000d9580000,0x00000000da000000)
 ParOldGen       total 175104K, used 24K [0x0000000080000000, 0x000000008ab00000, 0x00000000d5580000)
  object space 175104K, 0% used [0x0000000080000000,0x0000000080006000,0x000000008ab00000)
 Metaspace       used 14201K, capacity 14570K, committed 14720K, reserved 1062912K
  class space    used 1956K, capacity 2087K, committed 2176K, reserved 1048576K
}

Deoptimization events (10 events):
Event: 1.397 Thread 0x000000001d72b800 Uncommon trap: reason=class_check action=maybe_recompile pc=0x0000000003738218 method=java.util.regex.Matcher.match(II)Z @ 86
Event: 1.398 Thread 0x000000001d72b800 Uncommon trap: reason=class_check action=maybe_recompile pc=0x00000000035d0e8c method=java.util.regex.Matcher.match(II)Z @ 86
Event: 1.458 Thread 0x000000001d72b800 Uncommon trap: reason=unstable_if action=reinterpret pc=0x000000000373c15c method=java.io.File.getName()Ljava/lang/String; @ 16
Event: 1.458 Thread 0x000000001d72b800 Uncommon trap: reason=unstable_if action=reinterpret pc=0x000000000373e75c method=java.lang.String.substring(I)Ljava/lang/String; @ 35
Event: 1.559 Thread 0x000000001d72b800 Uncommon trap: reason=unstable_if action=reinterpret pc=0x000000000373c970 method=java.util.LinkedHashMap.afterNodeInsertion(Z)V @ 1
Event: 1.559 Thread 0x000000001d72b800 Uncommon trap: reason=unstable_if action=reinterpret pc=0x00000000036930fc method=java.util.HashMap.getNode(ILjava/lang/Object;)Ljava/util/HashMap$Node; @ 129
Event: 1.559 Thread 0x000000001d72b800 Uncommon trap: reason=bimorphic action=maybe_recompile pc=0x00000000038eeaf4 method=java.util.HashMap.putVal(ILjava/lang/Object;Ljava/lang/Object;ZZ)Ljava/lang/Object; @ 203
Event: 1.560 Thread 0x000000001d72b800 Uncommon trap: reason=unstable_if action=reinterpret pc=0x0000000003661850 method=java.util.HashMap.getNode(ILjava/lang/Object;)Ljava/util/HashMap$Node; @ 129
Event: 1.560 Thread 0x000000001d72b800 Uncommon trap: reason=bimorphic action=maybe_recompile pc=0x00000000038eeaf4 method=java.util.HashMap.putVal(ILjava/lang/Object;Ljava/lang/Object;ZZ)Ljava/lang/Object; @ 203
Event: 1.619 Thread 0x000000001d72b800 Uncommon trap: reason=unstable_if action=reinterpret pc=0x0000000003949f8c method=java.util.jar.Attributes$Name.isDigit(C)Z @ 3

Classes redefined (0 events):
No events

Internal exceptions (10 events):
Event: 1.258 Thread 0x000000001d6fe800 Exception <a 'java/lang/NoSuchMethodError': <clinit>> (0x00000000d78e1350) thrown at [C:\src\AOSP-openjdk-git\hotspot\src\share\vm\prims\jni.cpp, line 1615]
Event: 1.259 Thread 0x000000001d6fe800 Exception <a 'java/lang/NoSuchMethodError': <clinit>> (0x00000000d78f5938) thrown at [C:\src\AOSP-openjdk-git\hotspot\src\share\vm\prims\jni.cpp, line 1615]
Event: 1.264 Thread 0x000000001d6fe800 Exception <a 'java/lang/NoSuchMethodError': <clinit>> (0x00000000d7962988) thrown at [C:\src\AOSP-openjdk-git\hotspot\src\share\vm\prims\jni.cpp, line 1615]
Event: 1.266 Thread 0x000000001d6fe800 Exception <a 'java/lang/NoSuchMethodError': <clinit>> (0x00000000d799ced0) thrown at [C:\src\AOSP-openjdk-git\hotspot\src\share\vm\prims\jni.cpp, line 1615]
Event: 1.269 Thread 0x000000001d6fe800 Exception <a 'java/lang/NoSuchMethodError': <clinit>> (0x00000000d79d2b08) thrown at [C:\src\AOSP-openjdk-git\hotspot\src\share\vm\prims\jni.cpp, line 1615]
Event: 1.270 Thread 0x000000001d6fe800 Exception <a 'java/lang/NoSuchMethodError': <clinit>> (0x00000000d79df038) thrown at [C:\src\AOSP-openjdk-git\hotspot\src\share\vm\prims\jni.cpp, line 1615]
Event: 1.479 Thread 0x000000001d72b800 Exception <a 'java/lang/NoSuchMethodError': java.lang.Object.lambda$and$0(Ljava/util/function/Predicate;Ljava/lang/Object;)Z> (0x00000000d5e90298) thrown at [C:\src\AOSP-openjdk-git\hotspot\src\share\vm\interpreter\linkResolver.cpp, line 620]
Event: 1.482 Thread 0x000000001d72b800 Exception <a 'java/lang/IncompatibleClassChangeError': Found class java.lang.Object, but interface was expected> (0x00000000d5ea0590) thrown at [C:\src\AOSP-openjdk-git\hotspot\src\share\vm\interpreter\linkResolver.cpp, line 653]
Event: 1.483 Thread 0x000000001d72b800 Exception <a 'java/lang/NoSuchMethodError': java.lang.Object.lambda$or$2(Ljava/util/function/Predicate;Ljava/lang/Object;)Z> (0x00000000d5ea50e0) thrown at [C:\src\AOSP-openjdk-git\hotspot\src\share\vm\interpreter\linkResolver.cpp, line 620]
Event: 1.580 Thread 0x000000001d72b800 Exception <a 'java/lang/NoSuchMethodError': java.lang.Object.lambda$static$0(Lorg/gradle/internal/state/ModelObject;)Ljava/lang/String;> (0x00000000d7702c30) thrown at [C:\src\AOSP-openjdk-git\hotspot\src\share\vm\interpreter\linkResolver.cpp, line 620]

Events (10 events):
Event: 1.678 loading class org/gradle/api/internal/plugins/DefaultObjectConfigurationAction
Event: 1.678 loading class org/gradle/api/internal/plugins/DefaultObjectConfigurationAction done
Event: 1.679 loading class org/gradle/api/plugins/ObjectConfigurationAction
Event: 1.679 loading class org/gradle/api/plugins/ObjectConfigurationAction done
Event: 1.679 loading class org/gradle/api/plugins/PluginContainer
Event: 1.679 loading class org/gradle/api/plugins/PluginContainer done
Event: 1.679 loading class org/gradle/api/plugins/PluginCollection
Event: 1.679 loading class org/gradle/api/plugins/PluginCollection done
Event: 1.680 loading class org/gradle/configuration/ConfigurationTargetIdentifier
Event: 1.680 loading class org/gradle/configuration/ConfigurationTargetIdentifier done


Dynamic libraries:
0x00007ff6650e0000 - 0x00007ff665111000 	C:\Program Files\Android\Android Studio1\jre\bin\java.exe
0x00007ff8f7290000 - 0x00007ff8f7485000 	C:\WINDOWS\SYSTEM32\ntdll.dll
0x00007ff8f5b40000 - 0x00007ff8f5bfd000 	C:\WINDOWS\System32\KERNEL32.DLL
0x00007ff8f4d40000 - 0x00007ff8f5008000 	C:\WINDOWS\System32\KERNELBASE.dll
0x00007ff8f55b0000 - 0x00007ff8f565c000 	C:\WINDOWS\System32\ADVAPI32.dll
0x00007ff8f5c00000 - 0x00007ff8f5c9e000 	C:\WINDOWS\System32\msvcrt.dll
0x00007ff8f71b0000 - 0x00007ff8f724b000 	C:\WINDOWS\System32\sechost.dll
0x00007ff8f58e0000 - 0x00007ff8f5a0b000 	C:\WINDOWS\System32\RPCRT4.dll
0x00007ff8f52f0000 - 0x00007ff8f5490000 	C:\WINDOWS\System32\USER32.dll
0x00007ff8f4b30000 - 0x00007ff8f4b52000 	C:\WINDOWS\System32\win32u.dll
0x00007ff8f7170000 - 0x00007ff8f719a000 	C:\WINDOWS\System32\GDI32.dll
0x00007ff8f5060000 - 0x00007ff8f516b000 	C:\WINDOWS\System32\gdi32full.dll
0x00007ff8f4b60000 - 0x00007ff8f4bfd000 	C:\WINDOWS\System32\msvcp_win.dll
0x00007ff8f5170000 - 0x00007ff8f5270000 	C:\WINDOWS\System32\ucrtbase.dll
0x00007ff8e30d0000 - 0x00007ff8e336a000 	C:\WINDOWS\WinSxS\amd64_microsoft.windows.common-controls_6595b64144ccf1df_6.0.19041.844_none_ca00b6081b84eb1d\COMCTL32.dll
0x00007ff8f58b0000 - 0x00007ff8f58e0000 	C:\WINDOWS\System32\IMM32.DLL
0x0000000069e10000 - 0x0000000069ee2000 	C:\Program Files\Android\Android Studio1\jre\jre\bin\msvcr100.dll
0x0000000069fd0000 - 0x000000006a81b000 	C:\Program Files\Android\Android Studio1\jre\jre\bin\server\jvm.dll
0x00007ff8f71a0000 - 0x00007ff8f71a8000 	C:\WINDOWS\System32\PSAPI.DLL
0x00007ff8e9d80000 - 0x00007ff8e9da7000 	C:\WINDOWS\SYSTEM32\WINMM.dll
0x00007ff8f0380000 - 0x00007ff8f0389000 	C:\WINDOWS\SYSTEM32\WSOCK32.dll
0x00007ff8ec280000 - 0x00007ff8ec28a000 	C:\WINDOWS\SYSTEM32\VERSION.dll
0x00007ff8f7100000 - 0x00007ff8f716b000 	C:\WINDOWS\System32\WS2_32.dll
0x00007ff8dcf00000 - 0x00007ff8dcf0f000 	C:\Program Files\Android\Android Studio1\jre\jre\bin\verify.dll
0x00007ff8c8c50000 - 0x00007ff8c8c79000 	C:\Program Files\Android\Android Studio1\jre\jre\bin\java.dll
0x00007ff8ca300000 - 0x00007ff8ca316000 	C:\Program Files\Android\Android Studio1\jre\jre\bin\zip.dll
0x00007ff8f6880000 - 0x00007ff8f6fc2000 	C:\WINDOWS\System32\SHELL32.dll
0x00007ff8f2b20000 - 0x00007ff8f32b0000 	C:\WINDOWS\SYSTEM32\windows.storage.dll
0x00007ff8f6310000 - 0x00007ff8f6665000 	C:\WINDOWS\System32\combase.dll
0x00007ff8f4370000 - 0x00007ff8f439c000 	C:\WINDOWS\SYSTEM32\Wldp.dll
0x00007ff8f61f0000 - 0x00007ff8f629e000 	C:\WINDOWS\System32\SHCORE.dll
0x00007ff8f66d0000 - 0x00007ff8f6725000 	C:\WINDOWS\System32\shlwapi.dll
0x00007ff8f4910000 - 0x00007ff8f492f000 	C:\WINDOWS\SYSTEM32\profapi.dll
0x00007ff8ca000000 - 0x00007ff8ca01a000 	C:\Program Files\Android\Android Studio1\jre\jre\bin\net.dll
0x00007ff8f40e0000 - 0x00007ff8f414a000 	C:\WINDOWS\system32\mswsock.dll
0x00007ff8c9ed0000 - 0x00007ff8c9ee3000 	C:\Program Files\Android\Android Studio1\jre\jre\bin\nio.dll
0x00007ff8ca430000 - 0x00007ff8ca457000 	C:\Users\tegar\.gradle\native\f6784746aeab05261644944871eae4fe03e0ef1612fff0a4a95f87b438bc6780\windows-amd64\native-platform.dll
0x00007ff8dce30000 - 0x00007ff8dce3d000 	C:\Program Files\Android\Android Studio1\jre\jre\bin\management.dll
0x00007ff8f42c0000 - 0x00007ff8f42d8000 	C:\WINDOWS\SYSTEM32\CRYPTSP.dll
0x00007ff8f3a80000 - 0x00007ff8f3ab4000 	C:\WINDOWS\system32\rsaenh.dll
0x00007ff8f4c00000 - 0x00007ff8f4c27000 	C:\WINDOWS\System32\bcrypt.dll
0x00007ff8f48d0000 - 0x00007ff8f48fe000 	C:\WINDOWS\SYSTEM32\USERENV.dll
0x00007ff8f5270000 - 0x00007ff8f52f0000 	C:\WINDOWS\System32\bcryptprimitives.dll
0x00007ff8f42b0000 - 0x00007ff8f42bc000 	C:\WINDOWS\SYSTEM32\CRYPTBASE.dll
0x00007ff8f3dd0000 - 0x00007ff8f3e0b000 	C:\WINDOWS\SYSTEM32\IPHLPAPI.DLL
0x00007ff8f6730000 - 0x00007ff8f6738000 	C:\WINDOWS\System32\NSI.dll
0x00007ff8ec3a0000 - 0x00007ff8ec3b7000 	C:\WINDOWS\SYSTEM32\dhcpcsvc6.DLL
0x00007ff8ec2d0000 - 0x00007ff8ec2ed000 	C:\WINDOWS\SYSTEM32\dhcpcsvc.DLL
0x00007ff8f3e60000 - 0x00007ff8f3f2c000 	C:\WINDOWS\SYSTEM32\DNSAPI.dll
0x00007ff8ec3c0000 - 0x00007ff8ec3cb000 	C:\WINDOWS\SYSTEM32\WINNSI.DLL

VM Arguments:
jvm_args: -Xmx2048m -Dfile.encoding=UTF-8 -Duser.country=ID -Duser.language=en -Duser.variant 
java_command: org.gradle.launcher.daemon.bootstrap.GradleDaemon 6.5
java_class_path (initial): C:\Users\tegar\.gradle\wrapper\dists\gradle-6.5-bin\6nifqtx7604sqp1q6g8wikw7p\gradle-6.5\lib\gradle-launcher-6.5.jar
Launcher Type: SUN_STANDARD

Environment Variables:
PATH=C:\Program Files\Common Files\Oracle\Java\javapath;C:\Windows\system32;C:\Windows;C:\Windows\System32\Wbem;C:\Windows\System32\WindowsPowerShell\v1.0\;C:\Windows\System32\OpenSSH\;C:\Program Files (x86)\NVIDIA Corporation\PhysX\Common;C:\Program Files\NVIDIA Corporation\NVIDIA NvDLISR;C:\Program Files\Git\cmd;C:\WINDOWS\system32;C:\WINDOWS;C:\WINDOWS\System32\Wbem;C:\WINDOWS\System32\WindowsPowerShell\v1.0\;C:\WINDOWS\System32\OpenSSH\;C:\xampp\php;C:\composer;C:\gradle-6.6\bin;C:\Program Files\nodejs\;C:\Users\tegar\AppData\Local\Microsoft\WindowsApps;C:\Users\tegar\AppData\Local\Programs\Microsoft VS Code\bin;C:\Program Files\JetBrains\IntelliJ IDEA Community Edition 2019.3.3\bin;;C:\Project\flutter\bin;C:\Users\tegar\AppData\Local\GitHubDesktop\bin;C:\Users\tegar\AppData\Roaming\Composer\vendor\bin;C:\Users\tegar\AppData\Roaming\npm;C:\Program Files\heroku\bin
USERNAME=tegar
OS=Windows_NT
PROCESSOR_IDENTIFIER=Intel64 Family 6 Model 158 Stepping 13, GenuineIntel



---------------  S Y S T E M  ---------------

OS: Windows 10.0 , 64 bit Build 19041 (10.0.19041.928)

CPU:total 12 (initial active 12) (6 cores per cpu, 2 threads per core) family 6 model 158 stepping 13, cmov, cx8, fxsr, mmx, sse, sse2, sse3, ssse3, sse4.1, sse4.2, popcnt, avx, avx2, aes, clmul, erms, 3dnowpref, lzcnt, ht, tsc, tscinvbit, bmi1, bmi2, adx

Memory: 4k page, physical 16695540k(4985672k free), swap 16695540k(6756k free)

vm_info: OpenJDK 64-Bit Server VM (25.242-b01) for windows-amd64 JRE (1.8.0_242-release-1644-b01), built by "builder" with MS VC++ 10.0 (VS2010)

time: Sun May 23 08:12:13 2021
timezone: SE Asia Standard Time
elapsed time: 1 seconds (0d 0h 0m 1s)

