#
# There is insufficient memory for the Java Runtime Environment to continue.
# Native memory allocation (malloc) failed to allocate 1067216 bytes for Chunk::new
# Possible reasons:
#   The system is out of physical RAM or swap space
#   The process is running with CompressedOops enabled, and the Java Heap may be blocking the growth of the native heap
# Possible solutions:
#   Reduce memory load on the system
#   Increase physical memory or swap space
#   Check if swap backing store is full
#   Decrease Java heap size (-Xmx/-Xms)
#   Decrease number of Java threads
#   Decrease Java thread stack sizes (-Xss)
#   Set larger code cache with -XX:ReservedCodeCacheSize=
#   JVM is running with Unscaled Compressed Oops mode in which the Java heap is
#     placed in the first 4GB address space. The Java Heap base address is the
#     maximum limit for the native heap growth. Please use -XX:HeapBaseMinAddress
#     to set the Java Heap base and to place the Java Heap above 4GB virtual address.
# This output file may be truncated or incomplete.
#
#  Out of Memory Error (allocation.cpp:389), pid=19496, tid=0x00000000000065ac
#
# JRE version: OpenJDK Runtime Environment (8.0_242-b01) (build 1.8.0_242-release-1644-b01)
# Java VM: OpenJDK 64-Bit Server VM (25.242-b01 mixed mode windows-amd64 compressed oops)
# Failed to write core dump. Minidumps are not enabled by default on client versions of Windows
#

---------------  T H R E A D  ---------------

Current thread (0x00000000194b1800):  JavaThread "C2 CompilerThread2" daemon [_thread_in_native, id=26028, stack(0x000000001ad10000,0x000000001ae10000)]

Stack: [0x000000001ad10000,0x000000001ae10000]
[error occurred during error reporting (printing stack bounds), id 0xc0000005]

Native frames: (J=compiled Java code, j=interpreted, Vv=VM code, C=native code)


Current CompileTask:
C2: 692881 13119       4       com.android.tools.r8.graph.x::a (95 bytes)


---------------  P R O C E S S  ---------------

Java Threads: ( => current thread )
  0x0000000020ccc000 JavaThread "ForkJoinPool-1-worker-12" daemon [_thread_blocked, id=22492, stack(0x0000000033aa0000,0x0000000033ba0000)]
  0x0000000020ccb800 JavaThread "ForkJoinPool-1-worker-3" daemon [_thread_blocked, id=6992, stack(0x00000000339a0000,0x0000000033aa0000)]
  0x0000000020cc1800 JavaThread "ForkJoinPool-1-worker-10" daemon [_thread_blocked, id=8312, stack(0x00000000338a0000,0x00000000339a0000)]
  0x0000000020cc8800 JavaThread "ForkJoinPool-1-worker-1" daemon [_thread_blocked, id=4324, stack(0x00000000337a0000,0x00000000338a0000)]
  0x0000000020cc7800 JavaThread "ForkJoinPool-1-worker-8" daemon [_thread_blocked, id=26908, stack(0x00000000336a0000,0x00000000337a0000)]
  0x0000000020cc0000 JavaThread "ForkJoinPool-1-worker-15" daemon [_thread_blocked, id=21972, stack(0x00000000335a0000,0x00000000336a0000)]
  0x0000000020cc7000 JavaThread "ForkJoinPool-1-worker-6" daemon [_thread_blocked, id=22468, stack(0x00000000334a0000,0x00000000335a0000)]
  0x0000000020cc6000 JavaThread "ForkJoinPool-1-worker-13" daemon [_thread_blocked, id=27588, stack(0x00000000333a0000,0x00000000334a0000)]
  0x0000000020cc5800 JavaThread "ForkJoinPool-1-worker-4" daemon [_thread_in_vm, id=13344, stack(0x00000000332a0000,0x00000000333a0000)]
  0x0000000020cbe800 JavaThread "ForkJoinPool-1-worker-11" daemon [_thread_blocked, id=2628, stack(0x0000000032ab0000,0x0000000032bb0000)]
  0x0000000020cbf800 JavaThread "ForkJoinPool-1-worker-2" daemon [_thread_blocked, id=20948, stack(0x0000000031f90000,0x0000000032090000)]
  0x0000000020cc4800 JavaThread "ForkJoinPool-1-worker-9" daemon [_thread_blocked, id=27752, stack(0x0000000031590000,0x0000000031690000)]
  0x0000000020cb8000 JavaThread "WorkerExecutor Queue Thread 7" [_thread_blocked, id=12128, stack(0x0000000030e90000,0x0000000030f90000)]
  0x0000000020cbd000 JavaThread "WorkerExecutor Queue Thread 6" [_thread_blocked, id=26912, stack(0x00000000325b0000,0x00000000326b0000)]
  0x0000000020cc4000 JavaThread "WorkerExecutor Queue Thread 5" [_thread_blocked, id=8396, stack(0x00000000324b0000,0x00000000325b0000)]
  0x0000000020cbe000 JavaThread "WorkerExecutor Queue Thread 4" [_thread_blocked, id=29212, stack(0x00000000323b0000,0x00000000324b0000)]
  0x0000000020cbc800 JavaThread "WorkerExecutor Queue Thread 3" [_thread_blocked, id=8256, stack(0x00000000322b0000,0x00000000323b0000)]
  0x0000000020cc3000 JavaThread "WorkerExecutor Queue Thread 2" [_thread_blocked, id=19556, stack(0x00000000321b0000,0x00000000322b0000)]
  0x0000000020cc1000 JavaThread "WorkerExecutor Queue" [_thread_blocked, id=12040, stack(0x00000000320b0000,0x00000000321b0000)]
  0x0000000020cc2800 JavaThread "ForkJoinPool.commonPool-worker-6" daemon [_thread_blocked, id=4020, stack(0x0000000031e90000,0x0000000031f90000)]
  0x0000000020cb5000 JavaThread "ForkJoinPool.commonPool-worker-13" daemon [_thread_blocked, id=23832, stack(0x0000000031d90000,0x0000000031e90000)]
  0x0000000020cbb800 JavaThread "ForkJoinPool.commonPool-worker-4" daemon [_thread_blocked, id=28080, stack(0x0000000031c90000,0x0000000031d90000)]
  0x0000000020cb4000 JavaThread "ForkJoinPool.commonPool-worker-11" daemon [_thread_blocked, id=22208, stack(0x0000000031b90000,0x0000000031c90000)]
  0x0000000020cbb000 JavaThread "ForkJoinPool.commonPool-worker-2" daemon [_thread_blocked, id=25596, stack(0x0000000031a90000,0x0000000031b90000)]
  0x0000000020cb8800 JavaThread "ForkJoinPool.commonPool-worker-9" daemon [_thread_blocked, id=11556, stack(0x0000000031990000,0x0000000031a90000)]
  0x0000000020cb5800 JavaThread "Cache worker for Java compile cache (C:\Users\tegar\AndroidStudioProjects\FootballApp\.gradle\6.5\javaCompile)" [_thread_blocked, id=13368, stack(0x0000000031890000,0x0000000031990000)]
  0x0000000020cb6800 JavaThread "Cache worker for Java compile cache (C:\Users\tegar\.gradle\caches\6.5\javaCompile)" [_thread_blocked, id=2684, stack(0x0000000031790000,0x0000000031890000)]
  0x0000000020cba000 JavaThread "RMI TCP Connection(2)-127.0.0.1" daemon [_thread_in_native, id=24064, stack(0x0000000031690000,0x0000000031790000)]
  0x0000000020cb9800 JavaThread "RMI TCP Connection(3)-127.0.0.1" daemon [_thread_in_native, id=27888, stack(0x0000000031290000,0x0000000031390000)]
  0x000000002e7bf000 JavaThread "RMI Reaper" [_thread_blocked, id=23632, stack(0x0000000031190000,0x0000000031290000)]
  0x000000002e7c5000 JavaThread "RMI TCP Accept-0" daemon [_thread_in_native, id=27064, stack(0x0000000031090000,0x0000000031190000)]
  0x000000002e7c3000 JavaThread "GC Daemon" daemon [_thread_blocked, id=21400, stack(0x0000000030f90000,0x0000000031090000)]
  0x000000002e7c2000 JavaThread "RMI Scheduler(0)" daemon [_thread_blocked, id=13480, stack(0x000000002cd30000,0x000000002ce30000)]
  0x000000002e7c0800 JavaThread "Cache worker for execution history cache (C:\Users\tegar\AndroidStudioProjects\FootballApp\.gradle\6.5\executionHistory)" [_thread_blocked, id=23796, stack(0x0000000030590000,0x0000000030690000)]
  0x000000002e7c3800 JavaThread "Execution worker for ':' Thread 11" [_thread_blocked, id=25172, stack(0x0000000030490000,0x0000000030590000)]
  0x000000002e7c0000 JavaThread "Execution worker for ':' Thread 10" [_thread_blocked, id=18024, stack(0x0000000030390000,0x0000000030490000)]
  0x000000002e7b7800 JavaThread "Execution worker for ':' Thread 9" [_thread_blocked, id=26072, stack(0x0000000030290000,0x0000000030390000)]
  0x000000002e7bd000 JavaThread "Execution worker for ':' Thread 8" [_thread_blocked, id=14624, stack(0x0000000030190000,0x0000000030290000)]
  0x000000002e7b8800 JavaThread "Execution worker for ':' Thread 7" [_thread_blocked, id=9784, stack(0x0000000030090000,0x0000000030190000)]
  0x000000002e7bc000 JavaThread "Execution worker for ':' Thread 6" [_thread_blocked, id=15800, stack(0x000000002ff90000,0x0000000030090000)]
  0x000000002e7be800 JavaThread "Execution worker for ':' Thread 5" [_thread_blocked, id=17116, stack(0x000000002fe90000,0x000000002ff90000)]
  0x000000002e7ba800 JavaThread "Execution worker for ':' Thread 4" [_thread_blocked, id=18228, stack(0x000000002e5c0000,0x000000002e6c0000)]
  0x000000002e7b7000 JavaThread "Execution worker for ':' Thread 3" [_thread_blocked, id=26744, stack(0x000000002e2d0000,0x000000002e3d0000)]
  0x000000002e7bd800 JavaThread "Execution worker for ':' Thread 2" [_thread_blocked, id=12904, stack(0x000000002d1d0000,0x000000002d2d0000)]
  0x000000002e7ba000 JavaThread "Execution worker for ':'" [_thread_blocked, id=2164, stack(0x000000002ce50000,0x000000002cf50000)]
  0x000000002e7b9000 JavaThread "Cache worker for file content cache (C:\Users\tegar\AndroidStudioProjects\FootballApp\.gradle\6.5\fileContent)" [_thread_blocked, id=13308, stack(0x000000002cc30000,0x000000002cd30000)]
  0x000000002e7b6000 JavaThread "pool-2-thread-1" [_thread_blocked, id=20024, stack(0x000000002cb30000,0x000000002cc30000)]
  0x0000000020529800 JavaThread "Cache worker for Build Output Cleanup Cache (C:\Users\tegar\AndroidStudioProjects\FootballApp\.gradle\buildOutputCleanup)" [_thread_blocked, id=9620, stack(0x000000002ca30000,0x000000002cb30000)]
  0x000000002052c800 JavaThread "jar transforms Thread 228" [_thread_blocked, id=26648, stack(0x000000002c930000,0x000000002ca30000)]
  0x000000002052e000 JavaThread "jar transforms Thread 227" [_thread_blocked, id=25352, stack(0x000000002c830000,0x000000002c930000)]
  0x0000000020529000 JavaThread "jar transforms Thread 226" [_thread_blocked, id=24564, stack(0x000000002c730000,0x000000002c830000)]
  0x000000002052c000 JavaThread "jar transforms Thread 225" [_thread_blocked, id=19860, stack(0x000000002c630000,0x000000002c730000)]
  0x0000000020528000 JavaThread "jar transforms Thread 224" [_thread_blocked, id=5520, stack(0x000000002c530000,0x000000002c630000)]
  0x0000000020527800 JavaThread "jar transforms Thread 223" [_thread_blocked, id=28664, stack(0x000000002c430000,0x000000002c530000)]
  0x0000000020526800 JavaThread "jar transforms Thread 222" [_thread_blocked, id=6720, stack(0x000000002c330000,0x000000002c430000)]
  0x000000002052d800 JavaThread "jar transforms Thread 221" [_thread_blocked, id=16108, stack(0x000000002c230000,0x000000002c330000)]
  0x000000002052b000 JavaThread "jar transforms Thread 220" [_thread_blocked, id=14168, stack(0x000000002c130000,0x000000002c230000)]
  0x000000002052a800 JavaThread "jar transforms Thread 219" [_thread_blocked, id=20300, stack(0x000000002c030000,0x000000002c130000)]
  0x000000002051f000 JavaThread "jar transforms Thread 218" [_thread_blocked, id=5500, stack(0x000000002bf30000,0x000000002c030000)]
  0x0000000020526000 JavaThread "jar transforms Thread 217" [_thread_blocked, id=26800, stack(0x000000002be30000,0x000000002bf30000)]
  0x0000000020525000 JavaThread "jar transforms Thread 216" [_thread_blocked, id=3452, stack(0x000000002bd30000,0x000000002be30000)]
  0x0000000020524800 JavaThread "jar transforms Thread 215" [_thread_blocked, id=17764, stack(0x000000002bc30000,0x000000002bd30000)]
  0x0000000020523800 JavaThread "jar transforms Thread 214" [_thread_blocked, id=5572, stack(0x000000002bb30000,0x000000002bc30000)]
  0x0000000020521800 JavaThread "jar transforms Thread 213" [_thread_blocked, id=25992, stack(0x000000002ba30000,0x000000002bb30000)]
  0x0000000020523000 JavaThread "jar transforms Thread 212" [_thread_blocked, id=26596, stack(0x000000002b930000,0x000000002ba30000)]
  0x0000000020520800 JavaThread "jar transforms Thread 211" [_thread_blocked, id=14304, stack(0x000000002b830000,0x000000002b930000)]
  0x0000000020520000 JavaThread "jar transforms Thread 210" [_thread_blocked, id=12808, stack(0x000000002b730000,0x000000002b830000)]
  0x0000000020522000 JavaThread "jar transforms Thread 209" [_thread_blocked, id=8936, stack(0x000000002b630000,0x000000002b730000)]
  0x0000000020a78800 JavaThread "jar transforms Thread 208" [_thread_blocked, id=3608, stack(0x000000002b530000,0x000000002b630000)]
  0x0000000020a7b800 JavaThread "jar transforms Thread 207" [_thread_blocked, id=22968, stack(0x000000002b430000,0x000000002b530000)]
  0x0000000020a76000 JavaThread "jar transforms Thread 206" [_thread_blocked, id=17632, stack(0x000000002b330000,0x000000002b430000)]
  0x0000000020a77800 JavaThread "jar transforms Thread 205" [_thread_blocked, id=11224, stack(0x000000002b230000,0x000000002b330000)]
  0x0000000020a7a000 JavaThread "jar transforms Thread 204" [_thread_blocked, id=11908, stack(0x000000002b130000,0x000000002b230000)]
  0x0000000020a77000 JavaThread "jar transforms Thread 203" [_thread_blocked, id=6728, stack(0x000000002b030000,0x000000002b130000)]
  0x0000000020a7a800 JavaThread "jar transforms Thread 202" [_thread_blocked, id=3404, stack(0x000000002af30000,0x000000002b030000)]
  0x0000000020a79000 JavaThread "jar transforms Thread 201" [_thread_blocked, id=23988, stack(0x000000002ae30000,0x000000002af30000)]
  0x0000000020a75800 JavaThread "jar transforms Thread 200" [_thread_blocked, id=8832, stack(0x000000002ad30000,0x000000002ae30000)]
  0x0000000020a6e000 JavaThread "jar transforms Thread 199" [_thread_blocked, id=28336, stack(0x000000002ac30000,0x000000002ad30000)]
  0x0000000020a74800 JavaThread "jar transforms Thread 198" [_thread_blocked, id=25424, stack(0x000000002ab30000,0x000000002ac30000)]
  0x0000000020a6d000 JavaThread "jar transforms Thread 197" [_thread_blocked, id=29564, stack(0x000000002aa30000,0x000000002ab30000)]
  0x0000000020a71800 JavaThread "jar transforms Thread 196" [_thread_blocked, id=15228, stack(0x000000002a930000,0x000000002aa30000)]
  0x0000000020a73000 JavaThread "jar transforms Thread 195" [_thread_blocked, id=25584, stack(0x000000002a830000,0x000000002a930000)]
  0x0000000020a71000 JavaThread "jar transforms Thread 194" [_thread_blocked, id=15024, stack(0x000000002a730000,0x000000002a830000)]
  0x0000000020a74000 JavaThread "jar transforms Thread 193" [_thread_blocked, id=20616, stack(0x000000002a630000,0x000000002a730000)]
  0x0000000020a6f800 JavaThread "jar transforms Thread 192" [_thread_blocked, id=13220, stack(0x000000002a530000,0x000000002a630000)]
  0x0000000020a70000 JavaThread "jar transforms Thread 191" [_thread_blocked, id=24780, stack(0x000000002a430000,0x000000002a530000)]
  0x0000000020a72800 JavaThread "jar transforms Thread 190" [_thread_blocked, id=12880, stack(0x000000002a330000,0x000000002a430000)]
  0x0000000020a6e800 JavaThread "jar transforms Thread 189" [_thread_blocked, id=15188, stack(0x000000002a230000,0x000000002a330000)]
  0x0000000020a6c800 JavaThread "jar transforms Thread 188" [_thread_blocked, id=25372, stack(0x000000002a130000,0x000000002a230000)]
  0x000000002e94c800 JavaThread "jar transforms Thread 187" [_thread_blocked, id=6476, stack(0x000000002a030000,0x000000002a130000)]
  0x000000002e94c000 JavaThread "jar transforms Thread 186" [_thread_blocked, id=27384, stack(0x0000000029f30000,0x000000002a030000)]
  0x000000002e94b000 JavaThread "jar transforms Thread 185" [_thread_blocked, id=6304, stack(0x0000000029e30000,0x0000000029f30000)]
  0x000000002e94d800 JavaThread "jar transforms Thread 184" [_thread_blocked, id=27440, stack(0x0000000029d30000,0x0000000029e30000)]
  0x000000002e94a800 JavaThread "jar transforms Thread 183" [_thread_blocked, id=10852, stack(0x0000000029b30000,0x0000000029c30000)]
  0x000000002e949800 JavaThread "jar transforms Thread 182" [_thread_blocked, id=14424, stack(0x0000000029a30000,0x0000000029b30000)]
  0x000000002e94f000 JavaThread "jar transforms Thread 181" [_thread_blocked, id=22852, stack(0x0000000029640000,0x0000000029740000)]
  0x000000002e94e000 JavaThread "jar transforms Thread 180" [_thread_blocked, id=25080, stack(0x0000000029540000,0x0000000029640000)]
  0x000000002e942000 JavaThread "jar transforms Thread 179" [_thread_blocked, id=16888, stack(0x0000000029440000,0x0000000029540000)]
  0x000000002e944800 JavaThread "jar transforms Thread 178" [_thread_blocked, id=804, stack(0x0000000029340000,0x0000000029440000)]
  0x000000002e949000 JavaThread "jar transforms Thread 177" [_thread_blocked, id=23316, stack(0x0000000029240000,0x0000000029340000)]
  0x000000002e947800 JavaThread "jar transforms Thread 176" [_thread_blocked, id=3944, stack(0x0000000029140000,0x0000000029240000)]
  0x000000002e948000 JavaThread "jar transforms Thread 175" [_thread_blocked, id=28144, stack(0x0000000029040000,0x0000000029140000)]
  0x000000002e940000 JavaThread "jar transforms Thread 174" [_thread_blocked, id=29596, stack(0x0000000028f40000,0x0000000029040000)]
  0x000000002e945000 JavaThread "jar transforms Thread 173" [_thread_blocked, id=6504, stack(0x0000000028e40000,0x0000000028f40000)]
  0x000000002e946000 JavaThread "jar transforms Thread 172" [_thread_blocked, id=24288, stack(0x0000000028d40000,0x0000000028e40000)]
  0x000000002e943800 JavaThread "jar transforms Thread 171" [_thread_blocked, id=23592, stack(0x0000000028c40000,0x0000000028d40000)]
  0x000000002e946800 JavaThread "jar transforms Thread 170" [_thread_blocked, id=20872, stack(0x0000000028b40000,0x0000000028c40000)]
  0x000000002e940800 JavaThread "jar transforms Thread 169" [_thread_blocked, id=15340, stack(0x0000000028a40000,0x0000000028b40000)]
  0x000000002e943000 JavaThread "jar transforms Thread 168" [_thread_blocked, id=27700, stack(0x0000000028940000,0x0000000028a40000)]
  0x000000002e941800 JavaThread "jar transforms Thread 167" [_thread_blocked, id=11388, stack(0x0000000028840000,0x0000000028940000)]
  0x0000000022115000 JavaThread "jar transforms Thread 166" [_thread_blocked, id=16164, stack(0x0000000028740000,0x0000000028840000)]
  0x0000000022114800 JavaThread "jar transforms Thread 165" [_thread_blocked, id=25052, stack(0x0000000028640000,0x0000000028740000)]
  0x0000000022116800 JavaThread "jar transforms Thread 164" [_thread_blocked, id=28612, stack(0x0000000028540000,0x0000000028640000)]
  0x0000000022116000 JavaThread "jar transforms Thread 163" [_thread_blocked, id=23024, stack(0x0000000028440000,0x0000000028540000)]
  0x0000000022118000 JavaThread "jar transforms Thread 162" [_thread_blocked, id=4584, stack(0x0000000028340000,0x0000000028440000)]
  0x0000000022113800 JavaThread "jar transforms Thread 161" [_thread_blocked, id=27556, stack(0x0000000028240000,0x0000000028340000)]
  0x0000000022117800 JavaThread "jar transforms Thread 160" [_thread_blocked, id=18184, stack(0x0000000028140000,0x0000000028240000)]
  0x0000000022113000 JavaThread "jar transforms Thread 159" [_thread_blocked, id=22660, stack(0x0000000028040000,0x0000000028140000)]
  0x000000002210b800 JavaThread "jar transforms Thread 158" [_thread_blocked, id=8552, stack(0x0000000027f40000,0x0000000028040000)]
  0x0000000022112000 JavaThread "jar transforms Thread 157" [_thread_blocked, id=9132, stack(0x0000000027e40000,0x0000000027f40000)]
  0x000000002210d800 JavaThread "jar transforms Thread 156" [_thread_blocked, id=16572, stack(0x0000000027d40000,0x0000000027e40000)]
  0x000000002210a800 JavaThread "jar transforms Thread 155" [_thread_blocked, id=29016, stack(0x0000000027c40000,0x0000000027d40000)]
  0x0000000022111800 JavaThread "jar transforms Thread 154" [_thread_blocked, id=13164, stack(0x0000000027b40000,0x0000000027c40000)]
  0x0000000022110800 JavaThread "jar transforms Thread 153" [_thread_blocked, id=10596, stack(0x0000000027a40000,0x0000000027b40000)]
  0x0000000022109000 JavaThread "jar transforms Thread 152" [_thread_blocked, id=9612, stack(0x0000000027940000,0x0000000027a40000)]
  0x0000000022110000 JavaThread "jar transforms Thread 151" [_thread_blocked, id=6936, stack(0x0000000027840000,0x0000000027940000)]
  0x000000002210e800 JavaThread "jar transforms Thread 150" [_thread_blocked, id=26008, stack(0x0000000027740000,0x0000000027840000)]
  0x000000002210d000 JavaThread "jar transforms Thread 149" [_thread_blocked, id=9076, stack(0x0000000027640000,0x0000000027740000)]
  0x000000002210c000 JavaThread "jar transforms Thread 148" [_thread_blocked, id=14996, stack(0x0000000027540000,0x0000000027640000)]
  0x000000002210a000 JavaThread "jar transforms Thread 147" [_thread_blocked, id=22440, stack(0x0000000027440000,0x0000000027540000)]
  0x000000002210f000 JavaThread "jar transforms Thread 146" [_thread_blocked, id=24156, stack(0x0000000027340000,0x0000000027440000)]
  0x000000001ce8e800 JavaThread "jar transforms Thread 145" [_thread_blocked, id=25296, stack(0x0000000027240000,0x0000000027340000)]
  0x000000001ce8c800 JavaThread "jar transforms Thread 144" [_thread_blocked, id=17440, stack(0x0000000027140000,0x0000000027240000)]
  0x000000001ce88800 JavaThread "jar transforms Thread 143" [_thread_blocked, id=22496, stack(0x0000000027040000,0x0000000027140000)]
  0x000000001ce8d000 JavaThread "jar transforms Thread 142" [_thread_blocked, id=12868, stack(0x0000000026f40000,0x0000000027040000)]
  0x000000001ce88000 JavaThread "jar transforms Thread 141" [_thread_blocked, id=15972, stack(0x0000000026e40000,0x0000000026f40000)]
  0x0000000022425800 JavaThread "jar transforms Thread 140" [_thread_blocked, id=27584, stack(0x0000000026d40000,0x0000000026e40000)]
  0x0000000022425000 JavaThread "jar transforms Thread 139" [_thread_blocked, id=23380, stack(0x0000000026c40000,0x0000000026d40000)]
  0x0000000022424000 JavaThread "jar transforms Thread 138" [_thread_blocked, id=16428, stack(0x0000000026b40000,0x0000000026c40000)]
  0x000000002241c800 JavaThread "jar transforms Thread 137" [_thread_blocked, id=14428, stack(0x0000000026a40000,0x0000000026b40000)]
  0x0000000022423800 JavaThread "jar transforms Thread 136" [_thread_blocked, id=15136, stack(0x0000000026940000,0x0000000026a40000)]
  0x000000002241c000 JavaThread "jar transforms Thread 135" [_thread_blocked, id=26768, stack(0x0000000026840000,0x0000000026940000)]
  0x0000000022422800 JavaThread "jar transforms Thread 134" [_thread_blocked, id=15884, stack(0x0000000026740000,0x0000000026840000)]
  0x0000000022420800 JavaThread "jar transforms Thread 133" [_thread_blocked, id=24908, stack(0x0000000026640000,0x0000000026740000)]
  0x000000002241b000 JavaThread "jar transforms Thread 132" [_thread_blocked, id=15408, stack(0x0000000026540000,0x0000000026640000)]
  0x0000000022422000 JavaThread "jar transforms Thread 131" [_thread_blocked, id=24384, stack(0x0000000026440000,0x0000000026540000)]
  0x0000000022421000 JavaThread "jar transforms Thread 130" [_thread_blocked, id=13192, stack(0x0000000026340000,0x0000000026440000)]
  0x0000000022419000 JavaThread "jar transforms Thread 129" [_thread_blocked, id=8784, stack(0x0000000026240000,0x0000000026340000)]
  0x000000002241f000 JavaThread "jar transforms Thread 128" [_thread_blocked, id=22976, stack(0x0000000026140000,0x0000000026240000)]
  0x000000002241e000 JavaThread "jar transforms Thread 127" [_thread_blocked, id=17568, stack(0x0000000026040000,0x0000000026140000)]
  0x000000002241f800 JavaThread "jar transforms Thread 126" [_thread_blocked, id=18284, stack(0x0000000025f40000,0x0000000026040000)]
  0x0000000022416800 JavaThread "jar transforms Thread 125" [_thread_blocked, id=25840, stack(0x0000000025e40000,0x0000000025f40000)]
  0x000000001f835800 JavaThread "jar transforms Thread 124" [_thread_blocked, id=14036, stack(0x0000000025d40000,0x0000000025e40000)]
  0x000000001f834000 JavaThread "jar transforms Thread 123" [_thread_blocked, id=10172, stack(0x0000000025c40000,0x0000000025d40000)]
  0x000000001f833000 JavaThread "jar transforms Thread 122" [_thread_blocked, id=23992, stack(0x0000000025b40000,0x0000000025c40000)]
  0x000000001f832800 JavaThread "jar transforms Thread 121" [_thread_blocked, id=12536, stack(0x0000000025a40000,0x0000000025b40000)]
  0x000000001f831800 JavaThread "jar transforms Thread 120" [_thread_blocked, id=3988, stack(0x0000000025940000,0x0000000025a40000)]
  0x000000001f834800 JavaThread "jar transforms Thread 119" [_thread_blocked, id=1544, stack(0x0000000025840000,0x0000000025940000)]
  0x000000001f831000 JavaThread "jar transforms Thread 118" [_thread_blocked, id=14176, stack(0x0000000025740000,0x0000000025840000)]
  0x000000001f830000 JavaThread "jar transforms Thread 117" [_thread_blocked, id=23000, stack(0x0000000025640000,0x0000000025740000)]
  0x000000001f82f800 JavaThread "jar transforms Thread 116" [_thread_blocked, id=22176, stack(0x0000000025400000,0x0000000025500000)]
  0x000000001f828000 JavaThread "jar transforms Thread 115" [_thread_blocked, id=23768, stack(0x0000000025300000,0x0000000025400000)]
  0x000000001f82e800 JavaThread "Build operations Thread 12" [_thread_blocked, id=5716, stack(0x0000000025200000,0x0000000025300000)]
  0x000000001f827000 JavaThread "Build operations Thread 11" [_thread_blocked, id=13932, stack(0x0000000025100000,0x0000000025200000)]
  0x000000001f82e000 JavaThread "Build operations Thread 10" [_thread_blocked, id=8788, stack(0x0000000025000000,0x0000000025100000)]
  0x000000001f82c800 JavaThread "Build operations Thread 9" [_thread_blocked, id=23668, stack(0x0000000024f00000,0x0000000025000000)]
  0x000000001f82a000 JavaThread "Build operations Thread 8" [_thread_blocked, id=27496, stack(0x0000000024e00000,0x0000000024f00000)]
  0x000000001f82b800 JavaThread "Build operations Thread 7" [_thread_blocked, id=10584, stack(0x0000000024d00000,0x0000000024e00000)]
  0x000000001d101800 JavaThread "Build operations Thread 6" [_thread_blocked, id=16712, stack(0x0000000024c00000,0x0000000024d00000)]
  0x000000001d100000 JavaThread "Build operations Thread 5" [_thread_blocked, id=16948, stack(0x0000000024b00000,0x0000000024c00000)]
  0x000000001d0fe800 JavaThread "Build operations Thread 4" [_thread_blocked, id=11816, stack(0x0000000023330000,0x0000000023430000)]
  0x000000001d0ff800 JavaThread "Build operations Thread 3" [_thread_blocked, id=14348, stack(0x0000000022b30000,0x0000000022c30000)]
  0x000000001d101000 JavaThread "Build operations Thread 2" [_thread_blocked, id=28856, stack(0x0000000022a30000,0x0000000022b30000)]
  0x000000001d0fe000 JavaThread "Build operations" [_thread_blocked, id=24140, stack(0x00000000216d0000,0x00000000217d0000)]
  0x000000001d0fd000 JavaThread "Cache worker for cache directory md-rule (C:\Users\tegar\.gradle\caches\6.5\md-rule)" [_thread_blocked, id=23388, stack(0x00000000213d0000,0x00000000214d0000)]
  0x000000001d0f4000 JavaThread "Cache worker for cache directory md-supplier (C:\Users\tegar\.gradle\caches\6.5\md-supplier)" [_thread_blocked, id=23724, stack(0x000000001ec30000,0x000000001ed30000)]
  0x000000001d0f7000 JavaThread "Cache worker for checksums cache (C:\Users\tegar\AndroidStudioProjects\FootballApp\.gradle\checksums)" [_thread_blocked, id=24076, stack(0x000000001e930000,0x000000001ea30000)]
  0x000000001d0fb000 JavaThread "Cache worker for file hash cache (C:\Users\tegar\AndroidStudioProjects\FootballApp\.gradle\6.5\fileHashes)" [_thread_blocked, id=3880, stack(0x000000001e830000,0x000000001e930000)]
  0x000000001d0f8000 JavaThread "Thread-165" [_thread_blocked, id=12000, stack(0x000000001e730000,0x000000001e830000)]
  0x000000001d0f5800 JavaThread "Stdin handler" [_thread_blocked, id=13664, stack(0x000000001e430000,0x000000001e530000)]
  0x000000001d0fa000 JavaThread "Asynchronous log dispatcher for DefaultDaemonConnection: socket connection from /127.0.0.1:49227 to /127.0.0.1:49797" [_thread_blocked, id=6780, stack(0x000000001dff0000,0x000000001e0f0000)]
  0x000000001d0f5000 JavaThread "Daemon worker Thread 2" [_thread_blocked, id=10500, stack(0x000000001def0000,0x000000001dff0000)]
  0x000000001d0f9800 JavaThread "Cancel handler" [_thread_blocked, id=24776, stack(0x0000000000ec0000,0x0000000000fc0000)]
  0x000000001d0f8800 JavaThread "Handler for socket connection from /127.0.0.1:49227 to /127.0.0.1:49797" [_thread_in_native, id=26428, stack(0x0000000000dc0000,0x0000000000ec0000)]
  0x000000001d0f3800 JavaThread "Daemon Thread 2" [_thread_blocked, id=400, stack(0x0000000000cc0000,0x0000000000dc0000)]
  0x000000001d0f6800 JavaThread "Memory manager" [_thread_blocked, id=25960, stack(0x000000002e4c0000,0x000000002e5c0000)]
  0x000000001ce8b000 JavaThread "Cache worker for file content cache (C:\Users\tegar\.gradle\caches\6.5\fileContent)" [_thread_blocked, id=1136, stack(0x0000000023430000,0x0000000023530000)]
  0x000000001ce89800 JavaThread "Cache worker for execution history cache (C:\Users\tegar\.gradle\caches\6.5\executionHistory)" [_thread_blocked, id=1664, stack(0x0000000022c30000,0x0000000022d30000)]
  0x000000001ce8b800 JavaThread "Cache worker for file hash cache (C:\Users\tegar\.gradle\caches\6.5\fileHashes)" [_thread_blocked, id=14048, stack(0x000000001f130000,0x000000001f230000)]
  0x000000001ce8e000 JavaThread "File lock request listener" [_thread_in_native, id=13560, stack(0x000000001f030000,0x000000001f130000)]
  0x000000001b243000 JavaThread "Cache worker for journal cache (C:\Users\tegar\.gradle\caches\journal-1)" [_thread_blocked, id=10560, stack(0x000000001ef30000,0x000000001f030000)]
  0x000000001cde0000 JavaThread "Daemon periodic checks" [_thread_blocked, id=3808, stack(0x000000001e330000,0x000000001e430000)]
  0x000000001cd21000 JavaThread "Incoming local TCP Connector on port 49227" [_thread_in_native, id=16488, stack(0x000000001e0f0000,0x000000001e1f0000)]
  0x000000001ccda800 JavaThread "Daemon health stats" [_thread_blocked, id=29052, stack(0x000000001dab0000,0x000000001dbb0000)]
  0x00000000194bb000 JavaThread "Service Thread" daemon [_thread_blocked, id=28544, stack(0x000000001af10000,0x000000001b010000)]
  0x00000000194b5800 JavaThread "C1 CompilerThread3" daemon [_thread_in_native, id=23788, stack(0x000000001ae10000,0x000000001af10000)]
=>0x00000000194b1800 JavaThread "C2 CompilerThread2" daemon [_thread_in_native, id=26028, stack(0x000000001ad10000,0x000000001ae10000)]
  0x00000000194ac800 JavaThread "C2 CompilerThread1" daemon [_thread_in_native, id=28204, stack(0x000000001ac10000,0x000000001ad10000)]
  0x00000000194a3800 JavaThread "C2 CompilerThread0" daemon [_thread_in_native, id=29232, stack(0x000000001ab10000,0x000000001ac10000)]
  0x00000000194a2000 JavaThread "Attach Listener" daemon [_thread_blocked, id=25612, stack(0x000000001aa10000,0x000000001ab10000)]
  0x00000000194a1000 JavaThread "Signal Dispatcher" daemon [_thread_blocked, id=21860, stack(0x000000001a910000,0x000000001aa10000)]
  0x0000000002b3a000 JavaThread "Finalizer" daemon [_thread_blocked, id=17384, stack(0x000000001a710000,0x000000001a810000)]
  0x0000000017dac800 JavaThread "Reference Handler" daemon [_thread_blocked, id=29184, stack(0x000000001a610000,0x000000001a710000)]
  0x00000000010ce000 JavaThread "main" [_thread_blocked, id=12464, stack(0x00000000028d0000,0x00000000029d0000)]

Other Threads:
  0x0000000017da5800 VMThread [stack: 0x000000001a510000,0x000000001a610000] [id=27780]
  0x00000000194bb800 WatcherThread [stack: 0x000000001b010000,0x000000001b110000] [id=19140]

VM state:not at safepoint (normal execution)

VM Mutex/Monitor currently owned by a thread: None

heap address: 0x0000000080000000, size: 2048 MB, Compressed Oops mode: 32-bit
Narrow klass base: 0x0000000000000000, Narrow klass shift: 3
Compressed class space size: 1073741824 Address: 0x0000000100000000

Heap:
 PSYoungGen      total 431104K, used 101842K [0x00000000d5580000, 0x00000000f2000000, 0x0000000100000000)
  eden space 392704K, 18% used [0x00000000d5580000,0x00000000d9d152a8,0x00000000ed500000)
  from space 38400K, 74% used [0x00000000ed500000,0x00000000ef0df680,0x00000000efa80000)
  to   space 30208K, 0% used [0x00000000efe80000,0x00000000efe80000,0x00000000f1c00000)
 ParOldGen       total 211456K, used 85773K [0x0000000080000000, 0x000000008ce80000, 0x00000000d5580000)
  object space 211456K, 40% used [0x0000000080000000,0x00000000853c3650,0x000000008ce80000)
 Metaspace       used 90551K, capacity 97738K, committed 97944K, reserved 1134592K
  class space    used 12510K, capacity 13729K, committed 13744K, reserved 1048576K

Card table byte_map: [0x0000000011f00000,0x0000000012310000] byte_map_base: 0x0000000011b00000

Marking Bits: (ParMarkBitMap*) 0x000000006a71f030
 Begin Bits: [0x0000000012fc0000, 0x0000000014fc0000)
 End Bits:   [0x0000000014fc0000, 0x0000000016fc0000)

Polling page: 0x00000000010a0000

CodeCache: size=245760Kb used=34701Kb max_used=34713Kb free=211058Kb
 bounds [0x0000000002b40000, 0x0000000004d60000, 0x0000000011b40000]
 total_blobs=12088 nmethods=11232 adapters=768
 compilation: enabled

Compilation events (10 events):
Event: 692.875 Thread 0x00000000194b5800 nmethod 13272 0x0000000003880890 code [0x0000000003880a00, 0x0000000003880bc8]
Event: 692.875 Thread 0x00000000194b5800 13274       2       com.android.tools.r8.graph.W::E (33 bytes)
Event: 692.875 Thread 0x00000000194b5800 nmethod 13274 0x0000000003880410 code [0x0000000003880560, 0x0000000003880730]
Event: 692.875 Thread 0x00000000194b5800 13273       2       com.android.tools.r8.graph.X0::d (17 bytes)
Event: 692.875 Thread 0x00000000194a3800 nmethod 13268 0x000000000387ebd0 code [0x000000000387ed20, 0x000000000387edd8]
Event: 692.875 Thread 0x00000000194a3800 13228       4       com.android.tools.r8.graph.f0$$Lambda$1934/222223496::compare (16 bytes)
Event: 692.875 Thread 0x00000000194b5800 nmethod 13273 0x000000000387e710 code [0x000000000387e880, 0x000000000387ea50]
Event: 692.875 Thread 0x00000000194b5800 13275       2       com.android.tools.r8.graph.X0::d (18 bytes)
Event: 692.875 Thread 0x00000000194b5800 nmethod 13275 0x0000000003880050 code [0x00000000038801c0, 0x0000000003880368]
Event: 692.875 Thread 0x00000000194b5800 13276   !   2       com.android.tools.r8.graph.f0::n0 (49 bytes)

GC Heap History (10 events):
Event: 6.206 GC heap before
{Heap before GC invocations=10 (full 2):
 PSYoungGen      total 239104K, used 174584K [0x00000000d5580000, 0x00000000ec700000, 0x0000000100000000)
  eden space 223744K, 71% used [0x00000000d5580000,0x00000000df102d90,0x00000000e3000000)
  from space 15360K, 99% used [0x00000000e3000000,0x00000000e3efb5f8,0x00000000e3f00000)
  to   space 17920K, 0% used [0x00000000eb580000,0x00000000eb580000,0x00000000ec700000)
 ParOldGen       total 136704K, used 16182K [0x0000000080000000, 0x0000000088580000, 0x00000000d5580000)
  object space 136704K, 11% used [0x0000000080000000,0x0000000080fcda40,0x0000000088580000)
 Metaspace       used 56761K, capacity 59058K, committed 59160K, reserved 1099776K
  class space    used 7685K, capacity 8182K, committed 8240K, reserved 1048576K
Event: 6.224 GC heap after
Heap after GC invocations=10 (full 2):
 PSYoungGen      total 353792K, used 17916K [0x00000000d5580000, 0x00000000ecd80000, 0x0000000100000000)
  eden space 335872K, 0% used [0x00000000d5580000,0x00000000d5580000,0x00000000e9d80000)
  from space 17920K, 99% used [0x00000000eb580000,0x00000000ec6ff330,0x00000000ec700000)
  to   space 24576K, 0% used [0x00000000e9d80000,0x00000000e9d80000,0x00000000eb580000)
 ParOldGen       total 136704K, used 26364K [0x0000000080000000, 0x0000000088580000, 0x00000000d5580000)
  object space 136704K, 19% used [0x0000000080000000,0x00000000819bf2f8,0x0000000088580000)
 Metaspace       used 56761K, capacity 59058K, committed 59160K, reserved 1099776K
  class space    used 7685K, capacity 8182K, committed 8240K, reserved 1048576K
}
Event: 6.224 GC heap before
{Heap before GC invocations=11 (full 3):
 PSYoungGen      total 353792K, used 17916K [0x00000000d5580000, 0x00000000ecd80000, 0x0000000100000000)
  eden space 335872K, 0% used [0x00000000d5580000,0x00000000d5580000,0x00000000e9d80000)
  from space 17920K, 99% used [0x00000000eb580000,0x00000000ec6ff330,0x00000000ec700000)
  to   space 24576K, 0% used [0x00000000e9d80000,0x00000000e9d80000,0x00000000eb580000)
 ParOldGen       total 136704K, used 26364K [0x0000000080000000, 0x0000000088580000, 0x00000000d5580000)
  object space 136704K, 19% used [0x0000000080000000,0x00000000819bf2f8,0x0000000088580000)
 Metaspace       used 56761K, capacity 59058K, committed 59160K, reserved 1099776K
  class space    used 7685K, capacity 8182K, committed 8240K, reserved 1048576K
Event: 6.399 GC heap after
Heap after GC invocations=11 (full 3):
 PSYoungGen      total 353792K, used 0K [0x00000000d5580000, 0x00000000ecd80000, 0x0000000100000000)
  eden space 335872K, 0% used [0x00000000d5580000,0x00000000d5580000,0x00000000e9d80000)
  from space 17920K, 0% used [0x00000000eb580000,0x00000000eb580000,0x00000000ec700000)
  to   space 24576K, 0% used [0x00000000e9d80000,0x00000000e9d80000,0x00000000eb580000)
 ParOldGen       total 211456K, used 41226K [0x0000000080000000, 0x000000008ce80000, 0x00000000d5580000)
  object space 211456K, 19% used [0x0000000080000000,0x0000000082842878,0x000000008ce80000)
 Metaspace       used 56687K, capacity 58806K, committed 59160K, reserved 1099776K
  class space    used 7662K, capacity 8140K, committed 8240K, reserved 1048576K
}
Event: 8.305 GC heap before
{Heap before GC invocations=12 (full 3):
 PSYoungGen      total 353792K, used 335872K [0x00000000d5580000, 0x00000000ecd80000, 0x0000000100000000)
  eden space 335872K, 100% used [0x00000000d5580000,0x00000000e9d80000,0x00000000e9d80000)
  from space 17920K, 0% used [0x00000000eb580000,0x00000000eb580000,0x00000000ec700000)
  to   space 24576K, 0% used [0x00000000e9d80000,0x00000000e9d80000,0x00000000eb580000)
 ParOldGen       total 211456K, used 41226K [0x0000000080000000, 0x000000008ce80000, 0x00000000d5580000)
  object space 211456K, 19% used [0x0000000080000000,0x0000000082842878,0x000000008ce80000)
 Metaspace       used 67917K, capacity 71698K, committed 71960K, reserved 1112064K
  class space    used 9312K, capacity 10002K, committed 10032K, reserved 1048576K
Event: 8.325 GC heap after
Heap after GC invocations=12 (full 3):
 PSYoungGen      total 360448K, used 24568K [0x00000000d5580000, 0x00000000f1c00000, 0x0000000100000000)
  eden space 335872K, 0% used [0x00000000d5580000,0x00000000d5580000,0x00000000e9d80000)
  from space 24576K, 99% used [0x00000000e9d80000,0x00000000eb57e0e8,0x00000000eb580000)
  to   space 30208K, 0% used [0x00000000efe80000,0x00000000efe80000,0x00000000f1c00000)
 ParOldGen       total 211456K, used 46072K [0x0000000080000000, 0x000000008ce80000, 0x00000000d5580000)
  object space 211456K, 21% used [0x0000000080000000,0x0000000082cfe230,0x000000008ce80000)
 Metaspace       used 67917K, capacity 71698K, committed 71960K, reserved 1112064K
  class space    used 9312K, capacity 10002K, committed 10032K, reserved 1048576K
}
Event: 684.258 GC heap before
{Heap before GC invocations=13 (full 3):
 PSYoungGen      total 360448K, used 360440K [0x00000000d5580000, 0x00000000f1c00000, 0x0000000100000000)
  eden space 335872K, 100% used [0x00000000d5580000,0x00000000e9d80000,0x00000000e9d80000)
  from space 24576K, 99% used [0x00000000e9d80000,0x00000000eb57e0e8,0x00000000eb580000)
  to   space 30208K, 0% used [0x00000000efe80000,0x00000000efe80000,0x00000000f1c00000)
 ParOldGen       total 211456K, used 46072K [0x0000000080000000, 0x000000008ce80000, 0x00000000d5580000)
  object space 211456K, 21% used [0x0000000080000000,0x0000000082cfe230,0x000000008ce80000)
 Metaspace       used 76247K, capacity 80248K, committed 80280K, reserved 1118208K
  class space    used 10182K, capacity 10923K, committed 10928K, reserved 1048576K
Event: 684.282 GC heap after
Heap after GC invocations=13 (full 3):
 PSYoungGen      total 422912K, used 30184K [0x00000000d5580000, 0x00000000f2000000, 0x0000000100000000)
  eden space 392704K, 0% used [0x00000000d5580000,0x00000000d5580000,0x00000000ed500000)
  from space 30208K, 99% used [0x00000000efe80000,0x00000000f1bfa070,0x00000000f1c00000)
  to   space 38400K, 0% used [0x00000000ed500000,0x00000000ed500000,0x00000000efa80000)
 ParOldGen       total 211456K, used 57107K [0x0000000080000000, 0x000000008ce80000, 0x00000000d5580000)
  object space 211456K, 27% used [0x0000000080000000,0x00000000837c4f60,0x000000008ce80000)
 Metaspace       used 76247K, capacity 80248K, committed 80280K, reserved 1118208K
  class space    used 10182K, capacity 10923K, committed 10928K, reserved 1048576K
}
Event: 692.380 GC heap before
{Heap before GC invocations=14 (full 3):
 PSYoungGen      total 422912K, used 422888K [0x00000000d5580000, 0x00000000f2000000, 0x0000000100000000)
  eden space 392704K, 100% used [0x00000000d5580000,0x00000000ed500000,0x00000000ed500000)
  from space 30208K, 99% used [0x00000000efe80000,0x00000000f1bfa070,0x00000000f1c00000)
  to   space 38400K, 0% used [0x00000000ed500000,0x00000000ed500000,0x00000000efa80000)
 ParOldGen       total 211456K, used 57107K [0x0000000080000000, 0x000000008ce80000, 0x00000000d5580000)
  object space 211456K, 27% used [0x0000000080000000,0x00000000837c4f60,0x000000008ce80000)
 Metaspace       used 87740K, capacity 93568K, committed 93720K, reserved 1130496K
  class space    used 12014K, capacity 13104K, committed 13104K, reserved 1048576K
Event: 692.407 GC heap after
Heap after GC invocations=14 (full 3):
 PSYoungGen      total 431104K, used 28541K [0x00000000d5580000, 0x00000000f2000000, 0x0000000100000000)
  eden space 392704K, 0% used [0x00000000d5580000,0x00000000d5580000,0x00000000ed500000)
  from space 38400K, 74% used [0x00000000ed500000,0x00000000ef0df680,0x00000000efa80000)
  to   space 30208K, 0% used [0x00000000efe80000,0x00000000efe80000,0x00000000f1c00000)
 ParOldGen       total 211456K, used 85773K [0x0000000080000000, 0x000000008ce80000, 0x00000000d5580000)
  object space 211456K, 40% used [0x0000000080000000,0x00000000853c3650,0x000000008ce80000)
 Metaspace       used 87740K, capacity 93568K, committed 93720K, reserved 1130496K
  class space    used 12014K, capacity 13104K, committed 13104K, reserved 1048576K
}

Deoptimization events (10 events):
Event: 692.677 Thread 0x0000000020cbf800 Uncommon trap: reason=unstable_if action=reinterpret pc=0x00000000034ca5f0 method=java.util.Arrays.hashCode([Ljava/lang/Object;)I @ 1
Event: 692.677 Thread 0x0000000020cc8800 Uncommon trap: reason=unstable_if action=reinterpret pc=0x00000000034ca5f0 method=java.util.Arrays.hashCode([Ljava/lang/Object;)I @ 1
Event: 692.677 Thread 0x0000000020cc6000 Uncommon trap: reason=unstable_if action=reinterpret pc=0x00000000034ca5f0 method=java.util.Arrays.hashCode([Ljava/lang/Object;)I @ 1
Event: 692.776 Thread 0x0000000020cbe000 Uncommon trap: reason=bimorphic action=maybe_recompile pc=0x0000000003619d64 method=java.util.Collections$SetFromMap.contains(Ljava/lang/Object;)Z @ 5
Event: 692.776 Thread 0x0000000020cbe000 Uncommon trap: reason=bimorphic action=maybe_recompile pc=0x0000000003619d64 method=java.util.Collections$SetFromMap.contains(Ljava/lang/Object;)Z @ 5
Event: 692.776 Thread 0x0000000020cbe000 Uncommon trap: reason=bimorphic action=maybe_recompile pc=0x0000000003619d64 method=java.util.Collections$SetFromMap.contains(Ljava/lang/Object;)Z @ 5
Event: 692.776 Thread 0x0000000020cbe000 Uncommon trap: reason=bimorphic action=maybe_recompile pc=0x0000000003619d64 method=java.util.Collections$SetFromMap.contains(Ljava/lang/Object;)Z @ 5
Event: 692.784 Thread 0x0000000020cbe000 Uncommon trap: reason=predicate action=maybe_recompile pc=0x0000000004c4ef68 method=java.util.TimSort.reverseRange([Ljava/lang/Object;II)V @ 8
Event: 692.790 Thread 0x0000000020cc5800 Uncommon trap: reason=unstable_if action=reinterpret pc=0x00000000030fff8c method=com.android.tools.r8.t.a.a.a.h.Z0.a(Ljava/lang/Object;)I @ 52
Event: 692.856 Thread 0x0000000020cc5800 Uncommon trap: reason=unstable_if action=reinterpret pc=0x00000000037f6328 method=java.util.Arrays.equals([Ljava/lang/Object;[Ljava/lang/Object;)Z @ 47

Classes redefined (0 events):
No events

Internal exceptions (10 events):
Event: 692.590 Thread 0x0000000020cbe000 Exception <a 'sun/nio/fs/WindowsException'> (0x00000000d73e8220) thrown at [C:\src\AOSP-openjdk-git\hotspot\src\share\vm\prims\jni.cpp, line 710]
Event: 692.677 Thread 0x0000000020cc1800 Implicit null exception at 0x00000000034ca4ef to 0x00000000034ca5e1
Event: 692.677 Thread 0x0000000020cbe800 Implicit null exception at 0x00000000034ca4ef to 0x00000000034ca5e1
Event: 692.677 Thread 0x0000000020cc0000 Implicit null exception at 0x00000000034ca4ef to 0x00000000034ca5e1
Event: 692.677 Thread 0x0000000020cc7800 Implicit null exception at 0x00000000034ca4ef to 0x00000000034ca5e1
Event: 692.677 Thread 0x0000000020cc5800 Implicit null exception at 0x00000000034ca4ef to 0x00000000034ca5e1
Event: 692.677 Thread 0x0000000020cc7000 Implicit null exception at 0x00000000034ca4ef to 0x00000000034ca5e1
Event: 692.677 Thread 0x0000000020cc6000 Implicit null exception at 0x00000000034ca4ef to 0x00000000034ca5e1
Event: 692.677 Thread 0x0000000020cbf800 Implicit null exception at 0x00000000034ca4ef to 0x00000000034ca5e1
Event: 692.677 Thread 0x0000000020cc8800 Implicit null exception at 0x00000000034ca4ef to 0x00000000034ca5e1

Events (10 events):
Event: 692.859 loading class com/android/tools/r8/naming/H
Event: 692.859 loading class com/android/tools/r8/naming/H done
Event: 692.859 loading class com/android/tools/r8/graph/U
Event: 692.859 loading class com/android/tools/r8/graph/U done
Event: 692.859 loading class com/android/tools/r8/naming/H
Event: 692.859 loading class com/android/tools/r8/naming/H done
Event: 692.869 loading class com/android/tools/r8/graph/U
Event: 692.869 loading class com/android/tools/r8/graph/U done
Event: 692.873 Executing VM operation: ForceSafepoint
Event: 692.874 Executing VM operation: ForceSafepoint done


Dynamic libraries:
0x00007ff600da0000 - 0x00007ff600dd1000 	C:\Program Files\Android\Android Studio1\jre\bin\java.exe
0x00007ff8f7290000 - 0x00007ff8f7485000 	C:\WINDOWS\SYSTEM32\ntdll.dll
0x00007ff8f5b40000 - 0x00007ff8f5bfd000 	C:\WINDOWS\System32\KERNEL32.DLL
0x00007ff8f4d40000 - 0x00007ff8f5008000 	C:\WINDOWS\System32\KERNELBASE.dll
0x00007ff8f55b0000 - 0x00007ff8f565c000 	C:\WINDOWS\System32\ADVAPI32.dll
0x00007ff8f5c00000 - 0x00007ff8f5c9e000 	C:\WINDOWS\System32\msvcrt.dll
0x00007ff8f71b0000 - 0x00007ff8f724b000 	C:\WINDOWS\System32\sechost.dll
0x00007ff8f58e0000 - 0x00007ff8f5a0b000 	C:\WINDOWS\System32\RPCRT4.dll
0x00007ff8f52f0000 - 0x00007ff8f5490000 	C:\WINDOWS\System32\USER32.dll
0x00007ff8f4b30000 - 0x00007ff8f4b52000 	C:\WINDOWS\System32\win32u.dll
0x00007ff8f7170000 - 0x00007ff8f719a000 	C:\WINDOWS\System32\GDI32.dll
0x00007ff8f5060000 - 0x00007ff8f516b000 	C:\WINDOWS\System32\gdi32full.dll
0x00007ff8f4b60000 - 0x00007ff8f4bfd000 	C:\WINDOWS\System32\msvcp_win.dll
0x00007ff8f5170000 - 0x00007ff8f5270000 	C:\WINDOWS\System32\ucrtbase.dll
0x00007ff8e30d0000 - 0x00007ff8e336a000 	C:\WINDOWS\WinSxS\amd64_microsoft.windows.common-controls_6595b64144ccf1df_6.0.19041.844_none_ca00b6081b84eb1d\COMCTL32.dll
0x00007ff8f58b0000 - 0x00007ff8f58e0000 	C:\WINDOWS\System32\IMM32.DLL
0x0000000069c00000 - 0x0000000069cd2000 	C:\Program Files\Android\Android Studio1\jre\jre\bin\msvcr100.dll
0x0000000069f50000 - 0x000000006a79b000 	C:\Program Files\Android\Android Studio1\jre\jre\bin\server\jvm.dll
0x00007ff8f71a0000 - 0x00007ff8f71a8000 	C:\WINDOWS\System32\PSAPI.DLL
0x00007ff8ec280000 - 0x00007ff8ec28a000 	C:\WINDOWS\SYSTEM32\VERSION.dll
0x00007ff8f1dd0000 - 0x00007ff8f1dd9000 	C:\WINDOWS\SYSTEM32\WSOCK32.dll
0x00007ff8e9d80000 - 0x00007ff8e9da7000 	C:\WINDOWS\SYSTEM32\WINMM.dll
0x00007ff8f7100000 - 0x00007ff8f716b000 	C:\WINDOWS\System32\WS2_32.dll
0x00007ff8f1cf0000 - 0x00007ff8f1cff000 	C:\Program Files\Android\Android Studio1\jre\jre\bin\verify.dll
0x00007ff8ec540000 - 0x00007ff8ec569000 	C:\Program Files\Android\Android Studio1\jre\jre\bin\java.dll
0x00007ff8f1cd0000 - 0x00007ff8f1ce6000 	C:\Program Files\Android\Android Studio1\jre\jre\bin\zip.dll
0x00007ff8f6880000 - 0x00007ff8f6fc2000 	C:\WINDOWS\System32\SHELL32.dll
0x00007ff8f2b20000 - 0x00007ff8f32b0000 	C:\WINDOWS\SYSTEM32\windows.storage.dll
0x00007ff8f6310000 - 0x00007ff8f6665000 	C:\WINDOWS\System32\combase.dll
0x00007ff8f4370000 - 0x00007ff8f439c000 	C:\WINDOWS\SYSTEM32\Wldp.dll
0x00007ff8f61f0000 - 0x00007ff8f629e000 	C:\WINDOWS\System32\SHCORE.dll
0x00007ff8f66d0000 - 0x00007ff8f6725000 	C:\WINDOWS\System32\shlwapi.dll
0x00007ff8f4910000 - 0x00007ff8f492f000 	C:\WINDOWS\SYSTEM32\profapi.dll
0x00007ff8ef1d0000 - 0x00007ff8ef1ea000 	C:\Program Files\Android\Android Studio1\jre\jre\bin\net.dll
0x00007ff8f40e0000 - 0x00007ff8f414a000 	C:\WINDOWS\system32\mswsock.dll
0x00007ff8ec8c0000 - 0x00007ff8ec8d3000 	C:\Program Files\Android\Android Studio1\jre\jre\bin\nio.dll
0x00007ff8da680000 - 0x00007ff8da6a7000 	C:\Users\tegar\.gradle\native\f6784746aeab05261644944871eae4fe03e0ef1612fff0a4a95f87b438bc6780\windows-amd64\native-platform.dll
0x00007ff8f1510000 - 0x00007ff8f151d000 	C:\Program Files\Android\Android Studio1\jre\jre\bin\management.dll
0x00007ff8f42c0000 - 0x00007ff8f42d8000 	C:\WINDOWS\SYSTEM32\CRYPTSP.dll
0x00007ff8f3a80000 - 0x00007ff8f3ab4000 	C:\WINDOWS\system32\rsaenh.dll
0x00007ff8f4c00000 - 0x00007ff8f4c27000 	C:\WINDOWS\System32\bcrypt.dll
0x00007ff8f48d0000 - 0x00007ff8f48fe000 	C:\WINDOWS\SYSTEM32\USERENV.dll
0x00007ff8f5270000 - 0x00007ff8f52f0000 	C:\WINDOWS\System32\bcryptprimitives.dll
0x00007ff8f42b0000 - 0x00007ff8f42bc000 	C:\WINDOWS\SYSTEM32\CRYPTBASE.dll
0x00007ff8f3dd0000 - 0x00007ff8f3e0b000 	C:\WINDOWS\SYSTEM32\IPHLPAPI.DLL
0x00007ff8f6730000 - 0x00007ff8f6738000 	C:\WINDOWS\System32\NSI.dll
0x00007ff8ec3a0000 - 0x00007ff8ec3b7000 	C:\WINDOWS\SYSTEM32\dhcpcsvc6.DLL
0x00007ff8ec2d0000 - 0x00007ff8ec2ed000 	C:\WINDOWS\SYSTEM32\dhcpcsvc.DLL
0x00007ff8f3e60000 - 0x00007ff8f3f2c000 	C:\WINDOWS\SYSTEM32\DNSAPI.dll
0x00007ff8ec3c0000 - 0x00007ff8ec3cb000 	C:\WINDOWS\SYSTEM32\WINNSI.DLL
0x00007ff8d6f10000 - 0x00007ff8d6f2e000 	C:\Users\tegar\AppData\Local\Temp\native-platform8931435339475414745dir\native-platform.dll

VM Arguments:
jvm_args: -Xmx2048m -Dfile.encoding=UTF-8 -Duser.country=ID -Duser.language=en -Duser.variant 
java_command: org.gradle.launcher.daemon.bootstrap.GradleDaemon 6.5
java_class_path (initial): C:\Users\tegar\.gradle\wrapper\dists\gradle-6.5-bin\6nifqtx7604sqp1q6g8wikw7p\gradle-6.5\lib\gradle-launcher-6.5.jar
Launcher Type: SUN_STANDARD

Environment Variables:
PATH=C:\Program Files\Common Files\Oracle\Java\javapath;C:\Windows\system32;C:\Windows;C:\Windows\System32\Wbem;C:\Windows\System32\WindowsPowerShell\v1.0\;C:\Windows\System32\OpenSSH\;C:\Program Files (x86)\NVIDIA Corporation\PhysX\Common;C:\Program Files\NVIDIA Corporation\NVIDIA NvDLISR;C:\Program Files\Git\cmd;C:\WINDOWS\system32;C:\WINDOWS;C:\WINDOWS\System32\Wbem;C:\WINDOWS\System32\WindowsPowerShell\v1.0\;C:\WINDOWS\System32\OpenSSH\;C:\xampp\php;C:\composer;C:\gradle-6.6\bin;C:\Program Files\nodejs\;C:\Users\tegar\AppData\Local\Microsoft\WindowsApps;C:\Users\tegar\AppData\Local\Programs\Microsoft VS Code\bin;C:\Program Files\JetBrains\IntelliJ IDEA Community Edition 2019.3.3\bin;;C:\Project\flutter\bin;C:\Users\tegar\AppData\Local\GitHubDesktop\bin;C:\Users\tegar\AppData\Roaming\Composer\vendor\bin;C:\Users\tegar\AppData\Roaming\npm;C:\Program Files\heroku\bin
USERNAME=tegar
OS=Windows_NT
PROCESSOR_IDENTIFIER=Intel64 Family 6 Model 158 Stepping 13, GenuineIntel



---------------  S Y S T E M  ---------------

OS: Windows 10.0 , 64 bit Build 19041 (10.0.19041.928)

CPU:total 12 (initial active 12) (6 cores per cpu, 2 threads per core) family 6 model 158 stepping 13, cmov, cx8, fxsr, mmx, sse, sse2, sse3, ssse3, sse4.1, sse4.2, popcnt, avx, avx2, aes, clmul, erms, 3dnowpref, lzcnt, ht, tsc, tscinvbit, bmi1, bmi2, adx

Memory: 4k page, physical 16695540k(4377840k free), swap 16695540k(5436k free)

vm_info: OpenJDK 64-Bit Server VM (25.242-b01) for windows-amd64 JRE (1.8.0_242-release-1644-b01), built by "builder" with MS VC++ 10.0 (VS2010)

time: Fri May 21 13:03:11 2021
timezone: SE Asia Standard Time
elapsed time: 692 seconds (0d 0h 11m 32s)

