#
# There is insufficient memory for the Java Runtime Environment to continue.
# Native memory allocation (malloc) failed to allocate 2536368 bytes for Chunk::new
# Possible reasons:
#   The system is out of physical RAM or swap space
#   The process is running with CompressedOops enabled, and the Java Heap may be blocking the growth of the native heap
# Possible solutions:
#   Reduce memory load on the system
#   Increase physical memory or swap space
#   Check if swap backing store is full
#   Decrease Java heap size (-Xmx/-Xms)
#   Decrease number of Java threads
#   Decrease Java thread stack sizes (-Xss)
#   Set larger code cache with -XX:ReservedCodeCacheSize=
#   JVM is running with Unscaled Compressed Oops mode in which the Java heap is
#     placed in the first 4GB address space. The Java Heap base address is the
#     maximum limit for the native heap growth. Please use -XX:HeapBaseMinAddress
#     to set the Java Heap base and to place the Java Heap above 4GB virtual address.
# This output file may be truncated or incomplete.
#
#  Out of Memory Error (allocation.cpp:389), pid=21220, tid=0x000000000000137c
#
# JRE version: OpenJDK Runtime Environment (8.0_242-b01) (build 1.8.0_242-release-1644-b01)
# Java VM: OpenJDK 64-Bit Server VM (25.242-b01 mixed mode windows-amd64 compressed oops)
# Failed to write core dump. Minidumps are not enabled by default on client versions of Windows
#

---------------  T H R E A D  ---------------

Current thread (0x0000000019d3c000):  JavaThread "C2 CompilerThread1" daemon [_thread_in_native, id=4988, stack(0x000000001b490000,0x000000001b590000)]

Stack: [0x000000001b490000,0x000000001b590000]
[error occurred during error reporting (printing stack bounds), id 0xc0000005]

Native frames: (J=compiled Java code, j=interpreted, Vv=VM code, C=native code)


Current CompileTask:
C2: 248283 20777       4       org.gradle.api.internal.artifacts.ivyservice.resolveengine.graph.builder.DependencyGraphBuilder::resolveEdges (43 bytes)


---------------  P R O C E S S  ---------------

Java Threads: ( => current thread )
  0x000000001dbb5800 JavaThread "Cache worker for execution history cache (C:\Users\tegar\AndroidStudioProjects\FootballApp\.gradle\6.5\executionHistory)" [_thread_blocked, id=2312, stack(0x0000000037f00000,0x0000000038000000)]
  0x000000001dbb4800 JavaThread "Execution worker for ':' Thread 11" [_thread_blocked, id=12940, stack(0x0000000037e00000,0x0000000037f00000)]
  0x000000001dbb3000 JavaThread "Execution worker for ':' Thread 10" [_thread_blocked, id=26956, stack(0x0000000037d00000,0x0000000037e00000)]
  0x000000001dbb6000 JavaThread "Execution worker for ':' Thread 9" [_thread_blocked, id=28940, stack(0x0000000036c20000,0x0000000036d20000)]
  0x0000000022d54800 JavaThread "Execution worker for ':' Thread 8" [_thread_blocked, id=14168, stack(0x0000000036b20000,0x0000000036c20000)]
  0x0000000022d53800 JavaThread "Execution worker for ':' Thread 7" [_thread_blocked, id=29404, stack(0x0000000034850000,0x0000000034950000)]
  0x0000000022d52000 JavaThread "Execution worker for ':' Thread 6" [_thread_blocked, id=24948, stack(0x0000000034630000,0x0000000034730000)]
  0x0000000022d51800 JavaThread "Execution worker for ':' Thread 5" [_thread_blocked, id=14868, stack(0x0000000032810000,0x0000000032910000)]
  0x0000000022d50800 JavaThread "Execution worker for ':' Thread 4" [_thread_blocked, id=18184, stack(0x0000000031340000,0x0000000031440000)]
  0x0000000022d49000 JavaThread "Execution worker for ':' Thread 3" [_thread_blocked, id=27356, stack(0x0000000030a40000,0x0000000030b40000)]
  0x0000000022d4f000 JavaThread "Execution worker for ':' Thread 2" [_thread_blocked, id=28320, stack(0x000000002fe40000,0x000000002ff40000)]
  0x0000000022d4e800 JavaThread "Execution worker for ':'" [_thread_in_native, id=27704, stack(0x000000002fd40000,0x000000002fe40000)]
  0x0000000022d50000 JavaThread "Cache worker for file content cache (C:\Users\tegar\AndroidStudioProjects\FootballApp\.gradle\6.5\fileContent)" [_thread_blocked, id=26804, stack(0x000000002f1e0000,0x000000002f2e0000)]
  0x0000000022d4d800 JavaThread "pool-8-thread-1" [_thread_blocked, id=1552, stack(0x000000002d8f0000,0x000000002d9f0000)]
  0x0000000022d4b800 JavaThread "Cache worker for Build Output Cleanup Cache (C:\Users\tegar\AndroidStudioProjects\FootballApp\.gradle\buildOutputCleanup)" [_thread_blocked, id=12948, stack(0x000000002d7f0000,0x000000002d8f0000)]
  0x0000000022d48800 JavaThread "Build operations Thread 12" [_thread_blocked, id=23504, stack(0x000000002d6f0000,0x000000002d7f0000)]
  0x0000000022d47800 JavaThread "Build operations Thread 11" [_thread_blocked, id=28448, stack(0x000000002d5f0000,0x000000002d6f0000)]
  0x0000000022d47000 JavaThread "Build operations Thread 10" [_thread_blocked, id=17368, stack(0x0000000025d80000,0x0000000025e80000)]
  0x0000000022d4a800 JavaThread "Build operations Thread 9" [_thread_blocked, id=24412, stack(0x0000000025c80000,0x0000000025d80000)]
  0x0000000022d4c000 JavaThread "Build operations Thread 8" [_thread_blocked, id=29628, stack(0x0000000025b80000,0x0000000025c80000)]
  0x0000000022d46000 JavaThread "Build operations Thread 7" [_thread_blocked, id=16424, stack(0x0000000025980000,0x0000000025a80000)]
  0x0000000022d4a000 JavaThread "Build operations Thread 6" [_thread_blocked, id=24212, stack(0x0000000025880000,0x0000000025980000)]
  0x000000001c1c7800 JavaThread "Build operations Thread 5" [_thread_blocked, id=25572, stack(0x0000000025780000,0x0000000025880000)]
  0x000000001c1c5000 JavaThread "Build operations Thread 4" [_thread_blocked, id=29196, stack(0x0000000025680000,0x0000000025780000)]
  0x000000001c1c6000 JavaThread "Build operations Thread 3" [_thread_blocked, id=16756, stack(0x0000000023cb0000,0x0000000023db0000)]
  0x000000001c1c6800 JavaThread "Build operations Thread 2" [_thread_blocked, id=12228, stack(0x0000000022210000,0x0000000022310000)]
  0x000000001c1c4800 JavaThread "Build operations" [_thread_blocked, id=25144, stack(0x0000000021e50000,0x0000000021f50000)]
  0x000000001c1bd000 JavaThread "Cache worker for cache directory md-rule (C:\Users\tegar\.gradle\caches\6.5\md-rule)" [_thread_blocked, id=17764, stack(0x000000001f4b0000,0x000000001f5b0000)]
  0x000000001c1c3800 JavaThread "Cache worker for cache directory md-supplier (C:\Users\tegar\.gradle\caches\6.5\md-supplier)" [_thread_blocked, id=18520, stack(0x000000001f3b0000,0x000000001f4b0000)]
  0x000000001c1c3000 JavaThread "Cache worker for checksums cache (C:\Users\tegar\AndroidStudioProjects\FootballApp\.gradle\checksums)" [_thread_blocked, id=16060, stack(0x000000001f2b0000,0x000000001f3b0000)]
  0x000000001c1be800 JavaThread "Cache worker for file hash cache (C:\Users\tegar\AndroidStudioProjects\FootballApp\.gradle\6.5\fileHashes)" [_thread_blocked, id=19748, stack(0x000000001f1b0000,0x000000001f2b0000)]
  0x000000001c1bc000 JavaThread "Thread-542" [_thread_blocked, id=19184, stack(0x000000001f0b0000,0x000000001f1b0000)]
  0x000000001c1c2000 JavaThread "Stdin handler" [_thread_blocked, id=19496, stack(0x000000001efb0000,0x000000001f0b0000)]
  0x000000001c1c1800 JavaThread "Asynchronous log dispatcher for DefaultDaemonConnection: socket connection from /127.0.0.1:63690 to /127.0.0.1:63931" [_thread_blocked, id=4436, stack(0x000000001ecb0000,0x000000001edb0000)]
  0x000000001c1ba000 JavaThread "Cancel handler" [_thread_blocked, id=3728, stack(0x000000001e770000,0x000000001e870000)]
  0x000000001c1bb800 JavaThread "Handler for socket connection from /127.0.0.1:63690 to /127.0.0.1:63931" [_thread_in_native, id=24932, stack(0x00000000015d0000,0x00000000016d0000)]
  0x0000000022d4d000 JavaThread "RMI TCP Connection(idle)" daemon [_thread_blocked, id=9176, stack(0x0000000030e40000,0x0000000030f40000)]
  0x000000001dbb7800 JavaThread "jar transforms Thread 342" [_thread_blocked, id=17080, stack(0x000000002d4f0000,0x000000002d5f0000)]
  0x000000001dbb8800 JavaThread "jar transforms Thread 341" [_thread_blocked, id=21300, stack(0x000000002d3f0000,0x000000002d4f0000)]
  0x000000001dbb7000 JavaThread "jar transforms Thread 340" [_thread_blocked, id=6104, stack(0x000000002d2f0000,0x000000002d3f0000)]
  0x000000001dbb4000 JavaThread "jar transforms Thread 339" [_thread_blocked, id=10204, stack(0x000000002d1f0000,0x000000002d2f0000)]
  0x00000000231d2800 JavaThread "jar transforms Thread 338" [_thread_blocked, id=27120, stack(0x000000002d0f0000,0x000000002d1f0000)]
  0x00000000231d1000 JavaThread "jar transforms Thread 337" [_thread_blocked, id=6940, stack(0x000000002cff0000,0x000000002d0f0000)]
  0x00000000231d0800 JavaThread "jar transforms Thread 336" [_thread_blocked, id=27516, stack(0x000000002cef0000,0x000000002cff0000)]
  0x00000000231d7000 JavaThread "jar transforms Thread 335" [_thread_blocked, id=28580, stack(0x000000002cdf0000,0x000000002cef0000)]
  0x00000000231d6800 JavaThread "jar transforms Thread 334" [_thread_blocked, id=26372, stack(0x000000002ccf0000,0x000000002cdf0000)]
  0x00000000231d3800 JavaThread "jar transforms Thread 333" [_thread_blocked, id=26232, stack(0x000000002cbf0000,0x000000002ccf0000)]
  0x00000000231d2000 JavaThread "jar transforms Thread 332" [_thread_blocked, id=5648, stack(0x000000002caf0000,0x000000002cbf0000)]
  0x00000000231d5000 JavaThread "jar transforms Thread 331" [_thread_blocked, id=704, stack(0x000000002c9f0000,0x000000002caf0000)]
  0x00000000231d4000 JavaThread "jar transforms Thread 330" [_thread_blocked, id=26080, stack(0x000000002c8f0000,0x000000002c9f0000)]
  0x00000000231d5800 JavaThread "jar transforms Thread 329" [_thread_blocked, id=23056, stack(0x000000002c7f0000,0x000000002c8f0000)]
  0x0000000024ecf000 JavaThread "jar transforms Thread 328" [_thread_blocked, id=25220, stack(0x000000002c6f0000,0x000000002c7f0000)]
  0x0000000024ecc800 JavaThread "jar transforms Thread 327" [_thread_blocked, id=27848, stack(0x000000002c5f0000,0x000000002c6f0000)]
  0x0000000024ece000 JavaThread "jar transforms Thread 326" [_thread_blocked, id=26420, stack(0x000000002c4f0000,0x000000002c5f0000)]
  0x0000000024ecb000 JavaThread "jar transforms Thread 325" [_thread_blocked, id=5668, stack(0x000000002c3f0000,0x000000002c4f0000)]
  0x0000000024eca800 JavaThread "jar transforms Thread 324" [_thread_blocked, id=26848, stack(0x000000002c2f0000,0x000000002c3f0000)]
  0x0000000024ecc000 JavaThread "jar transforms Thread 323" [_thread_blocked, id=12200, stack(0x000000002c1f0000,0x000000002c2f0000)]
  0x0000000024ec9800 JavaThread "jar transforms Thread 322" [_thread_blocked, id=2712, stack(0x000000002c0f0000,0x000000002c1f0000)]
  0x0000000024ecd800 JavaThread "jar transforms Thread 321" [_thread_blocked, id=21668, stack(0x000000002bff0000,0x000000002c0f0000)]
  0x0000000024ec2000 JavaThread "jar transforms Thread 320" [_thread_blocked, id=12832, stack(0x000000002bef0000,0x000000002bff0000)]
  0x0000000024ec9000 JavaThread "jar transforms Thread 319" [_thread_blocked, id=14128, stack(0x000000002bdf0000,0x000000002bef0000)]
  0x0000000024ec1800 JavaThread "jar transforms Thread 318" [_thread_blocked, id=21464, stack(0x000000002bcf0000,0x000000002bdf0000)]
  0x0000000024ec8000 JavaThread "jar transforms Thread 317" [_thread_blocked, id=29280, stack(0x000000002bbf0000,0x000000002bcf0000)]
  0x0000000024ec0800 JavaThread "jar transforms Thread 316" [_thread_blocked, id=8744, stack(0x000000002baf0000,0x000000002bbf0000)]
  0x0000000024ec7800 JavaThread "jar transforms Thread 315" [_thread_blocked, id=22168, stack(0x000000002b880000,0x000000002b980000)]
  0x0000000024ec6800 JavaThread "jar transforms Thread 314" [_thread_blocked, id=13948, stack(0x000000002b780000,0x000000002b880000)]
  0x0000000024ec6000 JavaThread "jar transforms Thread 313" [_thread_blocked, id=9448, stack(0x000000002b680000,0x000000002b780000)]
  0x0000000024ec4800 JavaThread "jar transforms Thread 312" [_thread_blocked, id=29588, stack(0x000000002b580000,0x000000002b680000)]
  0x0000000024ec5000 JavaThread "jar transforms Thread 311" [_thread_blocked, id=25500, stack(0x000000002b480000,0x000000002b580000)]
  0x0000000024ec0000 JavaThread "jar transforms Thread 310" [_thread_blocked, id=21436, stack(0x000000002b380000,0x000000002b480000)]
  0x0000000024ec3800 JavaThread "jar transforms Thread 309" [_thread_blocked, id=22852, stack(0x000000002b280000,0x000000002b380000)]
  0x0000000024ec3000 JavaThread "jar transforms Thread 308" [_thread_blocked, id=16804, stack(0x000000002b180000,0x000000002b280000)]
  0x0000000020e4c000 JavaThread "jar transforms Thread 307" [_thread_blocked, id=29396, stack(0x000000002b080000,0x000000002b180000)]
  0x0000000020e4b000 JavaThread "jar transforms Thread 306" [_thread_blocked, id=3568, stack(0x000000002af80000,0x000000002b080000)]
  0x0000000020e51000 JavaThread "jar transforms Thread 305" [_thread_blocked, id=14480, stack(0x000000002ae80000,0x000000002af80000)]
  0x0000000020e4a800 JavaThread "jar transforms Thread 304" [_thread_blocked, id=8516, stack(0x000000002ad80000,0x000000002ae80000)]
  0x0000000020e50800 JavaThread "jar transforms Thread 303" [_thread_blocked, id=25124, stack(0x000000002ac80000,0x000000002ad80000)]
  0x0000000020e4f800 JavaThread "jar transforms Thread 302" [_thread_blocked, id=24548, stack(0x000000002ab80000,0x000000002ac80000)]
  0x0000000020e4f000 JavaThread "jar transforms Thread 301" [_thread_blocked, id=26876, stack(0x000000002aa80000,0x000000002ab80000)]
  0x0000000020e4d800 JavaThread "jar transforms Thread 300" [_thread_blocked, id=23256, stack(0x000000002a980000,0x000000002aa80000)]
  0x0000000020e4c800 JavaThread "jar transforms Thread 299" [_thread_blocked, id=8460, stack(0x000000002a880000,0x000000002a980000)]
  0x0000000020e4e000 JavaThread "jar transforms Thread 298" [_thread_blocked, id=20928, stack(0x000000002a780000,0x000000002a880000)]
  0x0000000020e46000 JavaThread "jar transforms Thread 297" [_thread_blocked, id=19140, stack(0x000000002a680000,0x000000002a780000)]
  0x0000000020e42800 JavaThread "jar transforms Thread 296" [_thread_blocked, id=11112, stack(0x000000002a580000,0x000000002a680000)]
  0x0000000020e49800 JavaThread "jar transforms Thread 295" [_thread_blocked, id=12384, stack(0x000000002a480000,0x000000002a580000)]
  0x0000000020e42000 JavaThread "jar transforms Thread 294" [_thread_blocked, id=9000, stack(0x000000002a380000,0x000000002a480000)]
  0x0000000020e45000 JavaThread "jar transforms Thread 293" [_thread_blocked, id=27384, stack(0x000000002a280000,0x000000002a380000)]
  0x0000000020e43800 JavaThread "jar transforms Thread 292" [_thread_blocked, id=15476, stack(0x000000002a180000,0x000000002a280000)]
  0x0000000020e48000 JavaThread "jar transforms Thread 291" [_thread_blocked, id=28820, stack(0x000000002a080000,0x000000002a180000)]
  0x0000000020e44000 JavaThread "jar transforms Thread 290" [_thread_blocked, id=17116, stack(0x0000000029f80000,0x000000002a080000)]
  0x0000000020e47800 JavaThread "jar transforms Thread 289" [_thread_blocked, id=25560, stack(0x0000000029e80000,0x0000000029f80000)]
  0x0000000020e49000 JavaThread "jar transforms Thread 288" [_thread_blocked, id=15904, stack(0x0000000029d80000,0x0000000029e80000)]
  0x0000000020e46800 JavaThread "jar transforms Thread 287" [_thread_blocked, id=10456, stack(0x0000000029c80000,0x0000000029d80000)]
  0x000000001d757800 JavaThread "jar transforms Thread 286" [_thread_blocked, id=29636, stack(0x0000000029b80000,0x0000000029c80000)]
  0x000000001d756000 JavaThread "jar transforms Thread 285" [_thread_blocked, id=25904, stack(0x0000000029a80000,0x0000000029b80000)]
  0x000000001d75a800 JavaThread "jar transforms Thread 284" [_thread_blocked, id=10580, stack(0x0000000029980000,0x0000000029a80000)]
  0x000000001d755000 JavaThread "jar transforms Thread 283" [_thread_blocked, id=15500, stack(0x0000000029880000,0x0000000029980000)]
  0x000000001d759000 JavaThread "jar transforms Thread 282" [_thread_blocked, id=15272, stack(0x0000000029780000,0x0000000029880000)]
  0x000000001dba9800 JavaThread "jar transforms Thread 281" [_thread_blocked, id=23208, stack(0x0000000029680000,0x0000000029780000)]
  0x000000001dbaa000 JavaThread "jar transforms Thread 280" [_thread_blocked, id=18600, stack(0x0000000029580000,0x0000000029680000)]
  0x000000001dbb0000 JavaThread "jar transforms Thread 279" [_thread_blocked, id=10888, stack(0x0000000029480000,0x0000000029580000)]
  0x000000001dbae000 JavaThread "jar transforms Thread 278" [_thread_blocked, id=23228, stack(0x0000000029380000,0x0000000029480000)]
  0x000000001dbab000 JavaThread "jar transforms Thread 277" [_thread_blocked, id=23492, stack(0x0000000029280000,0x0000000029380000)]
  0x000000001dbab800 JavaThread "jar transforms Thread 276" [_thread_blocked, id=24812, stack(0x0000000029180000,0x0000000029280000)]
  0x0000000021927800 JavaThread "jar transforms Thread 275" [_thread_blocked, id=24444, stack(0x0000000029080000,0x0000000029180000)]
  0x0000000021928800 JavaThread "jar transforms Thread 274" [_thread_blocked, id=21428, stack(0x0000000028f80000,0x0000000029080000)]
  0x0000000021927000 JavaThread "jar transforms Thread 273" [_thread_blocked, id=26128, stack(0x0000000028e80000,0x0000000028f80000)]
  0x0000000021926000 JavaThread "jar transforms Thread 272" [_thread_blocked, id=14884, stack(0x0000000028d80000,0x0000000028e80000)]
  0x0000000021924000 JavaThread "jar transforms Thread 271" [_thread_blocked, id=8692, stack(0x0000000028c80000,0x0000000028d80000)]
  0x0000000021924800 JavaThread "jar transforms Thread 270" [_thread_blocked, id=16100, stack(0x0000000028b80000,0x0000000028c80000)]
  0x0000000021923000 JavaThread "jar transforms Thread 269" [_thread_blocked, id=13904, stack(0x0000000028a80000,0x0000000028b80000)]
  0x0000000021925800 JavaThread "jar transforms Thread 268" [_thread_blocked, id=23612, stack(0x0000000028980000,0x0000000028a80000)]
  0x000000002191b000 JavaThread "jar transforms Thread 267" [_thread_blocked, id=20744, stack(0x0000000028880000,0x0000000028980000)]
  0x000000002191f800 JavaThread "jar transforms Thread 266" [_thread_blocked, id=22184, stack(0x0000000028780000,0x0000000028880000)]
  0x000000002191e800 JavaThread "jar transforms Thread 265" [_thread_blocked, id=26724, stack(0x0000000028680000,0x0000000028780000)]
  0x0000000021921000 JavaThread "jar transforms Thread 264" [_thread_blocked, id=21752, stack(0x0000000028580000,0x0000000028680000)]
  0x000000002191d000 JavaThread "jar transforms Thread 263" [_thread_blocked, id=9024, stack(0x0000000028480000,0x0000000028580000)]
  0x0000000021921800 JavaThread "jar transforms Thread 262" [_thread_blocked, id=4760, stack(0x0000000028380000,0x0000000028480000)]
  0x000000001bfe1000 JavaThread "jar transforms Thread 261" [_thread_blocked, id=22028, stack(0x0000000028280000,0x0000000028380000)]
  0x000000001bfe0000 JavaThread "jar transforms Thread 260" [_thread_blocked, id=15952, stack(0x0000000028180000,0x0000000028280000)]
  0x000000001bfdf800 JavaThread "jar transforms Thread 259" [_thread_blocked, id=18572, stack(0x0000000028080000,0x0000000028180000)]
  0x000000001bfe4800 JavaThread "jar transforms Thread 258" [_thread_blocked, id=12980, stack(0x0000000027f80000,0x0000000028080000)]
  0x000000001bfe4000 JavaThread "jar transforms Thread 257" [_thread_blocked, id=10568, stack(0x0000000027e80000,0x0000000027f80000)]
  0x000000001bfe3000 JavaThread "jar transforms Thread 256" [_thread_blocked, id=3820, stack(0x0000000027d80000,0x0000000027e80000)]
  0x000000001bfe2800 JavaThread "jar transforms Thread 255" [_thread_blocked, id=24172, stack(0x0000000027c80000,0x0000000027d80000)]
  0x000000001bfe1800 JavaThread "jar transforms Thread 254" [_thread_blocked, id=29496, stack(0x0000000027b80000,0x0000000027c80000)]
  0x000000001bfde800 JavaThread "jar transforms Thread 253" [_thread_blocked, id=11828, stack(0x0000000027a80000,0x0000000027b80000)]
  0x000000001bfd6800 JavaThread "jar transforms Thread 252" [_thread_blocked, id=29136, stack(0x0000000027980000,0x0000000027a80000)]
  0x000000001bfdd000 JavaThread "jar transforms Thread 251" [_thread_blocked, id=23852, stack(0x0000000027880000,0x0000000027980000)]
  0x000000001bfd5800 JavaThread "jar transforms Thread 250" [_thread_blocked, id=12120, stack(0x0000000027780000,0x0000000027880000)]
  0x000000001bfd9800 JavaThread "jar transforms Thread 249" [_thread_blocked, id=15452, stack(0x0000000027680000,0x0000000027780000)]
  0x000000001bfd8000 JavaThread "jar transforms Thread 248" [_thread_blocked, id=12256, stack(0x0000000027580000,0x0000000027680000)]
  0x000000001bfd7000 JavaThread "jar transforms Thread 247" [_thread_blocked, id=28708, stack(0x0000000027480000,0x0000000027580000)]
  0x000000001bfd8800 JavaThread "jar transforms Thread 246" [_thread_blocked, id=22340, stack(0x0000000027380000,0x0000000027480000)]
  0x000000001bfdb000 JavaThread "jar transforms Thread 245" [_thread_blocked, id=16228, stack(0x0000000027280000,0x0000000027380000)]
  0x000000001bfda000 JavaThread "jar transforms Thread 244" [_thread_blocked, id=19360, stack(0x0000000026f80000,0x0000000027080000)]
  0x00000000201b9800 JavaThread "jar transforms Thread 243" [_thread_blocked, id=24764, stack(0x0000000026e80000,0x0000000026f80000)]
  0x00000000201b7800 JavaThread "jar transforms Thread 242" [_thread_blocked, id=6072, stack(0x0000000026d80000,0x0000000026e80000)]
  0x00000000201b0000 JavaThread "jar transforms Thread 241" [_thread_blocked, id=15892, stack(0x0000000026c80000,0x0000000026d80000)]
  0x00000000201b7000 JavaThread "jar transforms Thread 240" [_thread_blocked, id=29400, stack(0x0000000026b80000,0x0000000026c80000)]
  0x00000000201b6000 JavaThread "jar transforms Thread 239" [_thread_blocked, id=13632, stack(0x0000000026a80000,0x0000000026b80000)]
  0x00000000201b5800 JavaThread "jar transforms Thread 238" [_thread_blocked, id=21260, stack(0x0000000026980000,0x0000000026a80000)]
  0x00000000201b4000 JavaThread "jar transforms Thread 237" [_thread_blocked, id=1488, stack(0x0000000026680000,0x0000000026780000)]
  0x00000000201b4800 JavaThread "jar transforms Thread 236" [_thread_blocked, id=26596, stack(0x0000000026580000,0x0000000026680000)]
  0x00000000201b3000 JavaThread "jar transforms Thread 235" [_thread_blocked, id=29292, stack(0x0000000026480000,0x0000000026580000)]
  0x00000000201ab800 JavaThread "jar transforms Thread 234" [_thread_blocked, id=26940, stack(0x0000000026380000,0x0000000026480000)]
  0x00000000201ae800 JavaThread "jar transforms Thread 233" [_thread_blocked, id=20800, stack(0x0000000026280000,0x0000000026380000)]
  0x00000000201ae000 JavaThread "jar transforms Thread 232" [_thread_blocked, id=16928, stack(0x0000000026180000,0x0000000026280000)]
  0x00000000201b2800 JavaThread "jar transforms Thread 231" [_thread_blocked, id=20572, stack(0x0000000026080000,0x0000000026180000)]
  0x00000000201af800 JavaThread "jar transforms Thread 230" [_thread_blocked, id=1396, stack(0x0000000025f80000,0x0000000026080000)]
  0x00000000201b1000 JavaThread "jar transforms Thread 229" [_thread_blocked, id=8472, stack(0x0000000025e80000,0x0000000025f80000)]
  0x000000001c1bd800 JavaThread "Daemon worker Thread 2" [_thread_blocked, id=22564, stack(0x000000001e870000,0x000000001e970000)]
  0x000000001c1ba800 JavaThread "Daemon Thread 2" [_thread_blocked, id=13036, stack(0x00000000014d0000,0x00000000015d0000)]
  0x0000000021922800 JavaThread "Cache worker for Java compile cache (C:\Users\tegar\.gradle\caches\6.5\javaCompile)" [_thread_blocked, id=27940, stack(0x0000000030d40000,0x0000000030e40000)]
  0x000000002191b800 JavaThread "RMI Reaper" [_thread_blocked, id=19264, stack(0x0000000030940000,0x0000000030a40000)]
  0x0000000021919800 JavaThread "RMI TCP Accept-0" daemon [_thread_in_native, id=6408, stack(0x0000000030840000,0x0000000030940000)]
  0x000000002191c800 JavaThread "GC Daemon" daemon [_thread_blocked, id=26696, stack(0x0000000030740000,0x0000000030840000)]
  0x000000002191a000 JavaThread "RMI Scheduler(0)" daemon [_thread_blocked, id=24532, stack(0x00000000012d0000,0x00000000013d0000)]
  0x00000000201aa000 JavaThread "Memory manager" [_thread_blocked, id=7252, stack(0x000000002e670000,0x000000002e770000)]
  0x000000001d75b000 JavaThread "Cache worker for file content cache (C:\Users\tegar\.gradle\caches\6.5\fileContent)" [_thread_blocked, id=13440, stack(0x0000000023db0000,0x0000000023eb0000)]
  0x000000001d758000 JavaThread "Cache worker for execution history cache (C:\Users\tegar\.gradle\caches\6.5\executionHistory)" [_thread_blocked, id=17928, stack(0x00000000235b0000,0x00000000236b0000)]
  0x000000001d756800 JavaThread "Cache worker for file hash cache (C:\Users\tegar\.gradle\caches\6.5\fileHashes)" [_thread_blocked, id=25836, stack(0x000000001f9b0000,0x000000001fab0000)]
  0x000000001d75c000 JavaThread "File lock request listener" [_thread_in_native, id=11400, stack(0x000000001f8b0000,0x000000001f9b0000)]
  0x000000001d6ff800 JavaThread "Cache worker for journal cache (C:\Users\tegar\.gradle\caches\journal-1)" [_thread_blocked, id=22572, stack(0x000000001f7b0000,0x000000001f8b0000)]
  0x000000001d647800 JavaThread "Daemon periodic checks" [_thread_blocked, id=1240, stack(0x000000001ebb0000,0x000000001ecb0000)]
  0x000000001d5ea800 JavaThread "Incoming local TCP Connector on port 63690" [_thread_in_native, id=2832, stack(0x000000001e970000,0x000000001ea70000)]
  0x000000001d559800 JavaThread "Daemon health stats" [_thread_blocked, id=21972, stack(0x000000001e330000,0x000000001e430000)]
  0x0000000019dc5800 JavaThread "Service Thread" daemon [_thread_blocked, id=28956, stack(0x000000001b790000,0x000000001b890000)]
  0x0000000019d42000 JavaThread "C1 CompilerThread3" daemon [_thread_blocked, id=23032, stack(0x000000001b690000,0x000000001b790000)]
  0x0000000019d41800 JavaThread "C2 CompilerThread2" daemon [_thread_blocked, id=27260, stack(0x000000001b590000,0x000000001b690000)]
=>0x0000000019d3c000 JavaThread "C2 CompilerThread1" daemon [_thread_in_native, id=4988, stack(0x000000001b490000,0x000000001b590000)]
  0x0000000019d35000 JavaThread "C2 CompilerThread0" daemon [_thread_blocked, id=25864, stack(0x000000001b390000,0x000000001b490000)]
  0x0000000019d34000 JavaThread "Attach Listener" daemon [_thread_blocked, id=21676, stack(0x000000001b290000,0x000000001b390000)]
  0x0000000019d31000 JavaThread "Signal Dispatcher" daemon [_thread_blocked, id=3444, stack(0x000000001b190000,0x000000001b290000)]
  0x00000000033da000 JavaThread "Finalizer" daemon [_thread_blocked, id=23888, stack(0x000000001af90000,0x000000001b090000)]
  0x000000001864c800 JavaThread "Reference Handler" daemon [_thread_blocked, id=17200, stack(0x000000001ae90000,0x000000001af90000)]
  0x000000000318e000 JavaThread "main" [_thread_blocked, id=24912, stack(0x00000000031e0000,0x00000000032e0000)]

Other Threads:
  0x0000000018645800 VMThread [stack: 0x000000001ad90000,0x000000001ae90000] [id=11892]
  0x0000000019dc6000 WatcherThread [stack: 0x000000001b890000,0x000000001b990000] [id=24080]

VM state:not at safepoint (normal execution)

VM Mutex/Monitor currently owned by a thread: None

heap address: 0x0000000080000000, size: 2048 MB, Compressed Oops mode: 32-bit
Narrow klass base: 0x0000000000000000, Narrow klass shift: 3
Compressed class space size: 1073741824 Address: 0x0000000100000000

Heap:
 PSYoungGen      total 561152K, used 131439K [0x00000000d5580000, 0x00000000fe300000, 0x0000000100000000)
  eden space 512000K, 18% used [0x00000000d5580000,0x00000000db28c560,0x00000000f4980000)
  from space 49152K, 73% used [0x00000000f4980000,0x00000000f6ccf8f0,0x00000000f7980000)
  to   space 51712K, 0% used [0x00000000fb080000,0x00000000fb080000,0x00000000fe300000)
 ParOldGen       total 345088K, used 97970K [0x0000000080000000, 0x0000000095100000, 0x00000000d5580000)
  object space 345088K, 28% used [0x0000000080000000,0x0000000085fac9d8,0x0000000095100000)
 Metaspace       used 128065K, capacity 134782K, committed 135320K, reserved 1167360K
  class space    used 16563K, capacity 17855K, committed 18096K, reserved 1048576K

Card table byte_map: [0x00000000127a0000,0x0000000012bb0000] byte_map_base: 0x00000000123a0000

Marking Bits: (ParMarkBitMap*) 0x000000006a73f030
 Begin Bits: [0x0000000013860000, 0x0000000015860000)
 End Bits:   [0x0000000015860000, 0x0000000017860000)

Polling page: 0x0000000001850000

CodeCache: size=245760Kb used=55213Kb max_used=56261Kb free=190546Kb
 bounds [0x00000000033e0000, 0x0000000006b30000, 0x00000000123e0000]
 total_blobs=17842 nmethods=16901 adapters=851
 compilation: enabled

Compilation events (10 events):
Event: 247.958 Thread 0x0000000019d42000 nmethod 20902 0x00000000047dfc50 code [0x00000000047dfe20, 0x00000000047e03c8]
Event: 247.958 Thread 0x0000000019d42000 20903       3       kotlin.text.RegexKt::access$findNext (7 bytes)
Event: 247.959 Thread 0x0000000019d42000 nmethod 20903 0x00000000067c5090 code [0x00000000067c5220, 0x00000000067c5578]
Event: 247.959 Thread 0x0000000019d42000 20904       3       kotlin.text.RegexKt::findNext (25 bytes)
Event: 247.959 Thread 0x0000000019d42000 nmethod 20904 0x0000000003868410 code [0x00000000038685e0, 0x0000000003868d48]
Event: 247.959 Thread 0x0000000019d42000 20905       3       org.jetbrains.kotlin.daemon.common.ClientUtilsKt$makePortFromRunFilenameExtractor$1::invoke (9 bytes)
Event: 247.959 Thread 0x0000000019d42000 nmethod 20905 0x0000000004081810 code [0x0000000004081980, 0x0000000004081c68]
Event: 247.959 Thread 0x0000000019d42000 20906       3       org.jetbrains.kotlin.daemon.common.ClientUtilsKt$makePortFromRunFilenameExtractor$1::invoke (91 bytes)
Event: 247.960 Thread 0x0000000019d42000 nmethod 20906 0x00000000038ea1d0 code [0x00000000038ea480, 0x00000000038eb488]
Event: 247.969 Thread 0x0000000019d35000 nmethod 20899 0x0000000003d92750 code [0x0000000003d92a40, 0x0000000003d93f28]

GC Heap History (10 events):
Event: 54.871 GC heap before
{Heap before GC invocations=15 (full 4):
 PSYoungGen      total 423424K, used 27265K [0x00000000d5580000, 0x00000000f6580000, 0x0000000100000000)
  eden space 381440K, 0% used [0x00000000d5580000,0x00000000d5580000,0x00000000eca00000)
  from space 41984K, 64% used [0x00000000eca00000,0x00000000ee4a05a8,0x00000000ef300000)
  to   space 43008K, 0% used [0x00000000f3b80000,0x00000000f3b80000,0x00000000f6580000)
 ParOldGen       total 217088K, used 93750K [0x0000000080000000, 0x000000008d400000, 0x00000000d5580000)
  object space 217088K, 43% used [0x0000000080000000,0x0000000085b8db28,0x000000008d400000)
 Metaspace       used 91847K, capacity 98584K, committed 98600K, reserved 1134592K
  class space    used 12866K, capacity 14113K, committed 14128K, reserved 1048576K
Event: 55.042 GC heap after
Heap after GC invocations=15 (full 4):
 PSYoungGen      total 423424K, used 0K [0x00000000d5580000, 0x00000000f6580000, 0x0000000100000000)
  eden space 381440K, 0% used [0x00000000d5580000,0x00000000d5580000,0x00000000eca00000)
  from space 41984K, 0% used [0x00000000eca00000,0x00000000eca00000,0x00000000ef300000)
  to   space 43008K, 0% used [0x00000000f3b80000,0x00000000f3b80000,0x00000000f6580000)
 ParOldGen       total 345088K, used 91247K [0x0000000080000000, 0x0000000095100000, 0x00000000d5580000)
  object space 345088K, 26% used [0x0000000080000000,0x000000008591be90,0x0000000095100000)
 Metaspace       used 90258K, capacity 94424K, committed 98600K, reserved 1134592K
  class space    used 12317K, capacity 13143K, committed 14128K, reserved 1048576K
}
Event: 91.245 GC heap before
{Heap before GC invocations=16 (full 4):
 PSYoungGen      total 423424K, used 381440K [0x00000000d5580000, 0x00000000f6580000, 0x0000000100000000)
  eden space 381440K, 100% used [0x00000000d5580000,0x00000000eca00000,0x00000000eca00000)
  from space 41984K, 0% used [0x00000000eca00000,0x00000000eca00000,0x00000000ef300000)
  to   space 43008K, 0% used [0x00000000f3b80000,0x00000000f3b80000,0x00000000f6580000)
 ParOldGen       total 345088K, used 91247K [0x0000000080000000, 0x0000000095100000, 0x00000000d5580000)
  object space 345088K, 26% used [0x0000000080000000,0x000000008591be90,0x0000000095100000)
 Metaspace       used 97088K, capacity 101964K, committed 104984K, reserved 1140736K
  class space    used 12964K, capacity 13881K, committed 14640K, reserved 1048576K
Event: 91.259 GC heap after
Heap after GC invocations=16 (full 4):
 PSYoungGen      total 491520K, used 19963K [0x00000000d5580000, 0x00000000f6080000, 0x0000000100000000)
  eden space 453632K, 0% used [0x00000000d5580000,0x00000000d5580000,0x00000000f1080000)
  from space 37888K, 52% used [0x00000000f3b80000,0x00000000f4efed38,0x00000000f6080000)
  to   space 40960K, 0% used [0x00000000f1080000,0x00000000f1080000,0x00000000f3880000)
 ParOldGen       total 345088K, used 91255K [0x0000000080000000, 0x0000000095100000, 0x00000000d5580000)
  object space 345088K, 26% used [0x0000000080000000,0x000000008591de90,0x0000000095100000)
 Metaspace       used 97088K, capacity 101964K, committed 104984K, reserved 1140736K
  class space    used 12964K, capacity 13881K, committed 14640K, reserved 1048576K
}
Event: 201.400 GC heap before
{Heap before GC invocations=17 (full 4):
 PSYoungGen      total 491520K, used 473595K [0x00000000d5580000, 0x00000000f6080000, 0x0000000100000000)
  eden space 453632K, 100% used [0x00000000d5580000,0x00000000f1080000,0x00000000f1080000)
  from space 37888K, 52% used [0x00000000f3b80000,0x00000000f4efed38,0x00000000f6080000)
  to   space 40960K, 0% used [0x00000000f1080000,0x00000000f1080000,0x00000000f3880000)
 ParOldGen       total 345088K, used 91255K [0x0000000080000000, 0x0000000095100000, 0x00000000d5580000)
  object space 345088K, 26% used [0x0000000080000000,0x000000008591de90,0x0000000095100000)
 Metaspace       used 100194K, capacity 105380K, committed 108056K, reserved 1142784K
  class space    used 13142K, capacity 14119K, committed 14896K, reserved 1048576K
Event: 201.420 GC heap after
Heap after GC invocations=17 (full 4):
 PSYoungGen      total 494592K, used 28991K [0x00000000d5580000, 0x00000000fa800000, 0x0000000100000000)
  eden space 453632K, 0% used [0x00000000d5580000,0x00000000d5580000,0x00000000f1080000)
  from space 40960K, 70% used [0x00000000f1080000,0x00000000f2ccfdf8,0x00000000f3880000)
  to   space 42496K, 0% used [0x00000000f7e80000,0x00000000f7e80000,0x00000000fa800000)
 ParOldGen       total 345088K, used 91263K [0x0000000080000000, 0x0000000095100000, 0x00000000d5580000)
  object space 345088K, 26% used [0x0000000080000000,0x000000008591fe90,0x0000000095100000)
 Metaspace       used 100194K, capacity 105380K, committed 108056K, reserved 1142784K
  class space    used 13142K, capacity 14119K, committed 14896K, reserved 1048576K
}
Event: 218.045 GC heap before
{Heap before GC invocations=18 (full 4):
 PSYoungGen      total 494592K, used 482457K [0x00000000d5580000, 0x00000000fa800000, 0x0000000100000000)
  eden space 453632K, 99% used [0x00000000d5580000,0x00000000f10567f0,0x00000000f1080000)
  from space 40960K, 70% used [0x00000000f1080000,0x00000000f2ccfdf8,0x00000000f3880000)
  to   space 42496K, 0% used [0x00000000f7e80000,0x00000000f7e80000,0x00000000fa800000)
 ParOldGen       total 345088K, used 91263K [0x0000000080000000, 0x0000000095100000, 0x00000000d5580000)
  object space 345088K, 26% used [0x0000000080000000,0x000000008591fe90,0x0000000095100000)
 Metaspace       used 116058K, capacity 121544K, committed 123800K, reserved 1157120K
  class space    used 14897K, capacity 15921K, committed 16560K, reserved 1048576K
Event: 218.068 GC heap after
Heap after GC invocations=18 (full 4):
 PSYoungGen      total 554496K, used 42480K [0x00000000d5580000, 0x00000000fa980000, 0x0000000100000000)
  eden space 512000K, 0% used [0x00000000d5580000,0x00000000d5580000,0x00000000f4980000)
  from space 42496K, 99% used [0x00000000f7e80000,0x00000000fa7fc1a0,0x00000000fa800000)
  to   space 49152K, 0% used [0x00000000f4980000,0x00000000f4980000,0x00000000f7980000)
 ParOldGen       total 345088K, used 93326K [0x0000000080000000, 0x0000000095100000, 0x00000000d5580000)
  object space 345088K, 27% used [0x0000000080000000,0x0000000085b23940,0x0000000095100000)
 Metaspace       used 116058K, capacity 121544K, committed 123800K, reserved 1157120K
  class space    used 14897K, capacity 15921K, committed 16560K, reserved 1048576K
}
Event: 247.410 GC heap before
{Heap before GC invocations=19 (full 4):
 PSYoungGen      total 554496K, used 554480K [0x00000000d5580000, 0x00000000fa980000, 0x0000000100000000)
  eden space 512000K, 100% used [0x00000000d5580000,0x00000000f4980000,0x00000000f4980000)
  from space 42496K, 99% used [0x00000000f7e80000,0x00000000fa7fc1a0,0x00000000fa800000)
  to   space 49152K, 0% used [0x00000000f4980000,0x00000000f4980000,0x00000000f7980000)
 ParOldGen       total 345088K, used 93326K [0x0000000080000000, 0x0000000095100000, 0x00000000d5580000)
  object space 345088K, 27% used [0x0000000080000000,0x0000000085b23940,0x0000000095100000)
 Metaspace       used 128040K, capacity 134776K, committed 135320K, reserved 1167360K
  class space    used 16563K, capacity 17854K, committed 18096K, reserved 1048576K
Event: 247.439 GC heap after
Heap after GC invocations=19 (full 4):
 PSYoungGen      total 561152K, used 36158K [0x00000000d5580000, 0x00000000fe300000, 0x0000000100000000)
  eden space 512000K, 0% used [0x00000000d5580000,0x00000000d5580000,0x00000000f4980000)
  from space 49152K, 73% used [0x00000000f4980000,0x00000000f6ccf8f0,0x00000000f7980000)
  to   space 51712K, 0% used [0x00000000fb080000,0x00000000fb080000,0x00000000fe300000)
 ParOldGen       total 345088K, used 97970K [0x0000000080000000, 0x0000000095100000, 0x00000000d5580000)
  object space 345088K, 28% used [0x0000000080000000,0x0000000085fac9d8,0x0000000095100000)
 Metaspace       used 128040K, capacity 134776K, committed 135320K, reserved 1167360K
  class space    used 16563K, capacity 17854K, committed 18096K, reserved 1048576K
}

Deoptimization events (10 events):
Event: 244.129 Thread 0x000000001c1bd800 Uncommon trap: reason=unstable_if action=reinterpret pc=0x0000000003dc893c method=java.lang.Class$MethodArray.removeLessSpecifics()V @ 25
Event: 244.130 Thread 0x000000001c1bd800 Uncommon trap: reason=unstable_if action=reinterpret pc=0x00000000065e7010 method=org.codehaus.groovy.runtime.metaclass.MetaMethodIndex.addMethodToList(Ljava/lang/Object;Lgroovy/lang/MetaMethod;)Ljava/lang/Object; @ 256
Event: 244.130 Thread 0x000000001c1bd800 Uncommon trap: reason=unstable_if action=reinterpret pc=0x0000000006525ab4 method=org.codehaus.groovy.runtime.metaclass.MetaMethodIndex.addMethodToList(Ljava/lang/Object;Lgroovy/lang/MetaMethod;)Ljava/lang/Object; @ 256
Event: 244.133 Thread 0x000000001c1bd800 Uncommon trap: reason=class_check action=maybe_recompile pc=0x0000000003b45928 method=java.util.WeakHashMap.eq(Ljava/lang/Object;Ljava/lang/Object;)Z @ 7
Event: 244.251 Thread 0x0000000022d4b800 Uncommon trap: reason=unstable_if action=reinterpret pc=0x0000000005a078a0 method=sun.nio.ch.IOUtil.writeFromNativeBuffer(Ljava/io/FileDescriptor;Ljava/nio/ByteBuffer;JLsun/nio/ch/NativeDispatcher;)I @ 121
Event: 244.251 Thread 0x0000000022d4b800 Uncommon trap: reason=unstable_if action=reinterpret pc=0x0000000003820bac method=sun.nio.ch.IOStatus.normalize(I)I @ 3
Event: 247.860 Thread 0x0000000022d4e800 Uncommon trap: reason=unstable_if action=reinterpret pc=0x0000000005a01148 method=com.google.common.collect.Iterables.elementsEqual(Ljava/lang/Iterable;Ljava/lang/Iterable;)Z @ 36
Event: 247.860 Thread 0x0000000022d4e800 Uncommon trap: reason=class_check action=maybe_recompile pc=0x00000000056abdac method=org.gradle.internal.execution.history.changes.AbstractFingerprintCompareStrategy.visitChangesSince(Lorg/gradle/internal/fingerprint/FileCollectionFingerprint;Lorg/gradle
Event: 247.861 Thread 0x0000000022d4e800 Uncommon trap: reason=class_check action=maybe_recompile pc=0x00000000056abdac method=org.gradle.internal.execution.history.changes.AbstractFingerprintCompareStrategy.visitChangesSince(Lorg/gradle/internal/fingerprint/FileCollectionFingerprint;Lorg/gradle
Event: 247.955 Thread 0x0000000022d4e800 Uncommon trap: reason=class_check action=maybe_recompile pc=0x0000000006765718 method=kotlin.collections.CollectionsKt___CollectionsKt.sorted(Ljava/lang/Iterable;)Ljava/util/List; @ 33

Classes redefined (0 events):
No events

Internal exceptions (10 events):
Event: 244.150 Thread 0x000000001c1bd800 Exception <a 'java/lang/ClassNotFoundException': java/util/AbstractMapBeanInfo> (0x00000000efccfad8) thrown at [C:\src\AOSP-openjdk-git\hotspot\src\share\vm\classfile\systemDictionary.cpp, line 210]
Event: 244.150 Thread 0x000000001c1bd800 Exception <a 'java/lang/ClassNotFoundException': java/util/AbstractMapCustomizer> (0x00000000efcd9078) thrown at [C:\src\AOSP-openjdk-git\hotspot\src\share\vm\classfile\systemDictionary.cpp, line 210]
Event: 244.150 Thread 0x000000001c1bd800 Exception <a 'java/lang/ClassNotFoundException': java/util/HashMapCustomizer> (0x00000000efcee760) thrown at [C:\src\AOSP-openjdk-git\hotspot\src\share\vm\classfile\systemDictionary.cpp, line 210]
Event: 244.151 Thread 0x000000001c1bd800 Exception <a 'java/lang/ClassNotFoundException': java/util/LinkedHashMapCustomizer> (0x00000000efd16390) thrown at [C:\src\AOSP-openjdk-git\hotspot\src\share\vm\classfile\systemDictionary.cpp, line 210]
Event: 244.249 Thread 0x0000000022d4b800 Exception <a 'java/lang/NoSuchMethodError': <clinit>> (0x00000000f0ac8870) thrown at [C:\src\AOSP-openjdk-git\hotspot\src\share\vm\prims\jni.cpp, line 1615]
Event: 244.250 Thread 0x0000000022d4b800 Exception <a 'java/lang/NoSuchMethodError': <clinit>> (0x00000000f0ad7f20) thrown at [C:\src\AOSP-openjdk-git\hotspot\src\share\vm\prims\jni.cpp, line 1615]
Event: 247.084 Thread 0x000000001c1bd800 Exception <a 'sun/nio/fs/WindowsException'> (0x00000000f1b35de0) thrown at [C:\src\AOSP-openjdk-git\hotspot\src\share\vm\prims\jni.cpp, line 710]
Event: 247.183 Thread 0x000000001c1bd800 Exception <a 'sun/nio/fs/WindowsException'> (0x00000000f26e9140) thrown at [C:\src\AOSP-openjdk-git\hotspot\src\share\vm\prims\jni.cpp, line 710]
Event: 247.854 Thread 0x0000000022d4e800 Exception <a 'sun/nio/fs/WindowsException'> (0x00000000dac15b10) thrown at [C:\src\AOSP-openjdk-git\hotspot\src\share\vm\prims\jni.cpp, line 710]
Event: 247.854 Thread 0x0000000022d4e800 Exception <a 'sun/nio/fs/WindowsException'> (0x00000000dac16808) thrown at [C:\src\AOSP-openjdk-git\hotspot\src\share\vm\prims\jni.cpp, line 710]

Events (10 events):
Event: 247.860 Thread 0x0000000022d4e800 DEOPT PACKING pc=0x00000000056abdac sp=0x000000002fe3d510
Event: 247.860 Thread 0x0000000022d4e800 DEOPT UNPACKING pc=0x000000000342557b sp=0x000000002fe3d4b8 mode 2
Event: 247.861 Thread 0x0000000022d4e800 Uncommon trap: trap_request=0xffffffde fr.pc=0x00000000056abdac
Event: 247.861 Thread 0x0000000022d4e800 DEOPT PACKING pc=0x00000000056abdac sp=0x000000002fe3c570
Event: 247.861 Thread 0x0000000022d4e800 DEOPT UNPACKING pc=0x000000000342557b sp=0x000000002fe3c518 mode 2
Event: 247.955 Thread 0x0000000022d4e800 Uncommon trap: trap_request=0xffffffde fr.pc=0x0000000006765718
Event: 247.955 Thread 0x0000000022d4e800 DEOPT PACKING pc=0x0000000006765718 sp=0x000000002fe3b1a0
Event: 247.955 Thread 0x0000000022d4e800 DEOPT UNPACKING pc=0x000000000342557b sp=0x000000002fe3b140 mode 2
Event: 247.958 Executing VM operation: RevokeBias
Event: 247.959 Executing VM operation: RevokeBias done


Dynamic libraries:
0x00007ff6705a0000 - 0x00007ff6705d1000 	C:\Program Files\Android\Android Studio1\jre\bin\java.exe
0x00007ff8f7290000 - 0x00007ff8f7485000 	C:\WINDOWS\SYSTEM32\ntdll.dll
0x00007ff8f5b40000 - 0x00007ff8f5bfd000 	C:\WINDOWS\System32\KERNEL32.DLL
0x00007ff8f4d40000 - 0x00007ff8f5008000 	C:\WINDOWS\System32\KERNELBASE.dll
0x00007ff8f55b0000 - 0x00007ff8f565c000 	C:\WINDOWS\System32\ADVAPI32.dll
0x00007ff8f5c00000 - 0x00007ff8f5c9e000 	C:\WINDOWS\System32\msvcrt.dll
0x00007ff8f71b0000 - 0x00007ff8f724b000 	C:\WINDOWS\System32\sechost.dll
0x00007ff8f58e0000 - 0x00007ff8f5a0b000 	C:\WINDOWS\System32\RPCRT4.dll
0x00007ff8f52f0000 - 0x00007ff8f5490000 	C:\WINDOWS\System32\USER32.dll
0x00007ff8f4b30000 - 0x00007ff8f4b52000 	C:\WINDOWS\System32\win32u.dll
0x00007ff8f7170000 - 0x00007ff8f719a000 	C:\WINDOWS\System32\GDI32.dll
0x00007ff8f5060000 - 0x00007ff8f516b000 	C:\WINDOWS\System32\gdi32full.dll
0x00007ff8f4b60000 - 0x00007ff8f4bfd000 	C:\WINDOWS\System32\msvcp_win.dll
0x00007ff8f5170000 - 0x00007ff8f5270000 	C:\WINDOWS\System32\ucrtbase.dll
0x00007ff8e30d0000 - 0x00007ff8e336a000 	C:\WINDOWS\WinSxS\amd64_microsoft.windows.common-controls_6595b64144ccf1df_6.0.19041.844_none_ca00b6081b84eb1d\COMCTL32.dll
0x00007ff8f58b0000 - 0x00007ff8f58e0000 	C:\WINDOWS\System32\IMM32.DLL
0x0000000069c00000 - 0x0000000069cd2000 	C:\Program Files\Android\Android Studio1\jre\jre\bin\msvcr100.dll
0x0000000069f70000 - 0x000000006a7bb000 	C:\Program Files\Android\Android Studio1\jre\jre\bin\server\jvm.dll
0x00007ff8f71a0000 - 0x00007ff8f71a8000 	C:\WINDOWS\System32\PSAPI.DLL
0x00007ff8f1ee0000 - 0x00007ff8f1ee9000 	C:\WINDOWS\SYSTEM32\WSOCK32.dll
0x00007ff8ec280000 - 0x00007ff8ec28a000 	C:\WINDOWS\SYSTEM32\VERSION.dll
0x00007ff8e9d80000 - 0x00007ff8e9da7000 	C:\WINDOWS\SYSTEM32\WINMM.dll
0x00007ff8f7100000 - 0x00007ff8f716b000 	C:\WINDOWS\System32\WS2_32.dll
0x00007ff8f1e30000 - 0x00007ff8f1e3f000 	C:\Program Files\Android\Android Studio1\jre\jre\bin\verify.dll
0x00007ff8f1830000 - 0x00007ff8f1859000 	C:\Program Files\Android\Android Studio1\jre\jre\bin\java.dll
0x00007ff8f1710000 - 0x00007ff8f1726000 	C:\Program Files\Android\Android Studio1\jre\jre\bin\zip.dll
0x00007ff8f6880000 - 0x00007ff8f6fc2000 	C:\WINDOWS\System32\SHELL32.dll
0x00007ff8f2b20000 - 0x00007ff8f32b0000 	C:\WINDOWS\SYSTEM32\windows.storage.dll
0x00007ff8f6310000 - 0x00007ff8f6665000 	C:\WINDOWS\System32\combase.dll
0x00007ff8f4370000 - 0x00007ff8f439c000 	C:\WINDOWS\SYSTEM32\Wldp.dll
0x00007ff8f61f0000 - 0x00007ff8f629e000 	C:\WINDOWS\System32\SHCORE.dll
0x00007ff8f66d0000 - 0x00007ff8f6725000 	C:\WINDOWS\System32\shlwapi.dll
0x00007ff8f4910000 - 0x00007ff8f492f000 	C:\WINDOWS\SYSTEM32\profapi.dll
0x00007ff8f01c0000 - 0x00007ff8f01da000 	C:\Program Files\Android\Android Studio1\jre\jre\bin\net.dll
0x00007ff8f40e0000 - 0x00007ff8f414a000 	C:\WINDOWS\system32\mswsock.dll
0x00007ff8f00f0000 - 0x00007ff8f0103000 	C:\Program Files\Android\Android Studio1\jre\jre\bin\nio.dll
0x00007ff8dcf00000 - 0x00007ff8dcf27000 	C:\Users\tegar\.gradle\native\f6784746aeab05261644944871eae4fe03e0ef1612fff0a4a95f87b438bc6780\windows-amd64\native-platform.dll
0x00007ff8f1e20000 - 0x00007ff8f1e2d000 	C:\Program Files\Android\Android Studio1\jre\jre\bin\management.dll
0x00007ff8f42c0000 - 0x00007ff8f42d8000 	C:\WINDOWS\SYSTEM32\CRYPTSP.dll
0x00007ff8f3a80000 - 0x00007ff8f3ab4000 	C:\WINDOWS\system32\rsaenh.dll
0x00007ff8f4c00000 - 0x00007ff8f4c27000 	C:\WINDOWS\System32\bcrypt.dll
0x00007ff8f48d0000 - 0x00007ff8f48fe000 	C:\WINDOWS\SYSTEM32\USERENV.dll
0x00007ff8f5270000 - 0x00007ff8f52f0000 	C:\WINDOWS\System32\bcryptprimitives.dll
0x00007ff8f42b0000 - 0x00007ff8f42bc000 	C:\WINDOWS\SYSTEM32\CRYPTBASE.dll
0x00007ff8f3dd0000 - 0x00007ff8f3e0b000 	C:\WINDOWS\SYSTEM32\IPHLPAPI.DLL
0x00007ff8f6730000 - 0x00007ff8f6738000 	C:\WINDOWS\System32\NSI.dll
0x00007ff8ec3a0000 - 0x00007ff8ec3b7000 	C:\WINDOWS\SYSTEM32\dhcpcsvc6.DLL
0x00007ff8ec2d0000 - 0x00007ff8ec2ed000 	C:\WINDOWS\SYSTEM32\dhcpcsvc.DLL
0x00007ff8f3e60000 - 0x00007ff8f3f2c000 	C:\WINDOWS\SYSTEM32\DNSAPI.dll
0x00007ff8ec3c0000 - 0x00007ff8ec3cb000 	C:\WINDOWS\SYSTEM32\WINNSI.DLL
0x00007ff8dd180000 - 0x00007ff8dd19e000 	C:\Users\tegar\AppData\Local\Temp\native-platform8578043169219228281dir\native-platform.dll
0x0000000066e00000 - 0x0000000066f03000 	C:\Users\tegar\AppData\Local\Temp\sqlite-3.25.2-f93f7926-0788-4789-8cb4-cc34e89f400b-sqlitejdbc.dll
0x0000000032240000 - 0x0000000032343000 	C:\Users\tegar\AppData\Local\Temp\sqlite-3.25.2-7a4ed460-0a87-48f8-8754-6f1a9bb17d33-sqlitejdbc.dll

VM Arguments:
jvm_args: -Xmx2048m -Dfile.encoding=UTF-8 -Duser.country=ID -Duser.language=en -Duser.variant 
java_command: org.gradle.launcher.daemon.bootstrap.GradleDaemon 6.5
java_class_path (initial): C:\Users\tegar\.gradle\wrapper\dists\gradle-6.5-bin\6nifqtx7604sqp1q6g8wikw7p\gradle-6.5\lib\gradle-launcher-6.5.jar
Launcher Type: SUN_STANDARD

Environment Variables:
PATH=C:\Program Files\Common Files\Oracle\Java\javapath;C:\Windows\system32;C:\Windows;C:\Windows\System32\Wbem;C:\Windows\System32\WindowsPowerShell\v1.0\;C:\Windows\System32\OpenSSH\;C:\Program Files (x86)\NVIDIA Corporation\PhysX\Common;C:\Program Files\NVIDIA Corporation\NVIDIA NvDLISR;C:\Program Files\Git\cmd;C:\WINDOWS\system32;C:\WINDOWS;C:\WINDOWS\System32\Wbem;C:\WINDOWS\System32\WindowsPowerShell\v1.0\;C:\WINDOWS\System32\OpenSSH\;C:\xampp\php;C:\composer;C:\gradle-6.6\bin;C:\Program Files\nodejs\;C:\Users\tegar\AppData\Local\Microsoft\WindowsApps;C:\Users\tegar\AppData\Local\Programs\Microsoft VS Code\bin;C:\Program Files\JetBrains\IntelliJ IDEA Community Edition 2019.3.3\bin;;C:\Project\flutter\bin;C:\Users\tegar\AppData\Local\GitHubDesktop\bin;C:\Users\tegar\AppData\Roaming\Composer\vendor\bin;C:\Users\tegar\AppData\Roaming\npm;C:\Program Files\heroku\bin
USERNAME=tegar
OS=Windows_NT
PROCESSOR_IDENTIFIER=Intel64 Family 6 Model 158 Stepping 13, GenuineIntel



---------------  S Y S T E M  ---------------

OS: Windows 10.0 , 64 bit Build 19041 (10.0.19041.928)

CPU:total 12 (initial active 12) (6 cores per cpu, 2 threads per core) family 6 model 158 stepping 13, cmov, cx8, fxsr, mmx, sse, sse2, sse3, ssse3, sse4.1, sse4.2, popcnt, avx, avx2, aes, clmul, erms, 3dnowpref, lzcnt, ht, tsc, tscinvbit, bmi1, bmi2, adx

Memory: 4k page, physical 16695540k(4938968k free), swap 16695540k(6032k free)

vm_info: OpenJDK 64-Bit Server VM (25.242-b01) for windows-amd64 JRE (1.8.0_242-release-1644-b01), built by "builder" with MS VC++ 10.0 (VS2010)

time: Sat May 22 11:20:28 2021
timezone: SE Asia Standard Time
elapsed time: 248 seconds (0d 0h 4m 8s)

